#
# There is insufficient memory for the Java Runtime Environment to continue.
# Native memory allocation (mmap) failed to map 307232768 bytes for G1 virtual space
# Possible reasons:
#   The system is out of physical RAM or swap space
#   The process is running with CompressedOops enabled, and the Java Heap may be blocking the growth of the native heap
# Possible solutions:
#   Reduce memory load on the system
#   Increase physical memory or swap space
#   Check if swap backing store is full
#   Decrease Java heap size (-Xmx/-Xms)
#   Decrease number of Java threads
#   Decrease Java thread stack sizes (-Xss)
#   Set larger code cache with -XX:ReservedCodeCacheSize=
#   JVM is running with Unscaled Compressed Oops mode in which the Java heap is
#     placed in the first 4GB address space. The Java Heap base address is the
#     maximum limit for the native heap growth. Please use -XX:HeapBaseMinAddress
#     to set the Java Heap base and to place the Java Heap above 4GB virtual address.
# This output file may be truncated or incomplete.
#
#  Out of Memory Error (os_windows.cpp:3541), pid=40316, tid=42808
#
# JRE version: OpenJDK Runtime Environment Temurin-17.0.4.1+1 (17.0.4.1+1) (build 17.0.4.1+1)
# Java VM: OpenJDK 64-Bit Server VM Temurin-17.0.4.1+1 (17.0.4.1+1, mixed mode, emulated-client, tiered, compressed oops, compressed class ptrs, g1 gc, windows-amd64)
# No core dump will be written. Minidumps are not enabled by default on client versions of Windows
#

---------------  S U M M A R Y ------------

Command Line: -Dsts.lsp.client=vscode -Dsts.log.file=/dev/null -XX:TieredStopAtLevel=1 -Xlog:jni+resolve=off -Dspring.config.location=file:c:\Users\HP\.vscode\extensions\pivotal.vscode-spring-boot-1.40.0\language-server\BOOT-INF\classes\application.properties org.springframework.ide.vscode.boot.app.BootLanguageServerBootApp

Host: AMD Ryzen 3 3250U with Radeon Graphics         , 4 cores, 5G,  Windows 11 , 64 bit Build 22000 (10.0.22000.708)
Time: Tue Nov  8 23:31:41 2022 India Standard Time elapsed time: 21.646587 seconds (0d 0h 0m 21s)

---------------  T H R E A D  ---------------

Current thread (0x000001e00b7284d0):  VMThread "VM Thread" [stack: 0x000000278c800000,0x000000278c900000] [id=42808]

Stack: [0x000000278c800000,0x000000278c900000]
Native frames: (J=compiled Java code, j=interpreted, Vv=VM code, C=native code)
V  [jvm.dll+0x67731a]
V  [jvm.dll+0x832284]
V  [jvm.dll+0x833a2e]
V  [jvm.dll+0x834093]
V  [jvm.dll+0x245775]
V  [jvm.dll+0x674209]
V  [jvm.dll+0x668a92]
V  [jvm.dll+0x30471b]
V  [jvm.dll+0x30bc66]
V  [jvm.dll+0x35ba9e]
V  [jvm.dll+0x35bccf]
V  [jvm.dll+0x2db5b8]
V  [jvm.dll+0x2d986c]
V  [jvm.dll+0x2d8e3c]
V  [jvm.dll+0x31cd9b]
V  [jvm.dll+0x83853b]
V  [jvm.dll+0x839274]
V  [jvm.dll+0x83978c]
V  [jvm.dll+0x839b64]
V  [jvm.dll+0x839c30]
V  [jvm.dll+0x7e240a]
V  [jvm.dll+0x6761a5]
C  [ucrtbase.dll+0x26c0c]
C  [KERNEL32.DLL+0x154e0]
C  [ntdll.dll+0x485b]

VM_Operation (0x000000278eafdaa0): G1CollectForAllocation, mode: safepoint, requested by thread 0x000001e00c8f6eb0


---------------  P R O C E S S  ---------------

Threads class SMR info:
_java_thread_list=0x000001e00e4330f0, length=32, elements={
0x000001e00b73f390, 0x000001e00b73ff40, 0x000001e00b78f530, 0x000001e00b791e00,
0x000001e00b7946d0, 0x000001e00b794f90, 0x000001e00b795900, 0x000001e00b796200,
0x000001e00c2f7d80, 0x000001e00c30d020, 0x000001e07fe58540, 0x000001e00cbd1580,
0x000001e00ddce020, 0x000001e00deee5b0, 0x000001e00dfb4e60, 0x000001e07fe578c0,
0x000001e00ca37380, 0x000001e00e029040, 0x000001e00e029510, 0x000001e00e0299e0,
0x000001e00df40830, 0x000001e00df41510, 0x000001e00c8f51d0, 0x000001e00c8f7380,
0x000001e00c8f4d00, 0x000001e00c8f81f0, 0x000001e00c8f5b70, 0x000001e00c8f56a0,
0x000001e00c8f7850, 0x000001e00c8f6040, 0x000001e00c8f6eb0, 0x000001e00c8f7d20
}

Java Threads: ( => current thread )
  0x000001e00b73f390 JavaThread "Reference Handler" daemon [_thread_blocked, id=43208, stack(0x000000278c900000,0x000000278ca00000)]
  0x000001e00b73ff40 JavaThread "Finalizer" daemon [_thread_blocked, id=44096, stack(0x000000278ca00000,0x000000278cb00000)]
  0x000001e00b78f530 JavaThread "Signal Dispatcher" daemon [_thread_blocked, id=1992, stack(0x000000278cb00000,0x000000278cc00000)]
  0x000001e00b791e00 JavaThread "Attach Listener" daemon [_thread_blocked, id=20720, stack(0x000000278cc00000,0x000000278cd00000)]
  0x000001e00b7946d0 JavaThread "Service Thread" daemon [_thread_blocked, id=19812, stack(0x000000278cd00000,0x000000278ce00000)]
  0x000001e00b794f90 JavaThread "Monitor Deflation Thread" daemon [_thread_blocked, id=38696, stack(0x000000278ce00000,0x000000278cf00000)]
  0x000001e00b795900 JavaThread "C1 CompilerThread0" daemon [_thread_blocked, id=49136, stack(0x000000278cf00000,0x000000278d000000)]
  0x000001e00b796200 JavaThread "Sweeper thread" daemon [_thread_blocked, id=28704, stack(0x000000278d000000,0x000000278d100000)]
  0x000001e00c2f7d80 JavaThread "Notification Thread" daemon [_thread_blocked, id=49924, stack(0x000000278d100000,0x000000278d200000)]
  0x000001e00c30d020 JavaThread "Common-Cleaner" daemon [_thread_blocked, id=12540, stack(0x000000278d300000,0x000000278d400000)]
  0x000001e07fe58540 JavaThread "C1 CompilerThread1" daemon [_thread_blocked, id=42564, stack(0x000000278d400000,0x000000278d500000)]
  0x000001e00cbd1580 JavaThread "C1 CompilerThread2" daemon [_thread_blocked, id=2584, stack(0x000000278d700000,0x000000278d800000)]
  0x000001e00ddce020 JavaThread "boundedElastic-evictor-1" daemon [_thread_blocked, id=50656, stack(0x000000278d900000,0x000000278da00000)]
  0x000001e00deee5b0 JavaThread "pool-9-thread-1" [_thread_blocked, id=44804, stack(0x000000278da00000,0x000000278db00000)]
  0x000001e00dfb4e60 JavaThread "LanguageServerApp-lifecycle" [_thread_blocked, id=13320, stack(0x000000278db00000,0x000000278dc00000)]
  0x000001e07fe578c0 JavaThread "DestroyJavaVM" [_thread_blocked, id=24856, stack(0x000000278c100000,0x000000278c200000)]
  0x000001e00ca37380 JavaThread "pool-10-thread-1" [_thread_in_native, id=8280, stack(0x000000278dc00000,0x000000278dd00000)]
  0x000001e00e029040 JavaThread "Simple-Language-Server main thread" daemon [_thread_blocked, id=44680, stack(0x000000278dd00000,0x000000278de00000)]
  0x000001e00e029510 JavaThread "pool-7-thread-1" [_thread_blocked, id=50764, stack(0x000000278de00000,0x000000278df00000)]
  0x000001e00e0299e0 JavaThread "parallel-1" daemon [_thread_blocked, id=2552, stack(0x000000278df00000,0x000000278e000000)]
  0x000001e00df40830 JavaThread "Reconciler-1" daemon [_thread_blocked, id=21336, stack(0x000000278e000000,0x000000278e100000)]
  0x000001e00df41510 JavaThread "ForkJoinPool.commonPool-worker-1" daemon [_thread_blocked, id=52536, stack(0x000000278e100000,0x000000278e200000)]
  0x000001e00c8f51d0 JavaThread "parallel-2" daemon [_thread_blocked, id=48432, stack(0x000000278e200000,0x000000278e300000)]
  0x000001e00c8f7380 JavaThread "ClassGraph-worker-0" daemon [_thread_blocked, id=36416, stack(0x000000278e300000,0x000000278e400000)]
  0x000001e00c8f4d00 JavaThread "ClassGraph-worker-1" daemon [_thread_blocked, id=11788, stack(0x000000278e400000,0x000000278e500000)]
  0x000001e00c8f81f0 JavaThread "ClassGraph-worker-2" daemon [_thread_blocked, id=18832, stack(0x000000278e500000,0x000000278e600000)]
  0x000001e00c8f5b70 JavaThread "ClassGraph-worker-3" daemon [_thread_blocked, id=41564, stack(0x000000278e600000,0x000000278e700000)]
  0x000001e00c8f56a0 JavaThread "ClassGraph-worker-4" daemon [_thread_blocked, id=8724, stack(0x000000278e700000,0x000000278e800000)]
  0x000001e00c8f7850 JavaThread "ClassGraph-worker-5" daemon [_thread_blocked, id=54136, stack(0x000000278e800000,0x000000278e900000)]
  0x000001e00c8f6040 JavaThread "ClassGraph-worker-6" daemon [_thread_blocked, id=49644, stack(0x000000278e900000,0x000000278ea00000)]
  0x000001e00c8f6eb0 JavaThread "ClassGraph-worker-7" daemon [_thread_blocked, id=8800, stack(0x000000278ea00000,0x000000278eb00000)]
  0x000001e00c8f7d20 JavaThread "pool-5-thread-1" [_thread_blocked, id=45728, stack(0x000000278eb00000,0x000000278ec00000)]

Other Threads:
=>0x000001e00b7284d0 VMThread "VM Thread" [stack: 0x000000278c800000,0x000000278c900000] [id=42808]
  0x000001e00c2fa260 WatcherThread [stack: 0x000000278d200000,0x000000278d300000] [id=45524]
  0x000001e07fea4ca0 GCTaskThread "GC Thread#0" [stack: 0x000000278c300000,0x000000278c400000] [id=30044]
  0x000001e00cb13b60 GCTaskThread "GC Thread#1" [stack: 0x000000278d500000,0x000000278d600000] [id=11940]
  0x000001e00cb2dce0 GCTaskThread "GC Thread#2" [stack: 0x000000278d600000,0x000000278d700000] [id=52196]
  0x000001e00cc0c910 GCTaskThread "GC Thread#3" [stack: 0x000000278d800000,0x000000278d900000] [id=18580]
  0x000001e07feb1a20 ConcurrentGCThread "G1 Main Marker" [stack: 0x000000278c400000,0x000000278c500000] [id=37008]
  0x000001e07feb2430 ConcurrentGCThread "G1 Conc#0" [stack: 0x000000278c500000,0x000000278c600000] [id=8452]
  0x000001e07ff13600 ConcurrentGCThread "G1 Refine#0" [stack: 0x000000278c600000,0x000000278c700000] [id=20164]
  0x000001e00e7c9fd0 ConcurrentGCThread "G1 Refine#1" [stack: 0x000000278ec00000,0x000000278ed00000] [id=53432]
  0x000001e00febd4b0 ConcurrentGCThread "G1 Refine#2" [stack: 0x000000278ed00000,0x000000278ee00000] [id=43424]
  0x000001e07ff14020 ConcurrentGCThread "G1 Service" [stack: 0x000000278c700000,0x000000278c800000] [id=51516]

Threads with active compile tasks:

VM state: at safepoint (normal execution)

VM Mutex/Monitor currently owned by a thread:  ([mutex/lock_event])
[0x000001e07dbf56f0] Threads_lock - owner thread: 0x000001e00b7284d0
[0x000001e07fe567e0] Heap_lock - owner thread: 0x000001e00c8f6eb0

Heap address: 0x00000000a0e00000, size: 1522 MB, Compressed Oops mode: 32-bit

CDS archive(s) not mapped
Compressed class space mapped at: 0x0000000100000000-0x0000000140000000, reserved size: 1073741824
Narrow klass base: 0x0000000000000000, Narrow klass shift: 3, Narrow klass range: 0x140000000

GC Precious Log:
 CPUs: 4 total, 4 available
 Memory: 6086M
 Large Page Support: Disabled
 NUMA Support: Disabled
 Compressed Oops: Enabled (32-bit)
 Heap Region Size: 1M
 Heap Min Capacity: 8M
 Heap Initial Capacity: 96M
 Heap Max Capacity: 1522M
 Pre-touch: Disabled
 Parallel Workers: 4
 Concurrent Workers: 1
 Concurrent Refinement Workers: 4
 Periodic GC: Disabled

Heap:
 garbage-first heap   total 226304K, used 82773K [0x00000000a0e00000, 0x0000000100000000)
  region size 1024K, 12 young (12288K), 12 survivors (12288K)
 Metaspace       used 38969K, committed 39360K, reserved 1089536K
  class space    used 4933K, committed 5120K, reserved 1048576K

Heap Regions: E=young(eden), S=young(survivor), O=old, HS=humongous(starts), HC=humongous(continues), CS=collection set, F=free, OA=open archive, CA=closed archive, TAMS=top-at-mark-start (previous, next)
|   0|0x00000000a0e00000, 0x00000000a0f00000, 0x00000000a0f00000|100%| O|  |TAMS 0x00000000a0f00000, 0x00000000a0e00000| Untracked 
|   1|0x00000000a0f00000, 0x00000000a1000000, 0x00000000a1000000|100%| O|  |TAMS 0x00000000a1000000, 0x00000000a0f00000| Untracked 
|   2|0x00000000a1000000, 0x00000000a1100000, 0x00000000a1100000|100%| O|  |TAMS 0x00000000a1100000, 0x00000000a1000000| Untracked 
|   3|0x00000000a1100000, 0x00000000a1200000, 0x00000000a1200000|100%| O|  |TAMS 0x00000000a1200000, 0x00000000a1100000| Untracked 
|   4|0x00000000a1200000, 0x00000000a1300000, 0x00000000a1300000|100%| O|  |TAMS 0x00000000a1300000, 0x00000000a1200000| Untracked 
|   5|0x00000000a1300000, 0x00000000a1400000, 0x00000000a1400000|100%| O|  |TAMS 0x00000000a1400000, 0x00000000a1300000| Untracked 
|   6|0x00000000a1400000, 0x00000000a1500000, 0x00000000a1500000|100%| O|  |TAMS 0x00000000a1500000, 0x00000000a1400000| Untracked 
|   7|0x00000000a1500000, 0x00000000a1600000, 0x00000000a1600000|100%| O|  |TAMS 0x00000000a1600000, 0x00000000a1500000| Untracked 
|   8|0x00000000a1600000, 0x00000000a1700000, 0x00000000a1700000|100%| O|  |TAMS 0x00000000a1700000, 0x00000000a1600000| Untracked 
|   9|0x00000000a1700000, 0x00000000a1800000, 0x00000000a1800000|100%| O|  |TAMS 0x00000000a1800000, 0x00000000a1700000| Untracked 
|  10|0x00000000a1800000, 0x00000000a1900000, 0x00000000a1900000|100%| O|  |TAMS 0x00000000a1900000, 0x00000000a1800000| Untracked 
|  11|0x00000000a1900000, 0x00000000a1a00000, 0x00000000a1a00000|100%| O|  |TAMS 0x00000000a1a00000, 0x00000000a1900000| Untracked 
|  12|0x00000000a1a00000, 0x00000000a1b00000, 0x00000000a1b00000|100%| O|  |TAMS 0x00000000a1b00000, 0x00000000a1a00000| Untracked 
|  13|0x00000000a1b00000, 0x00000000a1c00000, 0x00000000a1c00000|100%| O|  |TAMS 0x00000000a1c00000, 0x00000000a1b00000| Untracked 
|  14|0x00000000a1c00000, 0x00000000a1d00000, 0x00000000a1d00000|100%| O|  |TAMS 0x00000000a1d00000, 0x00000000a1c00000| Untracked 
|  15|0x00000000a1d00000, 0x00000000a1e00000, 0x00000000a1e00000|100%| O|  |TAMS 0x00000000a1e00000, 0x00000000a1d00000| Untracked 
|  16|0x00000000a1e00000, 0x00000000a1f00000, 0x00000000a1f00000|100%| O|  |TAMS 0x00000000a1f00000, 0x00000000a1e00000| Untracked 
|  17|0x00000000a1f00000, 0x00000000a2000000, 0x00000000a2000000|100%| O|  |TAMS 0x00000000a2000000, 0x00000000a1f00000| Untracked 
|  18|0x00000000a2000000, 0x00000000a2100000, 0x00000000a2100000|100%| O|  |TAMS 0x00000000a2100000, 0x00000000a2000000| Untracked 
|  19|0x00000000a2100000, 0x00000000a2200000, 0x00000000a2200000|100%| O|  |TAMS 0x00000000a2200000, 0x00000000a2100000| Untracked 
|  20|0x00000000a2200000, 0x00000000a2300000, 0x00000000a2300000|100%| O|  |TAMS 0x00000000a2300000, 0x00000000a2200000| Untracked 
|  21|0x00000000a2300000, 0x00000000a2400000, 0x00000000a2400000|100%| O|  |TAMS 0x00000000a2400000, 0x00000000a2300000| Untracked 
|  22|0x00000000a2400000, 0x00000000a2500000, 0x00000000a2500000|100%| O|  |TAMS 0x00000000a2500000, 0x00000000a2400000| Untracked 
|  23|0x00000000a2500000, 0x00000000a2600000, 0x00000000a2600000|100%| O|  |TAMS 0x00000000a2600000, 0x00000000a2500000| Untracked 
|  24|0x00000000a2600000, 0x00000000a2700000, 0x00000000a2700000|100%| O|  |TAMS 0x00000000a2700000, 0x00000000a2600000| Untracked 
|  25|0x00000000a2700000, 0x00000000a2800000, 0x00000000a2800000|100%| O|  |TAMS 0x00000000a2800000, 0x00000000a2700000| Untracked 
|  26|0x00000000a2800000, 0x00000000a2900000, 0x00000000a2900000|100%| O|  |TAMS 0x00000000a2900000, 0x00000000a2800000| Untracked 
|  27|0x00000000a2900000, 0x00000000a2a00000, 0x00000000a2a00000|100%| O|  |TAMS 0x00000000a2a00000, 0x00000000a2900000| Untracked 
|  28|0x00000000a2a00000, 0x00000000a2b00000, 0x00000000a2b00000|100%| O|  |TAMS 0x00000000a2b00000, 0x00000000a2a00000| Untracked 
|  29|0x00000000a2b00000, 0x00000000a2c00000, 0x00000000a2c00000|100%| O|  |TAMS 0x00000000a2c00000, 0x00000000a2b00000| Untracked 
|  30|0x00000000a2c00000, 0x00000000a2d00000, 0x00000000a2d00000|100%| O|  |TAMS 0x00000000a2d00000, 0x00000000a2c00000| Untracked 
|  31|0x00000000a2d00000, 0x00000000a2e00000, 0x00000000a2e00000|100%| O|  |TAMS 0x00000000a2e00000, 0x00000000a2d00000| Untracked 
|  32|0x00000000a2e00000, 0x00000000a2f00000, 0x00000000a2f00000|100%| O|  |TAMS 0x00000000a2f00000, 0x00000000a2e00000| Untracked 
|  33|0x00000000a2f00000, 0x00000000a3000000, 0x00000000a3000000|100%| O|  |TAMS 0x00000000a2f00000, 0x00000000a2f00000| Untracked 
|  34|0x00000000a3000000, 0x00000000a3100000, 0x00000000a3100000|100%| O|  |TAMS 0x00000000a3100000, 0x00000000a3000000| Untracked 
|  35|0x00000000a3100000, 0x00000000a3200000, 0x00000000a3200000|100%| O|  |TAMS 0x00000000a3200000, 0x00000000a3100000| Untracked 
|  36|0x00000000a3200000, 0x00000000a3300000, 0x00000000a3300000|100%| O|  |TAMS 0x00000000a3300000, 0x00000000a3200000| Untracked 
|  37|0x00000000a3300000, 0x00000000a3400000, 0x00000000a3400000|100%| O|  |TAMS 0x00000000a3400000, 0x00000000a3300000| Untracked 
|  38|0x00000000a3400000, 0x00000000a3500000, 0x00000000a3500000|100%| O|  |TAMS 0x00000000a3500000, 0x00000000a3400000| Untracked 
|  39|0x00000000a3500000, 0x00000000a3600000, 0x00000000a3600000|100%| O|  |TAMS 0x00000000a3600000, 0x00000000a3500000| Untracked 
|  40|0x00000000a3600000, 0x00000000a3700000, 0x00000000a3700000|100%| O|  |TAMS 0x00000000a3700000, 0x00000000a3600000| Untracked 
|  41|0x00000000a3700000, 0x00000000a3800000, 0x00000000a3800000|100%| O|  |TAMS 0x00000000a3800000, 0x00000000a3700000| Untracked 
|  42|0x00000000a3800000, 0x00000000a3900000, 0x00000000a3900000|100%| O|  |TAMS 0x00000000a3900000, 0x00000000a3800000| Untracked 
|  43|0x00000000a3900000, 0x00000000a3a00000, 0x00000000a3a00000|100%| O|  |TAMS 0x00000000a3a00000, 0x00000000a3900000| Untracked 
|  44|0x00000000a3a00000, 0x00000000a3b00000, 0x00000000a3b00000|100%| O|  |TAMS 0x00000000a3b00000, 0x00000000a3a00000| Untracked 
|  45|0x00000000a3b00000, 0x00000000a3c00000, 0x00000000a3c00000|100%| O|  |TAMS 0x00000000a3bb4a00, 0x00000000a3b00000| Untracked 
|  46|0x00000000a3c00000, 0x00000000a3d00000, 0x00000000a3d00000|100%| O|  |TAMS 0x00000000a3c00000, 0x00000000a3c00000| Untracked 
|  47|0x00000000a3d00000, 0x00000000a3e00000, 0x00000000a3e00000|100%| O|  |TAMS 0x00000000a3d00000, 0x00000000a3d00000| Untracked 
|  48|0x00000000a3e00000, 0x00000000a3f00000, 0x00000000a3f00000|100%| O|  |TAMS 0x00000000a3e00000, 0x00000000a3e00000| Untracked 
|  49|0x00000000a3f00000, 0x00000000a4000000, 0x00000000a4000000|100%| O|  |TAMS 0x00000000a3f00000, 0x00000000a3f00000| Untracked 
|  50|0x00000000a4000000, 0x00000000a4100000, 0x00000000a4100000|100%| O|  |TAMS 0x00000000a4000000, 0x00000000a4000000| Untracked 
|  51|0x00000000a4100000, 0x00000000a4200000, 0x00000000a4200000|100%|HS|  |TAMS 0x00000000a4100000, 0x00000000a4100000| Complete 
|  52|0x00000000a4200000, 0x00000000a4300000, 0x00000000a4300000|100%|HS|  |TAMS 0x00000000a4200000, 0x00000000a4200000| Complete 
|  53|0x00000000a4300000, 0x00000000a4400000, 0x00000000a4400000|100%| O|  |TAMS 0x00000000a4300000, 0x00000000a4300000| Untracked 
|  54|0x00000000a4400000, 0x00000000a4500000, 0x00000000a4500000|100%| O|  |TAMS 0x00000000a4400000, 0x00000000a4400000| Untracked 
|  55|0x00000000a4500000, 0x00000000a4600000, 0x00000000a4600000|100%| O|  |TAMS 0x00000000a4500000, 0x00000000a4500000| Untracked 
|  56|0x00000000a4600000, 0x00000000a4700000, 0x00000000a4700000|100%| O|  |TAMS 0x00000000a4600000, 0x00000000a4600000| Untracked 
|  57|0x00000000a4700000, 0x00000000a4800000, 0x00000000a4800000|100%| O|  |TAMS 0x00000000a4700000, 0x00000000a4700000| Untracked 
|  58|0x00000000a4800000, 0x00000000a4900000, 0x00000000a4900000|100%| O|  |TAMS 0x00000000a4800000, 0x00000000a4800000| Untracked 
|  59|0x00000000a4900000, 0x00000000a4a00000, 0x00000000a4a00000|100%| O|  |TAMS 0x00000000a4900000, 0x00000000a4900000| Untracked 
|  60|0x00000000a4a00000, 0x00000000a4b00000, 0x00000000a4b00000|100%| O|  |TAMS 0x00000000a4a00000, 0x00000000a4a00000| Untracked 
|  61|0x00000000a4b00000, 0x00000000a4c00000, 0x00000000a4c00000|100%| O|  |TAMS 0x00000000a4b00000, 0x00000000a4b00000| Untracked 
|  62|0x00000000a4c00000, 0x00000000a4d00000, 0x00000000a4d00000|100%| O|  |TAMS 0x00000000a4c00000, 0x00000000a4c00000| Untracked 
|  63|0x00000000a4d00000, 0x00000000a4e00000, 0x00000000a4e00000|100%| O|  |TAMS 0x00000000a4d00000, 0x00000000a4d00000| Untracked 
|  64|0x00000000a4e00000, 0x00000000a4f00000, 0x00000000a4f00000|100%| O|  |TAMS 0x00000000a4e00000, 0x00000000a4e00000| Untracked 
|  65|0x00000000a4f00000, 0x00000000a5000000, 0x00000000a5000000|100%| O|  |TAMS 0x00000000a4f00000, 0x00000000a4f00000| Untracked 
|  66|0x00000000a5000000, 0x00000000a5100000, 0x00000000a5100000|100%| O|  |TAMS 0x00000000a5000000, 0x00000000a5000000| Untracked 
|  67|0x00000000a5100000, 0x00000000a5200000, 0x00000000a5200000|100%| O|  |TAMS 0x00000000a5100000, 0x00000000a5100000| Untracked 
|  68|0x00000000a5200000, 0x00000000a5300000, 0x00000000a5300000|100%| O|  |TAMS 0x00000000a5200000, 0x00000000a5200000| Untracked 
|  69|0x00000000a5300000, 0x00000000a5301800, 0x00000000a5400000|  0%| O|  |TAMS 0x00000000a5300000, 0x00000000a5300000| Untracked 
|  70|0x00000000a5400000, 0x00000000a5400000, 0x00000000a5500000|  0%| F|  |TAMS 0x00000000a5400000, 0x00000000a5400000| Untracked 
|  71|0x00000000a5500000, 0x00000000a5500000, 0x00000000a5600000|  0%| F|  |TAMS 0x00000000a5500000, 0x00000000a5500000| Untracked 
|  72|0x00000000a5600000, 0x00000000a5600000, 0x00000000a5700000|  0%| F|  |TAMS 0x00000000a5600000, 0x00000000a5600000| Untracked 
|  73|0x00000000a5700000, 0x00000000a5700000, 0x00000000a5800000|  0%| F|  |TAMS 0x00000000a5700000, 0x00000000a5700000| Untracked 
|  74|0x00000000a5800000, 0x00000000a5800000, 0x00000000a5900000|  0%| F|  |TAMS 0x00000000a5800000, 0x00000000a5800000| Untracked 
|  75|0x00000000a5900000, 0x00000000a5900000, 0x00000000a5a00000|  0%| F|  |TAMS 0x00000000a5900000, 0x00000000a5900000| Untracked 
|  76|0x00000000a5a00000, 0x00000000a5a00000, 0x00000000a5b00000|  0%| F|  |TAMS 0x00000000a5a00000, 0x00000000a5a00000| Untracked 
|  77|0x00000000a5b00000, 0x00000000a5b00000, 0x00000000a5c00000|  0%| F|  |TAMS 0x00000000a5b00000, 0x00000000a5b00000| Untracked 
|  78|0x00000000a5c00000, 0x00000000a5c00000, 0x00000000a5d00000|  0%| F|  |TAMS 0x00000000a5c00000, 0x00000000a5c00000| Untracked 
|  79|0x00000000a5d00000, 0x00000000a5d00000, 0x00000000a5e00000|  0%| F|  |TAMS 0x00000000a5d00000, 0x00000000a5d00000| Untracked 
|  80|0x00000000a5e00000, 0x00000000a5e00000, 0x00000000a5f00000|  0%| F|  |TAMS 0x00000000a5e00000, 0x00000000a5e00000| Untracked 
|  81|0x00000000a5f00000, 0x00000000a5f00000, 0x00000000a6000000|  0%| F|  |TAMS 0x00000000a5f00000, 0x00000000a5f00000| Untracked 
|  82|0x00000000a6000000, 0x00000000a6000000, 0x00000000a6100000|  0%| F|  |TAMS 0x00000000a6000000, 0x00000000a6000000| Untracked 
|  83|0x00000000a6100000, 0x00000000a6100000, 0x00000000a6200000|  0%| F|  |TAMS 0x00000000a6100000, 0x00000000a6100000| Untracked 
|  84|0x00000000a6200000, 0x00000000a6200000, 0x00000000a6300000|  0%| F|  |TAMS 0x00000000a6200000, 0x00000000a6200000| Untracked 
|  85|0x00000000a6300000, 0x00000000a6300000, 0x00000000a6400000|  0%| F|  |TAMS 0x00000000a6300000, 0x00000000a6300000| Untracked 
|  86|0x00000000a6400000, 0x00000000a6400000, 0x00000000a6500000|  0%| F|  |TAMS 0x00000000a6400000, 0x00000000a6400000| Untracked 
|  87|0x00000000a6500000, 0x00000000a6500000, 0x00000000a6600000|  0%| F|  |TAMS 0x00000000a6500000, 0x00000000a6500000| Untracked 
|  88|0x00000000a6600000, 0x00000000a6600000, 0x00000000a6700000|  0%| F|  |TAMS 0x00000000a6600000, 0x00000000a6600000| Untracked 
|  89|0x00000000a6700000, 0x00000000a6700000, 0x00000000a6800000|  0%| F|  |TAMS 0x00000000a6700000, 0x00000000a6700000| Untracked 
|  90|0x00000000a6800000, 0x00000000a6800000, 0x00000000a6900000|  0%| F|  |TAMS 0x00000000a6800000, 0x00000000a6800000| Untracked 
|  91|0x00000000a6900000, 0x00000000a6900000, 0x00000000a6a00000|  0%| F|  |TAMS 0x00000000a6900000, 0x00000000a6900000| Untracked 
|  92|0x00000000a6a00000, 0x00000000a6a00000, 0x00000000a6b00000|  0%| F|  |TAMS 0x00000000a6a00000, 0x00000000a6a00000| Untracked 
|  93|0x00000000a6b00000, 0x00000000a6b00000, 0x00000000a6c00000|  0%| F|  |TAMS 0x00000000a6b00000, 0x00000000a6b00000| Untracked 
|  94|0x00000000a6c00000, 0x00000000a6c00000, 0x00000000a6d00000|  0%| F|  |TAMS 0x00000000a6c00000, 0x00000000a6c00000| Untracked 
|  95|0x00000000a6d00000, 0x00000000a6d00000, 0x00000000a6e00000|  0%| F|  |TAMS 0x00000000a6d00000, 0x00000000a6d00000| Untracked 
|  96|0x00000000a6e00000, 0x00000000a6e00000, 0x00000000a6f00000|  0%| F|  |TAMS 0x00000000a6e00000, 0x00000000a6e00000| Untracked 
|  97|0x00000000a6f00000, 0x00000000a6f00000, 0x00000000a7000000|  0%| F|  |TAMS 0x00000000a6f00000, 0x00000000a6f00000| Untracked 
|  98|0x00000000a7000000, 0x00000000a7000000, 0x00000000a7100000|  0%| F|  |TAMS 0x00000000a7000000, 0x00000000a7000000| Untracked 
|  99|0x00000000a7100000, 0x00000000a7100000, 0x00000000a7200000|  0%| F|  |TAMS 0x00000000a7100000, 0x00000000a7100000| Untracked 
| 100|0x00000000a7200000, 0x00000000a7200000, 0x00000000a7300000|  0%| F|  |TAMS 0x00000000a7200000, 0x00000000a7200000| Untracked 
| 101|0x00000000a7300000, 0x00000000a7300000, 0x00000000a7400000|  0%| F|  |TAMS 0x00000000a7300000, 0x00000000a7300000| Untracked 
| 102|0x00000000a7400000, 0x00000000a7400000, 0x00000000a7500000|  0%| F|  |TAMS 0x00000000a7400000, 0x00000000a7400000| Untracked 
| 103|0x00000000a7500000, 0x00000000a75d3cd0, 0x00000000a7600000| 82%| S|CS|TAMS 0x00000000a7500000, 0x00000000a7500000| Complete 
| 104|0x00000000a7600000, 0x00000000a7700000, 0x00000000a7700000|100%| S|CS|TAMS 0x00000000a7600000, 0x00000000a7600000| Complete 
| 105|0x00000000a7700000, 0x00000000a7800000, 0x00000000a7800000|100%| S|CS|TAMS 0x00000000a7700000, 0x00000000a7700000| Complete 
| 106|0x00000000a7800000, 0x00000000a7900000, 0x00000000a7900000|100%| S|CS|TAMS 0x00000000a7800000, 0x00000000a7800000| Complete 
| 107|0x00000000a7900000, 0x00000000a7a00000, 0x00000000a7a00000|100%| S|CS|TAMS 0x00000000a7900000, 0x00000000a7900000| Complete 
| 108|0x00000000a7a00000, 0x00000000a7b00000, 0x00000000a7b00000|100%| S|CS|TAMS 0x00000000a7a00000, 0x00000000a7a00000| Complete 
| 109|0x00000000a7b00000, 0x00000000a7c00000, 0x00000000a7c00000|100%| S|CS|TAMS 0x00000000a7b00000, 0x00000000a7b00000| Complete 
| 110|0x00000000a7c00000, 0x00000000a7c00000, 0x00000000a7d00000|  0%| F|  |TAMS 0x00000000a7c00000, 0x00000000a7c00000| Untracked 
| 111|0x00000000a7d00000, 0x00000000a7d00000, 0x00000000a7e00000|  0%| F|  |TAMS 0x00000000a7d00000, 0x00000000a7d00000| Untracked 
| 112|0x00000000a7e00000, 0x00000000a7e00000, 0x00000000a7f00000|  0%| F|  |TAMS 0x00000000a7e00000, 0x00000000a7e00000| Untracked 
| 113|0x00000000a7f00000, 0x00000000a7f00000, 0x00000000a8000000|  0%| F|  |TAMS 0x00000000a7f00000, 0x00000000a7f00000| Untracked 
| 114|0x00000000a8000000, 0x00000000a8000000, 0x00000000a8100000|  0%| F|  |TAMS 0x00000000a8000000, 0x00000000a8000000| Untracked 
| 115|0x00000000a8100000, 0x00000000a8100000, 0x00000000a8200000|  0%| F|  |TAMS 0x00000000a8100000, 0x00000000a8100000| Untracked 
| 116|0x00000000a8200000, 0x00000000a8200000, 0x00000000a8300000|  0%| F|  |TAMS 0x00000000a8200000, 0x00000000a8200000| Untracked 
| 117|0x00000000a8300000, 0x00000000a8400000, 0x00000000a8400000|100%| S|CS|TAMS 0x00000000a8300000, 0x00000000a8300000| Complete 
| 118|0x00000000a8400000, 0x00000000a8500000, 0x00000000a8500000|100%| S|CS|TAMS 0x00000000a8400000, 0x00000000a8400000| Complete 
| 119|0x00000000a8500000, 0x00000000a8600000, 0x00000000a8600000|100%| S|CS|TAMS 0x00000000a8500000, 0x00000000a8500000| Complete 
| 120|0x00000000a8600000, 0x00000000a8700000, 0x00000000a8700000|100%| S|CS|TAMS 0x00000000a8600000, 0x00000000a8600000| Complete 
| 121|0x00000000a8700000, 0x00000000a8800000, 0x00000000a8800000|100%| S|CS|TAMS 0x00000000a8700000, 0x00000000a8700000| Complete 
| 122|0x00000000a8800000, 0x00000000a8800000, 0x00000000a8900000|  0%| F|  |TAMS 0x00000000a8800000, 0x00000000a8800000| Untracked 
| 123|0x00000000a8900000, 0x00000000a8900000, 0x00000000a8a00000|  0%| F|  |TAMS 0x00000000a8900000, 0x00000000a8900000| Untracked 
| 124|0x00000000a8a00000, 0x00000000a8a00000, 0x00000000a8b00000|  0%| F|  |TAMS 0x00000000a8a00000, 0x00000000a8a00000| Untracked 
| 125|0x00000000a8b00000, 0x00000000a8b00000, 0x00000000a8c00000|  0%| F|  |TAMS 0x00000000a8b00000, 0x00000000a8b00000| Untracked 
| 126|0x00000000a8c00000, 0x00000000a8c00000, 0x00000000a8d00000|  0%| F|  |TAMS 0x00000000a8c00000, 0x00000000a8c00000| Untracked 
| 127|0x00000000a8d00000, 0x00000000a8d00000, 0x00000000a8e00000|  0%| F|  |TAMS 0x00000000a8d00000, 0x00000000a8d00000| Untracked 
| 128|0x00000000a8e00000, 0x00000000a8e00000, 0x00000000a8f00000|  0%| F|  |TAMS 0x00000000a8e00000, 0x00000000a8e00000| Untracked 
| 129|0x00000000a8f00000, 0x00000000a8f00000, 0x00000000a9000000|  0%| F|  |TAMS 0x00000000a8f00000, 0x00000000a8f00000| Untracked 
| 130|0x00000000a9000000, 0x00000000a9000000, 0x00000000a9100000|  0%| F|  |TAMS 0x00000000a9000000, 0x00000000a9000000| Untracked 
| 131|0x00000000a9100000, 0x00000000a9100000, 0x00000000a9200000|  0%| F|  |TAMS 0x00000000a9100000, 0x00000000a9100000| Untracked 
| 132|0x00000000a9200000, 0x00000000a9200000, 0x00000000a9300000|  0%| F|  |TAMS 0x00000000a9200000, 0x00000000a9200000| Untracked 
| 133|0x00000000a9300000, 0x00000000a9300000, 0x00000000a9400000|  0%| F|  |TAMS 0x00000000a9300000, 0x00000000a9300000| Untracked 
| 134|0x00000000a9400000, 0x00000000a9400000, 0x00000000a9500000|  0%| F|  |TAMS 0x00000000a9400000, 0x00000000a9400000| Untracked 
| 135|0x00000000a9500000, 0x00000000a9500000, 0x00000000a9600000|  0%| F|  |TAMS 0x00000000a9500000, 0x00000000a9500000| Untracked 
| 136|0x00000000a9600000, 0x00000000a9600000, 0x00000000a9700000|  0%| F|  |TAMS 0x00000000a9600000, 0x00000000a9600000| Untracked 
| 137|0x00000000a9700000, 0x00000000a9700000, 0x00000000a9800000|  0%| F|  |TAMS 0x00000000a9700000, 0x00000000a9700000| Untracked 
| 138|0x00000000a9800000, 0x00000000a9800000, 0x00000000a9900000|  0%| F|  |TAMS 0x00000000a9800000, 0x00000000a9800000| Untracked 
| 139|0x00000000a9900000, 0x00000000a9900000, 0x00000000a9a00000|  0%| F|  |TAMS 0x00000000a9900000, 0x00000000a9900000| Untracked 
| 140|0x00000000a9a00000, 0x00000000a9a00000, 0x00000000a9b00000|  0%| F|  |TAMS 0x00000000a9a00000, 0x00000000a9a00000| Untracked 
| 141|0x00000000a9b00000, 0x00000000a9b00000, 0x00000000a9c00000|  0%| F|  |TAMS 0x00000000a9b00000, 0x00000000a9b00000| Untracked 
| 142|0x00000000a9c00000, 0x00000000a9c00000, 0x00000000a9d00000|  0%| F|  |TAMS 0x00000000a9c00000, 0x00000000a9c00000| Untracked 
| 143|0x00000000a9d00000, 0x00000000a9d00000, 0x00000000a9e00000|  0%| F|  |TAMS 0x00000000a9d00000, 0x00000000a9d00000| Untracked 
| 144|0x00000000a9e00000, 0x00000000a9e00000, 0x00000000a9f00000|  0%| F|  |TAMS 0x00000000a9e00000, 0x00000000a9e00000| Untracked 
| 145|0x00000000a9f00000, 0x00000000a9f00000, 0x00000000aa000000|  0%| F|  |TAMS 0x00000000a9f00000, 0x00000000a9f00000| Untracked 
| 146|0x00000000aa000000, 0x00000000aa000000, 0x00000000aa100000|  0%| F|  |TAMS 0x00000000aa000000, 0x00000000aa000000| Untracked 
| 147|0x00000000aa100000, 0x00000000aa100000, 0x00000000aa200000|  0%| F|  |TAMS 0x00000000aa100000, 0x00000000aa100000| Untracked 
| 148|0x00000000aa200000, 0x00000000aa200000, 0x00000000aa300000|  0%| F|  |TAMS 0x00000000aa200000, 0x00000000aa200000| Untracked 
| 149|0x00000000aa300000, 0x00000000aa300000, 0x00000000aa400000|  0%| F|  |TAMS 0x00000000aa300000, 0x00000000aa300000| Untracked 
| 150|0x00000000aa400000, 0x00000000aa400000, 0x00000000aa500000|  0%| F|  |TAMS 0x00000000aa400000, 0x00000000aa400000| Untracked 
| 151|0x00000000aa500000, 0x00000000aa500000, 0x00000000aa600000|  0%| F|  |TAMS 0x00000000aa500000, 0x00000000aa500000| Untracked 
| 152|0x00000000aa600000, 0x00000000aa600000, 0x00000000aa700000|  0%| F|  |TAMS 0x00000000aa600000, 0x00000000aa600000| Untracked 
| 153|0x00000000aa700000, 0x00000000aa700000, 0x00000000aa800000|  0%| F|  |TAMS 0x00000000aa700000, 0x00000000aa700000| Untracked 
| 154|0x00000000aa800000, 0x00000000aa800000, 0x00000000aa900000|  0%| F|  |TAMS 0x00000000aa800000, 0x00000000aa800000| Untracked 
| 155|0x00000000aa900000, 0x00000000aa900000, 0x00000000aaa00000|  0%| F|  |TAMS 0x00000000aa900000, 0x00000000aa900000| Untracked 
| 156|0x00000000aaa00000, 0x00000000aaa00000, 0x00000000aab00000|  0%| F|  |TAMS 0x00000000aaa00000, 0x00000000aaa00000| Untracked 
| 157|0x00000000aab00000, 0x00000000aab00000, 0x00000000aac00000|  0%| F|  |TAMS 0x00000000aab00000, 0x00000000aab00000| Untracked 
| 158|0x00000000aac00000, 0x00000000aac00000, 0x00000000aad00000|  0%| F|  |TAMS 0x00000000aac00000, 0x00000000aac00000| Untracked 
| 159|0x00000000aad00000, 0x00000000aad00000, 0x00000000aae00000|  0%| F|  |TAMS 0x00000000aad00000, 0x00000000aad00000| Untracked 
| 160|0x00000000aae00000, 0x00000000aae00000, 0x00000000aaf00000|  0%| F|  |TAMS 0x00000000aae00000, 0x00000000aae00000| Untracked 
| 161|0x00000000aaf00000, 0x00000000aaf00000, 0x00000000ab000000|  0%| F|  |TAMS 0x00000000aaf00000, 0x00000000aaf00000| Untracked 
| 162|0x00000000ab000000, 0x00000000ab000000, 0x00000000ab100000|  0%| F|  |TAMS 0x00000000ab000000, 0x00000000ab000000| Untracked 
| 163|0x00000000ab100000, 0x00000000ab100000, 0x00000000ab200000|  0%| F|  |TAMS 0x00000000ab100000, 0x00000000ab100000| Untracked 
| 164|0x00000000ab200000, 0x00000000ab200000, 0x00000000ab300000|  0%| F|  |TAMS 0x00000000ab200000, 0x00000000ab200000| Untracked 
| 165|0x00000000ab300000, 0x00000000ab300000, 0x00000000ab400000|  0%| F|  |TAMS 0x00000000ab300000, 0x00000000ab300000| Untracked 
| 166|0x00000000ab400000, 0x00000000ab400000, 0x00000000ab500000|  0%| F|  |TAMS 0x00000000ab400000, 0x00000000ab400000| Untracked 
| 167|0x00000000ab500000, 0x00000000ab500000, 0x00000000ab600000|  0%| F|  |TAMS 0x00000000ab500000, 0x00000000ab500000| Untracked 
| 168|0x00000000ab600000, 0x00000000ab600000, 0x00000000ab700000|  0%| F|  |TAMS 0x00000000ab600000, 0x00000000ab600000| Untracked 
| 169|0x00000000ab700000, 0x00000000ab700000, 0x00000000ab800000|  0%| F|  |TAMS 0x00000000ab700000, 0x00000000ab700000| Untracked 
| 170|0x00000000ab800000, 0x00000000ab800000, 0x00000000ab900000|  0%| F|  |TAMS 0x00000000ab800000, 0x00000000ab800000| Untracked 
| 171|0x00000000ab900000, 0x00000000ab900000, 0x00000000aba00000|  0%| F|  |TAMS 0x00000000ab900000, 0x00000000ab900000| Untracked 
| 172|0x00000000aba00000, 0x00000000aba00000, 0x00000000abb00000|  0%| F|  |TAMS 0x00000000aba00000, 0x00000000aba00000| Untracked 
| 173|0x00000000abb00000, 0x00000000abb00000, 0x00000000abc00000|  0%| F|  |TAMS 0x00000000abb00000, 0x00000000abb00000| Untracked 
| 174|0x00000000abc00000, 0x00000000abc00000, 0x00000000abd00000|  0%| F|  |TAMS 0x00000000abc00000, 0x00000000abc00000| Untracked 
| 175|0x00000000abd00000, 0x00000000abd00000, 0x00000000abe00000|  0%| F|  |TAMS 0x00000000abd00000, 0x00000000abd00000| Untracked 
| 176|0x00000000abe00000, 0x00000000abe00000, 0x00000000abf00000|  0%| F|  |TAMS 0x00000000abe00000, 0x00000000abe00000| Untracked 
| 177|0x00000000abf00000, 0x00000000abf00000, 0x00000000ac000000|  0%| F|  |TAMS 0x00000000abf00000, 0x00000000abf00000| Untracked 
| 178|0x00000000ac000000, 0x00000000ac000000, 0x00000000ac100000|  0%| F|  |TAMS 0x00000000ac000000, 0x00000000ac000000| Untracked 
| 179|0x00000000ac100000, 0x00000000ac100000, 0x00000000ac200000|  0%| F|  |TAMS 0x00000000ac100000, 0x00000000ac100000| Untracked 
| 180|0x00000000ac200000, 0x00000000ac200000, 0x00000000ac300000|  0%| F|  |TAMS 0x00000000ac200000, 0x00000000ac200000| Untracked 
| 181|0x00000000ac300000, 0x00000000ac300000, 0x00000000ac400000|  0%| F|  |TAMS 0x00000000ac300000, 0x00000000ac300000| Untracked 
| 182|0x00000000ac400000, 0x00000000ac400000, 0x00000000ac500000|  0%| F|  |TAMS 0x00000000ac400000, 0x00000000ac400000| Untracked 
| 183|0x00000000ac500000, 0x00000000ac500000, 0x00000000ac600000|  0%| F|  |TAMS 0x00000000ac500000, 0x00000000ac500000| Untracked 
| 184|0x00000000ac600000, 0x00000000ac600000, 0x00000000ac700000|  0%| F|  |TAMS 0x00000000ac600000, 0x00000000ac600000| Untracked 
| 185|0x00000000ac700000, 0x00000000ac700000, 0x00000000ac800000|  0%| F|  |TAMS 0x00000000ac700000, 0x00000000ac700000| Untracked 
| 186|0x00000000ac800000, 0x00000000ac800000, 0x00000000ac900000|  0%| F|  |TAMS 0x00000000ac800000, 0x00000000ac800000| Untracked 
| 187|0x00000000ac900000, 0x00000000ac900000, 0x00000000aca00000|  0%| F|  |TAMS 0x00000000ac900000, 0x00000000ac900000| Untracked 
| 188|0x00000000aca00000, 0x00000000aca00000, 0x00000000acb00000|  0%| F|  |TAMS 0x00000000aca00000, 0x00000000aca00000| Untracked 
| 189|0x00000000acb00000, 0x00000000acb00000, 0x00000000acc00000|  0%| F|  |TAMS 0x00000000acb00000, 0x00000000acb00000| Untracked 
| 190|0x00000000acc00000, 0x00000000acc00000, 0x00000000acd00000|  0%| F|  |TAMS 0x00000000acc00000, 0x00000000acc00000| Untracked 
| 191|0x00000000acd00000, 0x00000000acd00000, 0x00000000ace00000|  0%| F|  |TAMS 0x00000000acd00000, 0x00000000acd00000| Untracked 
| 192|0x00000000ace00000, 0x00000000ace00000, 0x00000000acf00000|  0%| F|  |TAMS 0x00000000ace00000, 0x00000000ace00000| Untracked 
| 193|0x00000000acf00000, 0x00000000acf00000, 0x00000000ad000000|  0%| F|  |TAMS 0x00000000acf00000, 0x00000000acf00000| Untracked 
| 194|0x00000000ad000000, 0x00000000ad000000, 0x00000000ad100000|  0%| F|  |TAMS 0x00000000ad000000, 0x00000000ad000000| Untracked 
| 195|0x00000000ad100000, 0x00000000ad100000, 0x00000000ad200000|  0%| F|  |TAMS 0x00000000ad100000, 0x00000000ad100000| Untracked 
| 196|0x00000000ad200000, 0x00000000ad200000, 0x00000000ad300000|  0%| F|  |TAMS 0x00000000ad200000, 0x00000000ad200000| Untracked 
| 197|0x00000000ad300000, 0x00000000ad300000, 0x00000000ad400000|  0%| F|  |TAMS 0x00000000ad300000, 0x00000000ad300000| Untracked 
| 198|0x00000000ad400000, 0x00000000ad400000, 0x00000000ad500000|  0%| F|  |TAMS 0x00000000ad400000, 0x00000000ad400000| Untracked 
| 199|0x00000000ad500000, 0x00000000ad500000, 0x00000000ad600000|  0%| F|  |TAMS 0x00000000ad500000, 0x00000000ad500000| Untracked 
| 200|0x00000000ad600000, 0x00000000ad600000, 0x00000000ad700000|  0%| F|  |TAMS 0x00000000ad600000, 0x00000000ad600000| Untracked 
| 201|0x00000000ad700000, 0x00000000ad700000, 0x00000000ad800000|  0%| F|  |TAMS 0x00000000ad700000, 0x00000000ad700000| Untracked 
| 202|0x00000000ad800000, 0x00000000ad800000, 0x00000000ad900000|  0%| F|  |TAMS 0x00000000ad800000, 0x00000000ad800000| Untracked 
| 203|0x00000000ad900000, 0x00000000ad900000, 0x00000000ada00000|  0%| F|  |TAMS 0x00000000ad900000, 0x00000000ad900000| Untracked 
| 204|0x00000000ada00000, 0x00000000ada00000, 0x00000000adb00000|  0%| F|  |TAMS 0x00000000ada00000, 0x00000000ada00000| Untracked 
| 205|0x00000000adb00000, 0x00000000adb00000, 0x00000000adc00000|  0%| F|  |TAMS 0x00000000adb00000, 0x00000000adb00000| Untracked 
| 206|0x00000000adc00000, 0x00000000adc00000, 0x00000000add00000|  0%| F|  |TAMS 0x00000000adc00000, 0x00000000adc00000| Untracked 
| 207|0x00000000add00000, 0x00000000add00000, 0x00000000ade00000|  0%| F|  |TAMS 0x00000000add00000, 0x00000000add00000| Untracked 
| 208|0x00000000ade00000, 0x00000000ade00000, 0x00000000adf00000|  0%| F|  |TAMS 0x00000000ade00000, 0x00000000ade00000| Untracked 
| 209|0x00000000adf00000, 0x00000000adf00000, 0x00000000ae000000|  0%| F|  |TAMS 0x00000000adf00000, 0x00000000adf00000| Untracked 
| 210|0x00000000ae000000, 0x00000000ae000000, 0x00000000ae100000|  0%| F|  |TAMS 0x00000000ae000000, 0x00000000ae000000| Untracked 
| 211|0x00000000ae100000, 0x00000000ae100000, 0x00000000ae200000|  0%| F|  |TAMS 0x00000000ae100000, 0x00000000ae100000| Untracked 
| 212|0x00000000ae200000, 0x00000000ae200000, 0x00000000ae300000|  0%| F|  |TAMS 0x00000000ae200000, 0x00000000ae200000| Untracked 
| 213|0x00000000ae300000, 0x00000000ae300000, 0x00000000ae400000|  0%| F|  |TAMS 0x00000000ae300000, 0x00000000ae300000| Untracked 
| 214|0x00000000ae400000, 0x00000000ae400000, 0x00000000ae500000|  0%| F|  |TAMS 0x00000000ae400000, 0x00000000ae400000| Untracked 
| 215|0x00000000ae500000, 0x00000000ae500000, 0x00000000ae600000|  0%| F|  |TAMS 0x00000000ae500000, 0x00000000ae500000| Untracked 
| 216|0x00000000ae600000, 0x00000000ae600000, 0x00000000ae700000|  0%| F|  |TAMS 0x00000000ae600000, 0x00000000ae600000| Untracked 
| 217|0x00000000ae700000, 0x00000000ae700000, 0x00000000ae800000|  0%| F|  |TAMS 0x00000000ae700000, 0x00000000ae700000| Untracked 
| 218|0x00000000ae800000, 0x00000000ae800000, 0x00000000ae900000|  0%| F|  |TAMS 0x00000000ae800000, 0x00000000ae800000| Untracked 
| 219|0x00000000ae900000, 0x00000000ae900000, 0x00000000aea00000|  0%| F|  |TAMS 0x00000000ae900000, 0x00000000ae900000| Untracked 
| 220|0x00000000aea00000, 0x00000000aea00000, 0x00000000aeb00000|  0%| F|  |TAMS 0x00000000aea00000, 0x00000000aea00000| Untracked 

Card table byte_map: [0x000001e005bc0000,0x000001e005ec0000] _byte_map_base: 0x000001e0056b9000

Marking Bits (Prev, Next): (CMBitMap*) 0x000001e07fea52b0, (CMBitMap*) 0x000001e07fea52f0
 Prev Bits: [0x000001e0061c0000, 0x000001e007988000)
 Next Bits: [0x000001e007990000, 0x000001e009158000)

Polling page: 0x000001e07ddb0000

Metaspace:

Usage:
  Non-class:     33.24 MB used.
      Class:      4.82 MB used.
       Both:     38.06 MB used.

Virtual space:
  Non-class space:       40.00 MB reserved,      33.44 MB ( 84%) committed,  5 nodes.
      Class space:        1.00 GB reserved,       5.00 MB ( <1%) committed,  1 nodes.
             Both:        1.04 GB reserved,      38.44 MB (  4%) committed. 

Chunk freelists:
   Non-Class:  2.14 MB
       Class:  2.89 MB
        Both:  5.03 MB

MaxMetaspaceSize: unlimited
CompressedClassSpaceSize: 1.00 GB
Initial GC threshold: 21.00 MB
Current GC threshold: 63.75 MB
CDS: off
MetaspaceReclaimPolicy: balanced
 - commit_granule_bytes: 65536.
 - commit_granule_words: 8192.
 - virtual_space_node_default_size: 1048576.
 - enlarge_chunks_in_place: 1.
 - new_chunks_are_fully_committed: 0.
 - uncommit_free_chunks: 1.
 - use_allocation_guard: 0.
 - handle_deallocations: 1.


Internal statistics:

num_allocs_failed_limit: 8.
num_arena_births: 386.
num_arena_deaths: 0.
num_vsnodes_births: 6.
num_vsnodes_deaths: 0.
num_space_committed: 615.
num_space_uncommitted: 0.
num_chunks_returned_to_freelist: 8.
num_chunks_taken_from_freelist: 1539.
num_chunk_merges: 8.
num_chunk_splits: 1059.
num_chunks_enlarged: 814.
num_purges: 0.
num_inconsistent_stats: 0.

CodeCache: size=49152Kb used=8944Kb max_used=8944Kb free=40207Kb
 bounds [0x000001e002bc0000, 0x000001e003480000, 0x000001e005bc0000]
 total_blobs=4544 nmethods=4009 adapters=460
 compilation: enabled
              stopped_count=0, restarted_count=0
 full_count=0

Compilation events (20 events):
Event: 20.895 Thread 0x000001e00b795900 4005       1       java.nio.HeapByteBuffer::get (64 bytes)
Event: 20.896 Thread 0x000001e07fe58540 4006   !   1       jdk.internal.module.SystemModuleFinders$SystemModuleReader::toInputStream (43 bytes)
Event: 20.896 Thread 0x000001e00cbd1580 4007       1       io.github.classgraph.Classfile::readBasicClassInfo (339 bytes)
Event: 20.897 Thread 0x000001e00b795900 nmethod 4005 0x000001e003474790 code [0x000001e003474980, 0x000001e003474d18]
Event: 20.897 Thread 0x000001e00b795900 4010       1       io.github.classgraph.Classfile::extendScanningUpwards (585 bytes)
Event: 20.897 Thread 0x000001e07fe58540 nmethod 4006 0x000001e003474f10 code [0x000001e003475100, 0x000001e003475628]
Event: 20.897 Thread 0x000001e07fe58540 4009       1       io.github.classgraph.Classfile::readInterfaces (63 bytes)
Event: 20.898 Thread 0x000001e07fe58540 nmethod 4009 0x000001e003475910 code [0x000001e003475ae0, 0x000001e003475df8]
Event: 20.898 Thread 0x000001e07fe58540 4011   !   1       nonapi.io.github.classgraph.fileslice.reader.ClassfileReader::close (43 bytes)
Event: 20.898 Thread 0x000001e07fe58540 nmethod 4011 0x000001e003475f90 code [0x000001e003476140, 0x000001e003476318]
Event: 20.898 Thread 0x000001e07fe58540 4008       1       jdk.internal.module.SystemModuleFinders$SystemModuleReader$$Lambda$130/0x00000001001e93f8::apply (12 bytes)
Event: 20.898 Thread 0x000001e07fe58540 nmethod 4008 0x000001e003476410 code [0x000001e0034765a0, 0x000001e0034766c8]
Event: 20.921 Thread 0x000001e00b795900 nmethod 4010 0x000001e003476790 code [0x000001e003476c00, 0x000001e003477b08]
Event: 20.922 Thread 0x000001e00cbd1580 nmethod 4007 0x000001e003478690 code [0x000001e003478a00, 0x000001e003479868]
Event: 20.927 Thread 0x000001e00cbd1580 4012  s!   1       jdk.internal.loader.URLClassPath::getLoader (196 bytes)
Event: 20.928 Thread 0x000001e00cbd1580 nmethod 4012 0x000001e00347a110 code [0x000001e00347a3c0, 0x000001e00347add8]
Event: 21.120 Thread 0x000001e00cbd1580 4013       1       java.util.concurrent.ConcurrentHashMap::resizeStamp (9 bytes)
Event: 21.121 Thread 0x000001e00cbd1580 nmethod 4013 0x000001e00347ba90 code [0x000001e00347bc20, 0x000001e00347bce8]
Event: 21.121 Thread 0x000001e00cbd1580 4014       1       java.util.concurrent.ConcurrentHashMap::helpTransfer (123 bytes)
Event: 21.122 Thread 0x000001e00cbd1580 nmethod 4014 0x000001e00347bd90 code [0x000001e00347bf40, 0x000001e00347c1b8]

GC Heap History (20 events):
Event: 19.244 GC heap after
{Heap after GC invocations=22 (full 0):
 garbage-first heap   total 94208K, used 38477K [0x00000000a0e00000, 0x0000000100000000)
  region size 1024K, 3 young (3072K), 3 survivors (3072K)
 Metaspace       used 37788K, committed 38080K, reserved 1089536K
  class space    used 4781K, committed 4928K, reserved 1048576K
}
Event: 19.472 GC heap before
{Heap before GC invocations=23 (full 0):
 garbage-first heap   total 94208K, used 68173K [0x00000000a0e00000, 0x0000000100000000)
  region size 1024K, 33 young (33792K), 3 survivors (3072K)
 Metaspace       used 37947K, committed 38272K, reserved 1089536K
  class space    used 4796K, committed 4928K, reserved 1048576K
}
Event: 19.489 GC heap after
{Heap after GC invocations=24 (full 0):
 garbage-first heap   total 94208K, used 45212K [0x00000000a0e00000, 0x0000000100000000)
  region size 1024K, 5 young (5120K), 5 survivors (5120K)
 Metaspace       used 37947K, committed 38272K, reserved 1089536K
  class space    used 4796K, committed 4928K, reserved 1048576K
}
Event: 20.458 GC heap before
{Heap before GC invocations=24 (full 0):
 garbage-first heap   total 94208K, used 67740K [0x00000000a0e00000, 0x0000000100000000)
  region size 1024K, 28 young (28672K), 5 survivors (5120K)
 Metaspace       used 38772K, committed 39168K, reserved 1089536K
  class space    used 4910K, committed 5120K, reserved 1048576K
}
Event: 20.473 GC heap after
{Heap after GC invocations=25 (full 0):
 garbage-first heap   total 94208K, used 50898K [0x00000000a0e00000, 0x0000000100000000)
  region size 1024K, 4 young (4096K), 4 survivors (4096K)
 Metaspace       used 38772K, committed 39168K, reserved 1089536K
  class space    used 4910K, committed 5120K, reserved 1048576K
}
Event: 20.543 GC heap before
{Heap before GC invocations=25 (full 0):
 garbage-first heap   total 94208K, used 54994K [0x00000000a0e00000, 0x0000000100000000)
  region size 1024K, 9 young (9216K), 4 survivors (4096K)
 Metaspace       used 38772K, committed 39168K, reserved 1089536K
  class space    used 4910K, committed 5120K, reserved 1048576K
}
Event: 20.550 GC heap after
{Heap after GC invocations=26 (full 0):
 garbage-first heap   total 94208K, used 53526K [0x00000000a0e00000, 0x0000000100000000)
  region size 1024K, 2 young (2048K), 2 survivors (2048K)
 Metaspace       used 38772K, committed 39168K, reserved 1089536K
  class space    used 4910K, committed 5120K, reserved 1048576K
}
Event: 20.735 GC heap before
{Heap before GC invocations=26 (full 0):
 garbage-first heap   total 116736K, used 70934K [0x00000000a0e00000, 0x0000000100000000)
  region size 1024K, 18 young (18432K), 2 survivors (2048K)
 Metaspace       used 38774K, committed 39168K, reserved 1089536K
  class space    used 4910K, committed 5120K, reserved 1048576K
}
Event: 20.751 GC heap after
{Heap after GC invocations=27 (full 0):
 garbage-first heap   total 116736K, used 63488K [0x00000000a0e00000, 0x0000000100000000)
  region size 1024K, 3 young (3072K), 3 survivors (3072K)
 Metaspace       used 38774K, committed 39168K, reserved 1089536K
  class space    used 4910K, committed 5120K, reserved 1048576K
}
Event: 20.843 GC heap before
{Heap before GC invocations=28 (full 0):
 garbage-first heap   total 116736K, used 82944K [0x00000000a0e00000, 0x0000000100000000)
  region size 1024K, 23 young (23552K), 3 survivors (3072K)
 Metaspace       used 38857K, committed 39296K, reserved 1089536K
  class space    used 4920K, committed 5120K, reserved 1048576K
}
Event: 20.861 GC heap after
{Heap after GC invocations=29 (full 0):
 garbage-first heap   total 116736K, used 68476K [0x00000000a0e00000, 0x0000000100000000)
  region size 1024K, 3 young (3072K), 3 survivors (3072K)
 Metaspace       used 38857K, committed 39296K, reserved 1089536K
  class space    used 4920K, committed 5120K, reserved 1048576K
}
Event: 20.869 GC heap before
{Heap before GC invocations=29 (full 0):
 garbage-first heap   total 116736K, used 69500K [0x00000000a0e00000, 0x0000000100000000)
  region size 1024K, 5 young (5120K), 3 survivors (3072K)
 Metaspace       used 38857K, committed 39296K, reserved 1089536K
  class space    used 4920K, committed 5120K, reserved 1048576K
}
Event: 20.880 GC heap after
{Heap after GC invocations=30 (full 0):
 garbage-first heap   total 226304K, used 68664K [0x00000000a0e00000, 0x0000000100000000)
  region size 1024K, 1 young (1024K), 1 survivors (1024K)
 Metaspace       used 38857K, committed 39296K, reserved 1089536K
  class space    used 4920K, committed 5120K, reserved 1048576K
}
Event: 21.010 GC heap before
{Heap before GC invocations=30 (full 0):
 garbage-first heap   total 226304K, used 132152K [0x00000000a0e00000, 0x0000000100000000)
  region size 1024K, 64 young (65536K), 1 survivors (1024K)
 Metaspace       used 38969K, committed 39360K, reserved 1089536K
  class space    used 4933K, committed 5120K, reserved 1048576K
}
Event: 21.014 GC heap after
{Heap after GC invocations=31 (full 0):
 garbage-first heap   total 226304K, used 70848K [0x00000000a0e00000, 0x0000000100000000)
  region size 1024K, 3 young (3072K), 3 survivors (3072K)
 Metaspace       used 38969K, committed 39360K, reserved 1089536K
  class space    used 4933K, committed 5120K, reserved 1048576K
}
Event: 21.132 GC heap before
{Heap before GC invocations=31 (full 0):
 garbage-first heap   total 226304K, used 166080K [0x00000000a0e00000, 0x0000000100000000)
  region size 1024K, 97 young (99328K), 3 survivors (3072K)
 Metaspace       used 38969K, committed 39360K, reserved 1089536K
  class space    used 4933K, committed 5120K, reserved 1048576K
}
Event: 21.140 GC heap after
{Heap after GC invocations=32 (full 0):
 garbage-first heap   total 226304K, used 74635K [0x00000000a0e00000, 0x0000000100000000)
  region size 1024K, 7 young (7168K), 7 survivors (7168K)
 Metaspace       used 38969K, committed 39360K, reserved 1089536K
  class space    used 4933K, committed 5120K, reserved 1048576K
}
Event: 21.233 GC heap before
{Heap before GC invocations=32 (full 0):
 garbage-first heap   total 226304K, used 169867K [0x00000000a0e00000, 0x0000000100000000)
  region size 1024K, 101 young (103424K), 7 survivors (7168K)
 Metaspace       used 38969K, committed 39360K, reserved 1089536K
  class space    used 4933K, committed 5120K, reserved 1048576K
}
Event: 21.241 GC heap after
{Heap after GC invocations=33 (full 0):
 garbage-first heap   total 226304K, used 78300K [0x00000000a0e00000, 0x0000000100000000)
  region size 1024K, 10 young (10240K), 10 survivors (10240K)
 Metaspace       used 38969K, committed 39360K, reserved 1089536K
  class space    used 4933K, committed 5120K, reserved 1048576K
}
Event: 21.632 GC heap before
{Heap before GC invocations=33 (full 0):
 garbage-first heap   total 226304K, used 175580K [0x00000000a0e00000, 0x0000000100000000)
  region size 1024K, 106 young (108544K), 10 survivors (10240K)
 Metaspace       used 38969K, committed 39360K, reserved 1089536K
  class space    used 4933K, committed 5120K, reserved 1048576K
}

Deoptimization events (12 events):
Event: 8.309 Thread 0x000001e07fe578c0 DEOPT PACKING pc=0x000001e00308a799 sp=0x000000278c1fd610
Event: 8.309 Thread 0x000001e07fe578c0 DEOPT UNPACKING pc=0x000001e002c12b43 sp=0x000000278c1fcaf0 mode 3
Event: 14.414 Thread 0x000001e07fe578c0 DEOPT PACKING pc=0x000001e0031feb99 sp=0x000000278c1fc9f0
Event: 14.414 Thread 0x000001e07fe578c0 DEOPT UNPACKING pc=0x000001e002c12b43 sp=0x000000278c1fbed0 mode 3
Event: 16.819 Thread 0x000001e00e029040 DEOPT PACKING pc=0x000001e0032b6235 sp=0x000000278ddfe000
Event: 16.819 Thread 0x000001e00e029040 DEOPT UNPACKING pc=0x000001e002c12b43 sp=0x000000278ddfd518 mode 3
Event: 17.752 Thread 0x000001e00df41510 DEOPT PACKING pc=0x000001e0032d13ab sp=0x000000278e1fe480
Event: 17.752 Thread 0x000001e00df41510 DEOPT UNPACKING pc=0x000001e002c12b43 sp=0x000000278e1fd9c8 mode 3
Event: 18.819 Thread 0x000001e00c8f5b70 DEOPT PACKING pc=0x000001e003088a81 sp=0x000000278e6ff0a0
Event: 18.819 Thread 0x000001e00c8f5b70 DEOPT UNPACKING pc=0x000001e002c12b43 sp=0x000000278e6fe530 mode 3
Event: 18.820 Thread 0x000001e00c8f56a0 DEOPT PACKING pc=0x000001e003086297 sp=0x000000278e7ff440
Event: 18.820 Thread 0x000001e00c8f56a0 DEOPT UNPACKING pc=0x000001e002c12b43 sp=0x000000278e7fe898 mode 3

Classes unloaded (0 events):
No events

Classes redefined (0 events):
No events

Internal exceptions (20 events):
Event: 17.870 Thread 0x000001e00c8f7380 Exception <a 'sun/nio/fs/WindowsException'{0x00000000a2dccd40}> (0x00000000a2dccd40) 
thrown [s\src\hotspot\share\prims\jni.cpp, line 516]
Event: 17.870 Thread 0x000001e00c8f7380 Exception <a 'sun/nio/fs/WindowsException'{0x00000000a2dcd728}> (0x00000000a2dcd728) 
thrown [s\src\hotspot\share\prims\jni.cpp, line 516]
Event: 17.870 Thread 0x000001e00c8f7380 Exception <a 'sun/nio/fs/WindowsException'{0x00000000a2dcdab8}> (0x00000000a2dcdab8) 
thrown [s\src\hotspot\share\prims\jni.cpp, line 516]
Event: 17.871 Thread 0x000001e00c8f7380 Exception <a 'sun/nio/fs/WindowsException'{0x00000000a2dce4b0}> (0x00000000a2dce4b0) 
thrown [s\src\hotspot\share\prims\jni.cpp, line 516]
Event: 17.871 Thread 0x000001e00c8f7380 Exception <a 'sun/nio/fs/WindowsException'{0x00000000a2dce860}> (0x00000000a2dce860) 
thrown [s\src\hotspot\share\prims\jni.cpp, line 516]
Event: 17.871 Thread 0x000001e00c8f7380 Exception <a 'sun/nio/fs/WindowsException'{0x00000000a2dcf248}> (0x00000000a2dcf248) 
thrown [s\src\hotspot\share\prims\jni.cpp, line 516]
Event: 17.871 Thread 0x000001e00c8f7380 Exception <a 'sun/nio/fs/WindowsException'{0x00000000a2dcf5d8}> (0x00000000a2dcf5d8) 
thrown [s\src\hotspot\share\prims\jni.cpp, line 516]
Event: 17.871 Thread 0x000001e00c8f7380 Exception <a 'sun/nio/fs/WindowsException'{0x00000000a2dcffd0}> (0x00000000a2dcffd0) 
thrown [s\src\hotspot\share\prims\jni.cpp, line 516]
Event: 17.871 Thread 0x000001e00c8f7380 Exception <a 'sun/nio/fs/WindowsException'{0x00000000a2dd0380}> (0x00000000a2dd0380) 
thrown [s\src\hotspot\share\prims\jni.cpp, line 516]
Event: 17.871 Thread 0x000001e00c8f7380 Exception <a 'sun/nio/fs/WindowsException'{0x00000000a2dd0d90}> (0x00000000a2dd0d90) 
thrown [s\src\hotspot\share\prims\jni.cpp, line 516]
Event: 17.872 Thread 0x000001e00c8f7380 Exception <a 'sun/nio/fs/WindowsException'{0x00000000a2dd1150}> (0x00000000a2dd1150) 
thrown [s\src\hotspot\share\prims\jni.cpp, line 516]
Event: 17.874 Thread 0x000001e00c8f7380 Exception <a 'sun/nio/fs/WindowsException'{0x00000000a2dd1b78}> (0x00000000a2dd1b78) 
thrown [s\src\hotspot\share\prims\jni.cpp, line 516]
Event: 17.874 Thread 0x000001e00c8f7380 Exception <a 'sun/nio/fs/WindowsException'{0x00000000a2dd1f58}> (0x00000000a2dd1f58) 
thrown [s\src\hotspot\share\prims\jni.cpp, line 516]
Event: 17.874 Thread 0x000001e00c8f7380 Exception <a 'sun/nio/fs/WindowsException'{0x00000000a2dd2978}> (0x00000000a2dd2978) 
thrown [s\src\hotspot\share\prims\jni.cpp, line 516]
Event: 17.874 Thread 0x000001e00c8f7380 Exception <a 'sun/nio/fs/WindowsException'{0x00000000a2dd2d58}> (0x00000000a2dd2d58) 
thrown [s\src\hotspot\share\prims\jni.cpp, line 516]
Event: 19.621 Thread 0x000001e00e029040 Exception <a 'java/lang/NoSuchMethodError'{0x00000000a60789a8}: 'java.lang.Object java.lang.invoke.Invokers$Holder.invoke_MT(java.lang.Object, java.lang.Object, java.lang.Object)'> (0x00000000a60789a8) 
thrown [s\src\hotspot\share\interpreter\linkResolver.cpp, line 759]
Event: 19.945 Thread 0x000001e00e029040 Exception <a 'java/lang/NoSuchMethodError'{0x00000000a5860ce8}: 'java.lang.Object java.lang.invoke.DirectMethodHandle$Holder.newInvokeSpecial(java.lang.Object, java.lang.Object, int)'> (0x00000000a5860ce8) 
thrown [s\src\hotspot\share\interpreter\linkResolver.cpp, line 759]
Event: 20.014 Thread 0x000001e00c8f7d20 Exception <a 'java/lang/NoSuchMethodError'{0x00000000a5785f50}: 'java.lang.Object java.lang.invoke.Invokers$Holder.linkToTargetMethod(java.lang.Object, long, java.lang.Object)'> (0x00000000a5785f50) 
thrown [s\src\hotspot\share\interpreter\linkResolver.cpp, line 759]
Event: 20.041 Thread 0x000001e00c8f7d20 Exception <a 'sun/nio/fs/WindowsException'{0x00000000a565a1e8}> (0x00000000a565a1e8) 
thrown [s\src\hotspot\share\prims\jni.cpp, line 516]
Event: 20.045 Thread 0x000001e00c8f7d20 Exception <a 'sun/nio/fs/WindowsException'{0x00000000a5665318}> (0x00000000a5665318) 
thrown [s\src\hotspot\share\prims\jni.cpp, line 516]

VM Operations (20 events):
Event: 20.699 Executing VM operation: G1Concurrent done
Event: 20.735 Executing VM operation: G1CollectForAllocation
Event: 20.751 Executing VM operation: G1CollectForAllocation done
Event: 20.761 Executing VM operation: G1Concurrent
Event: 20.781 Executing VM operation: G1Concurrent done
Event: 20.843 Executing VM operation: G1CollectForAllocation
Event: 20.865 Executing VM operation: G1CollectForAllocation done
Event: 20.869 Executing VM operation: G1CollectForAllocation
Event: 20.880 Executing VM operation: G1CollectForAllocation done
Event: 20.900 Executing VM operation: HandshakeAllThreads
Event: 20.921 Executing VM operation: HandshakeAllThreads done
Event: 20.923 Executing VM operation: HandshakeAllThreads
Event: 20.924 Executing VM operation: HandshakeAllThreads done
Event: 20.992 Executing VM operation: G1CollectForAllocation
Event: 21.015 Executing VM operation: G1CollectForAllocation done
Event: 21.132 Executing VM operation: G1CollectForAllocation
Event: 21.141 Executing VM operation: G1CollectForAllocation done
Event: 21.225 Executing VM operation: G1CollectForAllocation
Event: 21.243 Executing VM operation: G1CollectForAllocation done
Event: 21.531 Executing VM operation: G1CollectForAllocation

Events (20 events):
Event: 19.746 loading class java/nio/file/Files$3 done
Event: 19.746 loading class java/nio/file/FileVisitResult
Event: 19.747 loading class java/nio/file/FileVisitResult done
Event: 19.822 loading class java/nio/channels/Channels$ReadableByteChannelImpl
Event: 19.822 loading class java/nio/channels/Channels$ReadableByteChannelImpl done
Event: 19.823 loading class java/nio/channels/NonWritableChannelException
Event: 19.823 loading class java/nio/channels/NonWritableChannelException done
Event: 19.941 loading class java/util/WeakHashMap$EntrySet
Event: 19.941 loading class java/util/WeakHashMap$EntrySet done
Event: 19.941 loading class java/util/WeakHashMap$EntryIterator
Event: 19.941 loading class java/util/WeakHashMap$HashIterator
Event: 19.941 loading class java/util/WeakHashMap$HashIterator done
Event: 19.941 loading class java/util/WeakHashMap$EntryIterator done
Event: 19.947 Thread 0x000001e00c8f7d20 Thread added: 0x000001e00c8f7d20
Event: 20.018 loading class java/security/NoSuchAlgorithmException
Event: 20.018 loading class java/security/NoSuchAlgorithmException done
Event: 20.020 loading class sun/security/provider/MD5
Event: 20.020 loading class sun/security/provider/MD5 done
Event: 20.020 loading class sun/security/provider/ByteArrayAccess$LE
Event: 20.020 loading class sun/security/provider/ByteArrayAccess$LE done


Dynamic libraries:
0x00007ff6e5820000 - 0x00007ff6e582e000 	c:\Users\HP\.vscode\extensions\redhat.java-1.12.0-win32-x64\jre\17.0.4.1-win32-x86_64\bin\java.exe
0x00007ffb04120000 - 0x00007ffb04329000 	C:\windows\SYSTEM32\ntdll.dll
0x00007ffb03060000 - 0x00007ffb0311d000 	C:\windows\System32\KERNEL32.DLL
0x00007ffb01b60000 - 0x00007ffb01edb000 	C:\windows\System32\KERNELBASE.dll
0x00007ffafec00000 - 0x00007ffafec92000 	C:\windows\SYSTEM32\apphelp.dll
0x00007ffb01710000 - 0x00007ffb01821000 	C:\windows\System32\ucrtbase.dll
0x00007ffaeb660000 - 0x00007ffaeb678000 	c:\Users\HP\.vscode\extensions\redhat.java-1.12.0-win32-x64\jre\17.0.4.1-win32-x86_64\bin\jli.dll
0x00007ffb020a0000 - 0x00007ffb0224d000 	C:\windows\System32\USER32.dll
0x00007ffb01830000 - 0x00007ffb01856000 	C:\windows\System32\win32u.dll
0x00007ffb02b70000 - 0x00007ffb02b99000 	C:\windows\System32\GDI32.dll
0x00007ffb015f0000 - 0x00007ffb01708000 	C:\windows\System32\gdi32full.dll
0x00007ffb01860000 - 0x00007ffb018fd000 	C:\windows\System32\msvcp_win.dll
0x00007ffaeae80000 - 0x00007ffaeae99000 	c:\Users\HP\.vscode\extensions\redhat.java-1.12.0-win32-x64\jre\17.0.4.1-win32-x86_64\bin\VCRUNTIME140.dll
0x00007ffaec1b0000 - 0x00007ffaec455000 	C:\windows\WinSxS\amd64_microsoft.windows.common-controls_6595b64144ccf1df_6.0.22000.120_none_9d947278b86cc467\COMCTL32.dll
0x00007ffb03bc0000 - 0x00007ffb03c63000 	C:\windows\System32\msvcrt.dll
0x00007ffb02c20000 - 0x00007ffb02c51000 	C:\windows\System32\IMM32.DLL
0x00007ffaf0ad0000 - 0x00007ffaf0adc000 	c:\Users\HP\.vscode\extensions\redhat.java-1.12.0-win32-x64\jre\17.0.4.1-win32-x86_64\bin\vcruntime140_1.dll
0x00007ffacfda0000 - 0x00007ffacfe31000 	c:\Users\HP\.vscode\extensions\redhat.java-1.12.0-win32-x64\jre\17.0.4.1-win32-x86_64\bin\msvcp140.dll
0x00007ffaaa3f0000 - 0x00007ffaab036000 	c:\Users\HP\.vscode\extensions\redhat.java-1.12.0-win32-x64\jre\17.0.4.1-win32-x86_64\bin\server\jvm.dll
0x00007ffb035e0000 - 0x00007ffb0368e000 	C:\windows\System32\ADVAPI32.dll
0x00007ffb03690000 - 0x00007ffb0372e000 	C:\windows\System32\sechost.dll
0x00007ffb03120000 - 0x00007ffb03240000 	C:\windows\System32\RPCRT4.dll
0x00007ffb03430000 - 0x00007ffb03438000 	C:\windows\System32\PSAPI.DLL
0x00007ffafd410000 - 0x00007ffafd419000 	C:\windows\SYSTEM32\WSOCK32.dll
0x00007ffb02250000 - 0x00007ffb022bf000 	C:\windows\System32\WS2_32.dll
0x00007ffaf9390000 - 0x00007ffaf93c3000 	C:\windows\SYSTEM32\WINMM.dll
0x00007ffaf8640000 - 0x00007ffaf864a000 	C:\windows\SYSTEM32\VERSION.dll
0x00007ffb00670000 - 0x00007ffb00688000 	C:\windows\SYSTEM32\kernel.appcore.dll
0x00007ffaeace0000 - 0x00007ffaeacea000 	c:\Users\HP\.vscode\extensions\redhat.java-1.12.0-win32-x64\jre\17.0.4.1-win32-x86_64\bin\jimage.dll
0x00007ffaec510000 - 0x00007ffaec731000 	C:\windows\SYSTEM32\DBGHELP.DLL
0x00007ffae4e20000 - 0x00007ffae4e51000 	C:\windows\SYSTEM32\dbgcore.DLL
0x00007ffb01900000 - 0x00007ffb0197f000 	C:\windows\System32\bcryptPrimitives.dll
0x00007ffad4940000 - 0x00007ffad4965000 	c:\Users\HP\.vscode\extensions\redhat.java-1.12.0-win32-x64\jre\17.0.4.1-win32-x86_64\bin\java.dll
0x00007ffae1a80000 - 0x00007ffae1a98000 	c:\Users\HP\.vscode\extensions\redhat.java-1.12.0-win32-x64\jre\17.0.4.1-win32-x86_64\bin\zip.dll
0x00007ffb023a0000 - 0x00007ffb02b58000 	C:\windows\System32\SHELL32.dll
0x00007ffaff6e0000 - 0x00007ffafff45000 	C:\windows\SYSTEM32\windows.storage.dll
0x00007ffb03c70000 - 0x00007ffb03fe7000 	C:\windows\System32\combase.dll
0x00007ffaff570000 - 0x00007ffaff6d6000 	C:\windows\SYSTEM32\wintypes.dll
0x00007ffb01fa0000 - 0x00007ffb0208a000 	C:\windows\System32\SHCORE.dll
0x00007ffb02340000 - 0x00007ffb0239d000 	C:\windows\System32\shlwapi.dll
0x00007ffb01520000 - 0x00007ffb01541000 	C:\windows\SYSTEM32\profapi.dll
0x00007ffadc7e0000 - 0x00007ffadc7f9000 	C:\Users\HP\.vscode\extensions\redhat.java-1.12.0-win32-x64\jre\17.0.4.1-win32-x86_64\bin\net.dll
0x00007ffafa670000 - 0x00007ffafa77c000 	C:\windows\SYSTEM32\WINHTTP.dll
0x00007ffb00b10000 - 0x00007ffb00b77000 	C:\windows\system32\mswsock.dll
0x00007ffadc5f0000 - 0x00007ffadc605000 	C:\Users\HP\.vscode\extensions\redhat.java-1.12.0-win32-x64\jre\17.0.4.1-win32-x86_64\bin\nio.dll
0x00007ffadc4f0000 - 0x00007ffadc500000 	c:\Users\HP\.vscode\extensions\redhat.java-1.12.0-win32-x64\jre\17.0.4.1-win32-x86_64\bin\verify.dll
0x00007ffadb870000 - 0x00007ffadb879000 	C:\Users\HP\.vscode\extensions\redhat.java-1.12.0-win32-x64\jre\17.0.4.1-win32-x86_64\bin\management.dll
0x00007ffadabc0000 - 0x00007ffadabcb000 	C:\Users\HP\.vscode\extensions\redhat.java-1.12.0-win32-x64\jre\17.0.4.1-win32-x86_64\bin\management_ext.dll
0x00007ffae38f0000 - 0x00007ffae3907000 	C:\windows\system32\napinsp.dll
0x00007ffae45f0000 - 0x00007ffae460b000 	C:\windows\system32\pnrpnsp.dll
0x00007ffb001d0000 - 0x00007ffb002b8000 	C:\windows\SYSTEM32\DNSAPI.dll
0x00007ffb001a0000 - 0x00007ffb001cd000 	C:\windows\SYSTEM32\IPHLPAPI.DLL
0x00007ffb02090000 - 0x00007ffb02099000 	C:\windows\System32\NSI.dll
0x00007ffae36b0000 - 0x00007ffae36c2000 	C:\windows\System32\winrnr.dll
0x00007ffaf8810000 - 0x00007ffaf8825000 	C:\windows\system32\wshbth.dll
0x00007ffae3690000 - 0x00007ffae36af000 	C:\windows\system32\nlansp_c.dll
0x00007ffaf1af0000 - 0x00007ffaf1afa000 	C:\Windows\System32\rasadhlp.dll
0x00007ffaf6500000 - 0x00007ffaf6581000 	C:\windows\System32\fwpuclnt.dll
0x00007ffb00d60000 - 0x00007ffb00d78000 	C:\windows\SYSTEM32\CRYPTSP.dll
0x00007ffb005d0000 - 0x00007ffb00605000 	C:\windows\system32\rsaenh.dll
0x00007ffb00c00000 - 0x00007ffb00c29000 	C:\windows\SYSTEM32\USERENV.dll
0x00007ffb00ee0000 - 0x00007ffb00f07000 	C:\windows\SYSTEM32\bcrypt.dll
0x00007ffb00d50000 - 0x00007ffb00d5c000 	C:\windows\SYSTEM32\CRYPTBASE.dll
0x00007ffafaa00000 - 0x00007ffafaa19000 	C:\windows\SYSTEM32\dhcpcsvc6.DLL
0x00007ffafae70000 - 0x00007ffafae8e000 	C:\windows\SYSTEM32\dhcpcsvc.DLL

dbghelp: loaded successfully - version: 4.0.5 - missing functions: none
symbol engine: initialized successfully - sym options: 0x614 - pdb path: .;c:\Users\HP\.vscode\extensions\redhat.java-1.12.0-win32-x64\jre\17.0.4.1-win32-x86_64\bin;C:\windows\SYSTEM32;C:\windows\WinSxS\amd64_microsoft.windows.common-controls_6595b64144ccf1df_6.0.22000.120_none_9d947278b86cc467;c:\Users\HP\.vscode\extensions\redhat.java-1.12.0-win32-x64\jre\17.0.4.1-win32-x86_64\bin\server

VM Arguments:
jvm_args: -Dsts.lsp.client=vscode -Dsts.log.file=/dev/null -XX:TieredStopAtLevel=1 -Xlog:jni+resolve=off -Dspring.config.location=file:c:\Users\HP\.vscode\extensions\pivotal.vscode-spring-boot-1.40.0\language-server\BOOT-INF\classes\application.properties 
java_command: org.springframework.ide.vscode.boot.app.BootLanguageServerBootApp
java_class_path (initial): c:\Users\HP\.vscode\extensions\pivotal.vscode-spring-boot-1.40.0\language-server\BOOT-INF\classes;c:\Users\HP\.vscode\extensions\pivotal.vscode-spring-boot-1.40.0\language-server\BOOT-INF\lib\annotations-23.0.0.jar;c:\Users\HP\.vscode\extensions\pivotal.vscode-spring-boot-1.40.0\language-server\BOOT-INF\lib\ant-1.10.12.jar;c:\Users\HP\.vscode\extensions\pivotal.vscode-spring-boot-1.40.0\language-server\BOOT-INF\lib\ant-launcher-1.10.12.jar;c:\Users\HP\.vscode\extensions\pivotal.vscode-spring-boot-1.40.0\language-server\BOOT-INF\lib\antlr-runtime-3.5.2.jar;c:\Users\HP\.vscode\extensions\pivotal.vscode-spring-boot-1.40.0\language-server\BOOT-INF\lib\antlr4-4.9.3.jar;c:\Users\HP\.vscode\extensions\pivotal.vscode-spring-boot-1.40.0\language-server\BOOT-INF\lib\antlr4-runtime-4.9.3.jar;c:\Users\HP\.vscode\extensions\pivotal.vscode-spring-boot-1.40.0\language-server\BOOT-INF\lib\asm-9.3.jar;c:\Users\HP\.vscode\extensions\pivotal.vscode-spring-boot-1.40.0\language-server\BOOT-INF\lib\asm-analysis-9.3.jar;c:\Users\HP\.vscode\extensions\pivotal.vscode-spring-boot-1.40.0\language-server\BOOT-INF\lib\asm-tree-9.3.jar;c:\Users\HP\.vscode\extensions\pivotal.vscode-spring-boot-1.40.0\language-server\BOOT-INF\lib\asm-util-9.3.jar;c:\Users\HP\.vscode\extensions\pivotal.vscode-spring-boot-1.40.0\language-server\BOOT-INF\lib\byte-buddy-1.12.13.jar;c:\Users\HP\.vscode\extensions\pivotal.vscode-spring-boot-1.40.0\language-server\BOOT-INF\lib\caffeine-2.9.3.jar;c:\Users\HP\.vscode\extensions\pivotal.vscode-spring-boot-1.40.0\language-server\BOOT-INF\lib\checker-qual-3.12.0.jar;c:\Users\HP\.vscode\extensions\pivotal.vscode-spring-boot-1.40.0\language-server\BOOT-INF\lib\classgraph-4.8.149.jar;c:\Users\HP\.vscode\extensions\pivotal.vscode-spring-boot-1.40.0\language-server\BOOT-INF\lib\commons-codec-1.15.jar;c:\Users\HP\.vscode\extensions\pivotal.vscode-spring-boot-1.40.0\language-server\BOOT-INF\lib\commons-compress-1.21.jar;c:\Users\HP\.vscode\extensions\piv
Launcher Type: SUN_STANDARD

[Global flags]
     intx CICompilerCount                          = 3                                         {product} {ergonomic}
     uint ConcGCThreads                            = 1                                         {product} {ergonomic}
     uint G1ConcRefinementThreads                  = 4                                         {product} {ergonomic}
   size_t G1HeapRegionSize                         = 1048576                                   {product} {ergonomic}
    uintx GCDrainStackTargetSize                   = 64                                        {product} {ergonomic}
   size_t InitialHeapSize                          = 100663296                                 {product} {ergonomic}
   size_t MarkStackSize                            = 4194304                                   {product} {ergonomic}
   size_t MaxHeapSize                              = 1595932672                                {product} {ergonomic}
   size_t MaxNewSize                               = 957349888                                 {product} {ergonomic}
   size_t MinHeapDeltaBytes                        = 1048576                                   {product} {ergonomic}
   size_t MinHeapSize                              = 8388608                                   {product} {ergonomic}
    uintx NonProfiledCodeHeapSize                  = 0                                      {pd product} {ergonomic}
     bool ProfileInterpreter                       = false                                  {pd product} {command line}
    uintx ProfiledCodeHeapSize                     = 0                                      {pd product} {ergonomic}
   size_t SoftMaxHeapSize                          = 1595932672                             {manageable} {ergonomic}
     intx TieredStopAtLevel                        = 1                                         {product} {command line}
     bool UseCompressedClassPointers               = true                           {product lp64_product} {ergonomic}
     bool UseCompressedOops                        = true                           {product lp64_product} {ergonomic}
     bool UseG1GC                                  = true                                      {product} {ergonomic}
     bool UseLargePagesIndividualAllocation        = false                                  {pd product} {ergonomic}

Logging:
Log output configuration:
 #0: stdout all=warning,jni+resolve=off uptime,level,tags
 #1: stderr all=off uptime,level,tags

Environment Variables:
CLASSPATH=C:\Users\HP\Downloads\mysql-connector-java-5.1.12.;
PATH=C:\Program Files\Common Files\Oracle\Java\javapath;C:\MinGW\bin;C:\ProgramData\Oracle\Java\javapath;C:\windows\system32;C:\windows;C:\windows\System32\Wbem;C:\windows\System32\WindowsPowerShell\v1.0\;C:\windows\System32\OpenSSH\;C:\MinGW\bin;C:\Program Files\Java\jdk-18\bin;C:\ProgramData\chocolatey\bin;C:\Program Files\Git\cmd;C:\Program Files (x86)\nodejs\;C:\Xammp Server\php;C:\Program Files\Go\bin;C:\xampp\php;C:\MinGW\bin;C:\Users\HP\AppData\Local\Programs\Microsoft VS Code\bin;C:\Users\HP\go\bin;
USERNAME=HP
OS=Windows_NT
PROCESSOR_IDENTIFIER=AMD64 Family 23 Model 24 Stepping 1, AuthenticAMD
TMP=C:\Users\HP\AppData\Local\Temp
TEMP=C:\Users\HP\AppData\Local\Temp



---------------  S Y S T E M  ---------------

OS:
 Windows 11 , 64 bit Build 22000 (10.0.22000.708)
OS uptime: 22 days 4:37 hours

CPU: total 4 (initial active 4) (4 cores per cpu, 2 threads per core) family 23 model 24 stepping 1 microcode 0x0, cx8, cmov, fxsr, ht, mmx, 3dnowpref, sse, sse2, sse3, ssse3, sse4a, sse4.1, sse4.2, popcnt, lzcnt, tsc, tscinvbit, avx, avx2, aes, clmul, bmi1, bmi2, adx, sha, fma, vzeroupper, clflush, clflushopt

Memory: 4k page, system-wide physical 6086M (410M free)
TotalPageFile size 22614M (AvailPageFile size 170M)
current process WorkingSet (physical memory assigned to process): 333M, peak: 333M
current process commit charge ("private bytes"): 358M, peak: 651M

vm_info: OpenJDK 64-Bit Server VM (17.0.4.1+1) for windows-amd64 JRE (17.0.4.1+1), built on Aug 17 2022 07:42:43 by "temurin" with MS VC++ 16.7 (VS2019)

END.
