#
# There is insufficient memory for the Java Runtime Environment to continue.
# Native memory allocation (mmap) failed to map 50331648 bytes for G1 virtual space
# Possible reasons:
#   The system is out of physical RAM or swap space
#   The process is running with CompressedOops enabled, and the Java Heap may be blocking the growth of the native heap
# Possible solutions:
#   Reduce memory load on the system
#   Increase physical memory or swap space
#   Check if swap backing store is full
#   Decrease Java heap size (-Xmx/-Xms)
#   Decrease number of Java threads
#   Decrease Java thread stack sizes (-Xss)
#   Set larger code cache with -XX:ReservedCodeCacheSize=
#   JVM is running with Unscaled Compressed Oops mode in which the Java heap is
#     placed in the first 4GB address space. The Java Heap base address is the
#     maximum limit for the native heap growth. Please use -XX:HeapBaseMinAddress
#     to set the Java Heap base and to place the Java Heap above 4GB virtual address.
# This output file may be truncated or incomplete.
#
#  Out of Memory Error (os_windows.cpp:3541), pid=53600, tid=24064
#
# JRE version: OpenJDK Runtime Environment Temurin-17.0.4.1+1 (17.0.4.1+1) (build 17.0.4.1+1)
# Java VM: OpenJDK 64-Bit Server VM Temurin-17.0.4.1+1 (17.0.4.1+1, mixed mode, emulated-client, tiered, compressed oops, compressed class ptrs, g1 gc, windows-amd64)
# No core dump will be written. Minidumps are not enabled by default on client versions of Windows
#

---------------  S U M M A R Y ------------

Command Line: -Dsts.lsp.client=vscode -Dsts.log.file=/dev/null -XX:TieredStopAtLevel=1 -Xlog:jni+resolve=off -Dspring.config.location=file:c:\Users\HP\.vscode\extensions\pivotal.vscode-spring-boot-1.40.0\language-server\BOOT-INF\classes\application.properties org.springframework.ide.vscode.boot.app.BootLanguageServerBootApp

Host: AMD Ryzen 3 3250U with Radeon Graphics         , 4 cores, 5G,  Windows 11 , 64 bit Build 22000 (10.0.22000.708)
Time: Tue Nov  8 23:31:17 2022 India Standard Time elapsed time: 37.043643 seconds (0d 0h 0m 37s)

---------------  T H R E A D  ---------------

Current thread (0x000002409ad94cc0):  VMThread "VM Thread" [stack: 0x000000c0c3d00000,0x000000c0c3e00000] [id=24064]

Stack: [0x000000c0c3d00000,0x000000c0c3e00000]
Native frames: (J=compiled Java code, j=interpreted, Vv=VM code, C=native code)
V  [jvm.dll+0x67731a]
V  [jvm.dll+0x832284]
V  [jvm.dll+0x833a2e]
V  [jvm.dll+0x834093]
V  [jvm.dll+0x245775]
V  [jvm.dll+0x674209]
V  [jvm.dll+0x668a92]
V  [jvm.dll+0x30471b]
V  [jvm.dll+0x30bc66]
V  [jvm.dll+0x35ba9e]
V  [jvm.dll+0x35bccf]
V  [jvm.dll+0x2db5b8]
V  [jvm.dll+0x2d986c]
V  [jvm.dll+0x2d8e3c]
V  [jvm.dll+0x31cd9b]
V  [jvm.dll+0x83853b]
V  [jvm.dll+0x839274]
V  [jvm.dll+0x83978c]
V  [jvm.dll+0x839b64]
V  [jvm.dll+0x839c30]
V  [jvm.dll+0x7e240a]
V  [jvm.dll+0x6761a5]
C  [ucrtbase.dll+0x26c0c]
C  [KERNEL32.DLL+0x154e0]
C  [ntdll.dll+0x485b]

VM_Operation (0x000000c0c5ffe5b0): G1CollectForAllocation, mode: safepoint, requested by thread 0x000002409d7cba50


---------------  P R O C E S S  ---------------

Threads class SMR info:
_java_thread_list=0x000002409f678160, length=30, elements={
0x000002409adab790, 0x000002409adac340, 0x000002409adc4840, 0x000002409adf2010,
0x000002409adf28d0, 0x000002409adf3190, 0x000002409adf3a50, 0x000002409adf4350,
0x000002409ba0bf10, 0x000002409ba11fe0, 0x000002409d6951f0, 0x000002409d7509d0,
0x000002409d76e010, 0x000002408f5a78c0, 0x000002409c075e80, 0x000002409d288f50,
0x000002409d28a430, 0x000002409d28be10, 0x000002409bfe6d90, 0x000002409d7ca240,
0x000002409d7cabe0, 0x000002409d7ca710, 0x000002409d7cb0b0, 0x000002409d7c8f00,
0x000002409d7c8a30, 0x000002409d7cb580, 0x000002409d7c93d0, 0x000002409d7cba50,
0x000002409d7c98a0, 0x000002409d7c8090
}

Java Threads: ( => current thread )
  0x000002409adab790 JavaThread "Reference Handler" daemon [_thread_blocked, id=53964, stack(0x000000c0c3e00000,0x000000c0c3f00000)]
  0x000002409adac340 JavaThread "Finalizer" daemon [_thread_blocked, id=25628, stack(0x000000c0c3f00000,0x000000c0c4000000)]
  0x000002409adc4840 JavaThread "Signal Dispatcher" daemon [_thread_blocked, id=48268, stack(0x000000c0c4000000,0x000000c0c4100000)]
  0x000002409adf2010 JavaThread "Attach Listener" daemon [_thread_blocked, id=46196, stack(0x000000c0c4100000,0x000000c0c4200000)]
  0x000002409adf28d0 JavaThread "Service Thread" daemon [_thread_blocked, id=39332, stack(0x000000c0c4200000,0x000000c0c4300000)]
  0x000002409adf3190 JavaThread "Monitor Deflation Thread" daemon [_thread_blocked, id=31004, stack(0x000000c0c4300000,0x000000c0c4400000)]
  0x000002409adf3a50 JavaThread "C1 CompilerThread0" daemon [_thread_blocked, id=50328, stack(0x000000c0c4400000,0x000000c0c4500000)]
  0x000002409adf4350 JavaThread "Sweeper thread" daemon [_thread_blocked, id=12632, stack(0x000000c0c4500000,0x000000c0c4600000)]
  0x000002409ba0bf10 JavaThread "Notification Thread" daemon [_thread_blocked, id=40480, stack(0x000000c0c4600000,0x000000c0c4700000)]
  0x000002409ba11fe0 JavaThread "Common-Cleaner" daemon [_thread_blocked, id=51416, stack(0x000000c0c4800000,0x000000c0c4900000)]
  0x000002409d6951f0 JavaThread "boundedElastic-evictor-1" daemon [_thread_blocked, id=50164, stack(0x000000c0c4e00000,0x000000c0c4f00000)]
  0x000002409d7509d0 JavaThread "pool-9-thread-1" [_thread_blocked, id=49696, stack(0x000000c0c5000000,0x000000c0c5100000)]
  0x000002409d76e010 JavaThread "LanguageServerApp-lifecycle" [_thread_blocked, id=51444, stack(0x000000c0c5100000,0x000000c0c5200000)]
  0x000002408f5a78c0 JavaThread "DestroyJavaVM" [_thread_blocked, id=7432, stack(0x000000c0c3600000,0x000000c0c3700000)]
  0x000002409c075e80 JavaThread "pool-10-thread-1" [_thread_in_native, id=49412, stack(0x000000c0c5200000,0x000000c0c5300000)]
  0x000002409d288f50 JavaThread "Simple-Language-Server main thread" daemon [_thread_blocked, id=24080, stack(0x000000c0c5300000,0x000000c0c5400000)]
  0x000002409d28a430 JavaThread "ForkJoinPool.commonPool-worker-1" daemon [_thread_blocked, id=34472, stack(0x000000c0c5400000,0x000000c0c5500000)]
  0x000002409d28be10 JavaThread "pool-7-thread-1" [_thread_blocked, id=52188, stack(0x000000c0c5500000,0x000000c0c5600000)]
  0x000002409bfe6d90 JavaThread "parallel-1" daemon [_thread_blocked, id=17556, stack(0x000000c0c5600000,0x000000c0c5700000)]
  0x000002409d7ca240 JavaThread "Reconciler-1" daemon [_thread_blocked, id=14720, stack(0x000000c0c5700000,0x000000c0c5800000)]
  0x000002409d7cabe0 JavaThread "parallel-2" daemon [_thread_blocked, id=54264, stack(0x000000c0c5800000,0x000000c0c5900000)]
  0x000002409d7ca710 JavaThread "ClassGraph-worker-0" daemon [_thread_blocked, id=21496, stack(0x000000c0c5900000,0x000000c0c5a00000)]
  0x000002409d7cb0b0 JavaThread "ClassGraph-worker-1" daemon [_thread_blocked, id=53344, stack(0x000000c0c5a00000,0x000000c0c5b00000)]
  0x000002409d7c8f00 JavaThread "ClassGraph-worker-2" daemon [_thread_blocked, id=47012, stack(0x000000c0c5b00000,0x000000c0c5c00000)]
  0x000002409d7c8a30 JavaThread "ClassGraph-worker-3" daemon [_thread_blocked, id=14964, stack(0x000000c0c5c00000,0x000000c0c5d00000)]
  0x000002409d7cb580 JavaThread "ClassGraph-worker-4" daemon [_thread_blocked, id=48508, stack(0x000000c0c5d00000,0x000000c0c5e00000)]
  0x000002409d7c93d0 JavaThread "ClassGraph-worker-5" daemon [_thread_blocked, id=43248, stack(0x000000c0c5e00000,0x000000c0c5f00000)]
  0x000002409d7cba50 JavaThread "ClassGraph-worker-6" daemon [_thread_blocked, id=49600, stack(0x000000c0c5f00000,0x000000c0c6000000)]
  0x000002409d7c98a0 JavaThread "ClassGraph-worker-7" daemon [_thread_blocked, id=15568, stack(0x000000c0c6000000,0x000000c0c6100000)]
  0x000002409d7c8090 JavaThread "pool-5-thread-1" [_thread_blocked, id=8284, stack(0x000000c0c6100000,0x000000c0c6200000)]

Other Threads:
=>0x000002409ad94cc0 VMThread "VM Thread" [stack: 0x000000c0c3d00000,0x000000c0c3e00000] [id=24064]
  0x000002409ba0c3e0 WatcherThread [stack: 0x000000c0c4700000,0x000000c0c4800000] [id=9300]
  0x000002408f5f4ca0 GCTaskThread "GC Thread#0" [stack: 0x000000c0c3800000,0x000000c0c3900000] [id=17816]
  0x000002409c04e640 GCTaskThread "GC Thread#1" [stack: 0x000000c0c4b00000,0x000000c0c4c00000] [id=3808]
  0x000002409c21dca0 GCTaskThread "GC Thread#2" [stack: 0x000000c0c4c00000,0x000000c0c4d00000] [id=11668]
  0x000002409c30f510 GCTaskThread "GC Thread#3" [stack: 0x000000c0c4d00000,0x000000c0c4e00000] [id=51276]
  0x000002408f601a20 ConcurrentGCThread "G1 Main Marker" [stack: 0x000000c0c3900000,0x000000c0c3a00000] [id=51664]
  0x000002408f602430 ConcurrentGCThread "G1 Conc#0" [stack: 0x000000c0c3a00000,0x000000c0c3b00000] [id=48688]
  0x000002408f663600 ConcurrentGCThread "G1 Refine#0" [stack: 0x000000c0c3b00000,0x000000c0c3c00000] [id=26340]
  0x000002409d2c6020 ConcurrentGCThread "G1 Refine#1" [stack: 0x000000c0c4f00000,0x000000c0c5000000] [id=54252]
  0x000002408f664ed0 ConcurrentGCThread "G1 Service" [stack: 0x000000c0c3c00000,0x000000c0c3d00000] [id=43488]

Threads with active compile tasks:

VM state: at safepoint (normal execution)

VM Mutex/Monitor currently owned by a thread:  ([mutex/lock_event])
[0x000002408d335150] Threads_lock - owner thread: 0x000002409ad94cc0
[0x000002408f5a4980] Heap_lock - owner thread: 0x000002409d7cba50

Heap address: 0x00000000a0e00000, size: 1522 MB, Compressed Oops mode: 32-bit

CDS archive(s) not mapped
Compressed class space mapped at: 0x0000000100000000-0x0000000140000000, reserved size: 1073741824
Narrow klass base: 0x0000000000000000, Narrow klass shift: 3, Narrow klass range: 0x140000000

GC Precious Log:
 CPUs: 4 total, 4 available
 Memory: 6086M
 Large Page Support: Disabled
 NUMA Support: Disabled
 Compressed Oops: Enabled (32-bit)
 Heap Region Size: 1M
 Heap Min Capacity: 8M
 Heap Initial Capacity: 96M
 Heap Max Capacity: 1522M
 Pre-touch: Disabled
 Parallel Workers: 4
 Concurrent Workers: 1
 Concurrent Refinement Workers: 4
 Periodic GC: Disabled

Heap:
 garbage-first heap   total 346112K, used 207118K [0x00000000a0e00000, 0x0000000100000000)
  region size 1024K, 11 young (11264K), 11 survivors (11264K)
 Metaspace       used 39097K, committed 39488K, reserved 1089536K
  class space    used 4941K, committed 5120K, reserved 1048576K

Heap Regions: E=young(eden), S=young(survivor), O=old, HS=humongous(starts), HC=humongous(continues), CS=collection set, F=free, OA=open archive, CA=closed archive, TAMS=top-at-mark-start (previous, next)
|   0|0x00000000a0e00000, 0x00000000a0f00000, 0x00000000a0f00000|100%| O|  |TAMS 0x00000000a0f00000, 0x00000000a0e00000| Untracked 
|   1|0x00000000a0f00000, 0x00000000a1000000, 0x00000000a1000000|100%| O|  |TAMS 0x00000000a1000000, 0x00000000a0f00000| Untracked 
|   2|0x00000000a1000000, 0x00000000a1100000, 0x00000000a1100000|100%| O|  |TAMS 0x00000000a1100000, 0x00000000a1000000| Untracked 
|   3|0x00000000a1100000, 0x00000000a1200000, 0x00000000a1200000|100%| O|  |TAMS 0x00000000a1200000, 0x00000000a1100000| Untracked 
|   4|0x00000000a1200000, 0x00000000a1300000, 0x00000000a1300000|100%| O|  |TAMS 0x00000000a1300000, 0x00000000a1200000| Untracked 
|   5|0x00000000a1300000, 0x00000000a1400000, 0x00000000a1400000|100%| O|  |TAMS 0x00000000a1400000, 0x00000000a1300000| Untracked 
|   6|0x00000000a1400000, 0x00000000a1500000, 0x00000000a1500000|100%| O|  |TAMS 0x00000000a1500000, 0x00000000a1400000| Untracked 
|   7|0x00000000a1500000, 0x00000000a1600000, 0x00000000a1600000|100%| O|  |TAMS 0x00000000a1600000, 0x00000000a1500000| Untracked 
|   8|0x00000000a1600000, 0x00000000a1700000, 0x00000000a1700000|100%| O|  |TAMS 0x00000000a1700000, 0x00000000a1600000| Untracked 
|   9|0x00000000a1700000, 0x00000000a1800000, 0x00000000a1800000|100%| O|  |TAMS 0x00000000a1800000, 0x00000000a1700000| Untracked 
|  10|0x00000000a1800000, 0x00000000a1900000, 0x00000000a1900000|100%| O|  |TAMS 0x00000000a1900000, 0x00000000a1800000| Untracked 
|  11|0x00000000a1900000, 0x00000000a1a00000, 0x00000000a1a00000|100%| O|  |TAMS 0x00000000a1a00000, 0x00000000a1900000| Untracked 
|  12|0x00000000a1a00000, 0x00000000a1b00000, 0x00000000a1b00000|100%| O|  |TAMS 0x00000000a1b00000, 0x00000000a1a00000| Untracked 
|  13|0x00000000a1b00000, 0x00000000a1c00000, 0x00000000a1c00000|100%| O|  |TAMS 0x00000000a1b00000, 0x00000000a1b00000| Untracked 
|  14|0x00000000a1c00000, 0x00000000a1d00000, 0x00000000a1d00000|100%| O|  |TAMS 0x00000000a1d00000, 0x00000000a1c00000| Untracked 
|  15|0x00000000a1d00000, 0x00000000a1e00000, 0x00000000a1e00000|100%| O|  |TAMS 0x00000000a1e00000, 0x00000000a1d00000| Untracked 
|  16|0x00000000a1e00000, 0x00000000a1f00000, 0x00000000a1f00000|100%| O|  |TAMS 0x00000000a1f00000, 0x00000000a1e00000| Untracked 
|  17|0x00000000a1f00000, 0x00000000a2000000, 0x00000000a2000000|100%| O|  |TAMS 0x00000000a2000000, 0x00000000a1f00000| Untracked 
|  18|0x00000000a2000000, 0x00000000a2100000, 0x00000000a2100000|100%| O|  |TAMS 0x00000000a2100000, 0x00000000a2000000| Untracked 
|  19|0x00000000a2100000, 0x00000000a2200000, 0x00000000a2200000|100%| O|  |TAMS 0x00000000a2200000, 0x00000000a2100000| Untracked 
|  20|0x00000000a2200000, 0x00000000a2300000, 0x00000000a2300000|100%| O|  |TAMS 0x00000000a2300000, 0x00000000a2200000| Untracked 
|  21|0x00000000a2300000, 0x00000000a2400000, 0x00000000a2400000|100%| O|  |TAMS 0x00000000a2400000, 0x00000000a2300000| Untracked 
|  22|0x00000000a2400000, 0x00000000a2500000, 0x00000000a2500000|100%| O|  |TAMS 0x00000000a2500000, 0x00000000a2400000| Untracked 
|  23|0x00000000a2500000, 0x00000000a2600000, 0x00000000a2600000|100%| O|  |TAMS 0x00000000a2600000, 0x00000000a2500000| Untracked 
|  24|0x00000000a2600000, 0x00000000a2700000, 0x00000000a2700000|100%| O|  |TAMS 0x00000000a2700000, 0x00000000a2600000| Untracked 
|  25|0x00000000a2700000, 0x00000000a2800000, 0x00000000a2800000|100%| O|  |TAMS 0x00000000a2800000, 0x00000000a2700000| Untracked 
|  26|0x00000000a2800000, 0x00000000a2900000, 0x00000000a2900000|100%| O|  |TAMS 0x00000000a2900000, 0x00000000a2800000| Untracked 
|  27|0x00000000a2900000, 0x00000000a2a00000, 0x00000000a2a00000|100%| O|  |TAMS 0x00000000a2a00000, 0x00000000a2900000| Untracked 
|  28|0x00000000a2a00000, 0x00000000a2b00000, 0x00000000a2b00000|100%| O|  |TAMS 0x00000000a2b00000, 0x00000000a2a00000| Untracked 
|  29|0x00000000a2b00000, 0x00000000a2c00000, 0x00000000a2c00000|100%| O|  |TAMS 0x00000000a2c00000, 0x00000000a2b00000| Untracked 
|  30|0x00000000a2c00000, 0x00000000a2d00000, 0x00000000a2d00000|100%| O|  |TAMS 0x00000000a2d00000, 0x00000000a2c00000| Untracked 
|  31|0x00000000a2d00000, 0x00000000a2e00000, 0x00000000a2e00000|100%| O|  |TAMS 0x00000000a2e00000, 0x00000000a2d00000| Untracked 
|  32|0x00000000a2e00000, 0x00000000a2f00000, 0x00000000a2f00000|100%| O|  |TAMS 0x00000000a2f00000, 0x00000000a2e00000| Untracked 
|  33|0x00000000a2f00000, 0x00000000a3000000, 0x00000000a3000000|100%| O|  |TAMS 0x00000000a3000000, 0x00000000a2f00000| Untracked 
|  34|0x00000000a3000000, 0x00000000a3100000, 0x00000000a3100000|100%| O|  |TAMS 0x00000000a3100000, 0x00000000a3000000| Untracked 
|  35|0x00000000a3100000, 0x00000000a3200000, 0x00000000a3200000|100%| O|  |TAMS 0x00000000a3200000, 0x00000000a3100000| Untracked 
|  36|0x00000000a3200000, 0x00000000a3300000, 0x00000000a3300000|100%| O|  |TAMS 0x00000000a3300000, 0x00000000a3200000| Untracked 
|  37|0x00000000a3300000, 0x00000000a3400000, 0x00000000a3400000|100%| O|  |TAMS 0x00000000a3400000, 0x00000000a3300000| Untracked 
|  38|0x00000000a3400000, 0x00000000a3500000, 0x00000000a3500000|100%| O|  |TAMS 0x00000000a3500000, 0x00000000a3400000| Untracked 
|  39|0x00000000a3500000, 0x00000000a3600000, 0x00000000a3600000|100%| O|  |TAMS 0x00000000a3600000, 0x00000000a3500000| Untracked 
|  40|0x00000000a3600000, 0x00000000a3700000, 0x00000000a3700000|100%| O|  |TAMS 0x00000000a3700000, 0x00000000a3600000| Untracked 
|  41|0x00000000a3700000, 0x00000000a3800000, 0x00000000a3800000|100%| O|  |TAMS 0x00000000a3800000, 0x00000000a3700000| Untracked 
|  42|0x00000000a3800000, 0x00000000a3900000, 0x00000000a3900000|100%| O|  |TAMS 0x00000000a3900000, 0x00000000a3800000| Untracked 
|  43|0x00000000a3900000, 0x00000000a3a00000, 0x00000000a3a00000|100%| O|  |TAMS 0x00000000a3900000, 0x00000000a3900000| Untracked 
|  44|0x00000000a3a00000, 0x00000000a3b00000, 0x00000000a3b00000|100%|HS|  |TAMS 0x00000000a3b00000, 0x00000000a3a00000| Complete 
|  45|0x00000000a3b00000, 0x00000000a3c00000, 0x00000000a3c00000|100%| O|  |TAMS 0x00000000a3c00000, 0x00000000a3b00000| Untracked 
|  46|0x00000000a3c00000, 0x00000000a3d00000, 0x00000000a3d00000|100%| O|  |TAMS 0x00000000a3d00000, 0x00000000a3c00000| Untracked 
|  47|0x00000000a3d00000, 0x00000000a3e00000, 0x00000000a3e00000|100%| O|  |TAMS 0x00000000a3e00000, 0x00000000a3d00000| Untracked 
|  48|0x00000000a3e00000, 0x00000000a3f00000, 0x00000000a3f00000|100%| O|  |TAMS 0x00000000a3f00000, 0x00000000a3e00000| Untracked 
|  49|0x00000000a3f00000, 0x00000000a4000000, 0x00000000a4000000|100%| O|  |TAMS 0x00000000a4000000, 0x00000000a3f00000| Untracked 
|  50|0x00000000a4000000, 0x00000000a4100000, 0x00000000a4100000|100%| O|  |TAMS 0x00000000a4100000, 0x00000000a4000000| Untracked 
|  51|0x00000000a4100000, 0x00000000a4200000, 0x00000000a4200000|100%| O|  |TAMS 0x00000000a4200000, 0x00000000a4100000| Untracked 
|  52|0x00000000a4200000, 0x00000000a4300000, 0x00000000a4300000|100%| O|  |TAMS 0x00000000a4300000, 0x00000000a4200000| Untracked 
|  53|0x00000000a4300000, 0x00000000a4400000, 0x00000000a4400000|100%| O|  |TAMS 0x00000000a4400000, 0x00000000a4300000| Untracked 
|  54|0x00000000a4400000, 0x00000000a4500000, 0x00000000a4500000|100%| O|  |TAMS 0x00000000a4500000, 0x00000000a4400000| Untracked 
|  55|0x00000000a4500000, 0x00000000a4600000, 0x00000000a4600000|100%| O|  |TAMS 0x00000000a4600000, 0x00000000a4500000| Untracked 
|  56|0x00000000a4600000, 0x00000000a4700000, 0x00000000a4700000|100%| O|  |TAMS 0x00000000a4700000, 0x00000000a4600000| Untracked 
|  57|0x00000000a4700000, 0x00000000a4800000, 0x00000000a4800000|100%| O|  |TAMS 0x00000000a4769a00, 0x00000000a4700000| Untracked 
|  58|0x00000000a4800000, 0x00000000a4900000, 0x00000000a4900000|100%| O|  |TAMS 0x00000000a4800000, 0x00000000a4800000| Untracked 
|  59|0x00000000a4900000, 0x00000000a4a00000, 0x00000000a4a00000|100%| O|  |TAMS 0x00000000a4900000, 0x00000000a4900000| Untracked 
|  60|0x00000000a4a00000, 0x00000000a4b00000, 0x00000000a4b00000|100%| O|  |TAMS 0x00000000a4a00000, 0x00000000a4a00000| Untracked 
|  61|0x00000000a4b00000, 0x00000000a4c00000, 0x00000000a4c00000|100%| O|  |TAMS 0x00000000a4b00000, 0x00000000a4b00000| Untracked 
|  62|0x00000000a4c00000, 0x00000000a4d00000, 0x00000000a4d00000|100%| O|  |TAMS 0x00000000a4c00000, 0x00000000a4c00000| Untracked 
|  63|0x00000000a4d00000, 0x00000000a4e00000, 0x00000000a4e00000|100%| O|  |TAMS 0x00000000a4d00000, 0x00000000a4d00000| Untracked 
|  64|0x00000000a4e00000, 0x00000000a4f00000, 0x00000000a4f00000|100%| O|  |TAMS 0x00000000a4e00000, 0x00000000a4e00000| Untracked 
|  65|0x00000000a4f00000, 0x00000000a5000000, 0x00000000a5000000|100%| O|  |TAMS 0x00000000a4f00000, 0x00000000a4f00000| Untracked 
|  66|0x00000000a5000000, 0x00000000a5100000, 0x00000000a5100000|100%| O|  |TAMS 0x00000000a5000000, 0x00000000a5000000| Untracked 
|  67|0x00000000a5100000, 0x00000000a5200000, 0x00000000a5200000|100%| O|  |TAMS 0x00000000a5100000, 0x00000000a5100000| Untracked 
|  68|0x00000000a5200000, 0x00000000a5300000, 0x00000000a5300000|100%| O|  |TAMS 0x00000000a5200000, 0x00000000a5200000| Untracked 
|  69|0x00000000a5300000, 0x00000000a5400000, 0x00000000a5400000|100%| O|  |TAMS 0x00000000a5300000, 0x00000000a5300000| Untracked 
|  70|0x00000000a5400000, 0x00000000a5500000, 0x00000000a5500000|100%| O|  |TAMS 0x00000000a5400000, 0x00000000a5400000| Untracked 
|  71|0x00000000a5500000, 0x00000000a5600000, 0x00000000a5600000|100%| O|  |TAMS 0x00000000a5500000, 0x00000000a5500000| Untracked 
|  72|0x00000000a5600000, 0x00000000a5700000, 0x00000000a5700000|100%| O|  |TAMS 0x00000000a5600000, 0x00000000a5600000| Untracked 
|  73|0x00000000a5700000, 0x00000000a5800000, 0x00000000a5800000|100%| O|  |TAMS 0x00000000a5700000, 0x00000000a5700000| Untracked 
|  74|0x00000000a5800000, 0x00000000a5900000, 0x00000000a5900000|100%| O|  |TAMS 0x00000000a5800000, 0x00000000a5800000| Untracked 
|  75|0x00000000a5900000, 0x00000000a5a00000, 0x00000000a5a00000|100%| O|  |TAMS 0x00000000a5900000, 0x00000000a5900000| Untracked 
|  76|0x00000000a5a00000, 0x00000000a5b00000, 0x00000000a5b00000|100%| O|  |TAMS 0x00000000a5a00000, 0x00000000a5a00000| Untracked 
|  77|0x00000000a5b00000, 0x00000000a5c00000, 0x00000000a5c00000|100%| O|  |TAMS 0x00000000a5b00000, 0x00000000a5b00000| Untracked 
|  78|0x00000000a5c00000, 0x00000000a5d00000, 0x00000000a5d00000|100%| O|  |TAMS 0x00000000a5c00000, 0x00000000a5c00000| Untracked 
|  79|0x00000000a5d00000, 0x00000000a5e00000, 0x00000000a5e00000|100%| O|  |TAMS 0x00000000a5d00000, 0x00000000a5d00000| Untracked 
|  80|0x00000000a5e00000, 0x00000000a5f00000, 0x00000000a5f00000|100%| O|  |TAMS 0x00000000a5e00000, 0x00000000a5e00000| Untracked 
|  81|0x00000000a5f00000, 0x00000000a6000000, 0x00000000a6000000|100%| O|  |TAMS 0x00000000a5f00000, 0x00000000a5f00000| Untracked 
|  82|0x00000000a6000000, 0x00000000a6100000, 0x00000000a6100000|100%| O|  |TAMS 0x00000000a6000000, 0x00000000a6000000| Untracked 
|  83|0x00000000a6100000, 0x00000000a6200000, 0x00000000a6200000|100%| O|  |TAMS 0x00000000a6100000, 0x00000000a6100000| Untracked 
|  84|0x00000000a6200000, 0x00000000a6300000, 0x00000000a6300000|100%| O|  |TAMS 0x00000000a6200000, 0x00000000a6200000| Untracked 
|  85|0x00000000a6300000, 0x00000000a6400000, 0x00000000a6400000|100%| O|  |TAMS 0x00000000a6300000, 0x00000000a6300000| Untracked 
|  86|0x00000000a6400000, 0x00000000a6500000, 0x00000000a6500000|100%| O|  |TAMS 0x00000000a6400000, 0x00000000a6400000| Untracked 
|  87|0x00000000a6500000, 0x00000000a6600000, 0x00000000a6600000|100%| O|  |TAMS 0x00000000a6500000, 0x00000000a6500000| Untracked 
|  88|0x00000000a6600000, 0x00000000a6700000, 0x00000000a6700000|100%| O|  |TAMS 0x00000000a6600000, 0x00000000a6600000| Untracked 
|  89|0x00000000a6700000, 0x00000000a6800000, 0x00000000a6800000|100%| O|  |TAMS 0x00000000a6700000, 0x00000000a6700000| Untracked 
|  90|0x00000000a6800000, 0x00000000a6900000, 0x00000000a6900000|100%| O|  |TAMS 0x00000000a6800000, 0x00000000a6800000| Untracked 
|  91|0x00000000a6900000, 0x00000000a6a00000, 0x00000000a6a00000|100%| O|  |TAMS 0x00000000a6900000, 0x00000000a6900000| Untracked 
|  92|0x00000000a6a00000, 0x00000000a6b00000, 0x00000000a6b00000|100%| O|  |TAMS 0x00000000a6a00000, 0x00000000a6a00000| Untracked 
|  93|0x00000000a6b00000, 0x00000000a6c00000, 0x00000000a6c00000|100%| O|  |TAMS 0x00000000a6b00000, 0x00000000a6b00000| Untracked 
|  94|0x00000000a6c00000, 0x00000000a6d00000, 0x00000000a6d00000|100%| O|  |TAMS 0x00000000a6c00000, 0x00000000a6c00000| Untracked 
|  95|0x00000000a6d00000, 0x00000000a6e00000, 0x00000000a6e00000|100%| O|  |TAMS 0x00000000a6d00000, 0x00000000a6d00000| Untracked 
|  96|0x00000000a6e00000, 0x00000000a6f00000, 0x00000000a6f00000|100%| O|  |TAMS 0x00000000a6e00000, 0x00000000a6e00000| Untracked 
|  97|0x00000000a6f00000, 0x00000000a7000000, 0x00000000a7000000|100%| O|  |TAMS 0x00000000a6f00000, 0x00000000a6f00000| Untracked 
|  98|0x00000000a7000000, 0x00000000a7100000, 0x00000000a7100000|100%| O|  |TAMS 0x00000000a7000000, 0x00000000a7000000| Untracked 
|  99|0x00000000a7100000, 0x00000000a7200000, 0x00000000a7200000|100%| O|  |TAMS 0x00000000a7100000, 0x00000000a7100000| Untracked 
| 100|0x00000000a7200000, 0x00000000a7300000, 0x00000000a7300000|100%| O|  |TAMS 0x00000000a7200000, 0x00000000a7200000| Untracked 
| 101|0x00000000a7300000, 0x00000000a7400000, 0x00000000a7400000|100%| O|  |TAMS 0x00000000a7300000, 0x00000000a7300000| Untracked 
| 102|0x00000000a7400000, 0x00000000a7500000, 0x00000000a7500000|100%| O|  |TAMS 0x00000000a7400000, 0x00000000a7400000| Untracked 
| 103|0x00000000a7500000, 0x00000000a7600000, 0x00000000a7600000|100%| O|  |TAMS 0x00000000a7500000, 0x00000000a7500000| Untracked 
| 104|0x00000000a7600000, 0x00000000a7700000, 0x00000000a7700000|100%| O|  |TAMS 0x00000000a7600000, 0x00000000a7600000| Untracked 
| 105|0x00000000a7700000, 0x00000000a7800000, 0x00000000a7800000|100%| O|  |TAMS 0x00000000a7700000, 0x00000000a7700000| Untracked 
| 106|0x00000000a7800000, 0x00000000a7900000, 0x00000000a7900000|100%| O|  |TAMS 0x00000000a7800000, 0x00000000a7800000| Untracked 
| 107|0x00000000a7900000, 0x00000000a7a00000, 0x00000000a7a00000|100%| O|  |TAMS 0x00000000a7900000, 0x00000000a7900000| Untracked 
| 108|0x00000000a7a00000, 0x00000000a7b00000, 0x00000000a7b00000|100%| O|  |TAMS 0x00000000a7a00000, 0x00000000a7a00000| Untracked 
| 109|0x00000000a7b00000, 0x00000000a7c00000, 0x00000000a7c00000|100%| O|  |TAMS 0x00000000a7b00000, 0x00000000a7b00000| Untracked 
| 110|0x00000000a7c00000, 0x00000000a7d00000, 0x00000000a7d00000|100%| O|  |TAMS 0x00000000a7c00000, 0x00000000a7c00000| Untracked 
| 111|0x00000000a7d00000, 0x00000000a7e00000, 0x00000000a7e00000|100%| O|  |TAMS 0x00000000a7d00000, 0x00000000a7d00000| Untracked 
| 112|0x00000000a7e00000, 0x00000000a7f00000, 0x00000000a7f00000|100%| O|  |TAMS 0x00000000a7e00000, 0x00000000a7e00000| Untracked 
| 113|0x00000000a7f00000, 0x00000000a8000000, 0x00000000a8000000|100%| O|  |TAMS 0x00000000a7f00000, 0x00000000a7f00000| Untracked 
| 114|0x00000000a8000000, 0x00000000a8100000, 0x00000000a8100000|100%| O|  |TAMS 0x00000000a8000000, 0x00000000a8000000| Untracked 
| 115|0x00000000a8100000, 0x00000000a8200000, 0x00000000a8200000|100%| O|  |TAMS 0x00000000a8100000, 0x00000000a8100000| Untracked 
| 116|0x00000000a8200000, 0x00000000a8300000, 0x00000000a8300000|100%| O|  |TAMS 0x00000000a8200000, 0x00000000a8200000| Untracked 
| 117|0x00000000a8300000, 0x00000000a8400000, 0x00000000a8400000|100%| O|  |TAMS 0x00000000a8300000, 0x00000000a8300000| Untracked 
| 118|0x00000000a8400000, 0x00000000a8500000, 0x00000000a8500000|100%| O|  |TAMS 0x00000000a8400000, 0x00000000a8400000| Untracked 
| 119|0x00000000a8500000, 0x00000000a8600000, 0x00000000a8600000|100%| O|  |TAMS 0x00000000a8500000, 0x00000000a8500000| Untracked 
| 120|0x00000000a8600000, 0x00000000a8700000, 0x00000000a8700000|100%| O|  |TAMS 0x00000000a8600000, 0x00000000a8600000| Untracked 
| 121|0x00000000a8700000, 0x00000000a8800000, 0x00000000a8800000|100%| O|  |TAMS 0x00000000a8700000, 0x00000000a8700000| Untracked 
| 122|0x00000000a8800000, 0x00000000a8900000, 0x00000000a8900000|100%| O|  |TAMS 0x00000000a8800000, 0x00000000a8800000| Untracked 
| 123|0x00000000a8900000, 0x00000000a8a00000, 0x00000000a8a00000|100%| O|  |TAMS 0x00000000a8900000, 0x00000000a8900000| Untracked 
| 124|0x00000000a8a00000, 0x00000000a8b00000, 0x00000000a8b00000|100%| O|  |TAMS 0x00000000a8a00000, 0x00000000a8a00000| Untracked 
| 125|0x00000000a8b00000, 0x00000000a8c00000, 0x00000000a8c00000|100%| O|  |TAMS 0x00000000a8b00000, 0x00000000a8b00000| Untracked 
| 126|0x00000000a8c00000, 0x00000000a8d00000, 0x00000000a8d00000|100%| O|  |TAMS 0x00000000a8c00000, 0x00000000a8c00000| Untracked 
| 127|0x00000000a8d00000, 0x00000000a8e00000, 0x00000000a8e00000|100%| O|  |TAMS 0x00000000a8d00000, 0x00000000a8d00000| Untracked 
| 128|0x00000000a8e00000, 0x00000000a8f00000, 0x00000000a8f00000|100%|HS|  |TAMS 0x00000000a8e00000, 0x00000000a8e00000| Complete 
| 129|0x00000000a8f00000, 0x00000000a9000000, 0x00000000a9000000|100%| O|  |TAMS 0x00000000a8f00000, 0x00000000a8f00000| Untracked 
| 130|0x00000000a9000000, 0x00000000a9100000, 0x00000000a9100000|100%| O|  |TAMS 0x00000000a9000000, 0x00000000a9000000| Untracked 
| 131|0x00000000a9100000, 0x00000000a9200000, 0x00000000a9200000|100%| O|  |TAMS 0x00000000a9100000, 0x00000000a9100000| Untracked 
| 132|0x00000000a9200000, 0x00000000a9300000, 0x00000000a9300000|100%| O|  |TAMS 0x00000000a9200000, 0x00000000a9200000| Untracked 
| 133|0x00000000a9300000, 0x00000000a9400000, 0x00000000a9400000|100%| O|  |TAMS 0x00000000a9300000, 0x00000000a9300000| Untracked 
| 134|0x00000000a9400000, 0x00000000a9500000, 0x00000000a9500000|100%| O|  |TAMS 0x00000000a9400000, 0x00000000a9400000| Untracked 
| 135|0x00000000a9500000, 0x00000000a9600000, 0x00000000a9600000|100%| O|  |TAMS 0x00000000a9500000, 0x00000000a9500000| Untracked 
| 136|0x00000000a9600000, 0x00000000a9700000, 0x00000000a9700000|100%| O|  |TAMS 0x00000000a9600000, 0x00000000a9600000| Untracked 
| 137|0x00000000a9700000, 0x00000000a9800000, 0x00000000a9800000|100%| O|  |TAMS 0x00000000a9700000, 0x00000000a9700000| Untracked 
| 138|0x00000000a9800000, 0x00000000a9900000, 0x00000000a9900000|100%| O|  |TAMS 0x00000000a9800000, 0x00000000a9800000| Untracked 
| 139|0x00000000a9900000, 0x00000000a9a00000, 0x00000000a9a00000|100%| O|  |TAMS 0x00000000a9900000, 0x00000000a9900000| Untracked 
| 140|0x00000000a9a00000, 0x00000000a9b00000, 0x00000000a9b00000|100%| O|  |TAMS 0x00000000a9a00000, 0x00000000a9a00000| Untracked 
| 141|0x00000000a9b00000, 0x00000000a9c00000, 0x00000000a9c00000|100%| O|  |TAMS 0x00000000a9b00000, 0x00000000a9b00000| Untracked 
| 142|0x00000000a9c00000, 0x00000000a9d00000, 0x00000000a9d00000|100%| O|  |TAMS 0x00000000a9c00000, 0x00000000a9c00000| Untracked 
| 143|0x00000000a9d00000, 0x00000000a9e00000, 0x00000000a9e00000|100%| O|  |TAMS 0x00000000a9d00000, 0x00000000a9d00000| Untracked 
| 144|0x00000000a9e00000, 0x00000000a9f00000, 0x00000000a9f00000|100%| O|  |TAMS 0x00000000a9e00000, 0x00000000a9e00000| Untracked 
| 145|0x00000000a9f00000, 0x00000000aa000000, 0x00000000aa000000|100%| O|  |TAMS 0x00000000a9f00000, 0x00000000a9f00000| Untracked 
| 146|0x00000000aa000000, 0x00000000aa100000, 0x00000000aa100000|100%| O|  |TAMS 0x00000000aa000000, 0x00000000aa000000| Untracked 
| 147|0x00000000aa100000, 0x00000000aa200000, 0x00000000aa200000|100%| O|  |TAMS 0x00000000aa100000, 0x00000000aa100000| Untracked 
| 148|0x00000000aa200000, 0x00000000aa300000, 0x00000000aa300000|100%| O|  |TAMS 0x00000000aa200000, 0x00000000aa200000| Untracked 
| 149|0x00000000aa300000, 0x00000000aa400000, 0x00000000aa400000|100%| O|  |TAMS 0x00000000aa300000, 0x00000000aa300000| Untracked 
| 150|0x00000000aa400000, 0x00000000aa500000, 0x00000000aa500000|100%| O|  |TAMS 0x00000000aa400000, 0x00000000aa400000| Untracked 
| 151|0x00000000aa500000, 0x00000000aa600000, 0x00000000aa600000|100%| O|  |TAMS 0x00000000aa500000, 0x00000000aa500000| Untracked 
| 152|0x00000000aa600000, 0x00000000aa700000, 0x00000000aa700000|100%| O|  |TAMS 0x00000000aa600000, 0x00000000aa600000| Untracked 
| 153|0x00000000aa700000, 0x00000000aa800000, 0x00000000aa800000|100%| O|  |TAMS 0x00000000aa700000, 0x00000000aa700000| Untracked 
| 154|0x00000000aa800000, 0x00000000aa900000, 0x00000000aa900000|100%| O|  |TAMS 0x00000000aa800000, 0x00000000aa800000| Untracked 
| 155|0x00000000aa900000, 0x00000000aaa00000, 0x00000000aaa00000|100%| O|  |TAMS 0x00000000aa900000, 0x00000000aa900000| Untracked 
| 156|0x00000000aaa00000, 0x00000000aab00000, 0x00000000aab00000|100%| O|  |TAMS 0x00000000aaa00000, 0x00000000aaa00000| Untracked 
| 157|0x00000000aab00000, 0x00000000aac00000, 0x00000000aac00000|100%| O|  |TAMS 0x00000000aab00000, 0x00000000aab00000| Untracked 
| 158|0x00000000aac00000, 0x00000000aad00000, 0x00000000aad00000|100%| O|  |TAMS 0x00000000aac00000, 0x00000000aac00000| Untracked 
| 159|0x00000000aad00000, 0x00000000aae00000, 0x00000000aae00000|100%| O|  |TAMS 0x00000000aad00000, 0x00000000aad00000| Untracked 
| 160|0x00000000aae00000, 0x00000000aaf00000, 0x00000000aaf00000|100%| O|  |TAMS 0x00000000aae00000, 0x00000000aae00000| Untracked 
| 161|0x00000000aaf00000, 0x00000000ab000000, 0x00000000ab000000|100%| O|  |TAMS 0x00000000aaf00000, 0x00000000aaf00000| Untracked 
| 162|0x00000000ab000000, 0x00000000ab100000, 0x00000000ab100000|100%| O|  |TAMS 0x00000000ab000000, 0x00000000ab000000| Untracked 
| 163|0x00000000ab100000, 0x00000000ab200000, 0x00000000ab200000|100%| O|  |TAMS 0x00000000ab100000, 0x00000000ab100000| Untracked 
| 164|0x00000000ab200000, 0x00000000ab300000, 0x00000000ab300000|100%| O|  |TAMS 0x00000000ab200000, 0x00000000ab200000| Untracked 
| 165|0x00000000ab300000, 0x00000000ab400000, 0x00000000ab400000|100%| O|  |TAMS 0x00000000ab300000, 0x00000000ab300000| Untracked 
| 166|0x00000000ab400000, 0x00000000ab500000, 0x00000000ab500000|100%| O|  |TAMS 0x00000000ab400000, 0x00000000ab400000| Untracked 
| 167|0x00000000ab500000, 0x00000000ab600000, 0x00000000ab600000|100%| O|  |TAMS 0x00000000ab500000, 0x00000000ab500000| Untracked 
| 168|0x00000000ab600000, 0x00000000ab700000, 0x00000000ab700000|100%| O|  |TAMS 0x00000000ab600000, 0x00000000ab600000| Untracked 
| 169|0x00000000ab700000, 0x00000000ab800000, 0x00000000ab800000|100%| O|  |TAMS 0x00000000ab700000, 0x00000000ab700000| Untracked 
| 170|0x00000000ab800000, 0x00000000ab900000, 0x00000000ab900000|100%| O|  |TAMS 0x00000000ab800000, 0x00000000ab800000| Untracked 
| 171|0x00000000ab900000, 0x00000000aba00000, 0x00000000aba00000|100%| O|  |TAMS 0x00000000ab900000, 0x00000000ab900000| Untracked 
| 172|0x00000000aba00000, 0x00000000abb00000, 0x00000000abb00000|100%| O|  |TAMS 0x00000000aba00000, 0x00000000aba00000| Untracked 
| 173|0x00000000abb00000, 0x00000000abc00000, 0x00000000abc00000|100%| O|  |TAMS 0x00000000abb00000, 0x00000000abb00000| Untracked 
| 174|0x00000000abc00000, 0x00000000abd00000, 0x00000000abd00000|100%| O|  |TAMS 0x00000000abc00000, 0x00000000abc00000| Untracked 
| 175|0x00000000abd00000, 0x00000000abe00000, 0x00000000abe00000|100%| O|  |TAMS 0x00000000abd00000, 0x00000000abd00000| Untracked 
| 176|0x00000000abe00000, 0x00000000abf00000, 0x00000000abf00000|100%| O|  |TAMS 0x00000000abe00000, 0x00000000abe00000| Untracked 
| 177|0x00000000abf00000, 0x00000000ac000000, 0x00000000ac000000|100%| O|  |TAMS 0x00000000abf00000, 0x00000000abf00000| Untracked 
| 178|0x00000000ac000000, 0x00000000ac100000, 0x00000000ac100000|100%| O|  |TAMS 0x00000000ac000000, 0x00000000ac000000| Untracked 
| 179|0x00000000ac100000, 0x00000000ac200000, 0x00000000ac200000|100%| O|  |TAMS 0x00000000ac100000, 0x00000000ac100000| Untracked 
| 180|0x00000000ac200000, 0x00000000ac300000, 0x00000000ac300000|100%| O|  |TAMS 0x00000000ac200000, 0x00000000ac200000| Untracked 
| 181|0x00000000ac300000, 0x00000000ac400000, 0x00000000ac400000|100%| O|  |TAMS 0x00000000ac300000, 0x00000000ac300000| Untracked 
| 182|0x00000000ac400000, 0x00000000ac500000, 0x00000000ac500000|100%| O|  |TAMS 0x00000000ac400000, 0x00000000ac400000| Untracked 
| 183|0x00000000ac500000, 0x00000000ac600000, 0x00000000ac600000|100%| O|  |TAMS 0x00000000ac500000, 0x00000000ac500000| Untracked 
| 184|0x00000000ac600000, 0x00000000ac700000, 0x00000000ac700000|100%| O|  |TAMS 0x00000000ac600000, 0x00000000ac600000| Untracked 
| 185|0x00000000ac700000, 0x00000000ac800000, 0x00000000ac800000|100%| O|  |TAMS 0x00000000ac700000, 0x00000000ac700000| Untracked 
| 186|0x00000000ac800000, 0x00000000ac900000, 0x00000000ac900000|100%| O|  |TAMS 0x00000000ac800000, 0x00000000ac800000| Untracked 
| 187|0x00000000ac900000, 0x00000000aca00000, 0x00000000aca00000|100%| O|  |TAMS 0x00000000ac900000, 0x00000000ac900000| Untracked 
| 188|0x00000000aca00000, 0x00000000acb00000, 0x00000000acb00000|100%| O|  |TAMS 0x00000000aca00000, 0x00000000aca00000| Untracked 
| 189|0x00000000acb00000, 0x00000000acc00000, 0x00000000acc00000|100%| O|  |TAMS 0x00000000acb00000, 0x00000000acb00000| Untracked 
| 190|0x00000000acc00000, 0x00000000acd00000, 0x00000000acd00000|100%| O|  |TAMS 0x00000000acc00000, 0x00000000acc00000| Untracked 
| 191|0x00000000acd00000, 0x00000000acd43a00, 0x00000000ace00000| 26%| O|  |TAMS 0x00000000acd00000, 0x00000000acd00000| Untracked 
| 192|0x00000000ace00000, 0x00000000ace00000, 0x00000000acf00000|  0%| F|  |TAMS 0x00000000ace00000, 0x00000000ace00000| Untracked 
| 193|0x00000000acf00000, 0x00000000acf00000, 0x00000000ad000000|  0%| F|  |TAMS 0x00000000acf00000, 0x00000000acf00000| Untracked 
| 194|0x00000000ad000000, 0x00000000ad000000, 0x00000000ad100000|  0%| F|  |TAMS 0x00000000ad000000, 0x00000000ad000000| Untracked 
| 195|0x00000000ad100000, 0x00000000ad100000, 0x00000000ad200000|  0%| F|  |TAMS 0x00000000ad100000, 0x00000000ad100000| Untracked 
| 196|0x00000000ad200000, 0x00000000ad200000, 0x00000000ad300000|  0%| F|  |TAMS 0x00000000ad200000, 0x00000000ad200000| Untracked 
| 197|0x00000000ad300000, 0x00000000ad300000, 0x00000000ad400000|  0%| F|  |TAMS 0x00000000ad300000, 0x00000000ad300000| Untracked 
| 198|0x00000000ad400000, 0x00000000ad400000, 0x00000000ad500000|  0%| F|  |TAMS 0x00000000ad400000, 0x00000000ad400000| Untracked 
| 199|0x00000000ad500000, 0x00000000ad500000, 0x00000000ad600000|  0%| F|  |TAMS 0x00000000ad500000, 0x00000000ad500000| Untracked 
| 200|0x00000000ad600000, 0x00000000ad600000, 0x00000000ad700000|  0%| F|  |TAMS 0x00000000ad600000, 0x00000000ad600000| Untracked 
| 201|0x00000000ad700000, 0x00000000ad700000, 0x00000000ad800000|  0%| F|  |TAMS 0x00000000ad700000, 0x00000000ad700000| Untracked 
| 202|0x00000000ad800000, 0x00000000ad800000, 0x00000000ad900000|  0%| F|  |TAMS 0x00000000ad800000, 0x00000000ad800000| Untracked 
| 203|0x00000000ad900000, 0x00000000ad900000, 0x00000000ada00000|  0%| F|  |TAMS 0x00000000ad900000, 0x00000000ad900000| Untracked 
| 204|0x00000000ada00000, 0x00000000ada00000, 0x00000000adb00000|  0%| F|  |TAMS 0x00000000ada00000, 0x00000000ada00000| Untracked 
| 205|0x00000000adb00000, 0x00000000adb00000, 0x00000000adc00000|  0%| F|  |TAMS 0x00000000adb00000, 0x00000000adb00000| Untracked 
| 206|0x00000000adc00000, 0x00000000adc00000, 0x00000000add00000|  0%| F|  |TAMS 0x00000000adc00000, 0x00000000adc00000| Untracked 
| 207|0x00000000add00000, 0x00000000add00000, 0x00000000ade00000|  0%| F|  |TAMS 0x00000000add00000, 0x00000000add00000| Untracked 
| 208|0x00000000ade00000, 0x00000000ade00000, 0x00000000adf00000|  0%| F|  |TAMS 0x00000000ade00000, 0x00000000ade00000| Untracked 
| 209|0x00000000adf00000, 0x00000000adf00000, 0x00000000ae000000|  0%| F|  |TAMS 0x00000000adf00000, 0x00000000adf00000| Untracked 
| 210|0x00000000ae000000, 0x00000000ae000000, 0x00000000ae100000|  0%| F|  |TAMS 0x00000000ae000000, 0x00000000ae000000| Untracked 
| 211|0x00000000ae100000, 0x00000000ae100000, 0x00000000ae200000|  0%| F|  |TAMS 0x00000000ae100000, 0x00000000ae100000| Untracked 
| 212|0x00000000ae200000, 0x00000000ae200000, 0x00000000ae300000|  0%| F|  |TAMS 0x00000000ae200000, 0x00000000ae200000| Untracked 
| 213|0x00000000ae300000, 0x00000000ae300000, 0x00000000ae400000|  0%| F|  |TAMS 0x00000000ae300000, 0x00000000ae300000| Untracked 
| 214|0x00000000ae400000, 0x00000000ae400000, 0x00000000ae500000|  0%| F|  |TAMS 0x00000000ae400000, 0x00000000ae400000| Untracked 
| 215|0x00000000ae500000, 0x00000000ae500000, 0x00000000ae600000|  0%| F|  |TAMS 0x00000000ae500000, 0x00000000ae500000| Untracked 
| 216|0x00000000ae600000, 0x00000000ae600000, 0x00000000ae700000|  0%| F|  |TAMS 0x00000000ae600000, 0x00000000ae600000| Untracked 
| 217|0x00000000ae700000, 0x00000000ae700000, 0x00000000ae800000|  0%| F|  |TAMS 0x00000000ae700000, 0x00000000ae700000| Untracked 
| 218|0x00000000ae800000, 0x00000000ae800000, 0x00000000ae900000|  0%| F|  |TAMS 0x00000000ae800000, 0x00000000ae800000| Untracked 
| 219|0x00000000ae900000, 0x00000000ae900000, 0x00000000aea00000|  0%| F|  |TAMS 0x00000000ae900000, 0x00000000ae900000| Untracked 
| 220|0x00000000aea00000, 0x00000000aea00000, 0x00000000aeb00000|  0%| F|  |TAMS 0x00000000aea00000, 0x00000000aea00000| Untracked 
| 221|0x00000000aeb00000, 0x00000000aeb00000, 0x00000000aec00000|  0%| F|  |TAMS 0x00000000aeb00000, 0x00000000aeb00000| Untracked 
| 222|0x00000000aec00000, 0x00000000aed00000, 0x00000000aed00000|100%| S|CS|TAMS 0x00000000aec00000, 0x00000000aec00000| Complete 
| 223|0x00000000aed00000, 0x00000000aee00000, 0x00000000aee00000|100%| S|CS|TAMS 0x00000000aed00000, 0x00000000aed00000| Complete 
| 224|0x00000000aee00000, 0x00000000aee00000, 0x00000000aef00000|  0%| F|  |TAMS 0x00000000aee00000, 0x00000000aee00000| Untracked 
| 225|0x00000000aef00000, 0x00000000aef00000, 0x00000000af000000|  0%| F|  |TAMS 0x00000000aef00000, 0x00000000aef00000| Untracked 
| 226|0x00000000af000000, 0x00000000af000000, 0x00000000af100000|  0%| F|  |TAMS 0x00000000af000000, 0x00000000af000000| Untracked 
| 227|0x00000000af100000, 0x00000000af100000, 0x00000000af200000|  0%| F|  |TAMS 0x00000000af100000, 0x00000000af100000| Untracked 
| 228|0x00000000af200000, 0x00000000af300000, 0x00000000af300000|100%| S|CS|TAMS 0x00000000af200000, 0x00000000af200000| Complete 
| 229|0x00000000af300000, 0x00000000af400000, 0x00000000af400000|100%| S|CS|TAMS 0x00000000af300000, 0x00000000af300000| Complete 
| 230|0x00000000af400000, 0x00000000af500000, 0x00000000af500000|100%| S|CS|TAMS 0x00000000af400000, 0x00000000af400000| Complete 
| 231|0x00000000af500000, 0x00000000af600000, 0x00000000af600000|100%| S|CS|TAMS 0x00000000af500000, 0x00000000af500000| Complete 
| 232|0x00000000af600000, 0x00000000af700000, 0x00000000af700000|100%| S|CS|TAMS 0x00000000af600000, 0x00000000af600000| Complete 
| 233|0x00000000af700000, 0x00000000af800000, 0x00000000af800000|100%| S|CS|TAMS 0x00000000af700000, 0x00000000af700000| Complete 
| 234|0x00000000af800000, 0x00000000af800000, 0x00000000af900000|  0%| F|  |TAMS 0x00000000af800000, 0x00000000af800000| Untracked 
| 235|0x00000000af900000, 0x00000000af900000, 0x00000000afa00000|  0%| F|  |TAMS 0x00000000af900000, 0x00000000af900000| Untracked 
| 236|0x00000000afa00000, 0x00000000afa00000, 0x00000000afb00000|  0%| F|  |TAMS 0x00000000afa00000, 0x00000000afa00000| Untracked 
| 237|0x00000000afb00000, 0x00000000afb00000, 0x00000000afc00000|  0%| F|  |TAMS 0x00000000afb00000, 0x00000000afb00000| Untracked 
| 238|0x00000000afc00000, 0x00000000afc00000, 0x00000000afd00000|  0%| F|  |TAMS 0x00000000afc00000, 0x00000000afc00000| Untracked 
| 239|0x00000000afd00000, 0x00000000afd00000, 0x00000000afe00000|  0%| F|  |TAMS 0x00000000afd00000, 0x00000000afd00000| Untracked 
| 240|0x00000000afe00000, 0x00000000aff00000, 0x00000000aff00000|100%| S|CS|TAMS 0x00000000afe00000, 0x00000000afe00000| Complete 
| 241|0x00000000aff00000, 0x00000000b0000000, 0x00000000b0000000|100%| S|CS|TAMS 0x00000000aff00000, 0x00000000aff00000| Complete 
| 242|0x00000000b0000000, 0x00000000b0100000, 0x00000000b0100000|100%| S|CS|TAMS 0x00000000b0000000, 0x00000000b0000000| Complete 
| 243|0x00000000b0100000, 0x00000000b0100000, 0x00000000b0200000|  0%| F|  |TAMS 0x00000000b0100000, 0x00000000b0100000| Untracked 
| 244|0x00000000b0200000, 0x00000000b0200000, 0x00000000b0300000|  0%| F|  |TAMS 0x00000000b0200000, 0x00000000b0200000| Untracked 
| 245|0x00000000b0300000, 0x00000000b0300000, 0x00000000b0400000|  0%| F|  |TAMS 0x00000000b0300000, 0x00000000b0300000| Untracked 
| 246|0x00000000b0400000, 0x00000000b0400000, 0x00000000b0500000|  0%| F|  |TAMS 0x00000000b0400000, 0x00000000b0400000| Untracked 
| 247|0x00000000b0500000, 0x00000000b0500000, 0x00000000b0600000|  0%| F|  |TAMS 0x00000000b0500000, 0x00000000b0500000| Untracked 
| 248|0x00000000b0600000, 0x00000000b0600000, 0x00000000b0700000|  0%| F|  |TAMS 0x00000000b0600000, 0x00000000b0600000| Untracked 
| 249|0x00000000b0700000, 0x00000000b0700000, 0x00000000b0800000|  0%| F|  |TAMS 0x00000000b0700000, 0x00000000b0700000| Untracked 
| 250|0x00000000b0800000, 0x00000000b0800000, 0x00000000b0900000|  0%| F|  |TAMS 0x00000000b0800000, 0x00000000b0800000| Untracked 
| 251|0x00000000b0900000, 0x00000000b0900000, 0x00000000b0a00000|  0%| F|  |TAMS 0x00000000b0900000, 0x00000000b0900000| Untracked 
| 252|0x00000000b0a00000, 0x00000000b0a00000, 0x00000000b0b00000|  0%| F|  |TAMS 0x00000000b0a00000, 0x00000000b0a00000| Untracked 
| 253|0x00000000b0b00000, 0x00000000b0b00000, 0x00000000b0c00000|  0%| F|  |TAMS 0x00000000b0b00000, 0x00000000b0b00000| Untracked 
| 254|0x00000000b0c00000, 0x00000000b0c00000, 0x00000000b0d00000|  0%| F|  |TAMS 0x00000000b0c00000, 0x00000000b0c00000| Untracked 
| 255|0x00000000b0d00000, 0x00000000b0d00000, 0x00000000b0e00000|  0%| F|  |TAMS 0x00000000b0d00000, 0x00000000b0d00000| Untracked 
| 256|0x00000000b0e00000, 0x00000000b0e00000, 0x00000000b0f00000|  0%| F|  |TAMS 0x00000000b0e00000, 0x00000000b0e00000| Untracked 
| 257|0x00000000b0f00000, 0x00000000b0f00000, 0x00000000b1000000|  0%| F|  |TAMS 0x00000000b0f00000, 0x00000000b0f00000| Untracked 
| 258|0x00000000b1000000, 0x00000000b1000000, 0x00000000b1100000|  0%| F|  |TAMS 0x00000000b1000000, 0x00000000b1000000| Untracked 
| 259|0x00000000b1100000, 0x00000000b1100000, 0x00000000b1200000|  0%| F|  |TAMS 0x00000000b1100000, 0x00000000b1100000| Untracked 
| 260|0x00000000b1200000, 0x00000000b1200000, 0x00000000b1300000|  0%| F|  |TAMS 0x00000000b1200000, 0x00000000b1200000| Untracked 
| 261|0x00000000b1300000, 0x00000000b1300000, 0x00000000b1400000|  0%| F|  |TAMS 0x00000000b1300000, 0x00000000b1300000| Untracked 
| 262|0x00000000b1400000, 0x00000000b1400000, 0x00000000b1500000|  0%| F|  |TAMS 0x00000000b1400000, 0x00000000b1400000| Untracked 
| 263|0x00000000b1500000, 0x00000000b1500000, 0x00000000b1600000|  0%| F|  |TAMS 0x00000000b1500000, 0x00000000b1500000| Untracked 
| 264|0x00000000b1600000, 0x00000000b1600000, 0x00000000b1700000|  0%| F|  |TAMS 0x00000000b1600000, 0x00000000b1600000| Untracked 
| 265|0x00000000b1700000, 0x00000000b1700000, 0x00000000b1800000|  0%| F|  |TAMS 0x00000000b1700000, 0x00000000b1700000| Untracked 
| 266|0x00000000b1800000, 0x00000000b1800000, 0x00000000b1900000|  0%| F|  |TAMS 0x00000000b1800000, 0x00000000b1800000| Untracked 
| 267|0x00000000b1900000, 0x00000000b1900000, 0x00000000b1a00000|  0%| F|  |TAMS 0x00000000b1900000, 0x00000000b1900000| Untracked 
| 268|0x00000000b1a00000, 0x00000000b1a00000, 0x00000000b1b00000|  0%| F|  |TAMS 0x00000000b1a00000, 0x00000000b1a00000| Untracked 
| 269|0x00000000b1b00000, 0x00000000b1b00000, 0x00000000b1c00000|  0%| F|  |TAMS 0x00000000b1b00000, 0x00000000b1b00000| Untracked 
| 270|0x00000000b1c00000, 0x00000000b1c00000, 0x00000000b1d00000|  0%| F|  |TAMS 0x00000000b1c00000, 0x00000000b1c00000| Untracked 
| 271|0x00000000b1d00000, 0x00000000b1d00000, 0x00000000b1e00000|  0%| F|  |TAMS 0x00000000b1d00000, 0x00000000b1d00000| Untracked 
| 272|0x00000000b1e00000, 0x00000000b1e00000, 0x00000000b1f00000|  0%| F|  |TAMS 0x00000000b1e00000, 0x00000000b1e00000| Untracked 
| 273|0x00000000b1f00000, 0x00000000b1f00000, 0x00000000b2000000|  0%| F|  |TAMS 0x00000000b1f00000, 0x00000000b1f00000| Untracked 
| 274|0x00000000b2000000, 0x00000000b2000000, 0x00000000b2100000|  0%| F|  |TAMS 0x00000000b2000000, 0x00000000b2000000| Untracked 
| 275|0x00000000b2100000, 0x00000000b2100000, 0x00000000b2200000|  0%| F|  |TAMS 0x00000000b2100000, 0x00000000b2100000| Untracked 
| 276|0x00000000b2200000, 0x00000000b2200000, 0x00000000b2300000|  0%| F|  |TAMS 0x00000000b2200000, 0x00000000b2200000| Untracked 
| 277|0x00000000b2300000, 0x00000000b2300000, 0x00000000b2400000|  0%| F|  |TAMS 0x00000000b2300000, 0x00000000b2300000| Untracked 
| 278|0x00000000b2400000, 0x00000000b2400000, 0x00000000b2500000|  0%| F|  |TAMS 0x00000000b2400000, 0x00000000b2400000| Untracked 
| 279|0x00000000b2500000, 0x00000000b2500000, 0x00000000b2600000|  0%| F|  |TAMS 0x00000000b2500000, 0x00000000b2500000| Untracked 
| 280|0x00000000b2600000, 0x00000000b2600000, 0x00000000b2700000|  0%| F|  |TAMS 0x00000000b2600000, 0x00000000b2600000| Untracked 
| 281|0x00000000b2700000, 0x00000000b2700000, 0x00000000b2800000|  0%| F|  |TAMS 0x00000000b2700000, 0x00000000b2700000| Untracked 
| 282|0x00000000b2800000, 0x00000000b2800000, 0x00000000b2900000|  0%| F|  |TAMS 0x00000000b2800000, 0x00000000b2800000| Untracked 
| 283|0x00000000b2900000, 0x00000000b2900000, 0x00000000b2a00000|  0%| F|  |TAMS 0x00000000b2900000, 0x00000000b2900000| Untracked 
| 284|0x00000000b2a00000, 0x00000000b2a00000, 0x00000000b2b00000|  0%| F|  |TAMS 0x00000000b2a00000, 0x00000000b2a00000| Untracked 
| 285|0x00000000b2b00000, 0x00000000b2b00000, 0x00000000b2c00000|  0%| F|  |TAMS 0x00000000b2b00000, 0x00000000b2b00000| Untracked 
| 286|0x00000000b2c00000, 0x00000000b2c00000, 0x00000000b2d00000|  0%| F|  |TAMS 0x00000000b2c00000, 0x00000000b2c00000| Untracked 
| 287|0x00000000b2d00000, 0x00000000b2d00000, 0x00000000b2e00000|  0%| F|  |TAMS 0x00000000b2d00000, 0x00000000b2d00000| Untracked 
| 288|0x00000000b2e00000, 0x00000000b2e00000, 0x00000000b2f00000|  0%| F|  |TAMS 0x00000000b2e00000, 0x00000000b2e00000| Untracked 
| 289|0x00000000b2f00000, 0x00000000b2f00000, 0x00000000b3000000|  0%| F|  |TAMS 0x00000000b2f00000, 0x00000000b2f00000| Untracked 
| 290|0x00000000b3000000, 0x00000000b3000000, 0x00000000b3100000|  0%| F|  |TAMS 0x00000000b3000000, 0x00000000b3000000| Untracked 
| 291|0x00000000b3100000, 0x00000000b3100000, 0x00000000b3200000|  0%| F|  |TAMS 0x00000000b3100000, 0x00000000b3100000| Untracked 
| 292|0x00000000b3200000, 0x00000000b3200000, 0x00000000b3300000|  0%| F|  |TAMS 0x00000000b3200000, 0x00000000b3200000| Untracked 
| 293|0x00000000b3300000, 0x00000000b3300000, 0x00000000b3400000|  0%| F|  |TAMS 0x00000000b3300000, 0x00000000b3300000| Untracked 
| 294|0x00000000b3400000, 0x00000000b3400000, 0x00000000b3500000|  0%| F|  |TAMS 0x00000000b3400000, 0x00000000b3400000| Untracked 
| 295|0x00000000b3500000, 0x00000000b3500000, 0x00000000b3600000|  0%| F|  |TAMS 0x00000000b3500000, 0x00000000b3500000| Untracked 
| 296|0x00000000b3600000, 0x00000000b3600000, 0x00000000b3700000|  0%| F|  |TAMS 0x00000000b3600000, 0x00000000b3600000| Untracked 
| 297|0x00000000b3700000, 0x00000000b3700000, 0x00000000b3800000|  0%| F|  |TAMS 0x00000000b3700000, 0x00000000b3700000| Untracked 
| 298|0x00000000b3800000, 0x00000000b3800000, 0x00000000b3900000|  0%| F|  |TAMS 0x00000000b3800000, 0x00000000b3800000| Untracked 
| 299|0x00000000b3900000, 0x00000000b3900000, 0x00000000b3a00000|  0%| F|  |TAMS 0x00000000b3900000, 0x00000000b3900000| Untracked 
| 300|0x00000000b3a00000, 0x00000000b3a00000, 0x00000000b3b00000|  0%| F|  |TAMS 0x00000000b3a00000, 0x00000000b3a00000| Untracked 
| 301|0x00000000b3b00000, 0x00000000b3b00000, 0x00000000b3c00000|  0%| F|  |TAMS 0x00000000b3b00000, 0x00000000b3b00000| Untracked 
| 302|0x00000000b3c00000, 0x00000000b3c00000, 0x00000000b3d00000|  0%| F|  |TAMS 0x00000000b3c00000, 0x00000000b3c00000| Untracked 
| 303|0x00000000b3d00000, 0x00000000b3d00000, 0x00000000b3e00000|  0%| F|  |TAMS 0x00000000b3d00000, 0x00000000b3d00000| Untracked 
| 304|0x00000000b3e00000, 0x00000000b3e00000, 0x00000000b3f00000|  0%| F|  |TAMS 0x00000000b3e00000, 0x00000000b3e00000| Untracked 
| 305|0x00000000b3f00000, 0x00000000b3f00000, 0x00000000b4000000|  0%| F|  |TAMS 0x00000000b3f00000, 0x00000000b3f00000| Untracked 
| 306|0x00000000b4000000, 0x00000000b4000000, 0x00000000b4100000|  0%| F|  |TAMS 0x00000000b4000000, 0x00000000b4000000| Untracked 
| 307|0x00000000b4100000, 0x00000000b4100000, 0x00000000b4200000|  0%| F|  |TAMS 0x00000000b4100000, 0x00000000b4100000| Untracked 
| 308|0x00000000b4200000, 0x00000000b4200000, 0x00000000b4300000|  0%| F|  |TAMS 0x00000000b4200000, 0x00000000b4200000| Untracked 
| 309|0x00000000b4300000, 0x00000000b4300000, 0x00000000b4400000|  0%| F|  |TAMS 0x00000000b4300000, 0x00000000b4300000| Untracked 
| 310|0x00000000b4400000, 0x00000000b4400000, 0x00000000b4500000|  0%| F|  |TAMS 0x00000000b4400000, 0x00000000b4400000| Untracked 
| 311|0x00000000b4500000, 0x00000000b4500000, 0x00000000b4600000|  0%| F|  |TAMS 0x00000000b4500000, 0x00000000b4500000| Untracked 
| 312|0x00000000b4600000, 0x00000000b4600000, 0x00000000b4700000|  0%| F|  |TAMS 0x00000000b4600000, 0x00000000b4600000| Untracked 
| 313|0x00000000b4700000, 0x00000000b4700000, 0x00000000b4800000|  0%| F|  |TAMS 0x00000000b4700000, 0x00000000b4700000| Untracked 
| 314|0x00000000b4800000, 0x00000000b4800000, 0x00000000b4900000|  0%| F|  |TAMS 0x00000000b4800000, 0x00000000b4800000| Untracked 
| 315|0x00000000b4900000, 0x00000000b4900000, 0x00000000b4a00000|  0%| F|  |TAMS 0x00000000b4900000, 0x00000000b4900000| Untracked 
| 316|0x00000000b4a00000, 0x00000000b4a00000, 0x00000000b4b00000|  0%| F|  |TAMS 0x00000000b4a00000, 0x00000000b4a00000| Untracked 
| 317|0x00000000b4b00000, 0x00000000b4b00000, 0x00000000b4c00000|  0%| F|  |TAMS 0x00000000b4b00000, 0x00000000b4b00000| Untracked 
| 318|0x00000000b4c00000, 0x00000000b4c00000, 0x00000000b4d00000|  0%| F|  |TAMS 0x00000000b4c00000, 0x00000000b4c00000| Untracked 
| 319|0x00000000b4d00000, 0x00000000b4d00000, 0x00000000b4e00000|  0%| F|  |TAMS 0x00000000b4d00000, 0x00000000b4d00000| Untracked 
| 320|0x00000000b4e00000, 0x00000000b4e00000, 0x00000000b4f00000|  0%| F|  |TAMS 0x00000000b4e00000, 0x00000000b4e00000| Untracked 
| 321|0x00000000b4f00000, 0x00000000b4f00000, 0x00000000b5000000|  0%| F|  |TAMS 0x00000000b4f00000, 0x00000000b4f00000| Untracked 
| 322|0x00000000b5000000, 0x00000000b5000000, 0x00000000b5100000|  0%| F|  |TAMS 0x00000000b5000000, 0x00000000b5000000| Untracked 
| 323|0x00000000b5100000, 0x00000000b5100000, 0x00000000b5200000|  0%| F|  |TAMS 0x00000000b5100000, 0x00000000b5100000| Untracked 
| 324|0x00000000b5200000, 0x00000000b5200000, 0x00000000b5300000|  0%| F|  |TAMS 0x00000000b5200000, 0x00000000b5200000| Untracked 
| 325|0x00000000b5300000, 0x00000000b5300000, 0x00000000b5400000|  0%| F|  |TAMS 0x00000000b5300000, 0x00000000b5300000| Untracked 
| 326|0x00000000b5400000, 0x00000000b5400000, 0x00000000b5500000|  0%| F|  |TAMS 0x00000000b5400000, 0x00000000b5400000| Untracked 
| 327|0x00000000b5500000, 0x00000000b5500000, 0x00000000b5600000|  0%| F|  |TAMS 0x00000000b5500000, 0x00000000b5500000| Untracked 
| 328|0x00000000b5600000, 0x00000000b5600000, 0x00000000b5700000|  0%| F|  |TAMS 0x00000000b5600000, 0x00000000b5600000| Untracked 
| 329|0x00000000b5700000, 0x00000000b5700000, 0x00000000b5800000|  0%| F|  |TAMS 0x00000000b5700000, 0x00000000b5700000| Untracked 
| 330|0x00000000b5800000, 0x00000000b5800000, 0x00000000b5900000|  0%| F|  |TAMS 0x00000000b5800000, 0x00000000b5800000| Untracked 
| 331|0x00000000b5900000, 0x00000000b5900000, 0x00000000b5a00000|  0%| F|  |TAMS 0x00000000b5900000, 0x00000000b5900000| Untracked 
| 332|0x00000000b5a00000, 0x00000000b5a00000, 0x00000000b5b00000|  0%| F|  |TAMS 0x00000000b5a00000, 0x00000000b5a00000| Untracked 
| 333|0x00000000b5b00000, 0x00000000b5b00000, 0x00000000b5c00000|  0%| F|  |TAMS 0x00000000b5b00000, 0x00000000b5b00000| Untracked 
| 334|0x00000000b5c00000, 0x00000000b5c00000, 0x00000000b5d00000|  0%| F|  |TAMS 0x00000000b5c00000, 0x00000000b5c00000| Untracked 
| 335|0x00000000b5d00000, 0x00000000b5d00000, 0x00000000b5e00000|  0%| F|  |TAMS 0x00000000b5d00000, 0x00000000b5d00000| Untracked 
| 336|0x00000000b5e00000, 0x00000000b5e00000, 0x00000000b5f00000|  0%| F|  |TAMS 0x00000000b5e00000, 0x00000000b5e00000| Untracked 
| 337|0x00000000b5f00000, 0x00000000b5f00000, 0x00000000b6000000|  0%| F|  |TAMS 0x00000000b5f00000, 0x00000000b5f00000| Untracked 

Card table byte_map: [0x0000024095230000,0x0000024095530000] _byte_map_base: 0x0000024094d29000

Marking Bits (Prev, Next): (CMBitMap*) 0x000002408f5f52f0, (CMBitMap*) 0x000002408f5f52b0
 Prev Bits: [0x0000024097000000, 0x00000240987c8000)
 Next Bits: [0x0000024095830000, 0x0000024096ff8000)

Polling page: 0x000002408d2d0000

Metaspace:

Usage:
  Non-class:     33.35 MB used.
      Class:      4.83 MB used.
       Both:     38.18 MB used.

Virtual space:
  Non-class space:       40.00 MB reserved,      33.56 MB ( 84%) committed,  5 nodes.
      Class space:        1.00 GB reserved,       5.00 MB ( <1%) committed,  1 nodes.
             Both:        1.04 GB reserved,      38.56 MB (  4%) committed. 

Chunk freelists:
   Non-Class:  2.02 MB
       Class:  2.89 MB
        Both:  4.91 MB

MaxMetaspaceSize: unlimited
CompressedClassSpaceSize: 1.00 GB
Initial GC threshold: 21.00 MB
Current GC threshold: 64.00 MB
CDS: off
MetaspaceReclaimPolicy: balanced
 - commit_granule_bytes: 65536.
 - commit_granule_words: 8192.
 - virtual_space_node_default_size: 1048576.
 - enlarge_chunks_in_place: 1.
 - new_chunks_are_fully_committed: 0.
 - uncommit_free_chunks: 1.
 - use_allocation_guard: 0.
 - handle_deallocations: 1.


Internal statistics:

num_allocs_failed_limit: 6.
num_arena_births: 384.
num_arena_deaths: 0.
num_vsnodes_births: 6.
num_vsnodes_deaths: 0.
num_space_committed: 617.
num_space_uncommitted: 0.
num_chunks_returned_to_freelist: 6.
num_chunks_taken_from_freelist: 1545.
num_chunk_merges: 6.
num_chunk_splits: 1068.
num_chunks_enlarged: 823.
num_purges: 0.
num_inconsistent_stats: 0.

CodeCache: size=49152Kb used=7919Kb max_used=8888Kb free=41232Kb
 bounds [0x0000024092230000, 0x0000024092b20000, 0x0000024095230000]
 total_blobs=4595 nmethods=4062 adapters=460
 compilation: enabled
              stopped_count=0, restarted_count=0
 full_count=0

Compilation events (20 events):
Event: 33.830 Thread 0x000002409adf3a50 4060       1       io.github.classgraph.AnnotationParameterValue::<init> (22 bytes)
Event: 33.831 Thread 0x000002409adf3a50 nmethod 4060 0x0000024092463610 code [0x00000240924637c0, 0x00000240924639c8]
Event: 33.831 Thread 0x000002409adf3a50 4059       1       io.github.classgraph.MethodInfoList::<init> (5 bytes)
Event: 33.831 Thread 0x000002409adf3a50 nmethod 4059 0x0000024092463290 code [0x0000024092463420, 0x0000024092463558]
Event: 34.039 Thread 0x000002409adf3a50 4061       1       io.github.classgraph.ObjectTypedValueWrapper::instantiateOrGet (416 bytes)
Event: 34.041 Thread 0x000002409adf3a50 nmethod 4061 0x0000024092462410 code [0x00000240924626e0, 0x0000024092462fe8]
Event: 34.041 Thread 0x000002409adf3a50 4062       1       io.github.classgraph.Classfile::extendScanningUpwardsFromAnnotationParameterValues (166 bytes)
Event: 34.043 Thread 0x000002409adf3a50 nmethod 4062 0x0000024092461490 code [0x0000024092461720, 0x0000024092461ec8]
Event: 34.043 Thread 0x000002409adf3a50 4063       1       io.github.classgraph.AnnotationParameterValue::getValue (19 bytes)
Event: 34.043 Thread 0x000002409adf3a50 nmethod 4063 0x0000024092461110 code [0x00000240924612a0, 0x00000240924613c8]
Event: 34.043 Thread 0x000002409adf3a50 4064       1       io.github.classgraph.ObjectTypedValueWrapper::get (7 bytes)
Event: 34.043 Thread 0x000002409adf3a50 nmethod 4064 0x0000024092460e10 code [0x0000024092460fa0, 0x0000024092461088]
Event: 34.534 Thread 0x000002409adf3a50 4065       1       io.github.classgraph.ClasspathElementZip::getResource (12 bytes)
Event: 34.535 Thread 0x000002409adf3a50 nmethod 4065 0x0000024092460a90 code [0x0000024092460c20, 0x0000024092460d48]
Event: 34.563 Thread 0x000002409adf3a50 4066       1       io.github.classgraph.ClasspathElementModule::getResource (23 bytes)
Event: 34.564 Thread 0x000002409adf3a50 nmethod 4066 0x0000024092460490 code [0x0000024092460640, 0x00000240924609a8]
Event: 34.674 Thread 0x000002409adf3a50 4067       1       sun.nio.fs.WindowsException::lastError (5 bytes)
Event: 34.674 Thread 0x000002409adf3a50 nmethod 4067 0x0000024092460190 code [0x0000024092460320, 0x00000240924603f8]
Event: 34.712 Thread 0x000002409adf3a50 4068       1       java.lang.Exception::<init> (6 bytes)
Event: 34.713 Thread 0x000002409adf3a50 nmethod 4068 0x000002409245fc90 code [0x000002409245fe40, 0x00000240924600c8]

GC Heap History (20 events):
Event: 31.861 GC heap after
{Heap after GC invocations=47 (full 0):
 garbage-first heap   total 294912K, used 150347K [0x00000000a0e00000, 0x0000000100000000)
  region size 1024K, 11 young (11264K), 11 survivors (11264K)
 Metaspace       used 39097K, committed 39488K, reserved 1089536K
  class space    used 4941K, committed 5120K, reserved 1048576K
}
Event: 32.234 GC heap before
{Heap before GC invocations=47 (full 0):
 garbage-first heap   total 294912K, used 249675K [0x00000000a0e00000, 0x0000000100000000)
  region size 1024K, 109 young (111616K), 11 survivors (11264K)
 Metaspace       used 39097K, committed 39488K, reserved 1089536K
  class space    used 4941K, committed 5120K, reserved 1048576K
}
Event: 32.249 GC heap after
{Heap after GC invocations=48 (full 0):
 garbage-first heap   total 294912K, used 155422K [0x00000000a0e00000, 0x0000000100000000)
  region size 1024K, 11 young (11264K), 11 survivors (11264K)
 Metaspace       used 39097K, committed 39488K, reserved 1089536K
  class space    used 4941K, committed 5120K, reserved 1048576K
}
Event: 32.620 GC heap before
{Heap before GC invocations=48 (full 0):
 garbage-first heap   total 294912K, used 249630K [0x00000000a0e00000, 0x0000000100000000)
  region size 1024K, 104 young (106496K), 11 survivors (11264K)
 Metaspace       used 39097K, committed 39488K, reserved 1089536K
  class space    used 4941K, committed 5120K, reserved 1048576K
}
Event: 32.635 GC heap after
{Heap after GC invocations=49 (full 0):
 garbage-first heap   total 346112K, used 160232K [0x00000000a0e00000, 0x0000000100000000)
  region size 1024K, 10 young (10240K), 10 survivors (10240K)
 Metaspace       used 39097K, committed 39488K, reserved 1089536K
  class space    used 4941K, committed 5120K, reserved 1048576K
}
Event: 33.635 GC heap before
{Heap before GC invocations=49 (full 0):
 garbage-first heap   total 346112K, used 292328K [0x00000000a0e00000, 0x0000000100000000)
  region size 1024K, 140 young (143360K), 10 survivors (10240K)
 Metaspace       used 39097K, committed 39488K, reserved 1089536K
  class space    used 4941K, committed 5120K, reserved 1048576K
}
Event: 33.654 GC heap after
{Heap after GC invocations=50 (full 0):
 garbage-first heap   total 346112K, used 166331K [0x00000000a0e00000, 0x0000000100000000)
  region size 1024K, 16 young (16384K), 16 survivors (16384K)
 Metaspace       used 39097K, committed 39488K, reserved 1089536K
  class space    used 4941K, committed 5120K, reserved 1048576K
}
Event: 34.209 GC heap before
{Heap before GC invocations=50 (full 0):
 garbage-first heap   total 346112K, used 293307K [0x00000000a0e00000, 0x0000000100000000)
  region size 1024K, 141 young (144384K), 16 survivors (16384K)
 Metaspace       used 39097K, committed 39488K, reserved 1089536K
  class space    used 4941K, committed 5120K, reserved 1048576K
}
Event: 34.228 GC heap after
{Heap after GC invocations=51 (full 0):
 garbage-first heap   total 346112K, used 173337K [0x00000000a0e00000, 0x0000000100000000)
  region size 1024K, 14 young (14336K), 14 survivors (14336K)
 Metaspace       used 39097K, committed 39488K, reserved 1089536K
  class space    used 4941K, committed 5120K, reserved 1048576K
}
Event: 34.689 GC heap before
{Heap before GC invocations=51 (full 0):
 garbage-first heap   total 346112K, used 294169K [0x00000000a0e00000, 0x0000000100000000)
  region size 1024K, 133 young (136192K), 14 survivors (14336K)
 Metaspace       used 39097K, committed 39488K, reserved 1089536K
  class space    used 4941K, committed 5120K, reserved 1048576K
}
Event: 34.708 GC heap after
{Heap after GC invocations=52 (full 0):
 garbage-first heap   total 346112K, used 179375K [0x00000000a0e00000, 0x0000000100000000)
  region size 1024K, 13 young (13312K), 13 survivors (13312K)
 Metaspace       used 39097K, committed 39488K, reserved 1089536K
  class space    used 4941K, committed 5120K, reserved 1048576K
}
Event: 35.130 GC heap before
{Heap before GC invocations=52 (full 0):
 garbage-first heap   total 346112K, used 295087K [0x00000000a0e00000, 0x0000000100000000)
  region size 1024K, 127 young (130048K), 13 survivors (13312K)
 Metaspace       used 39097K, committed 39488K, reserved 1089536K
  class space    used 4941K, committed 5120K, reserved 1048576K
}
Event: 35.147 GC heap after
{Heap after GC invocations=53 (full 0):
 garbage-first heap   total 346112K, used 183808K [0x00000000a0e00000, 0x0000000100000000)
  region size 1024K, 11 young (11264K), 11 survivors (11264K)
 Metaspace       used 39097K, committed 39488K, reserved 1089536K
  class space    used 4941K, committed 5120K, reserved 1048576K
}
Event: 35.588 GC heap before
{Heap before GC invocations=53 (full 0):
 garbage-first heap   total 346112K, used 295424K [0x00000000a0e00000, 0x0000000100000000)
  region size 1024K, 121 young (123904K), 11 survivors (11264K)
 Metaspace       used 39097K, committed 39488K, reserved 1089536K
  class space    used 4941K, committed 5120K, reserved 1048576K
}
Event: 35.602 GC heap after
{Heap after GC invocations=54 (full 0):
 garbage-first heap   total 346112K, used 190265K [0x00000000a0e00000, 0x0000000100000000)
  region size 1024K, 12 young (12288K), 12 survivors (12288K)
 Metaspace       used 39097K, committed 39488K, reserved 1089536K
  class space    used 4941K, committed 5120K, reserved 1048576K
}
Event: 36.091 GC heap before
{Heap before GC invocations=54 (full 0):
 garbage-first heap   total 346112K, used 295737K [0x00000000a0e00000, 0x0000000100000000)
  region size 1024K, 116 young (118784K), 12 survivors (12288K)
 Metaspace       used 39097K, committed 39488K, reserved 1089536K
  class space    used 4941K, committed 5120K, reserved 1048576K
}
Event: 36.106 GC heap after
{Heap after GC invocations=55 (full 0):
 garbage-first heap   total 346112K, used 196348K [0x00000000a0e00000, 0x0000000100000000)
  region size 1024K, 12 young (12288K), 12 survivors (12288K)
 Metaspace       used 39097K, committed 39488K, reserved 1089536K
  class space    used 4941K, committed 5120K, reserved 1048576K
}
Event: 36.478 GC heap before
{Heap before GC invocations=55 (full 0):
 garbage-first heap   total 346112K, used 295676K [0x00000000a0e00000, 0x0000000100000000)
  region size 1024K, 110 young (112640K), 12 survivors (12288K)
 Metaspace       used 39097K, committed 39488K, reserved 1089536K
  class space    used 4941K, committed 5120K, reserved 1048576K
}
Event: 36.492 GC heap after
{Heap after GC invocations=56 (full 0):
 garbage-first heap   total 346112K, used 201028K [0x00000000a0e00000, 0x0000000100000000)
  region size 1024K, 11 young (11264K), 11 survivors (11264K)
 Metaspace       used 39097K, committed 39488K, reserved 1089536K
  class space    used 4941K, committed 5120K, reserved 1048576K
}
Event: 37.022 GC heap before
{Heap before GC invocations=56 (full 0):
 garbage-first heap   total 346112K, used 297284K [0x00000000a0e00000, 0x0000000100000000)
  region size 1024K, 106 young (108544K), 11 survivors (11264K)
 Metaspace       used 39097K, committed 39488K, reserved 1089536K
  class space    used 4941K, committed 5120K, reserved 1048576K
}

Deoptimization events (12 events):
Event: 7.892 Thread 0x000002408f5a78c0 DEOPT PACKING pc=0x00000240926f7c19 sp=0x000000c0c36fd020
Event: 7.892 Thread 0x000002408f5a78c0 DEOPT UNPACKING pc=0x0000024092282b43 sp=0x000000c0c36fc500 mode 3
Event: 15.063 Thread 0x000002408f5a78c0 DEOPT PACKING pc=0x0000024092869919 sp=0x000000c0c36fc390
Event: 15.063 Thread 0x000002408f5a78c0 DEOPT UNPACKING pc=0x0000024092282b43 sp=0x000000c0c36fb870 mode 3
Event: 18.026 Thread 0x000002409d288f50 DEOPT PACKING pc=0x000002409291b6b5 sp=0x000000c0c53fd440
Event: 18.026 Thread 0x000002409d288f50 DEOPT UNPACKING pc=0x0000024092282b43 sp=0x000000c0c53fc968 mode 3
Event: 18.660 Thread 0x000002409d28a430 DEOPT PACKING pc=0x0000024092934d2b sp=0x000000c0c54fe550
Event: 18.660 Thread 0x000002409d28a430 DEOPT UNPACKING pc=0x0000024092282b43 sp=0x000000c0c54fda98 mode 3
Event: 19.375 Thread 0x000002409c075e80 DEOPT PACKING pc=0x00000240926fad01 sp=0x000000c0c52fdd10
Event: 19.375 Thread 0x000002409c075e80 DEOPT UNPACKING pc=0x0000024092282b43 sp=0x000000c0c52fd1a0 mode 3
Event: 20.844 Thread 0x000002409d7c93d0 DEOPT PACKING pc=0x00000240926f5097 sp=0x000000c0c5eff210
Event: 20.844 Thread 0x000002409d7c93d0 DEOPT UNPACKING pc=0x0000024092282b43 sp=0x000000c0c5efe668 mode 3

Classes unloaded (0 events):
No events

Classes redefined (0 events):
No events

Internal exceptions (20 events):
Event: 34.929 Thread 0x000002409d7c98a0 Exception <a 'sun/nio/fs/WindowsException'{0x00000000b326c9c8}> (0x00000000b326c9c8) 
thrown [s\src\hotspot\share\prims\jni.cpp, line 516]
Event: 34.929 Thread 0x000002409d7c98a0 Exception <a 'sun/nio/fs/WindowsException'{0x00000000b326ce40}> (0x00000000b326ce40) 
thrown [s\src\hotspot\share\prims\jni.cpp, line 516]
Event: 35.909 Thread 0x000002409d7c98a0 Exception <a 'sun/nio/fs/WindowsException'{0x00000000b1462bf0}> (0x00000000b1462bf0) 
thrown [s\src\hotspot\share\prims\jni.cpp, line 516]
Event: 35.909 Thread 0x000002409d7c98a0 Exception <a 'sun/nio/fs/WindowsException'{0x00000000b1463090}> (0x00000000b1463090) 
thrown [s\src\hotspot\share\prims\jni.cpp, line 516]
Event: 35.961 Thread 0x000002409d7ca710 Exception <a 'sun/nio/fs/WindowsException'{0x00000000b0316a18}> (0x00000000b0316a18) 
thrown [s\src\hotspot\share\prims\jni.cpp, line 516]
Event: 35.961 Thread 0x000002409d7ca710 Exception <a 'sun/nio/fs/WindowsException'{0x00000000b0316e98}> (0x00000000b0316e98) 
thrown [s\src\hotspot\share\prims\jni.cpp, line 516]
Event: 35.961 Thread 0x000002409d7ca710 Exception <a 'sun/nio/fs/WindowsException'{0x00000000b0317ae0}> (0x00000000b0317ae0) 
thrown [s\src\hotspot\share\prims\jni.cpp, line 516]
Event: 35.961 Thread 0x000002409d7ca710 Exception <a 'sun/nio/fs/WindowsException'{0x00000000b0317f30}> (0x00000000b0317f30) 
thrown [s\src\hotspot\share\prims\jni.cpp, line 516]
Event: 36.112 Thread 0x000002409d7cb0b0 Exception <a 'sun/nio/fs/WindowsException'{0x00000000b5fe21a8}> (0x00000000b5fe21a8) 
thrown [s\src\hotspot\share\prims\jni.cpp, line 516]
Event: 36.112 Thread 0x000002409d7cb0b0 Exception <a 'sun/nio/fs/WindowsException'{0x00000000b5fe2688}> (0x00000000b5fe2688) 
thrown [s\src\hotspot\share\prims\jni.cpp, line 516]
Event: 36.647 Thread 0x000002409d7c8f00 Exception <a 'sun/nio/fs/WindowsException'{0x00000000b3b9c380}> (0x00000000b3b9c380) 
thrown [s\src\hotspot\share\prims\jni.cpp, line 516]
Event: 36.647 Thread 0x000002409d7c8f00 Exception <a 'sun/nio/fs/WindowsException'{0x00000000b3b9c850}> (0x00000000b3b9c850) 
thrown [s\src\hotspot\share\prims\jni.cpp, line 516]
Event: 36.699 Thread 0x000002409d7ca710 Exception <a 'sun/nio/fs/WindowsException'{0x00000000b32877b0}> (0x00000000b32877b0) 
thrown [s\src\hotspot\share\prims\jni.cpp, line 516]
Event: 36.699 Thread 0x000002409d7ca710 Exception <a 'sun/nio/fs/WindowsException'{0x00000000b3287bf0}> (0x00000000b3287bf0) 
thrown [s\src\hotspot\share\prims\jni.cpp, line 516]
Event: 36.699 Thread 0x000002409d7c8f00 Exception <a 'sun/nio/fs/WindowsException'{0x00000000b2c14018}> (0x00000000b2c14018) 
thrown [s\src\hotspot\share\prims\jni.cpp, line 516]
Event: 36.699 Thread 0x000002409d7cb0b0 Exception <a 'sun/nio/fs/WindowsException'{0x00000000b2c5b580}> (0x00000000b2c5b580) 
thrown [s\src\hotspot\share\prims\jni.cpp, line 516]
Event: 36.699 Thread 0x000002409d7c8f00 Exception <a 'sun/nio/fs/WindowsException'{0x00000000b2c14458}> (0x00000000b2c14458) 
thrown [s\src\hotspot\share\prims\jni.cpp, line 516]
Event: 36.699 Thread 0x000002409d7cb0b0 Exception <a 'sun/nio/fs/WindowsException'{0x00000000b2c5b9d0}> (0x00000000b2c5b9d0) 
thrown [s\src\hotspot\share\prims\jni.cpp, line 516]
Event: 37.018 Thread 0x000002409d7c98a0 Exception <a 'sun/nio/fs/WindowsException'{0x00000000b0214120}> (0x00000000b0214120) 
thrown [s\src\hotspot\share\prims\jni.cpp, line 516]
Event: 37.018 Thread 0x000002409d7c98a0 Exception <a 'sun/nio/fs/WindowsException'{0x00000000b02145d0}> (0x00000000b02145d0) 
thrown [s\src\hotspot\share\prims\jni.cpp, line 516]

VM Operations (20 events):
Event: 32.620 Executing VM operation: G1CollectForAllocation done
Event: 32.620 Executing VM operation: G1CollectForAllocation
Event: 32.641 Executing VM operation: G1CollectForAllocation done
Event: 33.635 Executing VM operation: G1CollectForAllocation
Event: 33.657 Executing VM operation: G1CollectForAllocation done
Event: 34.209 Executing VM operation: G1CollectForAllocation
Event: 34.209 Executing VM operation: G1CollectForAllocation done
Event: 34.209 Executing VM operation: G1CollectForAllocation
Event: 34.228 Executing VM operation: G1CollectForAllocation done
Event: 34.689 Executing VM operation: G1CollectForAllocation
Event: 34.709 Executing VM operation: G1CollectForAllocation done
Event: 35.130 Executing VM operation: G1CollectForAllocation
Event: 35.149 Executing VM operation: G1CollectForAllocation done
Event: 35.588 Executing VM operation: G1CollectForAllocation
Event: 35.602 Executing VM operation: G1CollectForAllocation done
Event: 36.091 Executing VM operation: G1CollectForAllocation
Event: 36.112 Executing VM operation: G1CollectForAllocation done
Event: 36.478 Executing VM operation: G1CollectForAllocation
Event: 36.492 Executing VM operation: G1CollectForAllocation done
Event: 37.022 Executing VM operation: G1CollectForAllocation

Events (20 events):
Event: 22.024 loading class java/nio/channels/NonWritableChannelException done
Event: 22.140 loading class java/util/WeakHashMap$EntrySet
Event: 22.140 loading class java/util/WeakHashMap$EntrySet done
Event: 22.140 loading class java/util/WeakHashMap$EntryIterator
Event: 22.140 loading class java/util/WeakHashMap$HashIterator
Event: 22.141 loading class java/util/WeakHashMap$HashIterator done
Event: 22.141 loading class java/util/WeakHashMap$EntryIterator done
Event: 22.237 Thread 0x000002409d7c8090 Thread added: 0x000002409d7c8090
Event: 22.381 loading class java/security/NoSuchAlgorithmException
Event: 22.381 loading class java/security/NoSuchAlgorithmException done
Event: 22.382 loading class sun/security/provider/MD5
Event: 22.383 loading class sun/security/provider/MD5 done
Event: 22.383 loading class sun/security/provider/ByteArrayAccess$LE
Event: 22.383 loading class sun/security/provider/ByteArrayAccess$LE done
Event: 23.428 Thread 0x000002409bf75160 Thread exited: 0x000002409bf75160
Event: 24.066 Thread 0x000002409be693b0 Thread exited: 0x000002409be693b0
Event: 24.309 Thread 0x000002409f68c8a0 Thread added: 0x000002409f68c8a0
Event: 24.310 Thread 0x000002409dfcc470 Thread added: 0x000002409dfcc470
Event: 28.260 Thread 0x000002409dfcc470 Thread exited: 0x000002409dfcc470
Event: 31.631 Thread 0x000002409f68c8a0 Thread exited: 0x000002409f68c8a0


Dynamic libraries:
0x00007ff6e5820000 - 0x00007ff6e582e000 	c:\Users\HP\.vscode\extensions\redhat.java-1.12.0-win32-x64\jre\17.0.4.1-win32-x86_64\bin\java.exe
0x00007ffb04120000 - 0x00007ffb04329000 	C:\windows\SYSTEM32\ntdll.dll
0x00007ffb03060000 - 0x00007ffb0311d000 	C:\windows\System32\KERNEL32.DLL
0x00007ffb01b60000 - 0x00007ffb01edb000 	C:\windows\System32\KERNELBASE.dll
0x00007ffafec00000 - 0x00007ffafec92000 	C:\windows\SYSTEM32\apphelp.dll
0x00007ffb01710000 - 0x00007ffb01821000 	C:\windows\System32\ucrtbase.dll
0x00007ffaeb660000 - 0x00007ffaeb678000 	c:\Users\HP\.vscode\extensions\redhat.java-1.12.0-win32-x64\jre\17.0.4.1-win32-x86_64\bin\jli.dll
0x00007ffb020a0000 - 0x00007ffb0224d000 	C:\windows\System32\USER32.dll
0x00007ffb01830000 - 0x00007ffb01856000 	C:\windows\System32\win32u.dll
0x00007ffb02b70000 - 0x00007ffb02b99000 	C:\windows\System32\GDI32.dll
0x00007ffb015f0000 - 0x00007ffb01708000 	C:\windows\System32\gdi32full.dll
0x00007ffb01860000 - 0x00007ffb018fd000 	C:\windows\System32\msvcp_win.dll
0x00007ffaeae80000 - 0x00007ffaeae99000 	c:\Users\HP\.vscode\extensions\redhat.java-1.12.0-win32-x64\jre\17.0.4.1-win32-x86_64\bin\VCRUNTIME140.dll
0x00007ffaec1b0000 - 0x00007ffaec455000 	C:\windows\WinSxS\amd64_microsoft.windows.common-controls_6595b64144ccf1df_6.0.22000.120_none_9d947278b86cc467\COMCTL32.dll
0x00007ffb03bc0000 - 0x00007ffb03c63000 	C:\windows\System32\msvcrt.dll
0x00007ffb02c20000 - 0x00007ffb02c51000 	C:\windows\System32\IMM32.DLL
0x00007ffaf0ad0000 - 0x00007ffaf0adc000 	c:\Users\HP\.vscode\extensions\redhat.java-1.12.0-win32-x64\jre\17.0.4.1-win32-x86_64\bin\vcruntime140_1.dll
0x00007ffacfda0000 - 0x00007ffacfe31000 	c:\Users\HP\.vscode\extensions\redhat.java-1.12.0-win32-x64\jre\17.0.4.1-win32-x86_64\bin\msvcp140.dll
0x00007ffaaa3f0000 - 0x00007ffaab036000 	c:\Users\HP\.vscode\extensions\redhat.java-1.12.0-win32-x64\jre\17.0.4.1-win32-x86_64\bin\server\jvm.dll
0x00007ffb035e0000 - 0x00007ffb0368e000 	C:\windows\System32\ADVAPI32.dll
0x00007ffb03690000 - 0x00007ffb0372e000 	C:\windows\System32\sechost.dll
0x00007ffb03120000 - 0x00007ffb03240000 	C:\windows\System32\RPCRT4.dll
0x00007ffb03430000 - 0x00007ffb03438000 	C:\windows\System32\PSAPI.DLL
0x00007ffafd410000 - 0x00007ffafd419000 	C:\windows\SYSTEM32\WSOCK32.dll
0x00007ffb02250000 - 0x00007ffb022bf000 	C:\windows\System32\WS2_32.dll
0x00007ffaf9390000 - 0x00007ffaf93c3000 	C:\windows\SYSTEM32\WINMM.dll
0x00007ffaf8640000 - 0x00007ffaf864a000 	C:\windows\SYSTEM32\VERSION.dll
0x00007ffb00670000 - 0x00007ffb00688000 	C:\windows\SYSTEM32\kernel.appcore.dll
0x00007ffaeace0000 - 0x00007ffaeacea000 	c:\Users\HP\.vscode\extensions\redhat.java-1.12.0-win32-x64\jre\17.0.4.1-win32-x86_64\bin\jimage.dll
0x00007ffaec510000 - 0x00007ffaec731000 	C:\windows\SYSTEM32\DBGHELP.DLL
0x00007ffae4e20000 - 0x00007ffae4e51000 	C:\windows\SYSTEM32\dbgcore.DLL
0x00007ffb01900000 - 0x00007ffb0197f000 	C:\windows\System32\bcryptPrimitives.dll
0x00007ffad4940000 - 0x00007ffad4965000 	c:\Users\HP\.vscode\extensions\redhat.java-1.12.0-win32-x64\jre\17.0.4.1-win32-x86_64\bin\java.dll
0x00007ffae1a80000 - 0x00007ffae1a98000 	c:\Users\HP\.vscode\extensions\redhat.java-1.12.0-win32-x64\jre\17.0.4.1-win32-x86_64\bin\zip.dll
0x00007ffb023a0000 - 0x00007ffb02b58000 	C:\windows\System32\SHELL32.dll
0x00007ffaff6e0000 - 0x00007ffafff45000 	C:\windows\SYSTEM32\windows.storage.dll
0x00007ffb03c70000 - 0x00007ffb03fe7000 	C:\windows\System32\combase.dll
0x00007ffaff570000 - 0x00007ffaff6d6000 	C:\windows\SYSTEM32\wintypes.dll
0x00007ffb01fa0000 - 0x00007ffb0208a000 	C:\windows\System32\SHCORE.dll
0x00007ffb02340000 - 0x00007ffb0239d000 	C:\windows\System32\shlwapi.dll
0x00007ffb01520000 - 0x00007ffb01541000 	C:\windows\SYSTEM32\profapi.dll
0x00007ffadc7e0000 - 0x00007ffadc7f9000 	C:\Users\HP\.vscode\extensions\redhat.java-1.12.0-win32-x64\jre\17.0.4.1-win32-x86_64\bin\net.dll
0x00007ffafa670000 - 0x00007ffafa77c000 	C:\windows\SYSTEM32\WINHTTP.dll
0x00007ffb00b10000 - 0x00007ffb00b77000 	C:\windows\system32\mswsock.dll
0x00007ffadc5f0000 - 0x00007ffadc605000 	C:\Users\HP\.vscode\extensions\redhat.java-1.12.0-win32-x64\jre\17.0.4.1-win32-x86_64\bin\nio.dll
0x00007ffadc4f0000 - 0x00007ffadc500000 	c:\Users\HP\.vscode\extensions\redhat.java-1.12.0-win32-x64\jre\17.0.4.1-win32-x86_64\bin\verify.dll
0x00007ffadb870000 - 0x00007ffadb879000 	C:\Users\HP\.vscode\extensions\redhat.java-1.12.0-win32-x64\jre\17.0.4.1-win32-x86_64\bin\management.dll
0x00007ffadabc0000 - 0x00007ffadabcb000 	C:\Users\HP\.vscode\extensions\redhat.java-1.12.0-win32-x64\jre\17.0.4.1-win32-x86_64\bin\management_ext.dll
0x00007ffae38f0000 - 0x00007ffae3907000 	C:\windows\system32\napinsp.dll
0x00007ffae45f0000 - 0x00007ffae460b000 	C:\windows\system32\pnrpnsp.dll
0x00007ffb001d0000 - 0x00007ffb002b8000 	C:\windows\SYSTEM32\DNSAPI.dll
0x00007ffb001a0000 - 0x00007ffb001cd000 	C:\windows\SYSTEM32\IPHLPAPI.DLL
0x00007ffb02090000 - 0x00007ffb02099000 	C:\windows\System32\NSI.dll
0x00007ffae36b0000 - 0x00007ffae36c2000 	C:\windows\System32\winrnr.dll
0x00007ffaf8810000 - 0x00007ffaf8825000 	C:\windows\system32\wshbth.dll
0x00007ffae3690000 - 0x00007ffae36af000 	C:\windows\system32\nlansp_c.dll
0x00007ffaf1af0000 - 0x00007ffaf1afa000 	C:\Windows\System32\rasadhlp.dll
0x00007ffaf6500000 - 0x00007ffaf6581000 	C:\windows\System32\fwpuclnt.dll
0x00007ffb00d60000 - 0x00007ffb00d78000 	C:\windows\SYSTEM32\CRYPTSP.dll
0x00007ffb005d0000 - 0x00007ffb00605000 	C:\windows\system32\rsaenh.dll
0x00007ffb00c00000 - 0x00007ffb00c29000 	C:\windows\SYSTEM32\USERENV.dll
0x00007ffb00ee0000 - 0x00007ffb00f07000 	C:\windows\SYSTEM32\bcrypt.dll
0x00007ffb00d50000 - 0x00007ffb00d5c000 	C:\windows\SYSTEM32\CRYPTBASE.dll
0x00007ffafaa00000 - 0x00007ffafaa19000 	C:\windows\SYSTEM32\dhcpcsvc6.DLL
0x00007ffafae70000 - 0x00007ffafae8e000 	C:\windows\SYSTEM32\dhcpcsvc.DLL

dbghelp: loaded successfully - version: 4.0.5 - missing functions: none
symbol engine: initialized successfully - sym options: 0x614 - pdb path: .;c:\Users\HP\.vscode\extensions\redhat.java-1.12.0-win32-x64\jre\17.0.4.1-win32-x86_64\bin;C:\windows\SYSTEM32;C:\windows\WinSxS\amd64_microsoft.windows.common-controls_6595b64144ccf1df_6.0.22000.120_none_9d947278b86cc467;c:\Users\HP\.vscode\extensions\redhat.java-1.12.0-win32-x64\jre\17.0.4.1-win32-x86_64\bin\server

VM Arguments:
jvm_args: -Dsts.lsp.client=vscode -Dsts.log.file=/dev/null -XX:TieredStopAtLevel=1 -Xlog:jni+resolve=off -Dspring.config.location=file:c:\Users\HP\.vscode\extensions\pivotal.vscode-spring-boot-1.40.0\language-server\BOOT-INF\classes\application.properties 
java_command: org.springframework.ide.vscode.boot.app.BootLanguageServerBootApp
java_class_path (initial): c:\Users\HP\.vscode\extensions\pivotal.vscode-spring-boot-1.40.0\language-server\BOOT-INF\classes;c:\Users\HP\.vscode\extensions\pivotal.vscode-spring-boot-1.40.0\language-server\BOOT-INF\lib\annotations-23.0.0.jar;c:\Users\HP\.vscode\extensions\pivotal.vscode-spring-boot-1.40.0\language-server\BOOT-INF\lib\ant-1.10.12.jar;c:\Users\HP\.vscode\extensions\pivotal.vscode-spring-boot-1.40.0\language-server\BOOT-INF\lib\ant-launcher-1.10.12.jar;c:\Users\HP\.vscode\extensions\pivotal.vscode-spring-boot-1.40.0\language-server\BOOT-INF\lib\antlr-runtime-3.5.2.jar;c:\Users\HP\.vscode\extensions\pivotal.vscode-spring-boot-1.40.0\language-server\BOOT-INF\lib\antlr4-4.9.3.jar;c:\Users\HP\.vscode\extensions\pivotal.vscode-spring-boot-1.40.0\language-server\BOOT-INF\lib\antlr4-runtime-4.9.3.jar;c:\Users\HP\.vscode\extensions\pivotal.vscode-spring-boot-1.40.0\language-server\BOOT-INF\lib\asm-9.3.jar;c:\Users\HP\.vscode\extensions\pivotal.vscode-spring-boot-1.40.0\language-server\BOOT-INF\lib\asm-analysis-9.3.jar;c:\Users\HP\.vscode\extensions\pivotal.vscode-spring-boot-1.40.0\language-server\BOOT-INF\lib\asm-tree-9.3.jar;c:\Users\HP\.vscode\extensions\pivotal.vscode-spring-boot-1.40.0\language-server\BOOT-INF\lib\asm-util-9.3.jar;c:\Users\HP\.vscode\extensions\pivotal.vscode-spring-boot-1.40.0\language-server\BOOT-INF\lib\byte-buddy-1.12.13.jar;c:\Users\HP\.vscode\extensions\pivotal.vscode-spring-boot-1.40.0\language-server\BOOT-INF\lib\caffeine-2.9.3.jar;c:\Users\HP\.vscode\extensions\pivotal.vscode-spring-boot-1.40.0\language-server\BOOT-INF\lib\checker-qual-3.12.0.jar;c:\Users\HP\.vscode\extensions\pivotal.vscode-spring-boot-1.40.0\language-server\BOOT-INF\lib\classgraph-4.8.149.jar;c:\Users\HP\.vscode\extensions\pivotal.vscode-spring-boot-1.40.0\language-server\BOOT-INF\lib\commons-codec-1.15.jar;c:\Users\HP\.vscode\extensions\pivotal.vscode-spring-boot-1.40.0\language-server\BOOT-INF\lib\commons-compress-1.21.jar;c:\Users\HP\.vscode\extensions\piv
Launcher Type: SUN_STANDARD

[Global flags]
     intx CICompilerCount                          = 3                                         {product} {ergonomic}
     uint ConcGCThreads                            = 1                                         {product} {ergonomic}
     uint G1ConcRefinementThreads                  = 4                                         {product} {ergonomic}
   size_t G1HeapRegionSize                         = 1048576                                   {product} {ergonomic}
    uintx GCDrainStackTargetSize                   = 64                                        {product} {ergonomic}
   size_t InitialHeapSize                          = 100663296                                 {product} {ergonomic}
   size_t MarkStackSize                            = 4194304                                   {product} {ergonomic}
   size_t MaxHeapSize                              = 1595932672                                {product} {ergonomic}
   size_t MaxNewSize                               = 957349888                                 {product} {ergonomic}
   size_t MinHeapDeltaBytes                        = 1048576                                   {product} {ergonomic}
   size_t MinHeapSize                              = 8388608                                   {product} {ergonomic}
    uintx NonProfiledCodeHeapSize                  = 0                                      {pd product} {ergonomic}
     bool ProfileInterpreter                       = false                                  {pd product} {command line}
    uintx ProfiledCodeHeapSize                     = 0                                      {pd product} {ergonomic}
   size_t SoftMaxHeapSize                          = 1595932672                             {manageable} {ergonomic}
     intx TieredStopAtLevel                        = 1                                         {product} {command line}
     bool UseCompressedClassPointers               = true                           {product lp64_product} {ergonomic}
     bool UseCompressedOops                        = true                           {product lp64_product} {ergonomic}
     bool UseG1GC                                  = true                                      {product} {ergonomic}
     bool UseLargePagesIndividualAllocation        = false                                  {pd product} {ergonomic}

Logging:
Log output configuration:
 #0: stdout all=warning,jni+resolve=off uptime,level,tags
 #1: stderr all=off uptime,level,tags

Environment Variables:
CLASSPATH=C:\Users\HP\Downloads\mysql-connector-java-5.1.12.;
PATH=C:\Program Files\Common Files\Oracle\Java\javapath;C:\MinGW\bin;C:\ProgramData\Oracle\Java\javapath;C:\windows\system32;C:\windows;C:\windows\System32\Wbem;C:\windows\System32\WindowsPowerShell\v1.0\;C:\windows\System32\OpenSSH\;C:\MinGW\bin;C:\Program Files\Java\jdk-18\bin;C:\ProgramData\chocolatey\bin;C:\Program Files\Git\cmd;C:\Program Files (x86)\nodejs\;C:\Xammp Server\php;C:\Program Files\Go\bin;C:\xampp\php;C:\MinGW\bin;C:\Users\HP\AppData\Local\Programs\Microsoft VS Code\bin;C:\Users\HP\go\bin;
USERNAME=HP
OS=Windows_NT
PROCESSOR_IDENTIFIER=AMD64 Family 23 Model 24 Stepping 1, AuthenticAMD
TMP=C:\Users\HP\AppData\Local\Temp
TEMP=C:\Users\HP\AppData\Local\Temp



---------------  S Y S T E M  ---------------

OS:
 Windows 11 , 64 bit Build 22000 (10.0.22000.708)
OS uptime: 22 days 4:36 hours

CPU: total 4 (initial active 4) (4 cores per cpu, 2 threads per core) family 23 model 24 stepping 1 microcode 0x0, cx8, cmov, fxsr, ht, mmx, 3dnowpref, sse, sse2, sse3, ssse3, sse4a, sse4.1, sse4.2, popcnt, lzcnt, tsc, tscinvbit, avx, avx2, aes, clmul, bmi1, bmi2, adx, sha, fma, vzeroupper, clflush, clflushopt

Memory: 4k page, system-wide physical 6086M (296M free)
TotalPageFile size 22614M (AvailPageFile size 19M)
current process WorkingSet (physical memory assigned to process): 469M, peak: 469M
current process commit charge ("private bytes"): 475M, peak: 523M

vm_info: OpenJDK 64-Bit Server VM (17.0.4.1+1) for windows-amd64 JRE (17.0.4.1+1), built on Aug 17 2022 07:42:43 by "temurin" with MS VC++ 16.7 (VS2019)

END.
