#
# There is insufficient memory for the Java Runtime Environment to continue.
# Native memory allocation (mmap) failed to map 349175808 bytes for G1 virtual space
# Possible reasons:
#   The system is out of physical RAM or swap space
#   The process is running with CompressedOops enabled, and the Java Heap may be blocking the growth of the native heap
# Possible solutions:
#   Reduce memory load on the system
#   Increase physical memory or swap space
#   Check if swap backing store is full
#   Decrease Java heap size (-Xmx/-Xms)
#   Decrease number of Java threads
#   Decrease Java thread stack sizes (-Xss)
#   Set larger code cache with -XX:ReservedCodeCacheSize=
#   JVM is running with Unscaled Compressed Oops mode in which the Java heap is
#     placed in the first 4GB address space. The Java Heap base address is the
#     maximum limit for the native heap growth. Please use -XX:HeapBaseMinAddress
#     to set the Java Heap base and to place the Java Heap above 4GB virtual address.
# This output file may be truncated or incomplete.
#
#  Out of Memory Error (os_windows.cpp:3541), pid=1772, tid=27616
#
# JRE version: OpenJDK Runtime Environment Temurin-17.0.4.1+1 (17.0.4.1+1) (build 17.0.4.1+1)
# Java VM: OpenJDK 64-Bit Server VM Temurin-17.0.4.1+1 (17.0.4.1+1, mixed mode, emulated-client, tiered, compressed oops, compressed class ptrs, g1 gc, windows-amd64)
# No core dump will be written. Minidumps are not enabled by default on client versions of Windows
#

---------------  S U M M A R Y ------------

Command Line: -Dsts.lsp.client=vscode -Dsts.log.file=/dev/null -XX:TieredStopAtLevel=1 -Xlog:jni+resolve=off -Dspring.config.location=file:c:\Users\HP\.vscode\extensions\pivotal.vscode-spring-boot-1.40.0\language-server\BOOT-INF\classes\application.properties org.springframework.ide.vscode.boot.app.BootLanguageServerBootApp

Host: AMD Ryzen 3 3250U with Radeon Graphics         , 4 cores, 5G,  Windows 11 , 64 bit Build 22000 (10.0.22000.708)
Time: Tue Nov  8 23:30:37 2022 India Standard Time elapsed time: 30.171836 seconds (0d 0h 0m 30s)

---------------  T H R E A D  ---------------

Current thread (0x000001bc0d7c52e0):  VMThread "VM Thread" [stack: 0x00000036c0c00000,0x00000036c0d00000] [id=27616]

Stack: [0x00000036c0c00000,0x00000036c0d00000]
Native frames: (J=compiled Java code, j=interpreted, Vv=VM code, C=native code)
V  [jvm.dll+0x67731a]
V  [jvm.dll+0x832284]
V  [jvm.dll+0x833a2e]
V  [jvm.dll+0x834093]
V  [jvm.dll+0x245775]
V  [jvm.dll+0x674209]
V  [jvm.dll+0x668a92]
V  [jvm.dll+0x30471b]
V  [jvm.dll+0x30bc66]
V  [jvm.dll+0x35ba9e]
V  [jvm.dll+0x35bccf]
V  [jvm.dll+0x2db5b8]
V  [jvm.dll+0x2d986c]
V  [jvm.dll+0x2d8e3c]
V  [jvm.dll+0x31cd9b]
V  [jvm.dll+0x83853b]
V  [jvm.dll+0x839274]
V  [jvm.dll+0x83978c]
V  [jvm.dll+0x839b64]
V  [jvm.dll+0x839c30]
V  [jvm.dll+0x7e240a]
V  [jvm.dll+0x6761a5]
C  [ucrtbase.dll+0x26c0c]
C  [KERNEL32.DLL+0x154e0]
C  [ntdll.dll+0x485b]

VM_Operation (0x00000036c2bfe2e0): G1CollectForAllocation, mode: safepoint, requested by thread 0x000001bc10078d90


---------------  P R O C E S S  ---------------

Threads class SMR info:
_java_thread_list=0x000001bc0ebce730, length=31, elements={
0x000001bc0d7dc790, 0x000001bc0d7dd340, 0x000001bc0d81f130, 0x000001bc0d821a00,
0x000001bc0d8246d0, 0x000001bc0d824f90, 0x000001bc0d825900, 0x000001bc0d839170,
0x000001bc0e5ea050, 0x000001bc0e5ff020, 0x000001bc0e620010, 0x000001bc0fc7bf10,
0x000001bc0fd82120, 0x000001bc0fed62a0, 0x000001bc01fd7730, 0x000001bc0fe459d0,
0x000001bc0fc00390, 0x000001bc0ed90280, 0x000001bc0e551060, 0x000001bc0e551530,
0x000001bc10077f20, 0x000001bc10079c00, 0x000001bc10076be0, 0x000001bc10077a50,
0x000001bc100788c0, 0x000001bc10076240, 0x000001bc100770b0, 0x000001bc10078d90,
0x000001bc10077580, 0x000001bc10076710, 0x000001bc10079260
}

Java Threads: ( => current thread )
  0x000001bc0d7dc790 JavaThread "Reference Handler" daemon [_thread_blocked, id=51592, stack(0x00000036c0d00000,0x00000036c0e00000)]
  0x000001bc0d7dd340 JavaThread "Finalizer" daemon [_thread_blocked, id=33428, stack(0x00000036c0e00000,0x00000036c0f00000)]
  0x000001bc0d81f130 JavaThread "Signal Dispatcher" daemon [_thread_blocked, id=52524, stack(0x00000036c0f00000,0x00000036c1000000)]
  0x000001bc0d821a00 JavaThread "Attach Listener" daemon [_thread_blocked, id=52380, stack(0x00000036c1000000,0x00000036c1100000)]
  0x000001bc0d8246d0 JavaThread "Service Thread" daemon [_thread_blocked, id=38024, stack(0x00000036c1100000,0x00000036c1200000)]
  0x000001bc0d824f90 JavaThread "Monitor Deflation Thread" daemon [_thread_blocked, id=47768, stack(0x00000036c1200000,0x00000036c1300000)]
  0x000001bc0d825900 JavaThread "C1 CompilerThread0" daemon [_thread_blocked, id=21412, stack(0x00000036c1300000,0x00000036c1400000)]
  0x000001bc0d839170 JavaThread "Sweeper thread" daemon [_thread_blocked, id=28732, stack(0x00000036c1400000,0x00000036c1500000)]
  0x000001bc0e5ea050 JavaThread "Notification Thread" daemon [_thread_blocked, id=45132, stack(0x00000036c1600000,0x00000036c1700000)]
  0x000001bc0e5ff020 JavaThread "Common-Cleaner" daemon [_thread_blocked, id=27428, stack(0x00000036c1800000,0x00000036c1900000)]
  0x000001bc0e620010 JavaThread "boundedElastic-evictor-1" daemon [_thread_blocked, id=42196, stack(0x00000036c1500000,0x00000036c1600000)]
  0x000001bc0fc7bf10 JavaThread "C1 CompilerThread1" daemon [_thread_blocked, id=29700, stack(0x00000036c1b00000,0x00000036c1c00000)]
  0x000001bc0fd82120 JavaThread "pool-9-thread-1" [_thread_blocked, id=21136, stack(0x00000036c1e00000,0x00000036c1f00000)]
  0x000001bc0fed62a0 JavaThread "LanguageServerApp-lifecycle" [_thread_blocked, id=43472, stack(0x00000036c1f00000,0x00000036c2000000)]
  0x000001bc01fd7730 JavaThread "DestroyJavaVM" [_thread_blocked, id=48960, stack(0x00000036c0600000,0x00000036c0700000)]
  0x000001bc0fe459d0 JavaThread "pool-10-thread-1" [_thread_in_native, id=30836, stack(0x00000036c2000000,0x00000036c2100000)]
  0x000001bc0fc00390 JavaThread "Simple-Language-Server main thread" daemon [_thread_blocked, id=11256, stack(0x00000036c2100000,0x00000036c2200000)]
  0x000001bc0ed90280 JavaThread "ForkJoinPool.commonPool-worker-1" daemon [_thread_blocked, id=20464, stack(0x00000036c2200000,0x00000036c2300000)]
  0x000001bc0e551060 JavaThread "pool-7-thread-1" [_thread_blocked, id=37924, stack(0x00000036c2300000,0x00000036c2400000)]
  0x000001bc0e551530 JavaThread "parallel-1" daemon [_thread_blocked, id=29032, stack(0x00000036c2400000,0x00000036c2500000)]
  0x000001bc10077f20 JavaThread "Reconciler-1" daemon [_thread_blocked, id=3480, stack(0x00000036c2500000,0x00000036c2600000)]
  0x000001bc10079c00 JavaThread "parallel-2" daemon [_thread_blocked, id=53548, stack(0x00000036c1d00000,0x00000036c1e00000)]
  0x000001bc10076be0 JavaThread "ClassGraph-worker-0" daemon [_thread_blocked, id=5280, stack(0x00000036c2600000,0x00000036c2700000)]
  0x000001bc10077a50 JavaThread "ClassGraph-worker-1" daemon [_thread_blocked, id=37512, stack(0x00000036c2700000,0x00000036c2800000)]
  0x000001bc100788c0 JavaThread "ClassGraph-worker-2" daemon [_thread_blocked, id=20936, stack(0x00000036c2800000,0x00000036c2900000)]
  0x000001bc10076240 JavaThread "ClassGraph-worker-3" daemon [_thread_blocked, id=49716, stack(0x00000036c2900000,0x00000036c2a00000)]
  0x000001bc100770b0 JavaThread "ClassGraph-worker-4" daemon [_thread_blocked, id=20068, stack(0x00000036c2a00000,0x00000036c2b00000)]
  0x000001bc10078d90 JavaThread "ClassGraph-worker-5" daemon [_thread_blocked, id=27020, stack(0x00000036c2b00000,0x00000036c2c00000)]
  0x000001bc10077580 JavaThread "ClassGraph-worker-6" daemon [_thread_blocked, id=37728, stack(0x00000036c2c00000,0x00000036c2d00000)]
  0x000001bc10076710 JavaThread "ClassGraph-worker-7" daemon [_thread_blocked, id=1404, stack(0x00000036c2d00000,0x00000036c2e00000)]
  0x000001bc10079260 JavaThread "pool-5-thread-1" [_thread_blocked, id=13928, stack(0x00000036c2e00000,0x00000036c2f00000)]

Other Threads:
=>0x000001bc0d7c52e0 VMThread "VM Thread" [stack: 0x00000036c0c00000,0x00000036c0d00000] [id=27616]
  0x000001bc0e5ec530 WatcherThread [stack: 0x00000036c1700000,0x00000036c1800000] [id=4704]
  0x000001bc02024cd0 GCTaskThread "GC Thread#0" [stack: 0x00000036c0700000,0x00000036c0800000] [id=8796]
  0x000001bc0ee30710 GCTaskThread "GC Thread#1" [stack: 0x00000036c1900000,0x00000036c1a00000] [id=34992]
  0x000001bc0ee49450 GCTaskThread "GC Thread#2" [stack: 0x00000036c1a00000,0x00000036c1b00000] [id=52324]
  0x000001bc0ef2a680 GCTaskThread "GC Thread#3" [stack: 0x00000036c1c00000,0x00000036c1d00000] [id=49872]
  0x000001bc02031a50 ConcurrentGCThread "G1 Main Marker" [stack: 0x00000036c0800000,0x00000036c0900000] [id=51244]
  0x000001bc02032460 ConcurrentGCThread "G1 Conc#0" [stack: 0x00000036c0900000,0x00000036c0a00000] [id=1324]
  0x000001bc02093630 ConcurrentGCThread "G1 Refine#0" [stack: 0x00000036c0a00000,0x00000036c0b00000] [id=37668]
  0x000001bc02094050 ConcurrentGCThread "G1 Service" [stack: 0x00000036c0b00000,0x00000036c0c00000] [id=15072]

Threads with active compile tasks:

VM state: at safepoint (normal execution)

VM Mutex/Monitor currently owned by a thread:  ([mutex/lock_event])
[0x000001bc7fd455a0] Threads_lock - owner thread: 0x000001bc0d7c52e0
[0x000001bc01fd4e20] Heap_lock - owner thread: 0x000001bc10078d90

Heap address: 0x00000000a0e00000, size: 1522 MB, Compressed Oops mode: 32-bit

CDS archive(s) not mapped
Compressed class space mapped at: 0x0000000100000000-0x0000000140000000, reserved size: 1073741824
Narrow klass base: 0x0000000000000000, Narrow klass shift: 3, Narrow klass range: 0x140000000

GC Precious Log:
 CPUs: 4 total, 4 available
 Memory: 6086M
 Large Page Support: Disabled
 NUMA Support: Disabled
 Compressed Oops: Enabled (32-bit)
 Heap Region Size: 1M
 Heap Min Capacity: 8M
 Heap Initial Capacity: 96M
 Heap Max Capacity: 1522M
 Pre-touch: Disabled
 Parallel Workers: 4
 Concurrent Workers: 1
 Concurrent Refinement Workers: 4
 Periodic GC: Disabled

Heap:
 garbage-first heap   total 234496K, used 93612K [0x00000000a0e00000, 0x0000000100000000)
  region size 1024K, 5 young (5120K), 5 survivors (5120K)
 Metaspace       used 38968K, committed 39360K, reserved 1089536K
  class space    used 4931K, committed 5120K, reserved 1048576K

Heap Regions: E=young(eden), S=young(survivor), O=old, HS=humongous(starts), HC=humongous(continues), CS=collection set, F=free, OA=open archive, CA=closed archive, TAMS=top-at-mark-start (previous, next)
|   0|0x00000000a0e00000, 0x00000000a0f00000, 0x00000000a0f00000|100%| O|  |TAMS 0x00000000a0f00000, 0x00000000a0e00000| Untracked 
|   1|0x00000000a0f00000, 0x00000000a1000000, 0x00000000a1000000|100%| O|  |TAMS 0x00000000a1000000, 0x00000000a0f00000| Untracked 
|   2|0x00000000a1000000, 0x00000000a1100000, 0x00000000a1100000|100%| O|  |TAMS 0x00000000a1100000, 0x00000000a1000000| Untracked 
|   3|0x00000000a1100000, 0x00000000a1200000, 0x00000000a1200000|100%| O|  |TAMS 0x00000000a1200000, 0x00000000a1100000| Untracked 
|   4|0x00000000a1200000, 0x00000000a1300000, 0x00000000a1300000|100%| O|  |TAMS 0x00000000a1300000, 0x00000000a1200000| Untracked 
|   5|0x00000000a1300000, 0x00000000a1400000, 0x00000000a1400000|100%| O|  |TAMS 0x00000000a1400000, 0x00000000a1300000| Untracked 
|   6|0x00000000a1400000, 0x00000000a1500000, 0x00000000a1500000|100%| O|  |TAMS 0x00000000a1500000, 0x00000000a1400000| Untracked 
|   7|0x00000000a1500000, 0x00000000a1600000, 0x00000000a1600000|100%| O|  |TAMS 0x00000000a1600000, 0x00000000a1500000| Untracked 
|   8|0x00000000a1600000, 0x00000000a1700000, 0x00000000a1700000|100%| O|  |TAMS 0x00000000a1700000, 0x00000000a1600000| Untracked 
|   9|0x00000000a1700000, 0x00000000a1800000, 0x00000000a1800000|100%| O|  |TAMS 0x00000000a1800000, 0x00000000a1700000| Untracked 
|  10|0x00000000a1800000, 0x00000000a1900000, 0x00000000a1900000|100%| O|  |TAMS 0x00000000a1900000, 0x00000000a1800000| Untracked 
|  11|0x00000000a1900000, 0x00000000a1a00000, 0x00000000a1a00000|100%| O|  |TAMS 0x00000000a1a00000, 0x00000000a1900000| Untracked 
|  12|0x00000000a1a00000, 0x00000000a1b00000, 0x00000000a1b00000|100%| O|  |TAMS 0x00000000a1b00000, 0x00000000a1a00000| Untracked 
|  13|0x00000000a1b00000, 0x00000000a1c00000, 0x00000000a1c00000|100%| O|  |TAMS 0x00000000a1c00000, 0x00000000a1b00000| Untracked 
|  14|0x00000000a1c00000, 0x00000000a1d00000, 0x00000000a1d00000|100%| O|  |TAMS 0x00000000a1d00000, 0x00000000a1c00000| Untracked 
|  15|0x00000000a1d00000, 0x00000000a1e00000, 0x00000000a1e00000|100%| O|  |TAMS 0x00000000a1e00000, 0x00000000a1d00000| Untracked 
|  16|0x00000000a1e00000, 0x00000000a1f00000, 0x00000000a1f00000|100%| O|  |TAMS 0x00000000a1f00000, 0x00000000a1e00000| Untracked 
|  17|0x00000000a1f00000, 0x00000000a2000000, 0x00000000a2000000|100%| O|  |TAMS 0x00000000a2000000, 0x00000000a1f00000| Untracked 
|  18|0x00000000a2000000, 0x00000000a2100000, 0x00000000a2100000|100%| O|  |TAMS 0x00000000a2100000, 0x00000000a2000000| Untracked 
|  19|0x00000000a2100000, 0x00000000a2200000, 0x00000000a2200000|100%| O|  |TAMS 0x00000000a2200000, 0x00000000a2100000| Untracked 
|  20|0x00000000a2200000, 0x00000000a2300000, 0x00000000a2300000|100%| O|  |TAMS 0x00000000a2300000, 0x00000000a2200000| Untracked 
|  21|0x00000000a2300000, 0x00000000a2400000, 0x00000000a2400000|100%| O|  |TAMS 0x00000000a2400000, 0x00000000a2300000| Untracked 
|  22|0x00000000a2400000, 0x00000000a2500000, 0x00000000a2500000|100%| O|  |TAMS 0x00000000a2500000, 0x00000000a2400000| Untracked 
|  23|0x00000000a2500000, 0x00000000a2600000, 0x00000000a2600000|100%| O|  |TAMS 0x00000000a2600000, 0x00000000a2500000| Untracked 
|  24|0x00000000a2600000, 0x00000000a2700000, 0x00000000a2700000|100%| O|  |TAMS 0x00000000a2700000, 0x00000000a2600000| Untracked 
|  25|0x00000000a2700000, 0x00000000a2800000, 0x00000000a2800000|100%| O|  |TAMS 0x00000000a2800000, 0x00000000a2700000| Untracked 
|  26|0x00000000a2800000, 0x00000000a2900000, 0x00000000a2900000|100%| O|  |TAMS 0x00000000a2900000, 0x00000000a2800000| Untracked 
|  27|0x00000000a2900000, 0x00000000a2a00000, 0x00000000a2a00000|100%| O|  |TAMS 0x00000000a2a00000, 0x00000000a2900000| Untracked 
|  28|0x00000000a2a00000, 0x00000000a2b00000, 0x00000000a2b00000|100%| O|  |TAMS 0x00000000a2b00000, 0x00000000a2a00000| Untracked 
|  29|0x00000000a2b00000, 0x00000000a2c00000, 0x00000000a2c00000|100%| O|  |TAMS 0x00000000a2c00000, 0x00000000a2b00000| Untracked 
|  30|0x00000000a2c00000, 0x00000000a2d00000, 0x00000000a2d00000|100%| O|  |TAMS 0x00000000a2d00000, 0x00000000a2c00000| Untracked 
|  31|0x00000000a2d00000, 0x00000000a2e00000, 0x00000000a2e00000|100%| O|  |TAMS 0x00000000a2d00000, 0x00000000a2d00000| Untracked 
|  32|0x00000000a2e00000, 0x00000000a2f00000, 0x00000000a2f00000|100%| O|  |TAMS 0x00000000a2f00000, 0x00000000a2e00000| Untracked 
|  33|0x00000000a2f00000, 0x00000000a3000000, 0x00000000a3000000|100%| O|  |TAMS 0x00000000a3000000, 0x00000000a2f00000| Untracked 
|  34|0x00000000a3000000, 0x00000000a3100000, 0x00000000a3100000|100%| O|  |TAMS 0x00000000a3100000, 0x00000000a3000000| Untracked 
|  35|0x00000000a3100000, 0x00000000a3200000, 0x00000000a3200000|100%| O|  |TAMS 0x00000000a3200000, 0x00000000a3100000| Untracked 
|  36|0x00000000a3200000, 0x00000000a3300000, 0x00000000a3300000|100%| O|  |TAMS 0x00000000a3300000, 0x00000000a3200000| Untracked 
|  37|0x00000000a3300000, 0x00000000a3400000, 0x00000000a3400000|100%| O|  |TAMS 0x00000000a3400000, 0x00000000a3300000| Untracked 
|  38|0x00000000a3400000, 0x00000000a3500000, 0x00000000a3500000|100%| O|  |TAMS 0x00000000a3500000, 0x00000000a3400000| Untracked 
|  39|0x00000000a3500000, 0x00000000a3600000, 0x00000000a3600000|100%| O|  |TAMS 0x00000000a3600000, 0x00000000a3500000| Untracked 
|  40|0x00000000a3600000, 0x00000000a3700000, 0x00000000a3700000|100%| O|  |TAMS 0x00000000a3700000, 0x00000000a3600000| Untracked 
|  41|0x00000000a3700000, 0x00000000a3800000, 0x00000000a3800000|100%| O|  |TAMS 0x00000000a3800000, 0x00000000a3700000| Untracked 
|  42|0x00000000a3800000, 0x00000000a3900000, 0x00000000a3900000|100%| O|  |TAMS 0x00000000a3900000, 0x00000000a3800000| Untracked 
|  43|0x00000000a3900000, 0x00000000a3a00000, 0x00000000a3a00000|100%| O|  |TAMS 0x00000000a3a00000, 0x00000000a3900000| Untracked 
|  44|0x00000000a3a00000, 0x00000000a3b00000, 0x00000000a3b00000|100%|HS|  |TAMS 0x00000000a3b00000, 0x00000000a3a00000| Complete 
|  45|0x00000000a3b00000, 0x00000000a3c00000, 0x00000000a3c00000|100%| O|  |TAMS 0x00000000a3c00000, 0x00000000a3b00000| Untracked 
|  46|0x00000000a3c00000, 0x00000000a3c00000, 0x00000000a3d00000|  0%| F|  |TAMS 0x00000000a3c00000, 0x00000000a3c00000| Untracked 
|  47|0x00000000a3d00000, 0x00000000a3e00000, 0x00000000a3e00000|100%| O|  |TAMS 0x00000000a3e00000, 0x00000000a3d00000| Untracked 
|  48|0x00000000a3e00000, 0x00000000a3f00000, 0x00000000a3f00000|100%| O|  |TAMS 0x00000000a3f00000, 0x00000000a3e00000| Untracked 
|  49|0x00000000a3f00000, 0x00000000a4000000, 0x00000000a4000000|100%| O|  |TAMS 0x00000000a4000000, 0x00000000a3f00000| Untracked 
|  50|0x00000000a4000000, 0x00000000a4100000, 0x00000000a4100000|100%| O|  |TAMS 0x00000000a4100000, 0x00000000a4000000| Untracked 
|  51|0x00000000a4100000, 0x00000000a4200000, 0x00000000a4200000|100%| O|  |TAMS 0x00000000a4200000, 0x00000000a4100000| Untracked 
|  52|0x00000000a4200000, 0x00000000a4300000, 0x00000000a4300000|100%| O|  |TAMS 0x00000000a4300000, 0x00000000a4200000| Untracked 
|  53|0x00000000a4300000, 0x00000000a4400000, 0x00000000a4400000|100%| O|  |TAMS 0x00000000a4400000, 0x00000000a4300000| Untracked 
|  54|0x00000000a4400000, 0x00000000a4500000, 0x00000000a4500000|100%| O|  |TAMS 0x00000000a4500000, 0x00000000a4400000| Untracked 
|  55|0x00000000a4500000, 0x00000000a4600000, 0x00000000a4600000|100%| O|  |TAMS 0x00000000a4600000, 0x00000000a4500000| Untracked 
|  56|0x00000000a4600000, 0x00000000a4700000, 0x00000000a4700000|100%| O|  |TAMS 0x00000000a4700000, 0x00000000a4600000| Untracked 
|  57|0x00000000a4700000, 0x00000000a4800000, 0x00000000a4800000|100%| O|  |TAMS 0x00000000a4800000, 0x00000000a4700000| Untracked 
|  58|0x00000000a4800000, 0x00000000a4900000, 0x00000000a4900000|100%| O|  |TAMS 0x00000000a4900000, 0x00000000a4800000| Untracked 
|  59|0x00000000a4900000, 0x00000000a4a00000, 0x00000000a4a00000|100%| O|  |TAMS 0x00000000a4a00000, 0x00000000a4900000| Untracked 
|  60|0x00000000a4a00000, 0x00000000a4b00000, 0x00000000a4b00000|100%| O|  |TAMS 0x00000000a4b00000, 0x00000000a4a00000| Untracked 
|  61|0x00000000a4b00000, 0x00000000a4c00000, 0x00000000a4c00000|100%| O|  |TAMS 0x00000000a4b00000, 0x00000000a4b00000| Untracked 
|  62|0x00000000a4c00000, 0x00000000a4c00000, 0x00000000a4d00000|  0%| F|  |TAMS 0x00000000a4c00000, 0x00000000a4c00000| Untracked 
|  63|0x00000000a4d00000, 0x00000000a4e00000, 0x00000000a4e00000|100%| O|  |TAMS 0x00000000a4e00000, 0x00000000a4d00000| Untracked 
|  64|0x00000000a4e00000, 0x00000000a4f00000, 0x00000000a4f00000|100%| O|  |TAMS 0x00000000a4f00000, 0x00000000a4e00000| Untracked 
|  65|0x00000000a4f00000, 0x00000000a5000000, 0x00000000a5000000|100%| O|  |TAMS 0x00000000a5000000, 0x00000000a4f00000| Untracked 
|  66|0x00000000a5000000, 0x00000000a5100000, 0x00000000a5100000|100%| O|  |TAMS 0x00000000a5100000, 0x00000000a5000000| Untracked 
|  67|0x00000000a5100000, 0x00000000a5200000, 0x00000000a5200000|100%| O|  |TAMS 0x00000000a5200000, 0x00000000a5100000| Untracked 
|  68|0x00000000a5200000, 0x00000000a5300000, 0x00000000a5300000|100%| O|  |TAMS 0x00000000a5300000, 0x00000000a5200000| Untracked 
|  69|0x00000000a5300000, 0x00000000a5400000, 0x00000000a5400000|100%| O|  |TAMS 0x00000000a5400000, 0x00000000a5300000| Untracked 
|  70|0x00000000a5400000, 0x00000000a5500000, 0x00000000a5500000|100%| O|  |TAMS 0x00000000a5500000, 0x00000000a5400000| Untracked 
|  71|0x00000000a5500000, 0x00000000a5600000, 0x00000000a5600000|100%| O|  |TAMS 0x00000000a5600000, 0x00000000a5500000| Untracked 
|  72|0x00000000a5600000, 0x00000000a5700000, 0x00000000a5700000|100%| O|  |TAMS 0x00000000a5700000, 0x00000000a5600000| Untracked 
|  73|0x00000000a5700000, 0x00000000a5800000, 0x00000000a5800000|100%| O|  |TAMS 0x00000000a5752400, 0x00000000a5700000| Untracked 
|  74|0x00000000a5800000, 0x00000000a5900000, 0x00000000a5900000|100%| O|  |TAMS 0x00000000a5800000, 0x00000000a5800000| Untracked 
|  75|0x00000000a5900000, 0x00000000a5a00000, 0x00000000a5a00000|100%| O|  |TAMS 0x00000000a5900000, 0x00000000a5900000| Untracked 
|  76|0x00000000a5a00000, 0x00000000a5b00000, 0x00000000a5b00000|100%| O|  |TAMS 0x00000000a5a00000, 0x00000000a5a00000| Untracked 
|  77|0x00000000a5b00000, 0x00000000a5c00000, 0x00000000a5c00000|100%| O|  |TAMS 0x00000000a5b00000, 0x00000000a5b00000| Untracked 
|  78|0x00000000a5c00000, 0x00000000a5d00000, 0x00000000a5d00000|100%| O|  |TAMS 0x00000000a5c00000, 0x00000000a5c00000| Untracked 
|  79|0x00000000a5d00000, 0x00000000a5e00000, 0x00000000a5e00000|100%| O|  |TAMS 0x00000000a5d00000, 0x00000000a5d00000| Untracked 
|  80|0x00000000a5e00000, 0x00000000a5f00000, 0x00000000a5f00000|100%| O|  |TAMS 0x00000000a5e00000, 0x00000000a5e00000| Untracked 
|  81|0x00000000a5f00000, 0x00000000a6000000, 0x00000000a6000000|100%| O|  |TAMS 0x00000000a5f00000, 0x00000000a5f00000| Untracked 
|  82|0x00000000a6000000, 0x00000000a6100000, 0x00000000a6100000|100%| O|  |TAMS 0x00000000a6000000, 0x00000000a6000000| Untracked 
|  83|0x00000000a6100000, 0x00000000a6200000, 0x00000000a6200000|100%| O|  |TAMS 0x00000000a6100000, 0x00000000a6100000| Untracked 
|  84|0x00000000a6200000, 0x00000000a6300000, 0x00000000a6300000|100%| O|  |TAMS 0x00000000a6200000, 0x00000000a6200000| Untracked 
|  85|0x00000000a6300000, 0x00000000a6400000, 0x00000000a6400000|100%| O|  |TAMS 0x00000000a6300000, 0x00000000a6300000| Untracked 
|  86|0x00000000a6400000, 0x00000000a6500000, 0x00000000a6500000|100%| O|  |TAMS 0x00000000a6400000, 0x00000000a6400000| Untracked 
|  87|0x00000000a6500000, 0x00000000a6600000, 0x00000000a6600000|100%| O|  |TAMS 0x00000000a6500000, 0x00000000a6500000| Untracked 
|  88|0x00000000a6600000, 0x00000000a6700000, 0x00000000a6700000|100%| O|  |TAMS 0x00000000a6600000, 0x00000000a6600000| Untracked 
|  89|0x00000000a6700000, 0x00000000a6700000, 0x00000000a6800000|  0%| F|  |TAMS 0x00000000a6700000, 0x00000000a6700000| Untracked 
|  90|0x00000000a6800000, 0x00000000a6800000, 0x00000000a6900000|  0%| F|  |TAMS 0x00000000a6800000, 0x00000000a6800000| Untracked 
|  91|0x00000000a6900000, 0x00000000a6900000, 0x00000000a6a00000|  0%| F|  |TAMS 0x00000000a6900000, 0x00000000a6900000| Untracked 
|  92|0x00000000a6a00000, 0x00000000a6a00000, 0x00000000a6b00000|  0%| F|  |TAMS 0x00000000a6a00000, 0x00000000a6a00000| Untracked 
|  93|0x00000000a6b00000, 0x00000000a6b00000, 0x00000000a6c00000|  0%| F|  |TAMS 0x00000000a6b00000, 0x00000000a6b00000| Untracked 
|  94|0x00000000a6c00000, 0x00000000a6c00000, 0x00000000a6d00000|  0%| F|  |TAMS 0x00000000a6c00000, 0x00000000a6c00000| Untracked 
|  95|0x00000000a6d00000, 0x00000000a6d00000, 0x00000000a6e00000|  0%| F|  |TAMS 0x00000000a6d00000, 0x00000000a6d00000| Untracked 
|  96|0x00000000a6e00000, 0x00000000a6e00000, 0x00000000a6f00000|  0%| F|  |TAMS 0x00000000a6e00000, 0x00000000a6e00000| Untracked 
|  97|0x00000000a6f00000, 0x00000000a6f00000, 0x00000000a7000000|  0%| F|  |TAMS 0x00000000a6f00000, 0x00000000a6f00000| Untracked 
|  98|0x00000000a7000000, 0x00000000a7000000, 0x00000000a7100000|  0%| F|  |TAMS 0x00000000a7000000, 0x00000000a7000000| Untracked 
|  99|0x00000000a7100000, 0x00000000a7100000, 0x00000000a7200000|  0%| F|  |TAMS 0x00000000a7100000, 0x00000000a7100000| Untracked 
| 100|0x00000000a7200000, 0x00000000a7200000, 0x00000000a7300000|  0%| F|  |TAMS 0x00000000a7200000, 0x00000000a7200000| Untracked 
| 101|0x00000000a7300000, 0x00000000a7300000, 0x00000000a7400000|  0%| F|  |TAMS 0x00000000a7300000, 0x00000000a7300000| Untracked 
| 102|0x00000000a7400000, 0x00000000a7400000, 0x00000000a7500000|  0%| F|  |TAMS 0x00000000a7400000, 0x00000000a7400000| Untracked 
| 103|0x00000000a7500000, 0x00000000a7500000, 0x00000000a7600000|  0%| F|  |TAMS 0x00000000a7500000, 0x00000000a7500000| Untracked 
| 104|0x00000000a7600000, 0x00000000a7600000, 0x00000000a7700000|  0%| F|  |TAMS 0x00000000a7600000, 0x00000000a7600000| Untracked 
| 105|0x00000000a7700000, 0x00000000a7700000, 0x00000000a7800000|  0%| F|  |TAMS 0x00000000a7700000, 0x00000000a7700000| Untracked 
| 106|0x00000000a7800000, 0x00000000a7800000, 0x00000000a7900000|  0%| F|  |TAMS 0x00000000a7800000, 0x00000000a7800000| Untracked 
| 107|0x00000000a7900000, 0x00000000a7900000, 0x00000000a7a00000|  0%| F|  |TAMS 0x00000000a7900000, 0x00000000a7900000| Untracked 
| 108|0x00000000a7a00000, 0x00000000a7a00000, 0x00000000a7b00000|  0%| F|  |TAMS 0x00000000a7a00000, 0x00000000a7a00000| Untracked 
| 109|0x00000000a7b00000, 0x00000000a7b00000, 0x00000000a7c00000|  0%| F|  |TAMS 0x00000000a7b00000, 0x00000000a7b00000| Untracked 
| 110|0x00000000a7c00000, 0x00000000a7c00000, 0x00000000a7d00000|  0%| F|  |TAMS 0x00000000a7c00000, 0x00000000a7c00000| Untracked 
| 111|0x00000000a7d00000, 0x00000000a7d00000, 0x00000000a7e00000|  0%| F|  |TAMS 0x00000000a7d00000, 0x00000000a7d00000| Untracked 
| 112|0x00000000a7e00000, 0x00000000a7e00000, 0x00000000a7f00000|  0%| F|  |TAMS 0x00000000a7e00000, 0x00000000a7e00000| Untracked 
| 113|0x00000000a7f00000, 0x00000000a7f00000, 0x00000000a8000000|  0%| F|  |TAMS 0x00000000a7f00000, 0x00000000a7f00000| Untracked 
| 114|0x00000000a8000000, 0x00000000a8000000, 0x00000000a8100000|  0%| F|  |TAMS 0x00000000a8000000, 0x00000000a8000000| Untracked 
| 115|0x00000000a8100000, 0x00000000a8100000, 0x00000000a8200000|  0%| F|  |TAMS 0x00000000a8100000, 0x00000000a8100000| Untracked 
| 116|0x00000000a8200000, 0x00000000a8200000, 0x00000000a8300000|  0%| F|  |TAMS 0x00000000a8200000, 0x00000000a8200000| Untracked 
| 117|0x00000000a8300000, 0x00000000a8300000, 0x00000000a8400000|  0%| F|  |TAMS 0x00000000a8300000, 0x00000000a8300000| Untracked 
| 118|0x00000000a8400000, 0x00000000a8400000, 0x00000000a8500000|  0%| F|  |TAMS 0x00000000a8400000, 0x00000000a8400000| Untracked 
| 119|0x00000000a8500000, 0x00000000a8500000, 0x00000000a8600000|  0%| F|  |TAMS 0x00000000a8500000, 0x00000000a8500000| Untracked 
| 120|0x00000000a8600000, 0x00000000a8600000, 0x00000000a8700000|  0%| F|  |TAMS 0x00000000a8600000, 0x00000000a8600000| Untracked 
| 121|0x00000000a8700000, 0x00000000a8700000, 0x00000000a8800000|  0%| F|  |TAMS 0x00000000a8700000, 0x00000000a8700000| Untracked 
| 122|0x00000000a8800000, 0x00000000a886b0a0, 0x00000000a8900000| 41%| S|CS|TAMS 0x00000000a8800000, 0x00000000a8800000| Complete 
| 123|0x00000000a8900000, 0x00000000a8a00000, 0x00000000a8a00000|100%| S|CS|TAMS 0x00000000a8900000, 0x00000000a8900000| Complete 
| 124|0x00000000a8a00000, 0x00000000a8b00000, 0x00000000a8b00000|100%| S|CS|TAMS 0x00000000a8a00000, 0x00000000a8a00000| Complete 
| 125|0x00000000a8b00000, 0x00000000a8c00000, 0x00000000a8c00000|100%| S|CS|TAMS 0x00000000a8b00000, 0x00000000a8b00000| Complete 
| 126|0x00000000a8c00000, 0x00000000a8d00000, 0x00000000a8d00000|100%| S|CS|TAMS 0x00000000a8c00000, 0x00000000a8c00000| Complete 
| 127|0x00000000a8d00000, 0x00000000a8d00000, 0x00000000a8e00000|  0%| F|  |TAMS 0x00000000a8d00000, 0x00000000a8d00000| Untracked 
| 128|0x00000000a8e00000, 0x00000000a8e00000, 0x00000000a8f00000|  0%| F|  |TAMS 0x00000000a8e00000, 0x00000000a8e00000| Untracked 
| 129|0x00000000a8f00000, 0x00000000a8f00000, 0x00000000a9000000|  0%| F|  |TAMS 0x00000000a8f00000, 0x00000000a8f00000| Untracked 
| 130|0x00000000a9000000, 0x00000000a9000000, 0x00000000a9100000|  0%| F|  |TAMS 0x00000000a9000000, 0x00000000a9000000| Untracked 
| 131|0x00000000a9100000, 0x00000000a9100000, 0x00000000a9200000|  0%| F|  |TAMS 0x00000000a9100000, 0x00000000a9100000| Untracked 
| 132|0x00000000a9200000, 0x00000000a9200000, 0x00000000a9300000|  0%| F|  |TAMS 0x00000000a9200000, 0x00000000a9200000| Untracked 
| 133|0x00000000a9300000, 0x00000000a9300000, 0x00000000a9400000|  0%| F|  |TAMS 0x00000000a9300000, 0x00000000a9300000| Untracked 
| 134|0x00000000a9400000, 0x00000000a9400000, 0x00000000a9500000|  0%| F|  |TAMS 0x00000000a9400000, 0x00000000a9400000| Untracked 
| 135|0x00000000a9500000, 0x00000000a9500000, 0x00000000a9600000|  0%| F|  |TAMS 0x00000000a9500000, 0x00000000a9500000| Untracked 
| 136|0x00000000a9600000, 0x00000000a9600000, 0x00000000a9700000|  0%| F|  |TAMS 0x00000000a9600000, 0x00000000a9600000| Untracked 
| 137|0x00000000a9700000, 0x00000000a9700000, 0x00000000a9800000|  0%| F|  |TAMS 0x00000000a9700000, 0x00000000a9700000| Untracked 
| 138|0x00000000a9800000, 0x00000000a9800000, 0x00000000a9900000|  0%| F|  |TAMS 0x00000000a9800000, 0x00000000a9800000| Untracked 
| 139|0x00000000a9900000, 0x00000000a9900000, 0x00000000a9a00000|  0%| F|  |TAMS 0x00000000a9900000, 0x00000000a9900000| Untracked 
| 140|0x00000000a9a00000, 0x00000000a9a00000, 0x00000000a9b00000|  0%| F|  |TAMS 0x00000000a9a00000, 0x00000000a9a00000| Untracked 
| 141|0x00000000a9b00000, 0x00000000a9b00000, 0x00000000a9c00000|  0%| F|  |TAMS 0x00000000a9b00000, 0x00000000a9b00000| Untracked 
| 142|0x00000000a9c00000, 0x00000000a9c00000, 0x00000000a9d00000|  0%| F|  |TAMS 0x00000000a9c00000, 0x00000000a9c00000| Untracked 
| 143|0x00000000a9d00000, 0x00000000a9d00000, 0x00000000a9e00000|  0%| F|  |TAMS 0x00000000a9d00000, 0x00000000a9d00000| Untracked 
| 144|0x00000000a9e00000, 0x00000000a9e00000, 0x00000000a9f00000|  0%| F|  |TAMS 0x00000000a9e00000, 0x00000000a9e00000| Untracked 
| 145|0x00000000a9f00000, 0x00000000a9f00000, 0x00000000aa000000|  0%| F|  |TAMS 0x00000000a9f00000, 0x00000000a9f00000| Untracked 
| 146|0x00000000aa000000, 0x00000000aa000000, 0x00000000aa100000|  0%| F|  |TAMS 0x00000000aa000000, 0x00000000aa000000| Untracked 
| 147|0x00000000aa100000, 0x00000000aa100000, 0x00000000aa200000|  0%| F|  |TAMS 0x00000000aa100000, 0x00000000aa100000| Untracked 
| 148|0x00000000aa200000, 0x00000000aa200000, 0x00000000aa300000|  0%| F|  |TAMS 0x00000000aa200000, 0x00000000aa200000| Untracked 
| 149|0x00000000aa300000, 0x00000000aa300000, 0x00000000aa400000|  0%| F|  |TAMS 0x00000000aa300000, 0x00000000aa300000| Untracked 
| 150|0x00000000aa400000, 0x00000000aa400000, 0x00000000aa500000|  0%| F|  |TAMS 0x00000000aa400000, 0x00000000aa400000| Untracked 
| 151|0x00000000aa500000, 0x00000000aa500000, 0x00000000aa600000|  0%| F|  |TAMS 0x00000000aa500000, 0x00000000aa500000| Untracked 
| 152|0x00000000aa600000, 0x00000000aa600000, 0x00000000aa700000|  0%| F|  |TAMS 0x00000000aa600000, 0x00000000aa600000| Untracked 
| 153|0x00000000aa700000, 0x00000000aa700000, 0x00000000aa800000|  0%| F|  |TAMS 0x00000000aa700000, 0x00000000aa700000| Untracked 
| 154|0x00000000aa800000, 0x00000000aa800000, 0x00000000aa900000|  0%| F|  |TAMS 0x00000000aa800000, 0x00000000aa800000| Untracked 
| 155|0x00000000aa900000, 0x00000000aa900000, 0x00000000aaa00000|  0%| F|  |TAMS 0x00000000aa900000, 0x00000000aa900000| Untracked 
| 156|0x00000000aaa00000, 0x00000000aaa00000, 0x00000000aab00000|  0%| F|  |TAMS 0x00000000aaa00000, 0x00000000aaa00000| Untracked 
| 157|0x00000000aab00000, 0x00000000aab00000, 0x00000000aac00000|  0%| F|  |TAMS 0x00000000aab00000, 0x00000000aab00000| Untracked 
| 158|0x00000000aac00000, 0x00000000aac00000, 0x00000000aad00000|  0%| F|  |TAMS 0x00000000aac00000, 0x00000000aac00000| Untracked 
| 159|0x00000000aad00000, 0x00000000aad00000, 0x00000000aae00000|  0%| F|  |TAMS 0x00000000aad00000, 0x00000000aad00000| Untracked 
| 160|0x00000000aae00000, 0x00000000aae00000, 0x00000000aaf00000|  0%| F|  |TAMS 0x00000000aae00000, 0x00000000aae00000| Untracked 
| 161|0x00000000aaf00000, 0x00000000aaf00000, 0x00000000ab000000|  0%| F|  |TAMS 0x00000000aaf00000, 0x00000000aaf00000| Untracked 
| 162|0x00000000ab000000, 0x00000000ab000000, 0x00000000ab100000|  0%| F|  |TAMS 0x00000000ab000000, 0x00000000ab000000| Untracked 
| 163|0x00000000ab100000, 0x00000000ab100000, 0x00000000ab200000|  0%| F|  |TAMS 0x00000000ab100000, 0x00000000ab100000| Untracked 
| 164|0x00000000ab200000, 0x00000000ab200000, 0x00000000ab300000|  0%| F|  |TAMS 0x00000000ab200000, 0x00000000ab200000| Untracked 
| 165|0x00000000ab300000, 0x00000000ab300000, 0x00000000ab400000|  0%| F|  |TAMS 0x00000000ab300000, 0x00000000ab300000| Untracked 
| 166|0x00000000ab400000, 0x00000000ab400000, 0x00000000ab500000|  0%| F|  |TAMS 0x00000000ab400000, 0x00000000ab400000| Untracked 
| 167|0x00000000ab500000, 0x00000000ab500000, 0x00000000ab600000|  0%| F|  |TAMS 0x00000000ab500000, 0x00000000ab500000| Untracked 
| 168|0x00000000ab600000, 0x00000000ab600000, 0x00000000ab700000|  0%| F|  |TAMS 0x00000000ab600000, 0x00000000ab600000| Untracked 
| 169|0x00000000ab700000, 0x00000000ab700000, 0x00000000ab800000|  0%| F|  |TAMS 0x00000000ab700000, 0x00000000ab700000| Untracked 
| 170|0x00000000ab800000, 0x00000000ab800000, 0x00000000ab900000|  0%| F|  |TAMS 0x00000000ab800000, 0x00000000ab800000| Untracked 
| 171|0x00000000ab900000, 0x00000000ab900000, 0x00000000aba00000|  0%| F|  |TAMS 0x00000000ab900000, 0x00000000ab900000| Untracked 
| 172|0x00000000aba00000, 0x00000000aba00000, 0x00000000abb00000|  0%| F|  |TAMS 0x00000000aba00000, 0x00000000aba00000| Untracked 
| 173|0x00000000abb00000, 0x00000000abb00000, 0x00000000abc00000|  0%| F|  |TAMS 0x00000000abb00000, 0x00000000abb00000| Untracked 
| 174|0x00000000abc00000, 0x00000000abc00000, 0x00000000abd00000|  0%| F|  |TAMS 0x00000000abc00000, 0x00000000abc00000| Untracked 
| 175|0x00000000abd00000, 0x00000000abd00000, 0x00000000abe00000|  0%| F|  |TAMS 0x00000000abd00000, 0x00000000abd00000| Untracked 
| 176|0x00000000abe00000, 0x00000000abe00000, 0x00000000abf00000|  0%| F|  |TAMS 0x00000000abe00000, 0x00000000abe00000| Untracked 
| 177|0x00000000abf00000, 0x00000000abf00000, 0x00000000ac000000|  0%| F|  |TAMS 0x00000000abf00000, 0x00000000abf00000| Untracked 
| 178|0x00000000ac000000, 0x00000000ac000000, 0x00000000ac100000|  0%| F|  |TAMS 0x00000000ac000000, 0x00000000ac000000| Untracked 
| 179|0x00000000ac100000, 0x00000000ac100000, 0x00000000ac200000|  0%| F|  |TAMS 0x00000000ac100000, 0x00000000ac100000| Untracked 
| 180|0x00000000ac200000, 0x00000000ac200000, 0x00000000ac300000|  0%| F|  |TAMS 0x00000000ac200000, 0x00000000ac200000| Untracked 
| 181|0x00000000ac300000, 0x00000000ac300000, 0x00000000ac400000|  0%| F|  |TAMS 0x00000000ac300000, 0x00000000ac300000| Untracked 
| 182|0x00000000ac400000, 0x00000000ac400000, 0x00000000ac500000|  0%| F|  |TAMS 0x00000000ac400000, 0x00000000ac400000| Untracked 
| 183|0x00000000ac500000, 0x00000000ac500000, 0x00000000ac600000|  0%| F|  |TAMS 0x00000000ac500000, 0x00000000ac500000| Untracked 
| 184|0x00000000ac600000, 0x00000000ac600000, 0x00000000ac700000|  0%| F|  |TAMS 0x00000000ac600000, 0x00000000ac600000| Untracked 
| 185|0x00000000ac700000, 0x00000000ac700000, 0x00000000ac800000|  0%| F|  |TAMS 0x00000000ac700000, 0x00000000ac700000| Untracked 
| 186|0x00000000ac800000, 0x00000000ac800000, 0x00000000ac900000|  0%| F|  |TAMS 0x00000000ac800000, 0x00000000ac800000| Untracked 
| 187|0x00000000ac900000, 0x00000000ac900000, 0x00000000aca00000|  0%| F|  |TAMS 0x00000000ac900000, 0x00000000ac900000| Untracked 
| 188|0x00000000aca00000, 0x00000000aca00000, 0x00000000acb00000|  0%| F|  |TAMS 0x00000000aca00000, 0x00000000aca00000| Untracked 
| 189|0x00000000acb00000, 0x00000000acb00000, 0x00000000acc00000|  0%| F|  |TAMS 0x00000000acb00000, 0x00000000acb00000| Untracked 
| 190|0x00000000acc00000, 0x00000000acc00000, 0x00000000acd00000|  0%| F|  |TAMS 0x00000000acc00000, 0x00000000acc00000| Untracked 
| 191|0x00000000acd00000, 0x00000000acd00000, 0x00000000ace00000|  0%| F|  |TAMS 0x00000000acd00000, 0x00000000acd00000| Untracked 
| 192|0x00000000ace00000, 0x00000000ace00000, 0x00000000acf00000|  0%| F|  |TAMS 0x00000000ace00000, 0x00000000ace00000| Untracked 
| 193|0x00000000acf00000, 0x00000000acf00000, 0x00000000ad000000|  0%| F|  |TAMS 0x00000000acf00000, 0x00000000acf00000| Untracked 
| 194|0x00000000ad000000, 0x00000000ad000000, 0x00000000ad100000|  0%| F|  |TAMS 0x00000000ad000000, 0x00000000ad000000| Untracked 
| 195|0x00000000ad100000, 0x00000000ad100000, 0x00000000ad200000|  0%| F|  |TAMS 0x00000000ad100000, 0x00000000ad100000| Untracked 
| 196|0x00000000ad200000, 0x00000000ad200000, 0x00000000ad300000|  0%| F|  |TAMS 0x00000000ad200000, 0x00000000ad200000| Untracked 
| 197|0x00000000ad300000, 0x00000000ad300000, 0x00000000ad400000|  0%| F|  |TAMS 0x00000000ad300000, 0x00000000ad300000| Untracked 
| 198|0x00000000ad400000, 0x00000000ad400000, 0x00000000ad500000|  0%| F|  |TAMS 0x00000000ad400000, 0x00000000ad400000| Untracked 
| 199|0x00000000ad500000, 0x00000000ad500000, 0x00000000ad600000|  0%| F|  |TAMS 0x00000000ad500000, 0x00000000ad500000| Untracked 
| 200|0x00000000ad600000, 0x00000000ad600000, 0x00000000ad700000|  0%| F|  |TAMS 0x00000000ad600000, 0x00000000ad600000| Untracked 
| 201|0x00000000ad700000, 0x00000000ad700000, 0x00000000ad800000|  0%| F|  |TAMS 0x00000000ad700000, 0x00000000ad700000| Untracked 
| 202|0x00000000ad800000, 0x00000000ad800000, 0x00000000ad900000|  0%| F|  |TAMS 0x00000000ad800000, 0x00000000ad800000| Untracked 
| 203|0x00000000ad900000, 0x00000000ad900000, 0x00000000ada00000|  0%| F|  |TAMS 0x00000000ad900000, 0x00000000ad900000| Untracked 
| 204|0x00000000ada00000, 0x00000000ada00000, 0x00000000adb00000|  0%| F|  |TAMS 0x00000000ada00000, 0x00000000ada00000| Untracked 
| 205|0x00000000adb00000, 0x00000000adb00000, 0x00000000adc00000|  0%| F|  |TAMS 0x00000000adb00000, 0x00000000adb00000| Untracked 
| 206|0x00000000adc00000, 0x00000000adc00000, 0x00000000add00000|  0%| F|  |TAMS 0x00000000adc00000, 0x00000000adc00000| Untracked 
| 207|0x00000000add00000, 0x00000000add00000, 0x00000000ade00000|  0%| F|  |TAMS 0x00000000add00000, 0x00000000add00000| Untracked 
| 208|0x00000000ade00000, 0x00000000ade00000, 0x00000000adf00000|  0%| F|  |TAMS 0x00000000ade00000, 0x00000000ade00000| Untracked 
| 209|0x00000000adf00000, 0x00000000adf00000, 0x00000000ae000000|  0%| F|  |TAMS 0x00000000adf00000, 0x00000000adf00000| Untracked 
| 210|0x00000000ae000000, 0x00000000ae000000, 0x00000000ae100000|  0%| F|  |TAMS 0x00000000ae000000, 0x00000000ae000000| Untracked 
| 211|0x00000000ae100000, 0x00000000ae100000, 0x00000000ae200000|  0%| F|  |TAMS 0x00000000ae100000, 0x00000000ae100000| Untracked 
| 212|0x00000000ae200000, 0x00000000ae200000, 0x00000000ae300000|  0%| F|  |TAMS 0x00000000ae200000, 0x00000000ae200000| Untracked 
| 213|0x00000000ae300000, 0x00000000ae300000, 0x00000000ae400000|  0%| F|  |TAMS 0x00000000ae300000, 0x00000000ae300000| Untracked 
| 214|0x00000000ae400000, 0x00000000ae400000, 0x00000000ae500000|  0%| F|  |TAMS 0x00000000ae400000, 0x00000000ae400000| Untracked 
| 215|0x00000000ae500000, 0x00000000ae500000, 0x00000000ae600000|  0%| F|  |TAMS 0x00000000ae500000, 0x00000000ae500000| Untracked 
| 216|0x00000000ae600000, 0x00000000ae600000, 0x00000000ae700000|  0%| F|  |TAMS 0x00000000ae600000, 0x00000000ae600000| Untracked 
| 217|0x00000000ae700000, 0x00000000ae700000, 0x00000000ae800000|  0%| F|  |TAMS 0x00000000ae700000, 0x00000000ae700000| Untracked 
| 218|0x00000000ae800000, 0x00000000ae800000, 0x00000000ae900000|  0%| F|  |TAMS 0x00000000ae800000, 0x00000000ae800000| Untracked 
| 219|0x00000000ae900000, 0x00000000ae900000, 0x00000000aea00000|  0%| F|  |TAMS 0x00000000ae900000, 0x00000000ae900000| Untracked 
| 220|0x00000000aea00000, 0x00000000aea00000, 0x00000000aeb00000|  0%| F|  |TAMS 0x00000000aea00000, 0x00000000aea00000| Untracked 
| 221|0x00000000aeb00000, 0x00000000aeb00000, 0x00000000aec00000|  0%| F|  |TAMS 0x00000000aeb00000, 0x00000000aeb00000| Untracked 
| 222|0x00000000aec00000, 0x00000000aec00000, 0x00000000aed00000|  0%| F|  |TAMS 0x00000000aec00000, 0x00000000aec00000| Untracked 
| 223|0x00000000aed00000, 0x00000000aed00000, 0x00000000aee00000|  0%| F|  |TAMS 0x00000000aed00000, 0x00000000aed00000| Untracked 
| 224|0x00000000aee00000, 0x00000000aee00000, 0x00000000aef00000|  0%| F|  |TAMS 0x00000000aee00000, 0x00000000aee00000| Untracked 
| 225|0x00000000aef00000, 0x00000000aef00000, 0x00000000af000000|  0%| F|  |TAMS 0x00000000aef00000, 0x00000000aef00000| Untracked 
| 226|0x00000000af000000, 0x00000000af000000, 0x00000000af100000|  0%| F|  |TAMS 0x00000000af000000, 0x00000000af000000| Untracked 
| 227|0x00000000af100000, 0x00000000af100000, 0x00000000af200000|  0%| F|  |TAMS 0x00000000af100000, 0x00000000af100000| Untracked 
| 228|0x00000000af200000, 0x00000000af200000, 0x00000000af300000|  0%| F|  |TAMS 0x00000000af200000, 0x00000000af200000| Untracked 

Card table byte_map: [0x000001bc07c60000,0x000001bc07f60000] _byte_map_base: 0x000001bc07759000

Marking Bits (Prev, Next): (CMBitMap*) 0x000001bc020252e0, (CMBitMap*) 0x000001bc02025320
 Prev Bits: [0x000001bc08260000, 0x000001bc09a28000)
 Next Bits: [0x000001bc09a30000, 0x000001bc0b1f8000)

Polling page: 0x000001bc017a0000

Metaspace:

Usage:
  Non-class:     33.24 MB used.
      Class:      4.82 MB used.
       Both:     38.06 MB used.

Virtual space:
  Non-class space:       40.00 MB reserved,      33.44 MB ( 84%) committed,  5 nodes.
      Class space:        1.00 GB reserved,       5.00 MB ( <1%) committed,  1 nodes.
             Both:        1.04 GB reserved,      38.44 MB (  4%) committed. 

Chunk freelists:
   Non-Class:  2.14 MB
       Class:  2.98 MB
        Both:  5.12 MB

MaxMetaspaceSize: unlimited
CompressedClassSpaceSize: 1.00 GB
Initial GC threshold: 21.00 MB
Current GC threshold: 64.06 MB
CDS: off
MetaspaceReclaimPolicy: balanced
 - commit_granule_bytes: 65536.
 - commit_granule_words: 8192.
 - virtual_space_node_default_size: 1048576.
 - enlarge_chunks_in_place: 1.
 - new_chunks_are_fully_committed: 0.
 - uncommit_free_chunks: 1.
 - use_allocation_guard: 0.
 - handle_deallocations: 1.


Internal statistics:

num_allocs_failed_limit: 6.
num_arena_births: 386.
num_arena_deaths: 0.
num_vsnodes_births: 6.
num_vsnodes_deaths: 0.
num_space_committed: 615.
num_space_uncommitted: 0.
num_chunks_returned_to_freelist: 6.
num_chunks_taken_from_freelist: 1531.
num_chunk_merges: 6.
num_chunk_splits: 1063.
num_chunks_enlarged: 820.
num_purges: 0.
num_inconsistent_stats: 0.

CodeCache: size=49152Kb used=8338Kb max_used=8338Kb free=40813Kb
 bounds [0x000001bc04c60000, 0x000001bc05490000, 0x000001bc07c60000]
 total_blobs=4499 nmethods=3965 adapters=460
 compilation: enabled
              stopped_count=0, restarted_count=0
 full_count=0

Compilation events (20 events):
Event: 26.648 Thread 0x000001bc0d825900 nmethod 3971 0x000001bc0547c590 code [0x000001bc0547c740, 0x000001bc0547c938]
Event: 26.648 Thread 0x000001bc0fc7bf10 nmethod 3972 0x000001bc0547ca90 code [0x000001bc0547cc20, 0x000001bc0547cd08]
Event: 26.649 Thread 0x000001bc0d825900 3973       1       nonapi.io.github.classgraph.fileslice.reader.ClassfileReader::readTo (292 bytes)
Event: 26.649 Thread 0x000001bc0fc7bf10 3974       1       jdk.internal.module.SystemModuleFinders$SystemModuleReader$$Lambda$130/0x00000001001e93f8::apply (12 bytes)
Event: 26.649 Thread 0x000001bc0fc7bf10 nmethod 3974 0x000001bc0547cd90 code [0x000001bc0547cf20, 0x000001bc0547d048]
Event: 26.649 Thread 0x000001bc0fc7bf10 3975       1       java.nio.HeapByteBuffer::get (64 bytes)
Event: 26.650 Thread 0x000001bc0d825900 nmethod 3973 0x000001bc0547d110 code [0x000001bc0547d320, 0x000001bc0547d9e8]
Event: 26.650 Thread 0x000001bc0fc7bf10 nmethod 3975 0x000001bc0547dc10 code [0x000001bc0547de00, 0x000001bc0547e198]
Event: 26.650 Thread 0x000001bc0fc7bf10 3976       1       io.github.classgraph.Classfile::readInterfaces (63 bytes)
Event: 26.650 Thread 0x000001bc0d825900 3977       1       io.github.classgraph.Classfile::extendScanningUpwards (585 bytes)
Event: 26.651 Thread 0x000001bc0fc7bf10 nmethod 3976 0x000001bc0547e390 code [0x000001bc0547e560, 0x000001bc0547e878]
Event: 26.651 Thread 0x000001bc0fc7bf10 3978   !   1       jdk.internal.module.SystemModuleFinders$SystemModuleReader::toInputStream (43 bytes)
Event: 26.652 Thread 0x000001bc0fc7bf10 nmethod 3978 0x000001bc0547ea10 code [0x000001bc0547ec00, 0x000001bc0547f128]
Event: 26.652 Thread 0x000001bc0fc7bf10 3979       1       io.github.classgraph.Classfile::readBasicClassInfo (339 bytes)
Event: 26.652 Thread 0x000001bc0d825900 nmethod 3977 0x000001bc0547f410 code [0x000001bc0547f880, 0x000001bc05480788]
Event: 26.652 Thread 0x000001bc0d825900 3980   !   1       nonapi.io.github.classgraph.fileslice.reader.ClassfileReader::close (43 bytes)
Event: 26.653 Thread 0x000001bc0d825900 nmethod 3980 0x000001bc05481310 code [0x000001bc054814c0, 0x000001bc05481698]
Event: 26.655 Thread 0x000001bc0fc7bf10 nmethod 3979 0x000001bc05481790 code [0x000001bc05481b00, 0x000001bc05482968]
Event: 26.765 Thread 0x000001bc0fc7bf10 3981  s!   1       jdk.internal.loader.URLClassPath::getLoader (196 bytes)
Event: 26.767 Thread 0x000001bc0fc7bf10 nmethod 3981 0x000001bc05483210 code [0x000001bc054834c0, 0x000001bc05483ed8]

GC Heap History (20 events):
Event: 26.856 GC heap after
{Heap after GC invocations=32 (full 0):
 garbage-first heap   total 131072K, used 70883K [0x00000000a0e00000, 0x0000000100000000)
  region size 1024K, 2 young (2048K), 2 survivors (2048K)
 Metaspace       used 38968K, committed 39360K, reserved 1089536K
  class space    used 4931K, committed 5120K, reserved 1048576K
}
Event: 26.940 GC heap before
{Heap before GC invocations=32 (full 0):
 garbage-first heap   total 131072K, used 99555K [0x00000000a0e00000, 0x0000000100000000)
  region size 1024K, 31 young (31744K), 2 survivors (2048K)
 Metaspace       used 38968K, committed 39360K, reserved 1089536K
  class space    used 4931K, committed 5120K, reserved 1048576K
}
Event: 26.943 GC heap after
{Heap after GC invocations=33 (full 0):
 garbage-first heap   total 131072K, used 71813K [0x00000000a0e00000, 0x0000000100000000)
  region size 1024K, 3 young (3072K), 3 survivors (3072K)
 Metaspace       used 38968K, committed 39360K, reserved 1089536K
  class space    used 4931K, committed 5120K, reserved 1048576K
}
Event: 27.040 GC heap before
{Heap before GC invocations=33 (full 0):
 garbage-first heap   total 131072K, used 101509K [0x00000000a0e00000, 0x0000000100000000)
  region size 1024K, 33 young (33792K), 3 survivors (3072K)
 Metaspace       used 38968K, committed 39360K, reserved 1089536K
  class space    used 4931K, committed 5120K, reserved 1048576K
}
Event: 27.046 GC heap after
{Heap after GC invocations=34 (full 0):
 garbage-first heap   total 234496K, used 73131K [0x00000000a0e00000, 0x0000000100000000)
  region size 1024K, 4 young (4096K), 4 survivors (4096K)
 Metaspace       used 38968K, committed 39360K, reserved 1089536K
  class space    used 4931K, committed 5120K, reserved 1048576K
}
Event: 27.572 GC heap before
{Heap before GC invocations=35 (full 0):
 garbage-first heap   total 234496K, used 141739K [0x00000000a0e00000, 0x0000000100000000)
  region size 1024K, 73 young (74752K), 4 survivors (4096K)
 Metaspace       used 38968K, committed 39360K, reserved 1089536K
  class space    used 4931K, committed 5120K, reserved 1048576K
}
Event: 27.586 GC heap after
{Heap after GC invocations=36 (full 0):
 garbage-first heap   total 234496K, used 74556K [0x00000000a0e00000, 0x0000000100000000)
  region size 1024K, 7 young (7168K), 7 survivors (7168K)
 Metaspace       used 38968K, committed 39360K, reserved 1089536K
  class space    used 4931K, committed 5120K, reserved 1048576K
}
Event: 27.669 GC heap before
{Heap before GC invocations=36 (full 0):
 garbage-first heap   total 234496K, used 77628K [0x00000000a0e00000, 0x0000000100000000)
  region size 1024K, 11 young (11264K), 7 survivors (7168K)
 Metaspace       used 38968K, committed 39360K, reserved 1089536K
  class space    used 4931K, committed 5120K, reserved 1048576K
}
Event: 27.678 GC heap after
{Heap after GC invocations=37 (full 0):
 garbage-first heap   total 234496K, used 74057K [0x00000000a0e00000, 0x0000000100000000)
  region size 1024K, 1 young (1024K), 1 survivors (1024K)
 Metaspace       used 38968K, committed 39360K, reserved 1089536K
  class space    used 4931K, committed 5120K, reserved 1048576K
}
Event: 28.084 GC heap before
{Heap before GC invocations=37 (full 0):
 garbage-first heap   total 234496K, used 177481K [0x00000000a0e00000, 0x0000000100000000)
  region size 1024K, 103 young (105472K), 1 survivors (1024K)
 Metaspace       used 38968K, committed 39360K, reserved 1089536K
  class space    used 4931K, committed 5120K, reserved 1048576K
}
Event: 28.091 GC heap after
{Heap after GC invocations=38 (full 0):
 garbage-first heap   total 234496K, used 77069K [0x00000000a0e00000, 0x0000000100000000)
  region size 1024K, 4 young (4096K), 4 survivors (4096K)
 Metaspace       used 38968K, committed 39360K, reserved 1089536K
  class space    used 4931K, committed 5120K, reserved 1048576K
}
Event: 28.543 GC heap before
{Heap before GC invocations=38 (full 0):
 garbage-first heap   total 234496K, used 181517K [0x00000000a0e00000, 0x0000000100000000)
  region size 1024K, 107 young (109568K), 4 survivors (4096K)
 Metaspace       used 38968K, committed 39360K, reserved 1089536K
  class space    used 4931K, committed 5120K, reserved 1048576K
}
Event: 28.551 GC heap after
{Heap after GC invocations=39 (full 0):
 garbage-first heap   total 234496K, used 81869K [0x00000000a0e00000, 0x0000000100000000)
  region size 1024K, 9 young (9216K), 9 survivors (9216K)
 Metaspace       used 38968K, committed 39360K, reserved 1089536K
  class space    used 4931K, committed 5120K, reserved 1048576K
}
Event: 28.982 GC heap before
{Heap before GC invocations=39 (full 0):
 garbage-first heap   total 234496K, used 185293K [0x00000000a0e00000, 0x0000000100000000)
  region size 1024K, 112 young (114688K), 9 survivors (9216K)
 Metaspace       used 38968K, committed 39360K, reserved 1089536K
  class space    used 4931K, committed 5120K, reserved 1048576K
}
Event: 28.994 GC heap after
{Heap after GC invocations=40 (full 0):
 garbage-first heap   total 234496K, used 86093K [0x00000000a0e00000, 0x0000000100000000)
  region size 1024K, 9 young (9216K), 9 survivors (9216K)
 Metaspace       used 38968K, committed 39360K, reserved 1089536K
  class space    used 4931K, committed 5120K, reserved 1048576K
}
Event: 29.565 GC heap before
{Heap before GC invocations=41 (full 0):
 garbage-first heap   total 234496K, used 188493K [0x00000000a0e00000, 0x0000000100000000)
  region size 1024K, 110 young (112640K), 9 survivors (9216K)
 Metaspace       used 38968K, committed 39360K, reserved 1089536K
  class space    used 4931K, committed 5120K, reserved 1048576K
}
Event: 29.578 GC heap after
{Heap after GC invocations=42 (full 0):
 garbage-first heap   total 234496K, used 90242K [0x00000000a0e00000, 0x0000000100000000)
  region size 1024K, 9 young (9216K), 9 survivors (9216K)
 Metaspace       used 38968K, committed 39360K, reserved 1089536K
  class space    used 4931K, committed 5120K, reserved 1048576K
}
Event: 29.584 GC heap before
{Heap before GC invocations=42 (full 0):
 garbage-first heap   total 234496K, used 91266K [0x00000000a0e00000, 0x0000000100000000)
  region size 1024K, 11 young (11264K), 9 survivors (9216K)
 Metaspace       used 38968K, committed 39360K, reserved 1089536K
  class space    used 4931K, committed 5120K, reserved 1048576K
}
Event: 29.593 GC heap after
{Heap after GC invocations=43 (full 0):
 garbage-first heap   total 234496K, used 90520K [0x00000000a0e00000, 0x0000000100000000)
  region size 1024K, 2 young (2048K), 2 survivors (2048K)
 Metaspace       used 38968K, committed 39360K, reserved 1089536K
  class space    used 4931K, committed 5120K, reserved 1048576K
}
Event: 30.160 GC heap before
{Heap before GC invocations=43 (full 0):
 garbage-first heap   total 234496K, used 191896K [0x00000000a0e00000, 0x0000000100000000)
  region size 1024K, 102 young (104448K), 2 survivors (2048K)
 Metaspace       used 38968K, committed 39360K, reserved 1089536K
  class space    used 4931K, committed 5120K, reserved 1048576K
}

Deoptimization events (12 events):
Event: 10.584 Thread 0x000001bc01fd7730 DEOPT PACKING pc=0x000001bc04f7b219 sp=0x00000036c06fd400
Event: 10.584 Thread 0x000001bc01fd7730 DEOPT UNPACKING pc=0x000001bc04cb2b43 sp=0x00000036c06fc8e0 mode 3
Event: 17.279 Thread 0x000001bc01fd7730 DEOPT PACKING pc=0x000001bc04d90a19 sp=0x00000036c06fc7e0
Event: 17.279 Thread 0x000001bc01fd7730 DEOPT UNPACKING pc=0x000001bc04cb2b43 sp=0x00000036c06fbcc0 mode 3
Event: 19.315 Thread 0x000001bc0fc00390 DEOPT PACKING pc=0x000001bc0534adb5 sp=0x00000036c21fdc50
Event: 19.315 Thread 0x000001bc0fc00390 DEOPT UNPACKING pc=0x000001bc04cb2b43 sp=0x00000036c21fd178 mode 3
Event: 20.229 Thread 0x000001bc0ed90280 DEOPT PACKING pc=0x000001bc05296d2b sp=0x00000036c22fe210
Event: 20.229 Thread 0x000001bc0ed90280 DEOPT UNPACKING pc=0x000001bc04cb2b43 sp=0x00000036c22fd758 mode 3
Event: 20.805 Thread 0x000001bc0fe459d0 DEOPT PACKING pc=0x000001bc04f7ca01 sp=0x00000036c20fd9e0
Event: 20.805 Thread 0x000001bc0fe459d0 DEOPT UNPACKING pc=0x000001bc04cb2b43 sp=0x00000036c20fce70 mode 3
Event: 24.885 Thread 0x000001bc0fc00390 DEOPT PACKING pc=0x000001bc04f7ee17 sp=0x00000036c21fec80
Event: 24.885 Thread 0x000001bc0fc00390 DEOPT UNPACKING pc=0x000001bc04cb2b43 sp=0x00000036c21fe0d8 mode 3

Classes unloaded (0 events):
No events

Classes redefined (0 events):
No events

Internal exceptions (20 events):
Event: 20.780 Thread 0x000001bc10076be0 Exception <a 'sun/nio/fs/WindowsException'{0x00000000a2e2f100}> (0x00000000a2e2f100) 
thrown [s\src\hotspot\share\prims\jni.cpp, line 516]
Event: 20.780 Thread 0x000001bc10076be0 Exception <a 'sun/nio/fs/WindowsException'{0x00000000a2e2fae8}> (0x00000000a2e2fae8) 
thrown [s\src\hotspot\share\prims\jni.cpp, line 516]
Event: 20.780 Thread 0x000001bc10076be0 Exception <a 'sun/nio/fs/WindowsException'{0x00000000a2e2fe78}> (0x00000000a2e2fe78) 
thrown [s\src\hotspot\share\prims\jni.cpp, line 516]
Event: 20.780 Thread 0x000001bc10076be0 Exception <a 'sun/nio/fs/WindowsException'{0x00000000a2e30870}> (0x00000000a2e30870) 
thrown [s\src\hotspot\share\prims\jni.cpp, line 516]
Event: 20.780 Thread 0x000001bc10076be0 Exception <a 'sun/nio/fs/WindowsException'{0x00000000a2e30c20}> (0x00000000a2e30c20) 
thrown [s\src\hotspot\share\prims\jni.cpp, line 516]
Event: 20.780 Thread 0x000001bc10076be0 Exception <a 'sun/nio/fs/WindowsException'{0x00000000a2e31608}> (0x00000000a2e31608) 
thrown [s\src\hotspot\share\prims\jni.cpp, line 516]
Event: 20.780 Thread 0x000001bc10076be0 Exception <a 'sun/nio/fs/WindowsException'{0x00000000a2e31998}> (0x00000000a2e31998) 
thrown [s\src\hotspot\share\prims\jni.cpp, line 516]
Event: 20.781 Thread 0x000001bc10076be0 Exception <a 'sun/nio/fs/WindowsException'{0x00000000a2e32390}> (0x00000000a2e32390) 
thrown [s\src\hotspot\share\prims\jni.cpp, line 516]
Event: 20.781 Thread 0x000001bc10076be0 Exception <a 'sun/nio/fs/WindowsException'{0x00000000a2e32740}> (0x00000000a2e32740) 
thrown [s\src\hotspot\share\prims\jni.cpp, line 516]
Event: 20.781 Thread 0x000001bc10076be0 Exception <a 'sun/nio/fs/WindowsException'{0x00000000a2e33150}> (0x00000000a2e33150) 
thrown [s\src\hotspot\share\prims\jni.cpp, line 516]
Event: 20.781 Thread 0x000001bc10076be0 Exception <a 'sun/nio/fs/WindowsException'{0x00000000a2e33510}> (0x00000000a2e33510) 
thrown [s\src\hotspot\share\prims\jni.cpp, line 516]
Event: 20.781 Thread 0x000001bc10076be0 Exception <a 'sun/nio/fs/WindowsException'{0x00000000a2e33f38}> (0x00000000a2e33f38) 
thrown [s\src\hotspot\share\prims\jni.cpp, line 516]
Event: 20.781 Thread 0x000001bc10076be0 Exception <a 'sun/nio/fs/WindowsException'{0x00000000a2e34318}> (0x00000000a2e34318) 
thrown [s\src\hotspot\share\prims\jni.cpp, line 516]
Event: 20.782 Thread 0x000001bc10076be0 Exception <a 'sun/nio/fs/WindowsException'{0x00000000a2e34d38}> (0x00000000a2e34d38) 
thrown [s\src\hotspot\share\prims\jni.cpp, line 516]
Event: 20.782 Thread 0x000001bc10076be0 Exception <a 'sun/nio/fs/WindowsException'{0x00000000a2e35118}> (0x00000000a2e35118) 
thrown [s\src\hotspot\share\prims\jni.cpp, line 516]
Event: 24.253 Thread 0x000001bc0fc00390 Exception <a 'java/lang/NoSuchMethodError'{0x00000000a88b8860}: 'java.lang.Object java.lang.invoke.Invokers$Holder.invoke_MT(java.lang.Object, java.lang.Object, java.lang.Object)'> (0x00000000a88b8860) 
thrown [s\src\hotspot\share\interpreter\linkResolver.cpp, line 759]
Event: 24.878 Thread 0x000001bc0fc00390 Exception <a 'java/lang/NoSuchMethodError'{0x00000000a7e69e40}: 'java.lang.Object java.lang.invoke.DirectMethodHandle$Holder.newInvokeSpecial(java.lang.Object, java.lang.Object, int)'> (0x00000000a7e69e40) 
thrown [s\src\hotspot\share\interpreter\linkResolver.cpp, line 759]
Event: 25.055 Thread 0x000001bc10079260 Exception <a 'java/lang/NoSuchMethodError'{0x00000000a7c091a0}: 'java.lang.Object java.lang.invoke.Invokers$Holder.linkToTargetMethod(java.lang.Object, long, java.lang.Object)'> (0x00000000a7c091a0) 
thrown [s\src\hotspot\share\interpreter\linkResolver.cpp, line 759]
Event: 25.090 Thread 0x000001bc10079260 Exception <a 'sun/nio/fs/WindowsException'{0x00000000a7c7b848}> (0x00000000a7c7b848) 
thrown [s\src\hotspot\share\prims\jni.cpp, line 516]
Event: 25.187 Thread 0x000001bc10079260 Exception <a 'sun/nio/fs/WindowsException'{0x00000000a7c99ad0}> (0x00000000a7c99ad0) 
thrown [s\src\hotspot\share\prims\jni.cpp, line 516]

VM Operations (20 events):
Event: 28.543 Executing VM operation: G1CollectForAllocation done
Event: 28.543 Executing VM operation: G1CollectForAllocation
Event: 28.551 Executing VM operation: G1CollectForAllocation done
Event: 28.981 Executing VM operation: G1CollectForAllocation
Event: 28.981 Executing VM operation: G1CollectForAllocation done
Event: 28.982 Executing VM operation: G1CollectForAllocation
Event: 28.994 Executing VM operation: G1CollectForAllocation done
Event: 29.177 Executing VM operation: G1Concurrent
Event: 29.276 Executing VM operation: G1Concurrent done
Event: 29.349 Executing VM operation: G1Concurrent
Event: 29.439 Executing VM operation: G1Concurrent done
Event: 29.456 Executing VM operation: G1CollectForAllocation
Event: 29.565 Executing VM operation: G1CollectForAllocation done
Event: 29.565 Executing VM operation: G1CollectForAllocation
Event: 29.578 Executing VM operation: G1CollectForAllocation done
Event: 29.584 Executing VM operation: G1CollectForAllocation
Event: 29.594 Executing VM operation: G1CollectForAllocation done
Event: 30.106 Executing VM operation: G1CollectForAllocation
Event: 30.160 Executing VM operation: G1CollectForAllocation done
Event: 30.160 Executing VM operation: G1CollectForAllocation

Events (20 events):
Event: 24.462 loading class java/nio/file/Files$3 done
Event: 24.462 loading class java/nio/file/FileVisitResult
Event: 24.462 loading class java/nio/file/FileVisitResult done
Event: 24.591 loading class java/nio/channels/Channels$ReadableByteChannelImpl
Event: 24.592 loading class java/nio/channels/Channels$ReadableByteChannelImpl done
Event: 24.593 loading class java/nio/channels/NonWritableChannelException
Event: 24.593 loading class java/nio/channels/NonWritableChannelException done
Event: 24.871 loading class java/util/WeakHashMap$EntrySet
Event: 24.871 loading class java/util/WeakHashMap$EntrySet done
Event: 24.871 loading class java/util/WeakHashMap$EntryIterator
Event: 24.871 loading class java/util/WeakHashMap$HashIterator
Event: 24.872 loading class java/util/WeakHashMap$HashIterator done
Event: 24.872 loading class java/util/WeakHashMap$EntryIterator done
Event: 24.880 Thread 0x000001bc10079260 Thread added: 0x000001bc10079260
Event: 25.058 loading class java/security/NoSuchAlgorithmException
Event: 25.058 loading class java/security/NoSuchAlgorithmException done
Event: 25.060 loading class sun/security/provider/MD5
Event: 25.060 loading class sun/security/provider/MD5 done
Event: 25.060 loading class sun/security/provider/ByteArrayAccess$LE
Event: 25.060 loading class sun/security/provider/ByteArrayAccess$LE done


Dynamic libraries:
0x00007ff6e5820000 - 0x00007ff6e582e000 	c:\Users\HP\.vscode\extensions\redhat.java-1.12.0-win32-x64\jre\17.0.4.1-win32-x86_64\bin\java.exe
0x00007ffb04120000 - 0x00007ffb04329000 	C:\windows\SYSTEM32\ntdll.dll
0x00007ffb03060000 - 0x00007ffb0311d000 	C:\windows\System32\KERNEL32.DLL
0x00007ffb01b60000 - 0x00007ffb01edb000 	C:\windows\System32\KERNELBASE.dll
0x00007ffafec00000 - 0x00007ffafec92000 	C:\windows\SYSTEM32\apphelp.dll
0x00007ffb01710000 - 0x00007ffb01821000 	C:\windows\System32\ucrtbase.dll
0x00007ffaeb660000 - 0x00007ffaeb678000 	c:\Users\HP\.vscode\extensions\redhat.java-1.12.0-win32-x64\jre\17.0.4.1-win32-x86_64\bin\jli.dll
0x00007ffb020a0000 - 0x00007ffb0224d000 	C:\windows\System32\USER32.dll
0x00007ffb01830000 - 0x00007ffb01856000 	C:\windows\System32\win32u.dll
0x00007ffb02b70000 - 0x00007ffb02b99000 	C:\windows\System32\GDI32.dll
0x00007ffb015f0000 - 0x00007ffb01708000 	C:\windows\System32\gdi32full.dll
0x00007ffb01860000 - 0x00007ffb018fd000 	C:\windows\System32\msvcp_win.dll
0x00007ffaeae80000 - 0x00007ffaeae99000 	c:\Users\HP\.vscode\extensions\redhat.java-1.12.0-win32-x64\jre\17.0.4.1-win32-x86_64\bin\VCRUNTIME140.dll
0x00007ffaec1b0000 - 0x00007ffaec455000 	C:\windows\WinSxS\amd64_microsoft.windows.common-controls_6595b64144ccf1df_6.0.22000.120_none_9d947278b86cc467\COMCTL32.dll
0x00007ffb03bc0000 - 0x00007ffb03c63000 	C:\windows\System32\msvcrt.dll
0x00007ffb02c20000 - 0x00007ffb02c51000 	C:\windows\System32\IMM32.DLL
0x00007ffaf0ad0000 - 0x00007ffaf0adc000 	c:\Users\HP\.vscode\extensions\redhat.java-1.12.0-win32-x64\jre\17.0.4.1-win32-x86_64\bin\vcruntime140_1.dll
0x00007ffacfda0000 - 0x00007ffacfe31000 	c:\Users\HP\.vscode\extensions\redhat.java-1.12.0-win32-x64\jre\17.0.4.1-win32-x86_64\bin\msvcp140.dll
0x00007ffaaa3f0000 - 0x00007ffaab036000 	c:\Users\HP\.vscode\extensions\redhat.java-1.12.0-win32-x64\jre\17.0.4.1-win32-x86_64\bin\server\jvm.dll
0x00007ffb035e0000 - 0x00007ffb0368e000 	C:\windows\System32\ADVAPI32.dll
0x00007ffb03690000 - 0x00007ffb0372e000 	C:\windows\System32\sechost.dll
0x00007ffb03120000 - 0x00007ffb03240000 	C:\windows\System32\RPCRT4.dll
0x00007ffb03430000 - 0x00007ffb03438000 	C:\windows\System32\PSAPI.DLL
0x00007ffafd410000 - 0x00007ffafd419000 	C:\windows\SYSTEM32\WSOCK32.dll
0x00007ffb02250000 - 0x00007ffb022bf000 	C:\windows\System32\WS2_32.dll
0x00007ffaf9390000 - 0x00007ffaf93c3000 	C:\windows\SYSTEM32\WINMM.dll
0x00007ffaf8640000 - 0x00007ffaf864a000 	C:\windows\SYSTEM32\VERSION.dll
0x00007ffb00670000 - 0x00007ffb00688000 	C:\windows\SYSTEM32\kernel.appcore.dll
0x00007ffaeace0000 - 0x00007ffaeacea000 	c:\Users\HP\.vscode\extensions\redhat.java-1.12.0-win32-x64\jre\17.0.4.1-win32-x86_64\bin\jimage.dll
0x00007ffaec510000 - 0x00007ffaec731000 	C:\windows\SYSTEM32\DBGHELP.DLL
0x00007ffae4e20000 - 0x00007ffae4e51000 	C:\windows\SYSTEM32\dbgcore.DLL
0x00007ffb01900000 - 0x00007ffb0197f000 	C:\windows\System32\bcryptPrimitives.dll
0x00007ffad4940000 - 0x00007ffad4965000 	c:\Users\HP\.vscode\extensions\redhat.java-1.12.0-win32-x64\jre\17.0.4.1-win32-x86_64\bin\java.dll
0x00007ffae1a80000 - 0x00007ffae1a98000 	c:\Users\HP\.vscode\extensions\redhat.java-1.12.0-win32-x64\jre\17.0.4.1-win32-x86_64\bin\zip.dll
0x00007ffb023a0000 - 0x00007ffb02b58000 	C:\windows\System32\SHELL32.dll
0x00007ffaff6e0000 - 0x00007ffafff45000 	C:\windows\SYSTEM32\windows.storage.dll
0x00007ffb03c70000 - 0x00007ffb03fe7000 	C:\windows\System32\combase.dll
0x00007ffaff570000 - 0x00007ffaff6d6000 	C:\windows\SYSTEM32\wintypes.dll
0x00007ffb01fa0000 - 0x00007ffb0208a000 	C:\windows\System32\SHCORE.dll
0x00007ffb02340000 - 0x00007ffb0239d000 	C:\windows\System32\shlwapi.dll
0x00007ffb01520000 - 0x00007ffb01541000 	C:\windows\SYSTEM32\profapi.dll
0x00007ffadc7e0000 - 0x00007ffadc7f9000 	C:\Users\HP\.vscode\extensions\redhat.java-1.12.0-win32-x64\jre\17.0.4.1-win32-x86_64\bin\net.dll
0x00007ffafa670000 - 0x00007ffafa77c000 	C:\windows\SYSTEM32\WINHTTP.dll
0x00007ffb00b10000 - 0x00007ffb00b77000 	C:\windows\system32\mswsock.dll
0x00007ffadc5f0000 - 0x00007ffadc605000 	C:\Users\HP\.vscode\extensions\redhat.java-1.12.0-win32-x64\jre\17.0.4.1-win32-x86_64\bin\nio.dll
0x00007ffadc4f0000 - 0x00007ffadc500000 	c:\Users\HP\.vscode\extensions\redhat.java-1.12.0-win32-x64\jre\17.0.4.1-win32-x86_64\bin\verify.dll
0x00007ffadb870000 - 0x00007ffadb879000 	C:\Users\HP\.vscode\extensions\redhat.java-1.12.0-win32-x64\jre\17.0.4.1-win32-x86_64\bin\management.dll
0x00007ffadabc0000 - 0x00007ffadabcb000 	C:\Users\HP\.vscode\extensions\redhat.java-1.12.0-win32-x64\jre\17.0.4.1-win32-x86_64\bin\management_ext.dll
0x00007ffae38f0000 - 0x00007ffae3907000 	C:\windows\system32\napinsp.dll
0x00007ffae45f0000 - 0x00007ffae460b000 	C:\windows\system32\pnrpnsp.dll
0x00007ffb001d0000 - 0x00007ffb002b8000 	C:\windows\SYSTEM32\DNSAPI.dll
0x00007ffb001a0000 - 0x00007ffb001cd000 	C:\windows\SYSTEM32\IPHLPAPI.DLL
0x00007ffb02090000 - 0x00007ffb02099000 	C:\windows\System32\NSI.dll
0x00007ffae36b0000 - 0x00007ffae36c2000 	C:\windows\System32\winrnr.dll
0x00007ffaf8810000 - 0x00007ffaf8825000 	C:\windows\system32\wshbth.dll
0x00007ffae3690000 - 0x00007ffae36af000 	C:\windows\system32\nlansp_c.dll
0x00007ffaf1af0000 - 0x00007ffaf1afa000 	C:\Windows\System32\rasadhlp.dll
0x00007ffaf6500000 - 0x00007ffaf6581000 	C:\windows\System32\fwpuclnt.dll
0x00007ffb00d60000 - 0x00007ffb00d78000 	C:\windows\SYSTEM32\CRYPTSP.dll
0x00007ffb005d0000 - 0x00007ffb00605000 	C:\windows\system32\rsaenh.dll
0x00007ffb00c00000 - 0x00007ffb00c29000 	C:\windows\SYSTEM32\USERENV.dll
0x00007ffb00ee0000 - 0x00007ffb00f07000 	C:\windows\SYSTEM32\bcrypt.dll
0x00007ffb00d50000 - 0x00007ffb00d5c000 	C:\windows\SYSTEM32\CRYPTBASE.dll
0x00007ffafaa00000 - 0x00007ffafaa19000 	C:\windows\SYSTEM32\dhcpcsvc6.DLL
0x00007ffafae70000 - 0x00007ffafae8e000 	C:\windows\SYSTEM32\dhcpcsvc.DLL

dbghelp: loaded successfully - version: 4.0.5 - missing functions: none
symbol engine: initialized successfully - sym options: 0x614 - pdb path: .;c:\Users\HP\.vscode\extensions\redhat.java-1.12.0-win32-x64\jre\17.0.4.1-win32-x86_64\bin;C:\windows\SYSTEM32;C:\windows\WinSxS\amd64_microsoft.windows.common-controls_6595b64144ccf1df_6.0.22000.120_none_9d947278b86cc467;c:\Users\HP\.vscode\extensions\redhat.java-1.12.0-win32-x64\jre\17.0.4.1-win32-x86_64\bin\server

VM Arguments:
jvm_args: -Dsts.lsp.client=vscode -Dsts.log.file=/dev/null -XX:TieredStopAtLevel=1 -Xlog:jni+resolve=off -Dspring.config.location=file:c:\Users\HP\.vscode\extensions\pivotal.vscode-spring-boot-1.40.0\language-server\BOOT-INF\classes\application.properties 
java_command: org.springframework.ide.vscode.boot.app.BootLanguageServerBootApp
java_class_path (initial): c:\Users\HP\.vscode\extensions\pivotal.vscode-spring-boot-1.40.0\language-server\BOOT-INF\classes;c:\Users\HP\.vscode\extensions\pivotal.vscode-spring-boot-1.40.0\language-server\BOOT-INF\lib\annotations-23.0.0.jar;c:\Users\HP\.vscode\extensions\pivotal.vscode-spring-boot-1.40.0\language-server\BOOT-INF\lib\ant-1.10.12.jar;c:\Users\HP\.vscode\extensions\pivotal.vscode-spring-boot-1.40.0\language-server\BOOT-INF\lib\ant-launcher-1.10.12.jar;c:\Users\HP\.vscode\extensions\pivotal.vscode-spring-boot-1.40.0\language-server\BOOT-INF\lib\antlr-runtime-3.5.2.jar;c:\Users\HP\.vscode\extensions\pivotal.vscode-spring-boot-1.40.0\language-server\BOOT-INF\lib\antlr4-4.9.3.jar;c:\Users\HP\.vscode\extensions\pivotal.vscode-spring-boot-1.40.0\language-server\BOOT-INF\lib\antlr4-runtime-4.9.3.jar;c:\Users\HP\.vscode\extensions\pivotal.vscode-spring-boot-1.40.0\language-server\BOOT-INF\lib\asm-9.3.jar;c:\Users\HP\.vscode\extensions\pivotal.vscode-spring-boot-1.40.0\language-server\BOOT-INF\lib\asm-analysis-9.3.jar;c:\Users\HP\.vscode\extensions\pivotal.vscode-spring-boot-1.40.0\language-server\BOOT-INF\lib\asm-tree-9.3.jar;c:\Users\HP\.vscode\extensions\pivotal.vscode-spring-boot-1.40.0\language-server\BOOT-INF\lib\asm-util-9.3.jar;c:\Users\HP\.vscode\extensions\pivotal.vscode-spring-boot-1.40.0\language-server\BOOT-INF\lib\byte-buddy-1.12.13.jar;c:\Users\HP\.vscode\extensions\pivotal.vscode-spring-boot-1.40.0\language-server\BOOT-INF\lib\caffeine-2.9.3.jar;c:\Users\HP\.vscode\extensions\pivotal.vscode-spring-boot-1.40.0\language-server\BOOT-INF\lib\checker-qual-3.12.0.jar;c:\Users\HP\.vscode\extensions\pivotal.vscode-spring-boot-1.40.0\language-server\BOOT-INF\lib\classgraph-4.8.149.jar;c:\Users\HP\.vscode\extensions\pivotal.vscode-spring-boot-1.40.0\language-server\BOOT-INF\lib\commons-codec-1.15.jar;c:\Users\HP\.vscode\extensions\pivotal.vscode-spring-boot-1.40.0\language-server\BOOT-INF\lib\commons-compress-1.21.jar;c:\Users\HP\.vscode\extensions\piv
Launcher Type: SUN_STANDARD

[Global flags]
     intx CICompilerCount                          = 3                                         {product} {ergonomic}
     uint ConcGCThreads                            = 1                                         {product} {ergonomic}
     uint G1ConcRefinementThreads                  = 4                                         {product} {ergonomic}
   size_t G1HeapRegionSize                         = 1048576                                   {product} {ergonomic}
    uintx GCDrainStackTargetSize                   = 64                                        {product} {ergonomic}
   size_t InitialHeapSize                          = 100663296                                 {product} {ergonomic}
   size_t MarkStackSize                            = 4194304                                   {product} {ergonomic}
   size_t MaxHeapSize                              = 1595932672                                {product} {ergonomic}
   size_t MaxNewSize                               = 957349888                                 {product} {ergonomic}
   size_t MinHeapDeltaBytes                        = 1048576                                   {product} {ergonomic}
   size_t MinHeapSize                              = 8388608                                   {product} {ergonomic}
    uintx NonProfiledCodeHeapSize                  = 0                                      {pd product} {ergonomic}
     bool ProfileInterpreter                       = false                                  {pd product} {command line}
    uintx ProfiledCodeHeapSize                     = 0                                      {pd product} {ergonomic}
   size_t SoftMaxHeapSize                          = 1595932672                             {manageable} {ergonomic}
     intx TieredStopAtLevel                        = 1                                         {product} {command line}
     bool UseCompressedClassPointers               = true                           {product lp64_product} {ergonomic}
     bool UseCompressedOops                        = true                           {product lp64_product} {ergonomic}
     bool UseG1GC                                  = true                                      {product} {ergonomic}
     bool UseLargePagesIndividualAllocation        = false                                  {pd product} {ergonomic}

Logging:
Log output configuration:
 #0: stdout all=warning,jni+resolve=off uptime,level,tags
 #1: stderr all=off uptime,level,tags

Environment Variables:
CLASSPATH=C:\Users\HP\Downloads\mysql-connector-java-5.1.12.;
PATH=C:\Program Files\Common Files\Oracle\Java\javapath;C:\MinGW\bin;C:\ProgramData\Oracle\Java\javapath;C:\windows\system32;C:\windows;C:\windows\System32\Wbem;C:\windows\System32\WindowsPowerShell\v1.0\;C:\windows\System32\OpenSSH\;C:\MinGW\bin;C:\Program Files\Java\jdk-18\bin;C:\ProgramData\chocolatey\bin;C:\Program Files\Git\cmd;C:\Program Files (x86)\nodejs\;C:\Xammp Server\php;C:\Program Files\Go\bin;C:\xampp\php;C:\MinGW\bin;C:\Users\HP\AppData\Local\Programs\Microsoft VS Code\bin;C:\Users\HP\go\bin;
USERNAME=HP
OS=Windows_NT
PROCESSOR_IDENTIFIER=AMD64 Family 23 Model 24 Stepping 1, AuthenticAMD
TMP=C:\Users\HP\AppData\Local\Temp
TEMP=C:\Users\HP\AppData\Local\Temp



---------------  S Y S T E M  ---------------

OS:
 Windows 11 , 64 bit Build 22000 (10.0.22000.708)
OS uptime: 22 days 4:36 hours

CPU: total 4 (initial active 4) (4 cores per cpu, 2 threads per core) family 23 model 24 stepping 1 microcode 0x0, cx8, cmov, fxsr, ht, mmx, 3dnowpref, sse, sse2, sse3, ssse3, sse4a, sse4.1, sse4.2, popcnt, lzcnt, tsc, tscinvbit, avx, avx2, aes, clmul, bmi1, bmi2, adx, sha, fma, vzeroupper, clflush, clflushopt

Memory: 4k page, system-wide physical 6086M (287M free)
TotalPageFile size 22614M (AvailPageFile size 186M)
current process WorkingSet (physical memory assigned to process): 346M, peak: 346M
current process commit charge ("private bytes"): 360M, peak: 693M

vm_info: OpenJDK 64-Bit Server VM (17.0.4.1+1) for windows-amd64 JRE (17.0.4.1+1), built on Aug 17 2022 07:42:43 by "temurin" with MS VC++ 16.7 (VS2019)

END.
