#
# There is insufficient memory for the Java Runtime Environment to continue.
# Native memory allocation (mmap) failed to map 398458880 bytes for G1 virtual space
# Possible reasons:
#   The system is out of physical RAM or swap space
#   The process is running with CompressedOops enabled, and the Java Heap may be blocking the growth of the native heap
# Possible solutions:
#   Reduce memory load on the system
#   Increase physical memory or swap space
#   Check if swap backing store is full
#   Decrease Java heap size (-Xmx/-Xms)
#   Decrease number of Java threads
#   Decrease Java thread stack sizes (-Xss)
#   Set larger code cache with -XX:ReservedCodeCacheSize=
#   JVM is running with Unscaled Compressed Oops mode in which the Java heap is
#     placed in the first 4GB address space. The Java Heap base address is the
#     maximum limit for the native heap growth. Please use -XX:HeapBaseMinAddress
#     to set the Java Heap base and to place the Java Heap above 4GB virtual address.
# This output file may be truncated or incomplete.
#
#  Out of Memory Error (os_windows.cpp:3541), pid=19136, tid=40180
#
# JRE version: OpenJDK Runtime Environment Temurin-17.0.4.1+1 (17.0.4.1+1) (build 17.0.4.1+1)
# Java VM: OpenJDK 64-Bit Server VM Temurin-17.0.4.1+1 (17.0.4.1+1, mixed mode, emulated-client, tiered, compressed oops, compressed class ptrs, g1 gc, windows-amd64)
# No core dump will be written. Minidumps are not enabled by default on client versions of Windows
#

---------------  S U M M A R Y ------------

Command Line: -Dsts.lsp.client=vscode -Dsts.log.file=/dev/null -XX:TieredStopAtLevel=1 -Xlog:jni+resolve=off -Dspring.config.location=file:c:\Users\HP\.vscode\extensions\pivotal.vscode-spring-boot-1.40.0\language-server\BOOT-INF\classes\application.properties org.springframework.ide.vscode.boot.app.BootLanguageServerBootApp

Host: AMD Ryzen 3 3250U with Radeon Graphics         , 4 cores, 5G,  Windows 11 , 64 bit Build 22000 (10.0.22000.708)
Time: Tue Nov  8 09:13:50 2022 India Standard Time elapsed time: 11.028556 seconds (0d 0h 0m 11s)

---------------  T H R E A D  ---------------

Current thread (0x0000024a350516f0):  VMThread "VM Thread" [stack: 0x0000006224d00000,0x0000006224e00000] [id=40180]

Stack: [0x0000006224d00000,0x0000006224e00000]
Native frames: (J=compiled Java code, j=interpreted, Vv=VM code, C=native code)
V  [jvm.dll+0x67731a]
V  [jvm.dll+0x832284]
V  [jvm.dll+0x833a2e]
V  [jvm.dll+0x834093]
V  [jvm.dll+0x245775]
V  [jvm.dll+0x674209]
V  [jvm.dll+0x668a92]
V  [jvm.dll+0x30471b]
V  [jvm.dll+0x30bc66]
V  [jvm.dll+0x35ba9e]
V  [jvm.dll+0x35bccf]
V  [jvm.dll+0x2db5b8]
V  [jvm.dll+0x2d986c]
V  [jvm.dll+0x2d8e3c]
V  [jvm.dll+0x31cd9b]
V  [jvm.dll+0x83853b]
V  [jvm.dll+0x839274]
V  [jvm.dll+0x83978c]
V  [jvm.dll+0x839b64]
V  [jvm.dll+0x839c30]
V  [jvm.dll+0x7e240a]
V  [jvm.dll+0x6761a5]
C  [ucrtbase.dll+0x26c0c]
C  [KERNEL32.DLL+0x154e0]
C  [ntdll.dll+0x485b]

VM_Operation (0x0000006226bfe070): G1CollectForAllocation, mode: safepoint, requested by thread 0x0000024a378d8080


---------------  P R O C E S S  ---------------

Threads class SMR info:
_java_thread_list=0x0000024a395ad980, length=33, elements={
0x0000024a35068390, 0x0000024a350696e0, 0x0000024a35c1e130, 0x0000024a35c1eae0,
0x0000024a35c1f490, 0x0000024a35c1fe40, 0x0000024a35c208a0, 0x0000024a35c221b0,
0x0000024a35e28b20, 0x0000024a35e4e020, 0x0000024a35e35050, 0x0000024a367383b0,
0x0000024a35d015e0, 0x0000024a375e9520, 0x0000024a375e99f0, 0x0000024a298282b0,
0x0000024a36609570, 0x0000024a377cf540, 0x0000024a377f1e10, 0x0000024a374e6450,
0x0000024a378da040, 0x0000024a378d8ef0, 0x0000024a378d8a20, 0x0000024a378d9890,
0x0000024a378d93c0, 0x0000024a378d8080, 0x0000024a378d8550, 0x0000024a37812900,
0x0000024a3780e5a0, 0x0000024a3780e0d0, 0x0000024a37810750, 0x0000024a37810c20,
0x0000024a37811f60
}

Java Threads: ( => current thread )
  0x0000024a35068390 JavaThread "Reference Handler" daemon [_thread_blocked, id=51592, stack(0x0000006224e00000,0x0000006224f00000)]
  0x0000024a350696e0 JavaThread "Finalizer" daemon [_thread_blocked, id=22588, stack(0x0000006224f00000,0x0000006225000000)]
  0x0000024a35c1e130 JavaThread "Signal Dispatcher" daemon [_thread_blocked, id=34164, stack(0x0000006225000000,0x0000006225100000)]
  0x0000024a35c1eae0 JavaThread "Attach Listener" daemon [_thread_blocked, id=30520, stack(0x0000006225100000,0x0000006225200000)]
  0x0000024a35c1f490 JavaThread "Service Thread" daemon [_thread_blocked, id=31232, stack(0x0000006225200000,0x0000006225300000)]
  0x0000024a35c1fe40 JavaThread "Monitor Deflation Thread" daemon [_thread_blocked, id=52396, stack(0x0000006225300000,0x0000006225400000)]
  0x0000024a35c208a0 JavaThread "C1 CompilerThread0" daemon [_thread_blocked, id=28640, stack(0x0000006225400000,0x0000006225500000)]
  0x0000024a35c221b0 JavaThread "Sweeper thread" daemon [_thread_blocked, id=53628, stack(0x0000006225500000,0x0000006225600000)]
  0x0000024a35e28b20 JavaThread "Notification Thread" daemon [_thread_blocked, id=50648, stack(0x0000006225600000,0x0000006225700000)]
  0x0000024a35e4e020 JavaThread "Common-Cleaner" daemon [_thread_blocked, id=3584, stack(0x0000006225800000,0x0000006225900000)]
  0x0000024a35e35050 JavaThread "C1 CompilerThread1" daemon [_thread_blocked, id=29148, stack(0x0000006225900000,0x0000006225a00000)]
  0x0000024a367383b0 JavaThread "C1 CompilerThread2" daemon [_thread_blocked, id=28508, stack(0x0000006225c00000,0x0000006225d00000)]
  0x0000024a35d015e0 JavaThread "boundedElastic-evictor-1" daemon [_thread_blocked, id=51952, stack(0x0000006225e00000,0x0000006225f00000)]
  0x0000024a375e9520 JavaThread "pool-9-thread-1" [_thread_blocked, id=27552, stack(0x0000006226000000,0x0000006226100000)]
  0x0000024a375e99f0 JavaThread "LanguageServerApp-lifecycle" [_thread_blocked, id=18880, stack(0x0000006226100000,0x0000006226200000)]
  0x0000024a298282b0 JavaThread "DestroyJavaVM" [_thread_blocked, id=43320, stack(0x0000006224700000,0x0000006224800000)]
  0x0000024a36609570 JavaThread "pool-10-thread-1" [_thread_in_native, id=50712, stack(0x0000006226200000,0x0000006226300000)]
  0x0000024a377cf540 JavaThread "Simple-Language-Server main thread" daemon [_thread_blocked, id=44916, stack(0x0000006226300000,0x0000006226400000)]
  0x0000024a377f1e10 JavaThread "ForkJoinPool.commonPool-worker-1" daemon [_thread_blocked, id=41380, stack(0x0000006226400000,0x0000006226500000)]
  0x0000024a374e6450 JavaThread "pool-7-thread-1" [_thread_blocked, id=29540, stack(0x0000006226500000,0x0000006226600000)]
  0x0000024a378da040 JavaThread "parallel-1" daemon [_thread_blocked, id=22520, stack(0x0000006226600000,0x0000006226700000)]
  0x0000024a378d8ef0 JavaThread "parallel-2" daemon [_thread_blocked, id=33496, stack(0x0000006226700000,0x0000006226800000)]
  0x0000024a378d8a20 JavaThread "Reconciler-1" daemon [_thread_blocked, id=54016, stack(0x0000006226800000,0x0000006226900000)]
  0x0000024a378d9890 JavaThread "ClassGraph-worker-0" daemon [_thread_blocked, id=47624, stack(0x0000006226900000,0x0000006226a00000)]
  0x0000024a378d93c0 JavaThread "ClassGraph-worker-1" daemon [_thread_blocked, id=47184, stack(0x0000006226a00000,0x0000006226b00000)]
  0x0000024a378d8080 JavaThread "ClassGraph-worker-2" daemon [_thread_blocked, id=40464, stack(0x0000006226b00000,0x0000006226c00000)]
  0x0000024a378d8550 JavaThread "ClassGraph-worker-3" daemon [_thread_blocked, id=42124, stack(0x0000006226c00000,0x0000006226d00000)]
  0x0000024a37812900 JavaThread "ClassGraph-worker-4" daemon [_thread_blocked, id=46056, stack(0x0000006226d00000,0x0000006226e00000)]
  0x0000024a3780e5a0 JavaThread "ClassGraph-worker-5" daemon [_thread_blocked, id=42520, stack(0x0000006226e00000,0x0000006226f00000)]
  0x0000024a3780e0d0 JavaThread "ClassGraph-worker-6" daemon [_thread_blocked, id=44724, stack(0x0000006226f00000,0x0000006227000000)]
  0x0000024a37810750 JavaThread "ClassGraph-worker-7" daemon [_thread_blocked, id=8412, stack(0x0000006227000000,0x0000006227100000)]
  0x0000024a37810c20 JavaThread "parallel-3" daemon [_thread_blocked, id=29204, stack(0x0000006227100000,0x0000006227200000)]
  0x0000024a37811f60 JavaThread "pool-5-thread-1" [_thread_blocked, id=49892, stack(0x0000006227300000,0x0000006227400000)]

Other Threads:
=>0x0000024a350516f0 VMThread "VM Thread" [stack: 0x0000006224d00000,0x0000006224e00000] [id=40180]
  0x0000024a298ce3d0 WatcherThread [stack: 0x0000006225700000,0x0000006225800000] [id=43472]
  0x0000024a29878110 GCTaskThread "GC Thread#0" [stack: 0x0000006224800000,0x0000006224900000] [id=52112]
  0x0000024a36527a80 GCTaskThread "GC Thread#1" [stack: 0x0000006225a00000,0x0000006225b00000] [id=52000]
  0x0000024a366668b0 GCTaskThread "GC Thread#2" [stack: 0x0000006225b00000,0x0000006225c00000] [id=22732]
  0x0000024a3676b170 GCTaskThread "GC Thread#3" [stack: 0x0000006225d00000,0x0000006225e00000] [id=51836]
  0x0000024a29884ff0 ConcurrentGCThread "G1 Main Marker" [stack: 0x0000006224900000,0x0000006224a00000] [id=10168]
  0x0000024a298861a0 ConcurrentGCThread "G1 Conc#0" [stack: 0x0000006224a00000,0x0000006224b00000] [id=46144]
  0x0000024a34ec24c0 ConcurrentGCThread "G1 Refine#0" [stack: 0x0000006224b00000,0x0000006224c00000] [id=53924]
  0x0000024a37600850 ConcurrentGCThread "G1 Refine#1" [stack: 0x0000006225f00000,0x0000006226000000] [id=53380]
  0x0000024a37a4ab60 ConcurrentGCThread "G1 Refine#2" [stack: 0x0000006227200000,0x0000006227300000] [id=50384]
  0x0000024a298ecef0 ConcurrentGCThread "G1 Service" [stack: 0x0000006224c00000,0x0000006224d00000] [id=36092]

Threads with active compile tasks:

VM state: at safepoint (normal execution)

VM Mutex/Monitor currently owned by a thread:  ([mutex/lock_event])
[0x0000024a275b62d0] Threads_lock - owner thread: 0x0000024a350516f0
[0x0000024a298268d0] Heap_lock - owner thread: 0x0000024a378d8080

Heap address: 0x00000000a0e00000, size: 1522 MB, Compressed Oops mode: 32-bit

CDS archive(s) not mapped
Compressed class space mapped at: 0x0000000100000000-0x0000000140000000, reserved size: 1073741824
Narrow klass base: 0x0000000000000000, Narrow klass shift: 3, Narrow klass range: 0x140000000

GC Precious Log:
 CPUs: 4 total, 4 available
 Memory: 6086M
 Large Page Support: Disabled
 NUMA Support: Disabled
 Compressed Oops: Enabled (32-bit)
 Heap Region Size: 1M
 Heap Min Capacity: 8M
 Heap Initial Capacity: 96M
 Heap Max Capacity: 1522M
 Pre-touch: Disabled
 Parallel Workers: 4
 Concurrent Workers: 1
 Concurrent Refinement Workers: 4
 Periodic GC: Disabled

Heap:
 garbage-first heap   total 194560K, used 77173K [0x00000000a0e00000, 0x0000000100000000)
  region size 1024K, 7 young (7168K), 7 survivors (7168K)
 Metaspace       used 38975K, committed 39360K, reserved 1089536K
  class space    used 4934K, committed 5120K, reserved 1048576K

Heap Regions: E=young(eden), S=young(survivor), O=old, HS=humongous(starts), HC=humongous(continues), CS=collection set, F=free, OA=open archive, CA=closed archive, TAMS=top-at-mark-start (previous, next)
|   0|0x00000000a0e00000, 0x00000000a0f00000, 0x00000000a0f00000|100%| O|  |TAMS 0x00000000a0f00000, 0x00000000a0e00000| Untracked 
|   1|0x00000000a0f00000, 0x00000000a1000000, 0x00000000a1000000|100%| O|  |TAMS 0x00000000a1000000, 0x00000000a0f00000| Untracked 
|   2|0x00000000a1000000, 0x00000000a1100000, 0x00000000a1100000|100%| O|  |TAMS 0x00000000a1100000, 0x00000000a1000000| Untracked 
|   3|0x00000000a1100000, 0x00000000a1200000, 0x00000000a1200000|100%| O|  |TAMS 0x00000000a1200000, 0x00000000a1100000| Untracked 
|   4|0x00000000a1200000, 0x00000000a1300000, 0x00000000a1300000|100%| O|  |TAMS 0x00000000a1300000, 0x00000000a1200000| Untracked 
|   5|0x00000000a1300000, 0x00000000a1400000, 0x00000000a1400000|100%| O|  |TAMS 0x00000000a1400000, 0x00000000a1300000| Untracked 
|   6|0x00000000a1400000, 0x00000000a1500000, 0x00000000a1500000|100%| O|  |TAMS 0x00000000a1500000, 0x00000000a1400000| Untracked 
|   7|0x00000000a1500000, 0x00000000a1600000, 0x00000000a1600000|100%| O|  |TAMS 0x00000000a1500000, 0x00000000a1500000| Untracked 
|   8|0x00000000a1600000, 0x00000000a1700000, 0x00000000a1700000|100%| O|  |TAMS 0x00000000a1700000, 0x00000000a1600000| Untracked 
|   9|0x00000000a1700000, 0x00000000a1800000, 0x00000000a1800000|100%| O|  |TAMS 0x00000000a1800000, 0x00000000a1700000| Untracked 
|  10|0x00000000a1800000, 0x00000000a1900000, 0x00000000a1900000|100%| O|  |TAMS 0x00000000a1900000, 0x00000000a1800000| Untracked 
|  11|0x00000000a1900000, 0x00000000a1a00000, 0x00000000a1a00000|100%| O|  |TAMS 0x00000000a1a00000, 0x00000000a1900000| Untracked 
|  12|0x00000000a1a00000, 0x00000000a1b00000, 0x00000000a1b00000|100%|HS|  |TAMS 0x00000000a1a00000, 0x00000000a1a00000| Complete 
|  13|0x00000000a1b00000, 0x00000000a1c00000, 0x00000000a1c00000|100%| O|  |TAMS 0x00000000a1c00000, 0x00000000a1b00000| Untracked 
|  14|0x00000000a1c00000, 0x00000000a1d00000, 0x00000000a1d00000|100%| O|  |TAMS 0x00000000a1d00000, 0x00000000a1c00000| Untracked 
|  15|0x00000000a1d00000, 0x00000000a1e00000, 0x00000000a1e00000|100%| O|  |TAMS 0x00000000a1e00000, 0x00000000a1d00000| Untracked 
|  16|0x00000000a1e00000, 0x00000000a1f00000, 0x00000000a1f00000|100%| O|  |TAMS 0x00000000a1f00000, 0x00000000a1e00000| Untracked 
|  17|0x00000000a1f00000, 0x00000000a2000000, 0x00000000a2000000|100%| O|  |TAMS 0x00000000a2000000, 0x00000000a1f00000| Untracked 
|  18|0x00000000a2000000, 0x00000000a2100000, 0x00000000a2100000|100%| O|  |TAMS 0x00000000a2100000, 0x00000000a2000000| Untracked 
|  19|0x00000000a2100000, 0x00000000a2200000, 0x00000000a2200000|100%| O|  |TAMS 0x00000000a2200000, 0x00000000a2100000| Untracked 
|  20|0x00000000a2200000, 0x00000000a2300000, 0x00000000a2300000|100%| O|  |TAMS 0x00000000a2300000, 0x00000000a2200000| Untracked 
|  21|0x00000000a2300000, 0x00000000a2400000, 0x00000000a2400000|100%| O|  |TAMS 0x00000000a2400000, 0x00000000a2300000| Untracked 
|  22|0x00000000a2400000, 0x00000000a2500000, 0x00000000a2500000|100%| O|  |TAMS 0x00000000a2500000, 0x00000000a2400000| Untracked 
|  23|0x00000000a2500000, 0x00000000a2600000, 0x00000000a2600000|100%| O|  |TAMS 0x00000000a2600000, 0x00000000a2500000| Untracked 
|  24|0x00000000a2600000, 0x00000000a2700000, 0x00000000a2700000|100%| O|  |TAMS 0x00000000a2700000, 0x00000000a2600000| Untracked 
|  25|0x00000000a2700000, 0x00000000a2800000, 0x00000000a2800000|100%| O|  |TAMS 0x00000000a2800000, 0x00000000a2700000| Untracked 
|  26|0x00000000a2800000, 0x00000000a2900000, 0x00000000a2900000|100%| O|  |TAMS 0x00000000a2900000, 0x00000000a2800000| Untracked 
|  27|0x00000000a2900000, 0x00000000a2a00000, 0x00000000a2a00000|100%| O|  |TAMS 0x00000000a2a00000, 0x00000000a2900000| Untracked 
|  28|0x00000000a2a00000, 0x00000000a2b00000, 0x00000000a2b00000|100%| O|  |TAMS 0x00000000a2b00000, 0x00000000a2a00000| Untracked 
|  29|0x00000000a2b00000, 0x00000000a2c00000, 0x00000000a2c00000|100%| O|  |TAMS 0x00000000a2c00000, 0x00000000a2b00000| Untracked 
|  30|0x00000000a2c00000, 0x00000000a2d00000, 0x00000000a2d00000|100%| O|  |TAMS 0x00000000a2d00000, 0x00000000a2c00000| Untracked 
|  31|0x00000000a2d00000, 0x00000000a2e00000, 0x00000000a2e00000|100%| O|  |TAMS 0x00000000a2e00000, 0x00000000a2d00000| Untracked 
|  32|0x00000000a2e00000, 0x00000000a2f00000, 0x00000000a2f00000|100%| O|  |TAMS 0x00000000a2f00000, 0x00000000a2e00000| Untracked 
|  33|0x00000000a2f00000, 0x00000000a3000000, 0x00000000a3000000|100%| O|  |TAMS 0x00000000a3000000, 0x00000000a2f00000| Untracked 
|  34|0x00000000a3000000, 0x00000000a3100000, 0x00000000a3100000|100%| O|  |TAMS 0x00000000a3100000, 0x00000000a3000000| Untracked 
|  35|0x00000000a3100000, 0x00000000a3200000, 0x00000000a3200000|100%| O|  |TAMS 0x00000000a3200000, 0x00000000a3100000| Untracked 
|  36|0x00000000a3200000, 0x00000000a3300000, 0x00000000a3300000|100%| O|  |TAMS 0x00000000a3300000, 0x00000000a3200000| Untracked 
|  37|0x00000000a3300000, 0x00000000a3400000, 0x00000000a3400000|100%| O|  |TAMS 0x00000000a3400000, 0x00000000a3300000| Untracked 
|  38|0x00000000a3400000, 0x00000000a3500000, 0x00000000a3500000|100%| O|  |TAMS 0x00000000a3461800, 0x00000000a3400000| Untracked 
|  39|0x00000000a3500000, 0x00000000a3600000, 0x00000000a3600000|100%| O|  |TAMS 0x00000000a3500000, 0x00000000a3500000| Untracked 
|  40|0x00000000a3600000, 0x00000000a3700000, 0x00000000a3700000|100%| O|  |TAMS 0x00000000a3600000, 0x00000000a3600000| Untracked 
|  41|0x00000000a3700000, 0x00000000a3800000, 0x00000000a3800000|100%| O|  |TAMS 0x00000000a3700000, 0x00000000a3700000| Untracked 
|  42|0x00000000a3800000, 0x00000000a3900000, 0x00000000a3900000|100%| O|  |TAMS 0x00000000a3800000, 0x00000000a3800000| Untracked 
|  43|0x00000000a3900000, 0x00000000a3a00000, 0x00000000a3a00000|100%| O|  |TAMS 0x00000000a3900000, 0x00000000a3900000| Untracked 
|  44|0x00000000a3a00000, 0x00000000a3b00000, 0x00000000a3b00000|100%| O|  |TAMS 0x00000000a3a00000, 0x00000000a3a00000| Untracked 
|  45|0x00000000a3b00000, 0x00000000a3c00000, 0x00000000a3c00000|100%| O|  |TAMS 0x00000000a3b00000, 0x00000000a3b00000| Untracked 
|  46|0x00000000a3c00000, 0x00000000a3d00000, 0x00000000a3d00000|100%| O|  |TAMS 0x00000000a3c00000, 0x00000000a3c00000| Untracked 
|  47|0x00000000a3d00000, 0x00000000a3e00000, 0x00000000a3e00000|100%| O|  |TAMS 0x00000000a3d00000, 0x00000000a3d00000| Untracked 
|  48|0x00000000a3e00000, 0x00000000a3f00000, 0x00000000a3f00000|100%| O|  |TAMS 0x00000000a3e00000, 0x00000000a3e00000| Untracked 
|  49|0x00000000a3f00000, 0x00000000a4000000, 0x00000000a4000000|100%| O|  |TAMS 0x00000000a3f00000, 0x00000000a3f00000| Untracked 
|  50|0x00000000a4000000, 0x00000000a4100000, 0x00000000a4100000|100%| O|  |TAMS 0x00000000a4000000, 0x00000000a4000000| Untracked 
|  51|0x00000000a4100000, 0x00000000a4200000, 0x00000000a4200000|100%|HS|  |TAMS 0x00000000a4100000, 0x00000000a4100000| Complete 
|  52|0x00000000a4200000, 0x00000000a4300000, 0x00000000a4300000|100%| O|  |TAMS 0x00000000a4200000, 0x00000000a4200000| Untracked 
|  53|0x00000000a4300000, 0x00000000a4400000, 0x00000000a4400000|100%| O|  |TAMS 0x00000000a4300000, 0x00000000a4300000| Untracked 
|  54|0x00000000a4400000, 0x00000000a4500000, 0x00000000a4500000|100%| O|  |TAMS 0x00000000a4400000, 0x00000000a4400000| Untracked 
|  55|0x00000000a4500000, 0x00000000a4600000, 0x00000000a4600000|100%| O|  |TAMS 0x00000000a4500000, 0x00000000a4500000| Untracked 
|  56|0x00000000a4600000, 0x00000000a4700000, 0x00000000a4700000|100%| O|  |TAMS 0x00000000a4600000, 0x00000000a4600000| Untracked 
|  57|0x00000000a4700000, 0x00000000a4800000, 0x00000000a4800000|100%| O|  |TAMS 0x00000000a4700000, 0x00000000a4700000| Untracked 
|  58|0x00000000a4800000, 0x00000000a4900000, 0x00000000a4900000|100%| O|  |TAMS 0x00000000a4800000, 0x00000000a4800000| Untracked 
|  59|0x00000000a4900000, 0x00000000a4a00000, 0x00000000a4a00000|100%| O|  |TAMS 0x00000000a4900000, 0x00000000a4900000| Untracked 
|  60|0x00000000a4a00000, 0x00000000a4b00000, 0x00000000a4b00000|100%| O|  |TAMS 0x00000000a4a00000, 0x00000000a4a00000| Untracked 
|  61|0x00000000a4b00000, 0x00000000a4c00000, 0x00000000a4c00000|100%| O|  |TAMS 0x00000000a4b00000, 0x00000000a4b00000| Untracked 
|  62|0x00000000a4c00000, 0x00000000a4d00000, 0x00000000a4d00000|100%| O|  |TAMS 0x00000000a4c00000, 0x00000000a4c00000| Untracked 
|  63|0x00000000a4d00000, 0x00000000a4e00000, 0x00000000a4e00000|100%| O|  |TAMS 0x00000000a4d00000, 0x00000000a4d00000| Untracked 
|  64|0x00000000a4e00000, 0x00000000a4f00000, 0x00000000a4f00000|100%| O|  |TAMS 0x00000000a4e00000, 0x00000000a4e00000| Untracked 
|  65|0x00000000a4f00000, 0x00000000a5000000, 0x00000000a5000000|100%| O|  |TAMS 0x00000000a4f00000, 0x00000000a4f00000| Untracked 
|  66|0x00000000a5000000, 0x00000000a5100000, 0x00000000a5100000|100%| O|  |TAMS 0x00000000a5000000, 0x00000000a5000000| Untracked 
|  67|0x00000000a5100000, 0x00000000a5200000, 0x00000000a5200000|100%| O|  |TAMS 0x00000000a5100000, 0x00000000a5100000| Untracked 
|  68|0x00000000a5200000, 0x00000000a5299800, 0x00000000a5300000| 59%| O|  |TAMS 0x00000000a5200000, 0x00000000a5200000| Untracked 
|  69|0x00000000a5300000, 0x00000000a5300000, 0x00000000a5400000|  0%| F|  |TAMS 0x00000000a5300000, 0x00000000a5300000| Untracked 
|  70|0x00000000a5400000, 0x00000000a5400000, 0x00000000a5500000|  0%| F|  |TAMS 0x00000000a5400000, 0x00000000a5400000| Untracked 
|  71|0x00000000a5500000, 0x00000000a5500000, 0x00000000a5600000|  0%| F|  |TAMS 0x00000000a5500000, 0x00000000a5500000| Untracked 
|  72|0x00000000a5600000, 0x00000000a5600000, 0x00000000a5700000|  0%| F|  |TAMS 0x00000000a5600000, 0x00000000a5600000| Untracked 
|  73|0x00000000a5700000, 0x00000000a5700000, 0x00000000a5800000|  0%| F|  |TAMS 0x00000000a5700000, 0x00000000a5700000| Untracked 
|  74|0x00000000a5800000, 0x00000000a5800000, 0x00000000a5900000|  0%| F|  |TAMS 0x00000000a5800000, 0x00000000a5800000| Untracked 
|  75|0x00000000a5900000, 0x00000000a5900000, 0x00000000a5a00000|  0%| F|  |TAMS 0x00000000a5900000, 0x00000000a5900000| Untracked 
|  76|0x00000000a5a00000, 0x00000000a5a00000, 0x00000000a5b00000|  0%| F|  |TAMS 0x00000000a5a00000, 0x00000000a5a00000| Untracked 
|  77|0x00000000a5b00000, 0x00000000a5b00000, 0x00000000a5c00000|  0%| F|  |TAMS 0x00000000a5b00000, 0x00000000a5b00000| Untracked 
|  78|0x00000000a5c00000, 0x00000000a5c00000, 0x00000000a5d00000|  0%| F|  |TAMS 0x00000000a5c00000, 0x00000000a5c00000| Untracked 
|  79|0x00000000a5d00000, 0x00000000a5d00000, 0x00000000a5e00000|  0%| F|  |TAMS 0x00000000a5d00000, 0x00000000a5d00000| Untracked 
|  80|0x00000000a5e00000, 0x00000000a5e00000, 0x00000000a5f00000|  0%| F|  |TAMS 0x00000000a5e00000, 0x00000000a5e00000| Untracked 
|  81|0x00000000a5f00000, 0x00000000a5f00000, 0x00000000a6000000|  0%| F|  |TAMS 0x00000000a5f00000, 0x00000000a5f00000| Untracked 
|  82|0x00000000a6000000, 0x00000000a6000000, 0x00000000a6100000|  0%| F|  |TAMS 0x00000000a6000000, 0x00000000a6000000| Untracked 
|  83|0x00000000a6100000, 0x00000000a6100000, 0x00000000a6200000|  0%| F|  |TAMS 0x00000000a6100000, 0x00000000a6100000| Untracked 
|  84|0x00000000a6200000, 0x00000000a6200000, 0x00000000a6300000|  0%| F|  |TAMS 0x00000000a6200000, 0x00000000a6200000| Untracked 
|  85|0x00000000a6300000, 0x00000000a6300000, 0x00000000a6400000|  0%| F|  |TAMS 0x00000000a6300000, 0x00000000a6300000| Untracked 
|  86|0x00000000a6400000, 0x00000000a6400000, 0x00000000a6500000|  0%| F|  |TAMS 0x00000000a6400000, 0x00000000a6400000| Untracked 
|  87|0x00000000a6500000, 0x00000000a6500000, 0x00000000a6600000|  0%| F|  |TAMS 0x00000000a6500000, 0x00000000a6500000| Untracked 
|  88|0x00000000a6600000, 0x00000000a6600000, 0x00000000a6700000|  0%| F|  |TAMS 0x00000000a6600000, 0x00000000a6600000| Untracked 
|  89|0x00000000a6700000, 0x00000000a6700000, 0x00000000a6800000|  0%| F|  |TAMS 0x00000000a6700000, 0x00000000a6700000| Untracked 
|  90|0x00000000a6800000, 0x00000000a6800000, 0x00000000a6900000|  0%| F|  |TAMS 0x00000000a6800000, 0x00000000a6800000| Untracked 
|  91|0x00000000a6900000, 0x00000000a6900000, 0x00000000a6a00000|  0%| F|  |TAMS 0x00000000a6900000, 0x00000000a6900000| Untracked 
|  92|0x00000000a6a00000, 0x00000000a6a00000, 0x00000000a6b00000|  0%| F|  |TAMS 0x00000000a6a00000, 0x00000000a6a00000| Untracked 
|  93|0x00000000a6b00000, 0x00000000a6b00000, 0x00000000a6c00000|  0%| F|  |TAMS 0x00000000a6b00000, 0x00000000a6b00000| Untracked 
|  94|0x00000000a6c00000, 0x00000000a6c00000, 0x00000000a6d00000|  0%| F|  |TAMS 0x00000000a6c00000, 0x00000000a6c00000| Untracked 
|  95|0x00000000a6d00000, 0x00000000a6d00000, 0x00000000a6e00000|  0%| F|  |TAMS 0x00000000a6d00000, 0x00000000a6d00000| Untracked 
|  96|0x00000000a6e00000, 0x00000000a6e00000, 0x00000000a6f00000|  0%| F|  |TAMS 0x00000000a6e00000, 0x00000000a6e00000| Untracked 
|  97|0x00000000a6f00000, 0x00000000a6f00000, 0x00000000a7000000|  0%| F|  |TAMS 0x00000000a6f00000, 0x00000000a6f00000| Untracked 
|  98|0x00000000a7000000, 0x00000000a7000000, 0x00000000a7100000|  0%| F|  |TAMS 0x00000000a7000000, 0x00000000a7000000| Untracked 
|  99|0x00000000a7100000, 0x00000000a7100000, 0x00000000a7200000|  0%| F|  |TAMS 0x00000000a7100000, 0x00000000a7100000| Untracked 
| 100|0x00000000a7200000, 0x00000000a7200000, 0x00000000a7300000|  0%| F|  |TAMS 0x00000000a7200000, 0x00000000a7200000| Untracked 
| 101|0x00000000a7300000, 0x00000000a7300000, 0x00000000a7400000|  0%| F|  |TAMS 0x00000000a7300000, 0x00000000a7300000| Untracked 
| 102|0x00000000a7400000, 0x00000000a7400000, 0x00000000a7500000|  0%| F|  |TAMS 0x00000000a7400000, 0x00000000a7400000| Untracked 
| 103|0x00000000a7500000, 0x00000000a7500000, 0x00000000a7600000|  0%| F|  |TAMS 0x00000000a7500000, 0x00000000a7500000| Untracked 
| 104|0x00000000a7600000, 0x00000000a7600000, 0x00000000a7700000|  0%| F|  |TAMS 0x00000000a7600000, 0x00000000a7600000| Untracked 
| 105|0x00000000a7700000, 0x00000000a7700000, 0x00000000a7800000|  0%| F|  |TAMS 0x00000000a7700000, 0x00000000a7700000| Untracked 
| 106|0x00000000a7800000, 0x00000000a7800000, 0x00000000a7900000|  0%| F|  |TAMS 0x00000000a7800000, 0x00000000a7800000| Untracked 
| 107|0x00000000a7900000, 0x00000000a7900000, 0x00000000a7a00000|  0%| F|  |TAMS 0x00000000a7900000, 0x00000000a7900000| Untracked 
| 108|0x00000000a7a00000, 0x00000000a7a00000, 0x00000000a7b00000|  0%| F|  |TAMS 0x00000000a7a00000, 0x00000000a7a00000| Untracked 
| 109|0x00000000a7b00000, 0x00000000a7b00000, 0x00000000a7c00000|  0%| F|  |TAMS 0x00000000a7b00000, 0x00000000a7b00000| Untracked 
| 110|0x00000000a7c00000, 0x00000000a7c00000, 0x00000000a7d00000|  0%| F|  |TAMS 0x00000000a7c00000, 0x00000000a7c00000| Untracked 
| 111|0x00000000a7d00000, 0x00000000a7d00000, 0x00000000a7e00000|  0%| F|  |TAMS 0x00000000a7d00000, 0x00000000a7d00000| Untracked 
| 112|0x00000000a7e00000, 0x00000000a7e00000, 0x00000000a7f00000|  0%| F|  |TAMS 0x00000000a7e00000, 0x00000000a7e00000| Untracked 
| 113|0x00000000a7f00000, 0x00000000a7f00000, 0x00000000a8000000|  0%| F|  |TAMS 0x00000000a7f00000, 0x00000000a7f00000| Untracked 
| 114|0x00000000a8000000, 0x00000000a8000000, 0x00000000a8100000|  0%| F|  |TAMS 0x00000000a8000000, 0x00000000a8000000| Untracked 
| 115|0x00000000a8100000, 0x00000000a81c3ea0, 0x00000000a8200000| 76%| S|CS|TAMS 0x00000000a8100000, 0x00000000a8100000| Complete 
| 116|0x00000000a8200000, 0x00000000a8300000, 0x00000000a8300000|100%| S|CS|TAMS 0x00000000a8200000, 0x00000000a8200000| Complete 
| 117|0x00000000a8300000, 0x00000000a8400000, 0x00000000a8400000|100%| S|CS|TAMS 0x00000000a8300000, 0x00000000a8300000| Complete 
| 118|0x00000000a8400000, 0x00000000a8500000, 0x00000000a8500000|100%| S|CS|TAMS 0x00000000a8400000, 0x00000000a8400000| Complete 
| 119|0x00000000a8500000, 0x00000000a8600000, 0x00000000a8600000|100%| S|CS|TAMS 0x00000000a8500000, 0x00000000a8500000| Complete 
| 120|0x00000000a8600000, 0x00000000a8700000, 0x00000000a8700000|100%| S|CS|TAMS 0x00000000a8600000, 0x00000000a8600000| Complete 
| 121|0x00000000a8700000, 0x00000000a8800000, 0x00000000a8800000|100%| S|CS|TAMS 0x00000000a8700000, 0x00000000a8700000| Complete 
| 122|0x00000000a8800000, 0x00000000a8800000, 0x00000000a8900000|  0%| F|  |TAMS 0x00000000a8800000, 0x00000000a8800000| Untracked 
| 123|0x00000000a8900000, 0x00000000a8900000, 0x00000000a8a00000|  0%| F|  |TAMS 0x00000000a8900000, 0x00000000a8900000| Untracked 
| 124|0x00000000a8a00000, 0x00000000a8a00000, 0x00000000a8b00000|  0%| F|  |TAMS 0x00000000a8a00000, 0x00000000a8a00000| Untracked 
| 125|0x00000000a8b00000, 0x00000000a8b00000, 0x00000000a8c00000|  0%| F|  |TAMS 0x00000000a8b00000, 0x00000000a8b00000| Untracked 
| 126|0x00000000a8c00000, 0x00000000a8c00000, 0x00000000a8d00000|  0%| F|  |TAMS 0x00000000a8c00000, 0x00000000a8c00000| Untracked 
| 127|0x00000000a8d00000, 0x00000000a8d00000, 0x00000000a8e00000|  0%| F|  |TAMS 0x00000000a8d00000, 0x00000000a8d00000| Untracked 
| 128|0x00000000a8e00000, 0x00000000a8e00000, 0x00000000a8f00000|  0%| F|  |TAMS 0x00000000a8e00000, 0x00000000a8e00000| Untracked 
| 129|0x00000000a8f00000, 0x00000000a8f00000, 0x00000000a9000000|  0%| F|  |TAMS 0x00000000a8f00000, 0x00000000a8f00000| Untracked 
| 130|0x00000000a9000000, 0x00000000a9000000, 0x00000000a9100000|  0%| F|  |TAMS 0x00000000a9000000, 0x00000000a9000000| Untracked 
| 131|0x00000000a9100000, 0x00000000a9100000, 0x00000000a9200000|  0%| F|  |TAMS 0x00000000a9100000, 0x00000000a9100000| Untracked 
| 132|0x00000000a9200000, 0x00000000a9200000, 0x00000000a9300000|  0%| F|  |TAMS 0x00000000a9200000, 0x00000000a9200000| Untracked 
| 133|0x00000000a9300000, 0x00000000a9300000, 0x00000000a9400000|  0%| F|  |TAMS 0x00000000a9300000, 0x00000000a9300000| Untracked 
| 134|0x00000000a9400000, 0x00000000a9400000, 0x00000000a9500000|  0%| F|  |TAMS 0x00000000a9400000, 0x00000000a9400000| Untracked 
| 135|0x00000000a9500000, 0x00000000a9500000, 0x00000000a9600000|  0%| F|  |TAMS 0x00000000a9500000, 0x00000000a9500000| Untracked 
| 136|0x00000000a9600000, 0x00000000a9600000, 0x00000000a9700000|  0%| F|  |TAMS 0x00000000a9600000, 0x00000000a9600000| Untracked 
| 137|0x00000000a9700000, 0x00000000a9700000, 0x00000000a9800000|  0%| F|  |TAMS 0x00000000a9700000, 0x00000000a9700000| Untracked 
| 138|0x00000000a9800000, 0x00000000a9800000, 0x00000000a9900000|  0%| F|  |TAMS 0x00000000a9800000, 0x00000000a9800000| Untracked 
| 139|0x00000000a9900000, 0x00000000a9900000, 0x00000000a9a00000|  0%| F|  |TAMS 0x00000000a9900000, 0x00000000a9900000| Untracked 
| 140|0x00000000a9a00000, 0x00000000a9a00000, 0x00000000a9b00000|  0%| F|  |TAMS 0x00000000a9a00000, 0x00000000a9a00000| Untracked 
| 141|0x00000000a9b00000, 0x00000000a9b00000, 0x00000000a9c00000|  0%| F|  |TAMS 0x00000000a9b00000, 0x00000000a9b00000| Untracked 
| 142|0x00000000a9c00000, 0x00000000a9c00000, 0x00000000a9d00000|  0%| F|  |TAMS 0x00000000a9c00000, 0x00000000a9c00000| Untracked 
| 143|0x00000000a9d00000, 0x00000000a9d00000, 0x00000000a9e00000|  0%| F|  |TAMS 0x00000000a9d00000, 0x00000000a9d00000| Untracked 
| 144|0x00000000a9e00000, 0x00000000a9e00000, 0x00000000a9f00000|  0%| F|  |TAMS 0x00000000a9e00000, 0x00000000a9e00000| Untracked 
| 145|0x00000000a9f00000, 0x00000000a9f00000, 0x00000000aa000000|  0%| F|  |TAMS 0x00000000a9f00000, 0x00000000a9f00000| Untracked 
| 146|0x00000000aa000000, 0x00000000aa000000, 0x00000000aa100000|  0%| F|  |TAMS 0x00000000aa000000, 0x00000000aa000000| Untracked 
| 147|0x00000000aa100000, 0x00000000aa100000, 0x00000000aa200000|  0%| F|  |TAMS 0x00000000aa100000, 0x00000000aa100000| Untracked 
| 148|0x00000000aa200000, 0x00000000aa200000, 0x00000000aa300000|  0%| F|  |TAMS 0x00000000aa200000, 0x00000000aa200000| Untracked 
| 149|0x00000000aa300000, 0x00000000aa300000, 0x00000000aa400000|  0%| F|  |TAMS 0x00000000aa300000, 0x00000000aa300000| Untracked 
| 150|0x00000000aa400000, 0x00000000aa400000, 0x00000000aa500000|  0%| F|  |TAMS 0x00000000aa400000, 0x00000000aa400000| Untracked 
| 151|0x00000000aa500000, 0x00000000aa500000, 0x00000000aa600000|  0%| F|  |TAMS 0x00000000aa500000, 0x00000000aa500000| Untracked 
| 152|0x00000000aa600000, 0x00000000aa600000, 0x00000000aa700000|  0%| F|  |TAMS 0x00000000aa600000, 0x00000000aa600000| Untracked 
| 153|0x00000000aa700000, 0x00000000aa700000, 0x00000000aa800000|  0%| F|  |TAMS 0x00000000aa700000, 0x00000000aa700000| Untracked 
| 154|0x00000000aa800000, 0x00000000aa800000, 0x00000000aa900000|  0%| F|  |TAMS 0x00000000aa800000, 0x00000000aa800000| Untracked 
| 155|0x00000000aa900000, 0x00000000aa900000, 0x00000000aaa00000|  0%| F|  |TAMS 0x00000000aa900000, 0x00000000aa900000| Untracked 
| 156|0x00000000aaa00000, 0x00000000aaa00000, 0x00000000aab00000|  0%| F|  |TAMS 0x00000000aaa00000, 0x00000000aaa00000| Untracked 
| 157|0x00000000aab00000, 0x00000000aab00000, 0x00000000aac00000|  0%| F|  |TAMS 0x00000000aab00000, 0x00000000aab00000| Untracked 
| 158|0x00000000aac00000, 0x00000000aac00000, 0x00000000aad00000|  0%| F|  |TAMS 0x00000000aac00000, 0x00000000aac00000| Untracked 
| 159|0x00000000aad00000, 0x00000000aad00000, 0x00000000aae00000|  0%| F|  |TAMS 0x00000000aad00000, 0x00000000aad00000| Untracked 
| 160|0x00000000aae00000, 0x00000000aae00000, 0x00000000aaf00000|  0%| F|  |TAMS 0x00000000aae00000, 0x00000000aae00000| Untracked 
| 161|0x00000000aaf00000, 0x00000000aaf00000, 0x00000000ab000000|  0%| F|  |TAMS 0x00000000aaf00000, 0x00000000aaf00000| Untracked 
| 162|0x00000000ab000000, 0x00000000ab000000, 0x00000000ab100000|  0%| F|  |TAMS 0x00000000ab000000, 0x00000000ab000000| Untracked 
| 163|0x00000000ab100000, 0x00000000ab100000, 0x00000000ab200000|  0%| F|  |TAMS 0x00000000ab100000, 0x00000000ab100000| Untracked 
| 164|0x00000000ab200000, 0x00000000ab200000, 0x00000000ab300000|  0%| F|  |TAMS 0x00000000ab200000, 0x00000000ab200000| Untracked 
| 165|0x00000000ab300000, 0x00000000ab300000, 0x00000000ab400000|  0%| F|  |TAMS 0x00000000ab300000, 0x00000000ab300000| Untracked 
| 166|0x00000000ab400000, 0x00000000ab400000, 0x00000000ab500000|  0%| F|  |TAMS 0x00000000ab400000, 0x00000000ab400000| Untracked 
| 167|0x00000000ab500000, 0x00000000ab500000, 0x00000000ab600000|  0%| F|  |TAMS 0x00000000ab500000, 0x00000000ab500000| Untracked 
| 168|0x00000000ab600000, 0x00000000ab600000, 0x00000000ab700000|  0%| F|  |TAMS 0x00000000ab600000, 0x00000000ab600000| Untracked 
| 169|0x00000000ab700000, 0x00000000ab700000, 0x00000000ab800000|  0%| F|  |TAMS 0x00000000ab700000, 0x00000000ab700000| Untracked 
| 170|0x00000000ab800000, 0x00000000ab800000, 0x00000000ab900000|  0%| F|  |TAMS 0x00000000ab800000, 0x00000000ab800000| Untracked 
| 171|0x00000000ab900000, 0x00000000ab900000, 0x00000000aba00000|  0%| F|  |TAMS 0x00000000ab900000, 0x00000000ab900000| Untracked 
| 172|0x00000000aba00000, 0x00000000aba00000, 0x00000000abb00000|  0%| F|  |TAMS 0x00000000aba00000, 0x00000000aba00000| Untracked 
| 173|0x00000000abb00000, 0x00000000abb00000, 0x00000000abc00000|  0%| F|  |TAMS 0x00000000abb00000, 0x00000000abb00000| Untracked 
| 174|0x00000000abc00000, 0x00000000abc00000, 0x00000000abd00000|  0%| F|  |TAMS 0x00000000abc00000, 0x00000000abc00000| Untracked 
| 175|0x00000000abd00000, 0x00000000abd00000, 0x00000000abe00000|  0%| F|  |TAMS 0x00000000abd00000, 0x00000000abd00000| Untracked 
| 176|0x00000000abe00000, 0x00000000abe00000, 0x00000000abf00000|  0%| F|  |TAMS 0x00000000abe00000, 0x00000000abe00000| Untracked 
| 177|0x00000000abf00000, 0x00000000abf00000, 0x00000000ac000000|  0%| F|  |TAMS 0x00000000abf00000, 0x00000000abf00000| Untracked 
| 178|0x00000000ac000000, 0x00000000ac000000, 0x00000000ac100000|  0%| F|  |TAMS 0x00000000ac000000, 0x00000000ac000000| Untracked 
| 179|0x00000000ac100000, 0x00000000ac100000, 0x00000000ac200000|  0%| F|  |TAMS 0x00000000ac100000, 0x00000000ac100000| Untracked 
| 180|0x00000000ac200000, 0x00000000ac200000, 0x00000000ac300000|  0%| F|  |TAMS 0x00000000ac200000, 0x00000000ac200000| Untracked 
| 181|0x00000000ac300000, 0x00000000ac300000, 0x00000000ac400000|  0%| F|  |TAMS 0x00000000ac300000, 0x00000000ac300000| Untracked 
| 182|0x00000000ac400000, 0x00000000ac400000, 0x00000000ac500000|  0%| F|  |TAMS 0x00000000ac400000, 0x00000000ac400000| Untracked 
| 183|0x00000000ac500000, 0x00000000ac500000, 0x00000000ac600000|  0%| F|  |TAMS 0x00000000ac500000, 0x00000000ac500000| Untracked 
| 184|0x00000000ac600000, 0x00000000ac600000, 0x00000000ac700000|  0%| F|  |TAMS 0x00000000ac600000, 0x00000000ac600000| Untracked 
| 185|0x00000000ac700000, 0x00000000ac700000, 0x00000000ac800000|  0%| F|  |TAMS 0x00000000ac700000, 0x00000000ac700000| Untracked 
| 186|0x00000000ac800000, 0x00000000ac800000, 0x00000000ac900000|  0%| F|  |TAMS 0x00000000ac800000, 0x00000000ac800000| Untracked 
| 187|0x00000000ac900000, 0x00000000ac900000, 0x00000000aca00000|  0%| F|  |TAMS 0x00000000ac900000, 0x00000000ac900000| Untracked 
| 188|0x00000000aca00000, 0x00000000aca00000, 0x00000000acb00000|  0%| F|  |TAMS 0x00000000aca00000, 0x00000000aca00000| Untracked 
| 189|0x00000000acb00000, 0x00000000acb00000, 0x00000000acc00000|  0%| F|  |TAMS 0x00000000acb00000, 0x00000000acb00000| Untracked 

Card table byte_map: [0x0000024a2f4b0000,0x0000024a2f7b0000] _byte_map_base: 0x0000024a2efa9000

Marking Bits (Prev, Next): (CMBitMap*) 0x0000024a29878760, (CMBitMap*) 0x0000024a29878720
 Prev Bits: [0x0000024a31280000, 0x0000024a32a48000)
 Next Bits: [0x0000024a2fab0000, 0x0000024a31278000)

Polling page: 0x0000024a27800000

Metaspace:

Usage:
  Non-class:     33.24 MB used.
      Class:      4.82 MB used.
       Both:     38.06 MB used.

Virtual space:
  Non-class space:       40.00 MB reserved,      33.44 MB ( 84%) committed,  5 nodes.
      Class space:        1.00 GB reserved,       5.00 MB ( <1%) committed,  1 nodes.
             Both:        1.04 GB reserved,      38.44 MB (  4%) committed. 

Chunk freelists:
   Non-Class:  2.14 MB
       Class:  2.86 MB
        Both:  5.00 MB

MaxMetaspaceSize: unlimited
CompressedClassSpaceSize: 1.00 GB
Initial GC threshold: 21.00 MB
Current GC threshold: 60.56 MB
CDS: off
MetaspaceReclaimPolicy: balanced
 - commit_granule_bytes: 65536.
 - commit_granule_words: 8192.
 - virtual_space_node_default_size: 1048576.
 - enlarge_chunks_in_place: 1.
 - new_chunks_are_fully_committed: 0.
 - uncommit_free_chunks: 1.
 - use_allocation_guard: 0.
 - handle_deallocations: 1.


Internal statistics:

num_allocs_failed_limit: 5.
num_arena_births: 386.
num_arena_deaths: 0.
num_vsnodes_births: 6.
num_vsnodes_deaths: 0.
num_space_committed: 615.
num_space_uncommitted: 0.
num_chunks_returned_to_freelist: 5.
num_chunks_taken_from_freelist: 1546.
num_chunk_merges: 5.
num_chunk_splits: 1059.
num_chunks_enlarged: 817.
num_purges: 0.
num_inconsistent_stats: 0.

CodeCache: size=49152Kb used=8974Kb max_used=8974Kb free=40177Kb
 bounds [0x0000024a2c4b0000, 0x0000024a2cd80000, 0x0000024a2f4b0000]
 total_blobs=4554 nmethods=4019 adapters=460
 compilation: enabled
              stopped_count=0, restarted_count=0
 full_count=0

Compilation events (20 events):
Event: 10.869 Thread 0x0000024a367383b0 4013   !   1       jdk.internal.module.SystemModuleFinders$SystemModuleReader::toInputStream (43 bytes)
Event: 10.869 Thread 0x0000024a35e35050 nmethod 4011 0x0000024a2cd68090 code [0x0000024a2cd68280, 0x0000024a2cd68618]
Event: 10.869 Thread 0x0000024a35e35050 4016   !   1       jdk.internal.reflect.GeneratedMethodAccessor29::invoke (67 bytes)
Event: 10.869 Thread 0x0000024a367383b0 nmethod 4013 0x0000024a2cd68810 code [0x0000024a2cd68a00, 0x0000024a2cd68f28]
Event: 10.869 Thread 0x0000024a367383b0 4004       1       io.github.classgraph.ClasspathElementModule$1::openClassfile (13 bytes)
Event: 10.869 Thread 0x0000024a367383b0 nmethod 4004 0x0000024a2cd69210 code [0x0000024a2cd693c0, 0x0000024a2cd696c8]
Event: 10.869 Thread 0x0000024a35e35050 nmethod 4016 0x0000024a2cd69790 code [0x0000024a2cd69980, 0x0000024a2cd69db8]
Event: 10.869 Thread 0x0000024a367383b0 4005       1       io.github.classgraph.ModuleReaderProxy::open (72 bytes)
Event: 10.869 Thread 0x0000024a35e35050 4012       1       jdk.internal.module.SystemModuleFinders$SystemModuleReader$$Lambda$130/0x00000001001e93f8::<init> (10 bytes)
Event: 10.870 Thread 0x0000024a35e35050 nmethod 4012 0x0000024a2cd6a090 code [0x0000024a2cd6a220, 0x0000024a2cd6a338]
Event: 10.870 Thread 0x0000024a35e35050 4001       1       jdk.internal.jimage.BasicImageReader::releaseByteBuffer (16 bytes)
Event: 10.870 Thread 0x0000024a35e35050 nmethod 4001 0x0000024a2cd6a390 code [0x0000024a2cd6a520, 0x0000024a2cd6a668]
Event: 10.870 Thread 0x0000024a367383b0 nmethod 4005 0x0000024a2cd6a710 code [0x0000024a2cd6a920, 0x0000024a2cd6ae08]
Event: 10.870 Thread 0x0000024a35c208a0 nmethod 4002 0x0000024a2cd6b010 code [0x0000024a2cd6b840, 0x0000024a2cd6e388]
Event: 10.880 Thread 0x0000024a35e35050 4017       1       io.github.classgraph.Classfile::extendScanningUpwards (585 bytes)
Event: 10.880 Thread 0x0000024a35c208a0 4018   !   1       nonapi.io.github.classgraph.fileslice.reader.ClassfileReader::close (43 bytes)
Event: 10.881 Thread 0x0000024a35c208a0 nmethod 4018 0x0000024a2cd6fe10 code [0x0000024a2cd6ffc0, 0x0000024a2cd70198]
Event: 10.915 Thread 0x0000024a35e35050 nmethod 4017 0x0000024a2cd70290 code [0x0000024a2cd70700, 0x0000024a2cd71608]
Event: 10.930 Thread 0x0000024a35e35050 4019  s!   1       jdk.internal.loader.URLClassPath::getLoader (196 bytes)
Event: 10.931 Thread 0x0000024a35e35050 nmethod 4019 0x0000024a2cd72190 code [0x0000024a2cd72440, 0x0000024a2cd72e58]

GC Heap History (20 events):
Event: 9.827 GC heap after
{Heap after GC invocations=12 (full 0):
 garbage-first heap   total 58368K, used 31169K [0x00000000a0e00000, 0x0000000100000000)
  region size 1024K, 3 young (3072K), 3 survivors (3072K)
 Metaspace       used 35548K, committed 35904K, reserved 1081344K
  class space    used 4613K, committed 4736K, reserved 1048576K
}
Event: 9.890 GC heap before
{Heap before GC invocations=12 (full 0):
 garbage-first heap   total 68608K, used 42433K [0x00000000a0e00000, 0x0000000100000000)
  region size 1024K, 15 young (15360K), 3 survivors (3072K)
 Metaspace       used 35753K, committed 36032K, reserved 1081344K
  class space    used 4639K, committed 4736K, reserved 1048576K
}
Event: 9.896 GC heap after
{Heap after GC invocations=13 (full 0):
 garbage-first heap   total 86016K, used 33268K [0x00000000a0e00000, 0x0000000100000000)
  region size 1024K, 2 young (2048K), 2 survivors (2048K)
 Metaspace       used 35753K, committed 36032K, reserved 1081344K
  class space    used 4639K, committed 4736K, reserved 1048576K
}
Event: 10.001 GC heap before
{Heap before GC invocations=14 (full 0):
 garbage-first heap   total 86016K, used 60916K [0x00000000a0e00000, 0x0000000100000000)
  region size 1024K, 30 young (30720K), 2 survivors (2048K)
 Metaspace       used 36213K, committed 36544K, reserved 1081344K
  class space    used 4669K, committed 4800K, reserved 1048576K
}
Event: 10.009 GC heap after
{Heap after GC invocations=15 (full 0):
 garbage-first heap   total 86016K, used 38090K [0x00000000a0e00000, 0x0000000100000000)
  region size 1024K, 4 young (4096K), 4 survivors (4096K)
 Metaspace       used 36213K, committed 36544K, reserved 1081344K
  class space    used 4669K, committed 4800K, reserved 1048576K
}
Event: 10.016 GC heap before
{Heap before GC invocations=15 (full 0):
 garbage-first heap   total 86016K, used 39114K [0x00000000a0e00000, 0x0000000100000000)
  region size 1024K, 5 young (5120K), 4 survivors (4096K)
 Metaspace       used 36275K, committed 36608K, reserved 1081344K
  class space    used 4671K, committed 4800K, reserved 1048576K
}
Event: 10.019 GC heap after
{Heap after GC invocations=16 (full 0):
 garbage-first heap   total 86016K, used 38952K [0x00000000a0e00000, 0x0000000100000000)
  region size 1024K, 1 young (1024K), 1 survivors (1024K)
 Metaspace       used 36275K, committed 36608K, reserved 1081344K
  class space    used 4671K, committed 4800K, reserved 1048576K
}
Event: 10.101 GC heap before
{Heap before GC invocations=16 (full 0):
 garbage-first heap   total 86016K, used 62504K [0x00000000a0e00000, 0x0000000100000000)
  region size 1024K, 25 young (25600K), 1 survivors (1024K)
 Metaspace       used 36714K, committed 37056K, reserved 1081344K
  class space    used 4721K, committed 4864K, reserved 1048576K
}
Event: 10.107 GC heap after
{Heap after GC invocations=17 (full 0):
 garbage-first heap   total 86016K, used 43923K [0x00000000a0e00000, 0x0000000100000000)
  region size 1024K, 4 young (4096K), 4 survivors (4096K)
 Metaspace       used 36714K, committed 37056K, reserved 1081344K
  class space    used 4721K, committed 4864K, reserved 1048576K
}
Event: 10.363 GC heap before
{Heap before GC invocations=18 (full 0):
 garbage-first heap   total 94208K, used 64403K [0x00000000a0e00000, 0x0000000100000000)
  region size 1024K, 25 young (25600K), 4 survivors (4096K)
 Metaspace       used 37794K, committed 38080K, reserved 1089536K
  class space    used 4783K, committed 4928K, reserved 1048576K
}
Event: 10.373 GC heap after
{Heap after GC invocations=19 (full 0):
 garbage-first heap   total 94208K, used 51172K [0x00000000a0e00000, 0x0000000100000000)
  region size 1024K, 4 young (4096K), 4 survivors (4096K)
 Metaspace       used 37794K, committed 38080K, reserved 1089536K
  class space    used 4783K, committed 4928K, reserved 1048576K
}
Event: 10.374 GC heap before
{Heap before GC invocations=19 (full 0):
 garbage-first heap   total 94208K, used 52196K [0x00000000a0e00000, 0x0000000100000000)
  region size 1024K, 5 young (5120K), 4 survivors (4096K)
 Metaspace       used 37794K, committed 38080K, reserved 1089536K
  class space    used 4783K, committed 4928K, reserved 1048576K
}
Event: 10.381 GC heap after
{Heap after GC invocations=20 (full 0):
 garbage-first heap   total 194560K, used 51744K [0x00000000a0e00000, 0x0000000100000000)
  region size 1024K, 1 young (1024K), 1 survivors (1024K)
 Metaspace       used 37794K, committed 38080K, reserved 1089536K
  class space    used 4783K, committed 4928K, reserved 1048576K
}
Event: 10.881 GC heap before
{Heap before GC invocations=20 (full 0):
 garbage-first heap   total 194560K, used 121376K [0x00000000a0e00000, 0x0000000100000000)
  region size 1024K, 68 young (69632K), 1 survivors (1024K)
 Metaspace       used 38883K, committed 39232K, reserved 1089536K
  class space    used 4926K, committed 5056K, reserved 1048576K
}
Event: 10.913 GC heap after
{Heap after GC invocations=21 (full 0):
 garbage-first heap   total 194560K, used 69632K [0x00000000a0e00000, 0x0000000100000000)
  region size 1024K, 9 young (9216K), 9 survivors (9216K)
 Metaspace       used 38883K, committed 39232K, reserved 1089536K
  class space    used 4926K, committed 5056K, reserved 1048576K
}
Event: 10.948 GC heap before
{Heap before GC invocations=21 (full 0):
 garbage-first heap   total 194560K, used 116736K [0x00000000a0e00000, 0x0000000100000000)
  region size 1024K, 56 young (57344K), 9 survivors (9216K)
 Metaspace       used 38975K, committed 39360K, reserved 1089536K
  class space    used 4934K, committed 5120K, reserved 1048576K
}
Event: 10.955 GC heap after
{Heap after GC invocations=22 (full 0):
 garbage-first heap   total 194560K, used 73001K [0x00000000a0e00000, 0x0000000100000000)
  region size 1024K, 3 young (3072K), 3 survivors (3072K)
 Metaspace       used 38975K, committed 39360K, reserved 1089536K
  class space    used 4934K, committed 5120K, reserved 1048576K
}
Event: 10.983 GC heap before
{Heap before GC invocations=22 (full 0):
 garbage-first heap   total 194560K, used 126249K [0x00000000a0e00000, 0x0000000100000000)
  region size 1024K, 56 young (57344K), 3 survivors (3072K)
 Metaspace       used 38975K, committed 39360K, reserved 1089536K
  class space    used 4934K, committed 5120K, reserved 1048576K
}
Event: 10.986 GC heap after
{Heap after GC invocations=23 (full 0):
 garbage-first heap   total 194560K, used 74666K [0x00000000a0e00000, 0x0000000100000000)
  region size 1024K, 5 young (5120K), 5 survivors (5120K)
 Metaspace       used 38975K, committed 39360K, reserved 1089536K
  class space    used 4934K, committed 5120K, reserved 1048576K
}
Event: 11.019 GC heap before
{Heap before GC invocations=23 (full 0):
 garbage-first heap   total 194560K, used 138154K [0x00000000a0e00000, 0x0000000100000000)
  region size 1024K, 68 young (69632K), 5 survivors (5120K)
 Metaspace       used 38975K, committed 39360K, reserved 1089536K
  class space    used 4934K, committed 5120K, reserved 1048576K
}

Deoptimization events (14 events):
Event: 4.752 Thread 0x0000024a298282b0 DEOPT PACKING pc=0x0000024a2c97a499 sp=0x00000062247fd110
Event: 4.752 Thread 0x0000024a298282b0 DEOPT UNPACKING pc=0x0000024a2c502b43 sp=0x00000062247fc5f0 mode 3
Event: 8.114 Thread 0x0000024a298282b0 DEOPT PACKING pc=0x0000024a2caf1e99 sp=0x00000062247fc4f0
Event: 8.114 Thread 0x0000024a298282b0 DEOPT UNPACKING pc=0x0000024a2c502b43 sp=0x00000062247fb9d0 mode 3
Event: 9.048 Thread 0x0000024a377cf540 DEOPT PACKING pc=0x0000024a2cba4a35 sp=0x00000062263fdd80
Event: 9.048 Thread 0x0000024a377cf540 DEOPT UNPACKING pc=0x0000024a2c502b43 sp=0x00000062263fd2a8 mode 3
Event: 9.079 Thread 0x0000024a36609570 DEOPT PACKING pc=0x0000024a2c979601 sp=0x00000062262fdd90
Event: 9.079 Thread 0x0000024a36609570 DEOPT UNPACKING pc=0x0000024a2c502b43 sp=0x00000062262fd220 mode 3
Event: 9.082 Thread 0x0000024a374e6450 DEOPT PACKING pc=0x0000024a2c976b17 sp=0x00000062265fec70
Event: 9.082 Thread 0x0000024a374e6450 DEOPT UNPACKING pc=0x0000024a2c502b43 sp=0x00000062265fe0c8 mode 3
Event: 9.207 Thread 0x0000024a377f1e10 DEOPT PACKING pc=0x0000024a2cbc07ab sp=0x00000062264fe830
Event: 9.207 Thread 0x0000024a377f1e10 DEOPT UNPACKING pc=0x0000024a2c502b43 sp=0x00000062264fdd78 mode 3
Event: 10.454 Thread 0x0000024a378d8080 DEOPT PACKING pc=0x0000024a2ccc56fc sp=0x0000006226bfe850
Event: 10.454 Thread 0x0000024a378d8080 DEOPT UNPACKING pc=0x0000024a2c502b43 sp=0x0000006226bfdcc0 mode 0

Classes unloaded (0 events):
No events

Classes redefined (0 events):
No events

Internal exceptions (20 events):
Event: 9.276 Thread 0x0000024a378d93c0 Exception <a 'sun/nio/fs/WindowsException'{0x00000000a6db8d10}> (0x00000000a6db8d10) 
thrown [s\src\hotspot\share\prims\jni.cpp, line 516]
Event: 9.276 Thread 0x0000024a378d93c0 Exception <a 'sun/nio/fs/WindowsException'{0x00000000a6db96f8}> (0x00000000a6db96f8) 
thrown [s\src\hotspot\share\prims\jni.cpp, line 516]
Event: 9.276 Thread 0x0000024a378d93c0 Exception <a 'sun/nio/fs/WindowsException'{0x00000000a6db9a88}> (0x00000000a6db9a88) 
thrown [s\src\hotspot\share\prims\jni.cpp, line 516]
Event: 9.276 Thread 0x0000024a378d93c0 Exception <a 'sun/nio/fs/WindowsException'{0x00000000a6dba480}> (0x00000000a6dba480) 
thrown [s\src\hotspot\share\prims\jni.cpp, line 516]
Event: 9.279 Thread 0x0000024a378d93c0 Exception <a 'sun/nio/fs/WindowsException'{0x00000000a6dba830}> (0x00000000a6dba830) 
thrown [s\src\hotspot\share\prims\jni.cpp, line 516]
Event: 9.279 Thread 0x0000024a378d93c0 Exception <a 'sun/nio/fs/WindowsException'{0x00000000a6dbb218}> (0x00000000a6dbb218) 
thrown [s\src\hotspot\share\prims\jni.cpp, line 516]
Event: 9.279 Thread 0x0000024a378d93c0 Exception <a 'sun/nio/fs/WindowsException'{0x00000000a6dbb5a8}> (0x00000000a6dbb5a8) 
thrown [s\src\hotspot\share\prims\jni.cpp, line 516]
Event: 9.279 Thread 0x0000024a378d93c0 Exception <a 'sun/nio/fs/WindowsException'{0x00000000a6dbbfa0}> (0x00000000a6dbbfa0) 
thrown [s\src\hotspot\share\prims\jni.cpp, line 516]
Event: 9.279 Thread 0x0000024a378d93c0 Exception <a 'sun/nio/fs/WindowsException'{0x00000000a57977c8}> (0x00000000a57977c8) 
thrown [s\src\hotspot\share\prims\jni.cpp, line 516]
Event: 9.279 Thread 0x0000024a378d93c0 Exception <a 'sun/nio/fs/WindowsException'{0x00000000a57981d8}> (0x00000000a57981d8) 
thrown [s\src\hotspot\share\prims\jni.cpp, line 516]
Event: 9.279 Thread 0x0000024a378d93c0 Exception <a 'sun/nio/fs/WindowsException'{0x00000000a5798598}> (0x00000000a5798598) 
thrown [s\src\hotspot\share\prims\jni.cpp, line 516]
Event: 9.280 Thread 0x0000024a378d93c0 Exception <a 'sun/nio/fs/WindowsException'{0x00000000a5798fc0}> (0x00000000a5798fc0) 
thrown [s\src\hotspot\share\prims\jni.cpp, line 516]
Event: 9.280 Thread 0x0000024a378d93c0 Exception <a 'sun/nio/fs/WindowsException'{0x00000000a57993a0}> (0x00000000a57993a0) 
thrown [s\src\hotspot\share\prims\jni.cpp, line 516]
Event: 9.280 Thread 0x0000024a378d93c0 Exception <a 'sun/nio/fs/WindowsException'{0x00000000a5799dc0}> (0x00000000a5799dc0) 
thrown [s\src\hotspot\share\prims\jni.cpp, line 516]
Event: 9.280 Thread 0x0000024a378d93c0 Exception <a 'sun/nio/fs/WindowsException'{0x00000000a579a1a0}> (0x00000000a579a1a0) 
thrown [s\src\hotspot\share\prims\jni.cpp, line 516]
Event: 10.468 Thread 0x0000024a377cf540 Exception <a 'java/lang/NoSuchMethodError'{0x00000000ac69ae98}: 'java.lang.Object java.lang.invoke.Invokers$Holder.invoke_MT(java.lang.Object, java.lang.Object, java.lang.Object)'> (0x00000000ac69ae98) 
thrown [s\src\hotspot\share\interpreter\linkResolver.cpp, line 759]
Event: 10.607 Thread 0x0000024a377cf540 Exception <a 'java/lang/NoSuchMethodError'{0x00000000abd20bf0}: 'java.lang.Object java.lang.invoke.DirectMethodHandle$Holder.newInvokeSpecial(java.lang.Object, java.lang.Object, int)'> (0x00000000abd20bf0) 
thrown [s\src\hotspot\share\interpreter\linkResolver.cpp, line 759]
Event: 10.617 Thread 0x0000024a37811f60 Exception <a 'java/lang/NoSuchMethodError'{0x00000000abde4b90}: 'java.lang.Object java.lang.invoke.Invokers$Holder.linkToTargetMethod(java.lang.Object, long, java.lang.Object)'> (0x00000000abde4b90) 
thrown [s\src\hotspot\share\interpreter\linkResolver.cpp, line 759]
Event: 10.634 Thread 0x0000024a37811f60 Exception <a 'sun/nio/fs/WindowsException'{0x00000000abc8bc08}> (0x00000000abc8bc08) 
thrown [s\src\hotspot\share\prims\jni.cpp, line 516]
Event: 10.638 Thread 0x0000024a37811f60 Exception <a 'sun/nio/fs/WindowsException'{0x00000000abc96d20}> (0x00000000abc96d20) 
thrown [s\src\hotspot\share\prims\jni.cpp, line 516]

VM Operations (20 events):
Event: 10.524 Executing VM operation: HandshakeAllThreads done
Event: 10.880 Executing VM operation: HandshakeAllThreads
Event: 10.880 Executing VM operation: HandshakeAllThreads done
Event: 10.880 Executing VM operation: G1CollectForAllocation
Event: 10.881 Executing VM operation: G1CollectForAllocation done
Event: 10.881 Executing VM operation: G1CollectForAllocation
Event: 10.914 Executing VM operation: G1CollectForAllocation done
Event: 10.916 Executing VM operation: HandshakeAllThreads
Event: 10.928 Executing VM operation: HandshakeAllThreads done
Event: 10.947 Executing VM operation: G1CollectForAllocation
Event: 10.947 Executing VM operation: G1CollectForAllocation done
Event: 10.947 Executing VM operation: G1CollectForAllocation
Event: 10.955 Executing VM operation: G1CollectForAllocation done
Event: 10.982 Executing VM operation: G1CollectForAllocation
Event: 10.983 Executing VM operation: G1CollectForAllocation done
Event: 10.983 Executing VM operation: G1CollectForAllocation
Event: 10.986 Executing VM operation: G1CollectForAllocation done
Event: 11.019 Executing VM operation: G1CollectForAllocation
Event: 11.019 Executing VM operation: G1CollectForAllocation done
Event: 11.019 Executing VM operation: G1CollectForAllocation

Events (20 events):
Event: 10.524 loading class java/nio/file/Files$3 done
Event: 10.525 loading class java/nio/file/FileVisitResult
Event: 10.525 loading class java/nio/file/FileVisitResult done
Event: 10.563 loading class java/nio/channels/Channels$ReadableByteChannelImpl
Event: 10.564 loading class java/nio/channels/Channels$ReadableByteChannelImpl done
Event: 10.564 loading class java/nio/channels/NonWritableChannelException
Event: 10.564 loading class java/nio/channels/NonWritableChannelException done
Event: 10.604 loading class java/util/WeakHashMap$EntrySet
Event: 10.604 loading class java/util/WeakHashMap$EntrySet done
Event: 10.604 loading class java/util/WeakHashMap$EntryIterator
Event: 10.604 loading class java/util/WeakHashMap$HashIterator
Event: 10.604 loading class java/util/WeakHashMap$HashIterator done
Event: 10.604 loading class java/util/WeakHashMap$EntryIterator done
Event: 10.610 Thread 0x0000024a37811f60 Thread added: 0x0000024a37811f60
Event: 10.619 loading class java/security/NoSuchAlgorithmException
Event: 10.619 loading class java/security/NoSuchAlgorithmException done
Event: 10.620 loading class sun/security/provider/MD5
Event: 10.621 loading class sun/security/provider/MD5 done
Event: 10.621 loading class sun/security/provider/ByteArrayAccess$LE
Event: 10.621 loading class sun/security/provider/ByteArrayAccess$LE done


Dynamic libraries:
0x00007ff6dc5d0000 - 0x00007ff6dc5de000 	c:\Users\HP\.vscode\extensions\redhat.java-1.12.0-win32-x64\jre\17.0.4.1-win32-x86_64\bin\java.exe
0x00007ffb04120000 - 0x00007ffb04329000 	C:\windows\SYSTEM32\ntdll.dll
0x00007ffb03060000 - 0x00007ffb0311d000 	C:\windows\System32\KERNEL32.DLL
0x00007ffb01b60000 - 0x00007ffb01edb000 	C:\windows\System32\KERNELBASE.dll
0x00007ffafec00000 - 0x00007ffafec92000 	C:\windows\SYSTEM32\apphelp.dll
0x00007ffb01710000 - 0x00007ffb01821000 	C:\windows\System32\ucrtbase.dll
0x00007ffae1a80000 - 0x00007ffae1a99000 	c:\Users\HP\.vscode\extensions\redhat.java-1.12.0-win32-x64\jre\17.0.4.1-win32-x86_64\bin\VCRUNTIME140.dll
0x00007ffae3cf0000 - 0x00007ffae3d08000 	c:\Users\HP\.vscode\extensions\redhat.java-1.12.0-win32-x64\jre\17.0.4.1-win32-x86_64\bin\jli.dll
0x00007ffb020a0000 - 0x00007ffb0224d000 	C:\windows\System32\USER32.dll
0x00007ffaec1b0000 - 0x00007ffaec455000 	C:\windows\WinSxS\amd64_microsoft.windows.common-controls_6595b64144ccf1df_6.0.22000.120_none_9d947278b86cc467\COMCTL32.dll
0x00007ffb03bc0000 - 0x00007ffb03c63000 	C:\windows\System32\msvcrt.dll
0x00007ffb01830000 - 0x00007ffb01856000 	C:\windows\System32\win32u.dll
0x00007ffb02b70000 - 0x00007ffb02b99000 	C:\windows\System32\GDI32.dll
0x00007ffb015f0000 - 0x00007ffb01708000 	C:\windows\System32\gdi32full.dll
0x00007ffb01860000 - 0x00007ffb018fd000 	C:\windows\System32\msvcp_win.dll
0x00007ffb02c20000 - 0x00007ffb02c51000 	C:\windows\System32\IMM32.DLL
0x00007ffafb9b0000 - 0x00007ffafb9bc000 	c:\Users\HP\.vscode\extensions\redhat.java-1.12.0-win32-x64\jre\17.0.4.1-win32-x86_64\bin\vcruntime140_1.dll
0x00007ffac54a0000 - 0x00007ffac5531000 	c:\Users\HP\.vscode\extensions\redhat.java-1.12.0-win32-x64\jre\17.0.4.1-win32-x86_64\bin\msvcp140.dll
0x00007ffa92d90000 - 0x00007ffa939d6000 	c:\Users\HP\.vscode\extensions\redhat.java-1.12.0-win32-x64\jre\17.0.4.1-win32-x86_64\bin\server\jvm.dll
0x00007ffb035e0000 - 0x00007ffb0368e000 	C:\windows\System32\ADVAPI32.dll
0x00007ffb03690000 - 0x00007ffb0372e000 	C:\windows\System32\sechost.dll
0x00007ffb03120000 - 0x00007ffb03240000 	C:\windows\System32\RPCRT4.dll
0x00007ffb03430000 - 0x00007ffb03438000 	C:\windows\System32\PSAPI.DLL
0x00007ffafd410000 - 0x00007ffafd419000 	C:\windows\SYSTEM32\WSOCK32.dll
0x00007ffb02250000 - 0x00007ffb022bf000 	C:\windows\System32\WS2_32.dll
0x00007ffaf9390000 - 0x00007ffaf93c3000 	C:\windows\SYSTEM32\WINMM.dll
0x00007ffaf8640000 - 0x00007ffaf864a000 	C:\windows\SYSTEM32\VERSION.dll
0x00007ffb00670000 - 0x00007ffb00688000 	C:\windows\SYSTEM32\kernel.appcore.dll
0x00007ffaf05d0000 - 0x00007ffaf05da000 	c:\Users\HP\.vscode\extensions\redhat.java-1.12.0-win32-x64\jre\17.0.4.1-win32-x86_64\bin\jimage.dll
0x00007ffaec510000 - 0x00007ffaec731000 	C:\windows\SYSTEM32\DBGHELP.DLL
0x00007ffae4e20000 - 0x00007ffae4e51000 	C:\windows\SYSTEM32\dbgcore.DLL
0x00007ffb01900000 - 0x00007ffb0197f000 	C:\windows\System32\bcryptPrimitives.dll
0x00007ffadc4f0000 - 0x00007ffadc515000 	c:\Users\HP\.vscode\extensions\redhat.java-1.12.0-win32-x64\jre\17.0.4.1-win32-x86_64\bin\java.dll
0x00007ffaf0260000 - 0x00007ffaf0278000 	c:\Users\HP\.vscode\extensions\redhat.java-1.12.0-win32-x64\jre\17.0.4.1-win32-x86_64\bin\zip.dll
0x00007ffb023a0000 - 0x00007ffb02b58000 	C:\windows\System32\SHELL32.dll
0x00007ffaff6e0000 - 0x00007ffafff45000 	C:\windows\SYSTEM32\windows.storage.dll
0x00007ffb03c70000 - 0x00007ffb03fe7000 	C:\windows\System32\combase.dll
0x00007ffaff570000 - 0x00007ffaff6d6000 	C:\windows\SYSTEM32\wintypes.dll
0x00007ffb01fa0000 - 0x00007ffb0208a000 	C:\windows\System32\SHCORE.dll
0x00007ffb02340000 - 0x00007ffb0239d000 	C:\windows\System32\shlwapi.dll
0x00007ffb01520000 - 0x00007ffb01541000 	C:\windows\SYSTEM32\profapi.dll
0x00007ffadc810000 - 0x00007ffadc829000 	C:\Users\HP\.vscode\extensions\redhat.java-1.12.0-win32-x64\jre\17.0.4.1-win32-x86_64\bin\net.dll
0x00007ffafa670000 - 0x00007ffafa77c000 	C:\windows\SYSTEM32\WINHTTP.dll
0x00007ffb00b10000 - 0x00007ffb00b77000 	C:\windows\system32\mswsock.dll
0x00007ffadc5f0000 - 0x00007ffadc605000 	C:\Users\HP\.vscode\extensions\redhat.java-1.12.0-win32-x64\jre\17.0.4.1-win32-x86_64\bin\nio.dll
0x00007ffaeb3d0000 - 0x00007ffaeb3e0000 	c:\Users\HP\.vscode\extensions\redhat.java-1.12.0-win32-x64\jre\17.0.4.1-win32-x86_64\bin\verify.dll
0x00007ffaf1b30000 - 0x00007ffaf1b39000 	C:\Users\HP\.vscode\extensions\redhat.java-1.12.0-win32-x64\jre\17.0.4.1-win32-x86_64\bin\management.dll
0x00007ffaf1b20000 - 0x00007ffaf1b2b000 	C:\Users\HP\.vscode\extensions\redhat.java-1.12.0-win32-x64\jre\17.0.4.1-win32-x86_64\bin\management_ext.dll
0x00007ffae38f0000 - 0x00007ffae3907000 	C:\windows\system32\napinsp.dll
0x00007ffae45f0000 - 0x00007ffae460b000 	C:\windows\system32\pnrpnsp.dll
0x00007ffb001d0000 - 0x00007ffb002b8000 	C:\windows\SYSTEM32\DNSAPI.dll
0x00007ffb001a0000 - 0x00007ffb001cd000 	C:\windows\SYSTEM32\IPHLPAPI.DLL
0x00007ffb02090000 - 0x00007ffb02099000 	C:\windows\System32\NSI.dll
0x00007ffae36b0000 - 0x00007ffae36c2000 	C:\windows\System32\winrnr.dll
0x00007ffaf8810000 - 0x00007ffaf8825000 	C:\windows\system32\wshbth.dll
0x00007ffae3690000 - 0x00007ffae36af000 	C:\windows\system32\nlansp_c.dll
0x00007ffaf1af0000 - 0x00007ffaf1afa000 	C:\Windows\System32\rasadhlp.dll
0x00007ffaf6500000 - 0x00007ffaf6581000 	C:\windows\System32\fwpuclnt.dll
0x00007ffb00d60000 - 0x00007ffb00d78000 	C:\windows\SYSTEM32\CRYPTSP.dll
0x00007ffb005d0000 - 0x00007ffb00605000 	C:\windows\system32\rsaenh.dll
0x00007ffb00c00000 - 0x00007ffb00c29000 	C:\windows\SYSTEM32\USERENV.dll
0x00007ffb00ee0000 - 0x00007ffb00f07000 	C:\windows\SYSTEM32\bcrypt.dll
0x00007ffb00d50000 - 0x00007ffb00d5c000 	C:\windows\SYSTEM32\CRYPTBASE.dll
0x00007ffafaa00000 - 0x00007ffafaa19000 	C:\windows\SYSTEM32\dhcpcsvc6.DLL
0x00007ffafae70000 - 0x00007ffafae8e000 	C:\windows\SYSTEM32\dhcpcsvc.DLL

dbghelp: loaded successfully - version: 4.0.5 - missing functions: none
symbol engine: initialized successfully - sym options: 0x614 - pdb path: .;c:\Users\HP\.vscode\extensions\redhat.java-1.12.0-win32-x64\jre\17.0.4.1-win32-x86_64\bin;C:\windows\SYSTEM32;C:\windows\WinSxS\amd64_microsoft.windows.common-controls_6595b64144ccf1df_6.0.22000.120_none_9d947278b86cc467;c:\Users\HP\.vscode\extensions\redhat.java-1.12.0-win32-x64\jre\17.0.4.1-win32-x86_64\bin\server

VM Arguments:
jvm_args: -Dsts.lsp.client=vscode -Dsts.log.file=/dev/null -XX:TieredStopAtLevel=1 -Xlog:jni+resolve=off -Dspring.config.location=file:c:\Users\HP\.vscode\extensions\pivotal.vscode-spring-boot-1.40.0\language-server\BOOT-INF\classes\application.properties 
java_command: org.springframework.ide.vscode.boot.app.BootLanguageServerBootApp
java_class_path (initial): c:\Users\HP\.vscode\extensions\pivotal.vscode-spring-boot-1.40.0\language-server\BOOT-INF\classes;c:\Users\HP\.vscode\extensions\pivotal.vscode-spring-boot-1.40.0\language-server\BOOT-INF\lib\annotations-23.0.0.jar;c:\Users\HP\.vscode\extensions\pivotal.vscode-spring-boot-1.40.0\language-server\BOOT-INF\lib\ant-1.10.12.jar;c:\Users\HP\.vscode\extensions\pivotal.vscode-spring-boot-1.40.0\language-server\BOOT-INF\lib\ant-launcher-1.10.12.jar;c:\Users\HP\.vscode\extensions\pivotal.vscode-spring-boot-1.40.0\language-server\BOOT-INF\lib\antlr-runtime-3.5.2.jar;c:\Users\HP\.vscode\extensions\pivotal.vscode-spring-boot-1.40.0\language-server\BOOT-INF\lib\antlr4-4.9.3.jar;c:\Users\HP\.vscode\extensions\pivotal.vscode-spring-boot-1.40.0\language-server\BOOT-INF\lib\antlr4-runtime-4.9.3.jar;c:\Users\HP\.vscode\extensions\pivotal.vscode-spring-boot-1.40.0\language-server\BOOT-INF\lib\asm-9.3.jar;c:\Users\HP\.vscode\extensions\pivotal.vscode-spring-boot-1.40.0\language-server\BOOT-INF\lib\asm-analysis-9.3.jar;c:\Users\HP\.vscode\extensions\pivotal.vscode-spring-boot-1.40.0\language-server\BOOT-INF\lib\asm-tree-9.3.jar;c:\Users\HP\.vscode\extensions\pivotal.vscode-spring-boot-1.40.0\language-server\BOOT-INF\lib\asm-util-9.3.jar;c:\Users\HP\.vscode\extensions\pivotal.vscode-spring-boot-1.40.0\language-server\BOOT-INF\lib\byte-buddy-1.12.13.jar;c:\Users\HP\.vscode\extensions\pivotal.vscode-spring-boot-1.40.0\language-server\BOOT-INF\lib\caffeine-2.9.3.jar;c:\Users\HP\.vscode\extensions\pivotal.vscode-spring-boot-1.40.0\language-server\BOOT-INF\lib\checker-qual-3.12.0.jar;c:\Users\HP\.vscode\extensions\pivotal.vscode-spring-boot-1.40.0\language-server\BOOT-INF\lib\classgraph-4.8.149.jar;c:\Users\HP\.vscode\extensions\pivotal.vscode-spring-boot-1.40.0\language-server\BOOT-INF\lib\commons-codec-1.15.jar;c:\Users\HP\.vscode\extensions\pivotal.vscode-spring-boot-1.40.0\language-server\BOOT-INF\lib\commons-compress-1.21.jar;c:\Users\HP\.vscode\extensions\piv
Launcher Type: SUN_STANDARD

[Global flags]
     intx CICompilerCount                          = 3                                         {product} {ergonomic}
     uint ConcGCThreads                            = 1                                         {product} {ergonomic}
     uint G1ConcRefinementThreads                  = 4                                         {product} {ergonomic}
   size_t G1HeapRegionSize                         = 1048576                                   {product} {ergonomic}
    uintx GCDrainStackTargetSize                   = 64                                        {product} {ergonomic}
   size_t InitialHeapSize                          = 100663296                                 {product} {ergonomic}
   size_t MarkStackSize                            = 4194304                                   {product} {ergonomic}
   size_t MaxHeapSize                              = 1595932672                                {product} {ergonomic}
   size_t MaxNewSize                               = 957349888                                 {product} {ergonomic}
   size_t MinHeapDeltaBytes                        = 1048576                                   {product} {ergonomic}
   size_t MinHeapSize                              = 8388608                                   {product} {ergonomic}
    uintx NonProfiledCodeHeapSize                  = 0                                      {pd product} {ergonomic}
     bool ProfileInterpreter                       = false                                  {pd product} {command line}
    uintx ProfiledCodeHeapSize                     = 0                                      {pd product} {ergonomic}
   size_t SoftMaxHeapSize                          = 1595932672                             {manageable} {ergonomic}
     intx TieredStopAtLevel                        = 1                                         {product} {command line}
     bool UseCompressedClassPointers               = true                           {product lp64_product} {ergonomic}
     bool UseCompressedOops                        = true                           {product lp64_product} {ergonomic}
     bool UseG1GC                                  = true                                      {product} {ergonomic}
     bool UseLargePagesIndividualAllocation        = false                                  {pd product} {ergonomic}

Logging:
Log output configuration:
 #0: stdout all=warning,jni+resolve=off uptime,level,tags
 #1: stderr all=off uptime,level,tags

Environment Variables:
CLASSPATH=C:\Users\HP\Downloads\mysql-connector-java-5.1.12.;
PATH=C:\Program Files\Common Files\Oracle\Java\javapath;C:\MinGW\bin;C:\ProgramData\Oracle\Java\javapath;C:\windows\system32;C:\windows;C:\windows\System32\Wbem;C:\windows\System32\WindowsPowerShell\v1.0\;C:\windows\System32\OpenSSH\;C:\MinGW\bin;C:\Program Files\Java\jdk-18\bin;C:\ProgramData\chocolatey\bin;C:\Program Files\Git\cmd;C:\Program Files (x86)\nodejs\;C:\Xammp Server\php;C:\Program Files\Go\bin;C:\xampp\php;C:\MinGW\bin;C:\Users\HP\AppData\Local\Programs\Microsoft VS Code\bin;C:\Users\HP\go\bin;
USERNAME=HP
OS=Windows_NT
PROCESSOR_IDENTIFIER=AMD64 Family 23 Model 24 Stepping 1, AuthenticAMD
TMP=C:\Users\HP\AppData\Local\Temp
TEMP=C:\Users\HP\AppData\Local\Temp



---------------  S Y S T E M  ---------------

OS:
 Windows 11 , 64 bit Build 22000 (10.0.22000.708)
OS uptime: 21 days 14:19 hours

CPU: total 4 (initial active 4) (4 cores per cpu, 2 threads per core) family 23 model 24 stepping 1 microcode 0x0, cx8, cmov, fxsr, ht, mmx, 3dnowpref, sse, sse2, sse3, ssse3, sse4a, sse4.1, sse4.2, popcnt, lzcnt, tsc, tscinvbit, avx, avx2, aes, clmul, bmi1, bmi2, adx, sha, fma, vzeroupper, clflush, clflushopt

Memory: 4k page, system-wide physical 6086M (180M free)
TotalPageFile size 22614M (AvailPageFile size 243M)
current process WorkingSet (physical memory assigned to process): 276M, peak: 276M
current process commit charge ("private bytes"): 327M, peak: 707M

vm_info: OpenJDK 64-Bit Server VM (17.0.4.1+1) for windows-amd64 JRE (17.0.4.1+1), built on Aug 17 2022 07:42:43 by "temurin" with MS VC++ 16.7 (VS2019)

END.
