#
# There is insufficient memory for the Java Runtime Environment to continue.
# Native memory allocation (mmap) failed to map 195035136 bytes for G1 virtual space
# Possible reasons:
#   The system is out of physical RAM or swap space
#   The process is running with CompressedOops enabled, and the Java Heap may be blocking the growth of the native heap
# Possible solutions:
#   Reduce memory load on the system
#   Increase physical memory or swap space
#   Check if swap backing store is full
#   Decrease Java heap size (-Xmx/-Xms)
#   Decrease number of Java threads
#   Decrease Java thread stack sizes (-Xss)
#   Set larger code cache with -XX:ReservedCodeCacheSize=
#   JVM is running with Unscaled Compressed Oops mode in which the Java heap is
#     placed in the first 4GB address space. The Java Heap base address is the
#     maximum limit for the native heap growth. Please use -XX:HeapBaseMinAddress
#     to set the Java Heap base and to place the Java Heap above 4GB virtual address.
# This output file may be truncated or incomplete.
#
#  Out of Memory Error (os_windows.cpp:3541), pid=44252, tid=53532
#
# JRE version: OpenJDK Runtime Environment Temurin-17.0.4.1+1 (17.0.4.1+1) (build 17.0.4.1+1)
# Java VM: OpenJDK 64-Bit Server VM Temurin-17.0.4.1+1 (17.0.4.1+1, mixed mode, emulated-client, tiered, compressed oops, compressed class ptrs, g1 gc, windows-amd64)
# No core dump will be written. Minidumps are not enabled by default on client versions of Windows
#

---------------  S U M M A R Y ------------

Command Line: -Dsts.lsp.client=vscode -Dsts.log.file=/dev/null -XX:TieredStopAtLevel=1 -Xlog:jni+resolve=off -Dspring.config.location=file:c:\Users\HP\.vscode\extensions\pivotal.vscode-spring-boot-1.40.0\language-server\BOOT-INF\classes\application.properties org.springframework.ide.vscode.boot.app.BootLanguageServerBootApp

Host: AMD Ryzen 3 3250U with Radeon Graphics         , 4 cores, 5G,  Windows 11 , 64 bit Build 22000 (10.0.22000.708)
Time: Tue Nov  8 09:14:11 2022 India Standard Time elapsed time: 11.244800 seconds (0d 0h 0m 11s)

---------------  T H R E A D  ---------------

Current thread (0x000001b07fd3f5d0):  VMThread "VM Thread" [stack: 0x000000878f900000,0x000000878fa00000] [id=53532]

Stack: [0x000000878f900000,0x000000878fa00000]
Native frames: (J=compiled Java code, j=interpreted, Vv=VM code, C=native code)
V  [jvm.dll+0x67731a]
V  [jvm.dll+0x832284]
V  [jvm.dll+0x833a2e]
V  [jvm.dll+0x834093]
V  [jvm.dll+0x245775]
V  [jvm.dll+0x674209]
V  [jvm.dll+0x668a92]
V  [jvm.dll+0x30471b]
V  [jvm.dll+0x30bc66]
V  [jvm.dll+0x35ba9e]
V  [jvm.dll+0x35bccf]
V  [jvm.dll+0x2db5b8]
V  [jvm.dll+0x2d986c]
V  [jvm.dll+0x2d8e3c]
V  [jvm.dll+0x31cd9b]
V  [jvm.dll+0x83853b]
V  [jvm.dll+0x839274]
V  [jvm.dll+0x83978c]
V  [jvm.dll+0x839b64]
V  [jvm.dll+0x839c30]
V  [jvm.dll+0x7e240a]
V  [jvm.dll+0x6761a5]
C  [ucrtbase.dll+0x26c0c]
C  [KERNEL32.DLL+0x154e0]
C  [ntdll.dll+0x485b]

VM_Operation (0x00000087917fe1a0): G1CollectForAllocation, mode: safepoint, requested by thread 0x000001b00a928be0


---------------  P R O C E S S  ---------------

Threads class SMR info:
_java_thread_list=0x000001b00915ce30, length=31, elements={
0x000001b07fd55390, 0x000001b07fd55f40, 0x000001b07fd7c130, 0x000001b07fd7eb00,
0x000001b00891beb0, 0x000001b00891fc70, 0x000001b0089205e0, 0x000001b008928ef0,
0x000001b008b36a90, 0x000001b008b3ade0, 0x000001b00a5f82e0, 0x000001b00a8439b0,
0x000001b009335500, 0x000001b07c4b8ea0, 0x000001b009164040, 0x000001b00a85eed0,
0x000001b00a86cec0, 0x000001b009203500, 0x000001b0089ef3b0, 0x000001b0089ebc10,
0x000001b0089cea70, 0x000001b00a929580, 0x000001b00a9290b0, 0x000001b00a927d70,
0x000001b00a928be0, 0x000001b00a928240, 0x000001b00a928710, 0x000001b00aa145c0,
0x000001b00aa1a600, 0x000001b00aa16c40, 0x000001b00aa140f0
}

Java Threads: ( => current thread )
  0x000001b07fd55390 JavaThread "Reference Handler" daemon [_thread_blocked, id=44652, stack(0x000000878fa00000,0x000000878fb00000)]
  0x000001b07fd55f40 JavaThread "Finalizer" daemon [_thread_blocked, id=53824, stack(0x000000878fb00000,0x000000878fc00000)]
  0x000001b07fd7c130 JavaThread "Signal Dispatcher" daemon [_thread_blocked, id=52428, stack(0x000000878fc00000,0x000000878fd00000)]
  0x000001b07fd7eb00 JavaThread "Attach Listener" daemon [_thread_blocked, id=40560, stack(0x000000878fd00000,0x000000878fe00000)]
  0x000001b00891beb0 JavaThread "Service Thread" daemon [_thread_blocked, id=53384, stack(0x000000878fe00000,0x000000878ff00000)]
  0x000001b00891fc70 JavaThread "Monitor Deflation Thread" daemon [_thread_blocked, id=45752, stack(0x000000878ff00000,0x0000008790000000)]
  0x000001b0089205e0 JavaThread "C1 CompilerThread0" daemon [_thread_blocked, id=52892, stack(0x0000008790000000,0x0000008790100000)]
  0x000001b008928ef0 JavaThread "Sweeper thread" daemon [_thread_blocked, id=34756, stack(0x0000008790100000,0x0000008790200000)]
  0x000001b008b36a90 JavaThread "Notification Thread" daemon [_thread_blocked, id=50328, stack(0x0000008790200000,0x0000008790300000)]
  0x000001b008b3ade0 JavaThread "Common-Cleaner" daemon [_thread_blocked, id=19420, stack(0x0000008790400000,0x0000008790500000)]
  0x000001b00a5f82e0 JavaThread "boundedElastic-evictor-1" daemon [_thread_blocked, id=42220, stack(0x0000008790a00000,0x0000008790b00000)]
  0x000001b00a8439b0 JavaThread "pool-9-thread-1" [_thread_blocked, id=44820, stack(0x0000008790b00000,0x0000008790c00000)]
  0x000001b009335500 JavaThread "LanguageServerApp-lifecycle" [_thread_blocked, id=40836, stack(0x0000008790c00000,0x0000008790d00000)]
  0x000001b07c4b8ea0 JavaThread "DestroyJavaVM" [_thread_blocked, id=12544, stack(0x000000878f300000,0x000000878f400000)]
  0x000001b009164040 JavaThread "pool-10-thread-1" [_thread_in_native, id=45504, stack(0x0000008790d00000,0x0000008790e00000)]
  0x000001b00a85eed0 JavaThread "Simple-Language-Server main thread" daemon [_thread_blocked, id=2876, stack(0x0000008790e00000,0x0000008790f00000)]
  0x000001b00a86cec0 JavaThread "ForkJoinPool.commonPool-worker-1" daemon [_thread_blocked, id=41752, stack(0x0000008790f00000,0x0000008791000000)]
  0x000001b009203500 JavaThread "pool-7-thread-1" [_thread_blocked, id=10940, stack(0x0000008791000000,0x0000008791100000)]
  0x000001b0089ef3b0 JavaThread "parallel-1" daemon [_thread_blocked, id=46068, stack(0x0000008791100000,0x0000008791200000)]
  0x000001b0089ebc10 JavaThread "parallel-2" daemon [_thread_blocked, id=53092, stack(0x0000008791200000,0x0000008791300000)]
  0x000001b0089cea70 JavaThread "Reconciler-1" daemon [_thread_blocked, id=53024, stack(0x0000008791300000,0x0000008791400000)]
  0x000001b00a929580 JavaThread "parallel-3" daemon [_thread_blocked, id=9016, stack(0x0000008791400000,0x0000008791500000)]
  0x000001b00a9290b0 JavaThread "ClassGraph-worker-0" daemon [_thread_blocked, id=38376, stack(0x0000008791500000,0x0000008791600000)]
  0x000001b00a927d70 JavaThread "ClassGraph-worker-1" daemon [_thread_blocked, id=28040, stack(0x0000008791600000,0x0000008791700000)]
  0x000001b00a928be0 JavaThread "ClassGraph-worker-2" daemon [_thread_blocked, id=32772, stack(0x0000008791700000,0x0000008791800000)]
  0x000001b00a928240 JavaThread "ClassGraph-worker-3" daemon [_thread_blocked, id=32792, stack(0x0000008791800000,0x0000008791900000)]
  0x000001b00a928710 JavaThread "ClassGraph-worker-4" daemon [_thread_blocked, id=50720, stack(0x0000008791900000,0x0000008791a00000)]
  0x000001b00aa145c0 JavaThread "ClassGraph-worker-5" daemon [_thread_blocked, id=22580, stack(0x0000008791a00000,0x0000008791b00000)]
  0x000001b00aa1a600 JavaThread "ClassGraph-worker-6" daemon [_thread_blocked, id=31748, stack(0x0000008791b00000,0x0000008791c00000)]
  0x000001b00aa16c40 JavaThread "ClassGraph-worker-7" daemon [_thread_blocked, id=54180, stack(0x0000008791c00000,0x0000008791d00000)]
  0x000001b00aa140f0 JavaThread "pool-5-thread-1" [_thread_blocked, id=47644, stack(0x0000008791e00000,0x0000008791f00000)]

Other Threads:
=>0x000001b07fd3f5d0 VMThread "VM Thread" [stack: 0x000000878f900000,0x000000878fa00000] [id=53532]
  0x000001b008b37570 WatcherThread [stack: 0x0000008790300000,0x0000008790400000] [id=49180]
  0x000001b07c5051a0 GCTaskThread "GC Thread#0" [stack: 0x000000878f400000,0x000000878f500000] [id=41064]
  0x000001b00939a430 GCTaskThread "GC Thread#1" [stack: 0x0000008790600000,0x0000008790700000] [id=44336]
  0x000001b0093a9dd0 GCTaskThread "GC Thread#2" [stack: 0x0000008790700000,0x0000008790800000] [id=18936]
  0x000001b009396450 GCTaskThread "GC Thread#3" [stack: 0x0000008790900000,0x0000008790a00000] [id=52920]
  0x000001b07c512080 ConcurrentGCThread "G1 Main Marker" [stack: 0x000000878f500000,0x000000878f600000] [id=33220]
  0x000001b07c513230 ConcurrentGCThread "G1 Conc#0" [stack: 0x000000878f600000,0x000000878f700000] [id=27860]
  0x000001b07fbb24c0 ConcurrentGCThread "G1 Refine#0" [stack: 0x000000878f700000,0x000000878f800000] [id=46104]
  0x000001b00aa4e800 ConcurrentGCThread "G1 Refine#1" [stack: 0x0000008791d00000,0x0000008791e00000] [id=12112]
  0x000001b07c57ae60 ConcurrentGCThread "G1 Service" [stack: 0x000000878f800000,0x000000878f900000] [id=38196]

Threads with active compile tasks:

VM state: at safepoint (normal execution)

VM Mutex/Monitor currently owned by a thread:  ([mutex/lock_event])
[0x000001b07a2a6750] Threads_lock - owner thread: 0x000001b07fd3f5d0
[0x000001b07c4b6d70] Heap_lock - owner thread: 0x000001b00a928be0

Heap address: 0x00000000a0e00000, size: 1522 MB, Compressed Oops mode: 32-bit

CDS archive(s) not mapped
Compressed class space mapped at: 0x0000000100000000-0x0000000140000000, reserved size: 1073741824
Narrow klass base: 0x0000000000000000, Narrow klass shift: 3, Narrow klass range: 0x140000000

GC Precious Log:
 CPUs: 4 total, 4 available
 Memory: 6086M
 Large Page Support: Disabled
 NUMA Support: Disabled
 Compressed Oops: Enabled (32-bit)
 Heap Region Size: 1M
 Heap Min Capacity: 8M
 Heap Initial Capacity: 96M
 Heap Max Capacity: 1522M
 Pre-touch: Disabled
 Parallel Workers: 4
 Concurrent Workers: 1
 Concurrent Refinement Workers: 4
 Periodic GC: Disabled

Heap:
 garbage-first heap   total 351232K, used 109559K [0x00000000a0e00000, 0x0000000100000000)
  region size 1024K, 15 young (15360K), 15 survivors (15360K)
 Metaspace       used 38966K, committed 39296K, reserved 1089536K
  class space    used 4930K, committed 5056K, reserved 1048576K

Heap Regions: E=young(eden), S=young(survivor), O=old, HS=humongous(starts), HC=humongous(continues), CS=collection set, F=free, OA=open archive, CA=closed archive, TAMS=top-at-mark-start (previous, next)
|   0|0x00000000a0e00000, 0x00000000a0f00000, 0x00000000a0f00000|100%| O|  |TAMS 0x00000000a0f00000, 0x00000000a0e00000| Untracked 
|   1|0x00000000a0f00000, 0x00000000a1000000, 0x00000000a1000000|100%| O|  |TAMS 0x00000000a1000000, 0x00000000a0f00000| Untracked 
|   2|0x00000000a1000000, 0x00000000a1100000, 0x00000000a1100000|100%| O|  |TAMS 0x00000000a1100000, 0x00000000a1000000| Untracked 
|   3|0x00000000a1100000, 0x00000000a1200000, 0x00000000a1200000|100%| O|  |TAMS 0x00000000a1200000, 0x00000000a1100000| Untracked 
|   4|0x00000000a1200000, 0x00000000a1300000, 0x00000000a1300000|100%| O|  |TAMS 0x00000000a1300000, 0x00000000a1200000| Untracked 
|   5|0x00000000a1300000, 0x00000000a1400000, 0x00000000a1400000|100%| O|  |TAMS 0x00000000a1400000, 0x00000000a1300000| Untracked 
|   6|0x00000000a1400000, 0x00000000a1500000, 0x00000000a1500000|100%| O|  |TAMS 0x00000000a1500000, 0x00000000a1400000| Untracked 
|   7|0x00000000a1500000, 0x00000000a1526a00, 0x00000000a1600000| 15%| O|  |TAMS 0x00000000a1526a00, 0x00000000a1500000| Untracked 
|   8|0x00000000a1600000, 0x00000000a1700000, 0x00000000a1700000|100%| O|  |TAMS 0x00000000a1700000, 0x00000000a1600000| Untracked 
|   9|0x00000000a1700000, 0x00000000a1800000, 0x00000000a1800000|100%| O|  |TAMS 0x00000000a1800000, 0x00000000a1700000| Untracked 
|  10|0x00000000a1800000, 0x00000000a1900000, 0x00000000a1900000|100%| O|  |TAMS 0x00000000a1900000, 0x00000000a1800000| Untracked 
|  11|0x00000000a1900000, 0x00000000a1a00000, 0x00000000a1a00000|100%| O|  |TAMS 0x00000000a1a00000, 0x00000000a1900000| Untracked 
|  12|0x00000000a1a00000, 0x00000000a1b00000, 0x00000000a1b00000|100%| O|  |TAMS 0x00000000a1a00000, 0x00000000a1a00000| Untracked 
|  13|0x00000000a1b00000, 0x00000000a1c00000, 0x00000000a1c00000|100%| O|  |TAMS 0x00000000a1c00000, 0x00000000a1b00000| Untracked 
|  14|0x00000000a1c00000, 0x00000000a1d00000, 0x00000000a1d00000|100%| O|  |TAMS 0x00000000a1d00000, 0x00000000a1c00000| Untracked 
|  15|0x00000000a1d00000, 0x00000000a1e00000, 0x00000000a1e00000|100%| O|  |TAMS 0x00000000a1e00000, 0x00000000a1d00000| Untracked 
|  16|0x00000000a1e00000, 0x00000000a1f00000, 0x00000000a1f00000|100%| O|  |TAMS 0x00000000a1f00000, 0x00000000a1e00000| Untracked 
|  17|0x00000000a1f00000, 0x00000000a2000000, 0x00000000a2000000|100%| O|  |TAMS 0x00000000a2000000, 0x00000000a1f00000| Untracked 
|  18|0x00000000a2000000, 0x00000000a2100000, 0x00000000a2100000|100%| O|  |TAMS 0x00000000a2100000, 0x00000000a2000000| Untracked 
|  19|0x00000000a2100000, 0x00000000a2200000, 0x00000000a2200000|100%| O|  |TAMS 0x00000000a2200000, 0x00000000a2100000| Untracked 
|  20|0x00000000a2200000, 0x00000000a2300000, 0x00000000a2300000|100%| O|  |TAMS 0x00000000a2300000, 0x00000000a2200000| Untracked 
|  21|0x00000000a2300000, 0x00000000a2400000, 0x00000000a2400000|100%| O|  |TAMS 0x00000000a2400000, 0x00000000a2300000| Untracked 
|  22|0x00000000a2400000, 0x00000000a2500000, 0x00000000a2500000|100%| O|  |TAMS 0x00000000a2500000, 0x00000000a2400000| Untracked 
|  23|0x00000000a2500000, 0x00000000a2600000, 0x00000000a2600000|100%| O|  |TAMS 0x00000000a2600000, 0x00000000a2500000| Untracked 
|  24|0x00000000a2600000, 0x00000000a2700000, 0x00000000a2700000|100%| O|  |TAMS 0x00000000a2700000, 0x00000000a2600000| Untracked 
|  25|0x00000000a2700000, 0x00000000a2800000, 0x00000000a2800000|100%| O|  |TAMS 0x00000000a2800000, 0x00000000a2700000| Untracked 
|  26|0x00000000a2800000, 0x00000000a2900000, 0x00000000a2900000|100%| O|  |TAMS 0x00000000a2900000, 0x00000000a2800000| Untracked 
|  27|0x00000000a2900000, 0x00000000a2a00000, 0x00000000a2a00000|100%| O|  |TAMS 0x00000000a2a00000, 0x00000000a2900000| Untracked 
|  28|0x00000000a2a00000, 0x00000000a2b00000, 0x00000000a2b00000|100%| O|  |TAMS 0x00000000a2b00000, 0x00000000a2a00000| Untracked 
|  29|0x00000000a2b00000, 0x00000000a2c00000, 0x00000000a2c00000|100%| O|  |TAMS 0x00000000a2c00000, 0x00000000a2b00000| Untracked 
|  30|0x00000000a2c00000, 0x00000000a2d00000, 0x00000000a2d00000|100%| O|  |TAMS 0x00000000a2d00000, 0x00000000a2c00000| Untracked 
|  31|0x00000000a2d00000, 0x00000000a2e00000, 0x00000000a2e00000|100%| O|  |TAMS 0x00000000a2e00000, 0x00000000a2d00000| Untracked 
|  32|0x00000000a2e00000, 0x00000000a2f00000, 0x00000000a2f00000|100%| O|  |TAMS 0x00000000a2f00000, 0x00000000a2e00000| Untracked 
|  33|0x00000000a2f00000, 0x00000000a3000000, 0x00000000a3000000|100%| O|  |TAMS 0x00000000a3000000, 0x00000000a2f00000| Untracked 
|  34|0x00000000a3000000, 0x00000000a3100000, 0x00000000a3100000|100%| O|  |TAMS 0x00000000a3100000, 0x00000000a3000000| Untracked 
|  35|0x00000000a3100000, 0x00000000a3200000, 0x00000000a3200000|100%| O|  |TAMS 0x00000000a3200000, 0x00000000a3100000| Untracked 
|  36|0x00000000a3200000, 0x00000000a3300000, 0x00000000a3300000|100%| O|  |TAMS 0x00000000a3300000, 0x00000000a3200000| Untracked 
|  37|0x00000000a3300000, 0x00000000a3400000, 0x00000000a3400000|100%| O|  |TAMS 0x00000000a3400000, 0x00000000a3300000| Untracked 
|  38|0x00000000a3400000, 0x00000000a3500000, 0x00000000a3500000|100%| O|  |TAMS 0x00000000a3500000, 0x00000000a3400000| Untracked 
|  39|0x00000000a3500000, 0x00000000a3600000, 0x00000000a3600000|100%| O|  |TAMS 0x00000000a3600000, 0x00000000a3500000| Untracked 
|  40|0x00000000a3600000, 0x00000000a3700000, 0x00000000a3700000|100%| O|  |TAMS 0x00000000a3700000, 0x00000000a3600000| Untracked 
|  41|0x00000000a3700000, 0x00000000a3800000, 0x00000000a3800000|100%| O|  |TAMS 0x00000000a3800000, 0x00000000a3700000| Untracked 
|  42|0x00000000a3800000, 0x00000000a3900000, 0x00000000a3900000|100%| O|  |TAMS 0x00000000a38da200, 0x00000000a3800000| Untracked 
|  43|0x00000000a3900000, 0x00000000a3a00000, 0x00000000a3a00000|100%| O|  |TAMS 0x00000000a3900000, 0x00000000a3900000| Untracked 
|  44|0x00000000a3a00000, 0x00000000a3b00000, 0x00000000a3b00000|100%| O|  |TAMS 0x00000000a3a00000, 0x00000000a3a00000| Untracked 
|  45|0x00000000a3b00000, 0x00000000a3c00000, 0x00000000a3c00000|100%| O|  |TAMS 0x00000000a3b00000, 0x00000000a3b00000| Untracked 
|  46|0x00000000a3c00000, 0x00000000a3d00000, 0x00000000a3d00000|100%| O|  |TAMS 0x00000000a3c00000, 0x00000000a3c00000| Untracked 
|  47|0x00000000a3d00000, 0x00000000a3e00000, 0x00000000a3e00000|100%| O|  |TAMS 0x00000000a3d00000, 0x00000000a3d00000| Untracked 
|  48|0x00000000a3e00000, 0x00000000a3f00000, 0x00000000a3f00000|100%|HS|  |TAMS 0x00000000a3e00000, 0x00000000a3e00000| Complete 
|  49|0x00000000a3f00000, 0x00000000a4000000, 0x00000000a4000000|100%|HS|  |TAMS 0x00000000a3f00000, 0x00000000a3f00000| Complete 
|  50|0x00000000a4000000, 0x00000000a4100000, 0x00000000a4100000|100%| O|  |TAMS 0x00000000a4000000, 0x00000000a4000000| Untracked 
|  51|0x00000000a4100000, 0x00000000a4200000, 0x00000000a4200000|100%| O|  |TAMS 0x00000000a4100000, 0x00000000a4100000| Untracked 
|  52|0x00000000a4200000, 0x00000000a4300000, 0x00000000a4300000|100%| O|  |TAMS 0x00000000a4200000, 0x00000000a4200000| Untracked 
|  53|0x00000000a4300000, 0x00000000a4400000, 0x00000000a4400000|100%| O|  |TAMS 0x00000000a4300000, 0x00000000a4300000| Untracked 
|  54|0x00000000a4400000, 0x00000000a4500000, 0x00000000a4500000|100%| O|  |TAMS 0x00000000a4400000, 0x00000000a4400000| Untracked 
|  55|0x00000000a4500000, 0x00000000a4600000, 0x00000000a4600000|100%| O|  |TAMS 0x00000000a4500000, 0x00000000a4500000| Untracked 
|  56|0x00000000a4600000, 0x00000000a4700000, 0x00000000a4700000|100%| O|  |TAMS 0x00000000a4600000, 0x00000000a4600000| Untracked 
|  57|0x00000000a4700000, 0x00000000a4800000, 0x00000000a4800000|100%| O|  |TAMS 0x00000000a4700000, 0x00000000a4700000| Untracked 
|  58|0x00000000a4800000, 0x00000000a4900000, 0x00000000a4900000|100%| O|  |TAMS 0x00000000a4800000, 0x00000000a4800000| Untracked 
|  59|0x00000000a4900000, 0x00000000a4a00000, 0x00000000a4a00000|100%| O|  |TAMS 0x00000000a4900000, 0x00000000a4900000| Untracked 
|  60|0x00000000a4a00000, 0x00000000a4b00000, 0x00000000a4b00000|100%| O|  |TAMS 0x00000000a4a00000, 0x00000000a4a00000| Untracked 
|  61|0x00000000a4b00000, 0x00000000a4c00000, 0x00000000a4c00000|100%| O|  |TAMS 0x00000000a4b00000, 0x00000000a4b00000| Untracked 
|  62|0x00000000a4c00000, 0x00000000a4d00000, 0x00000000a4d00000|100%| O|  |TAMS 0x00000000a4c00000, 0x00000000a4c00000| Untracked 
|  63|0x00000000a4d00000, 0x00000000a4e00000, 0x00000000a4e00000|100%| O|  |TAMS 0x00000000a4d00000, 0x00000000a4d00000| Untracked 
|  64|0x00000000a4e00000, 0x00000000a4f00000, 0x00000000a4f00000|100%| O|  |TAMS 0x00000000a4e00000, 0x00000000a4e00000| Untracked 
|  65|0x00000000a4f00000, 0x00000000a5000000, 0x00000000a5000000|100%| O|  |TAMS 0x00000000a4f00000, 0x00000000a4f00000| Untracked 
|  66|0x00000000a5000000, 0x00000000a5100000, 0x00000000a5100000|100%| O|  |TAMS 0x00000000a5000000, 0x00000000a5000000| Untracked 
|  67|0x00000000a5100000, 0x00000000a5200000, 0x00000000a5200000|100%| O|  |TAMS 0x00000000a5100000, 0x00000000a5100000| Untracked 
|  68|0x00000000a5200000, 0x00000000a5300000, 0x00000000a5300000|100%| O|  |TAMS 0x00000000a5200000, 0x00000000a5200000| Untracked 
|  69|0x00000000a5300000, 0x00000000a5400000, 0x00000000a5400000|100%| O|  |TAMS 0x00000000a5300000, 0x00000000a5300000| Untracked 
|  70|0x00000000a5400000, 0x00000000a5500000, 0x00000000a5500000|100%| O|  |TAMS 0x00000000a5400000, 0x00000000a5400000| Untracked 
|  71|0x00000000a5500000, 0x00000000a5600000, 0x00000000a5600000|100%| O|  |TAMS 0x00000000a5500000, 0x00000000a5500000| Untracked 
|  72|0x00000000a5600000, 0x00000000a5700000, 0x00000000a5700000|100%| O|  |TAMS 0x00000000a5600000, 0x00000000a5600000| Untracked 
|  73|0x00000000a5700000, 0x00000000a5800000, 0x00000000a5800000|100%| O|  |TAMS 0x00000000a5700000, 0x00000000a5700000| Untracked 
|  74|0x00000000a5800000, 0x00000000a5900000, 0x00000000a5900000|100%| O|  |TAMS 0x00000000a5800000, 0x00000000a5800000| Untracked 
|  75|0x00000000a5900000, 0x00000000a5a00000, 0x00000000a5a00000|100%| O|  |TAMS 0x00000000a5900000, 0x00000000a5900000| Untracked 
|  76|0x00000000a5a00000, 0x00000000a5b00000, 0x00000000a5b00000|100%| O|  |TAMS 0x00000000a5a00000, 0x00000000a5a00000| Untracked 
|  77|0x00000000a5b00000, 0x00000000a5c00000, 0x00000000a5c00000|100%| O|  |TAMS 0x00000000a5b00000, 0x00000000a5b00000| Untracked 
|  78|0x00000000a5c00000, 0x00000000a5d00000, 0x00000000a5d00000|100%| O|  |TAMS 0x00000000a5c00000, 0x00000000a5c00000| Untracked 
|  79|0x00000000a5d00000, 0x00000000a5e00000, 0x00000000a5e00000|100%| O|  |TAMS 0x00000000a5d00000, 0x00000000a5d00000| Untracked 
|  80|0x00000000a5e00000, 0x00000000a5f00000, 0x00000000a5f00000|100%| O|  |TAMS 0x00000000a5e00000, 0x00000000a5e00000| Untracked 
|  81|0x00000000a5f00000, 0x00000000a6000000, 0x00000000a6000000|100%| O|  |TAMS 0x00000000a5f00000, 0x00000000a5f00000| Untracked 
|  82|0x00000000a6000000, 0x00000000a6100000, 0x00000000a6100000|100%| O|  |TAMS 0x00000000a6000000, 0x00000000a6000000| Untracked 
|  83|0x00000000a6100000, 0x00000000a6200000, 0x00000000a6200000|100%| O|  |TAMS 0x00000000a6100000, 0x00000000a6100000| Untracked 
|  84|0x00000000a6200000, 0x00000000a6300000, 0x00000000a6300000|100%| O|  |TAMS 0x00000000a6200000, 0x00000000a6200000| Untracked 
|  85|0x00000000a6300000, 0x00000000a6400000, 0x00000000a6400000|100%| O|  |TAMS 0x00000000a6300000, 0x00000000a6300000| Untracked 
|  86|0x00000000a6400000, 0x00000000a6500000, 0x00000000a6500000|100%| O|  |TAMS 0x00000000a6400000, 0x00000000a6400000| Untracked 
|  87|0x00000000a6500000, 0x00000000a6600000, 0x00000000a6600000|100%| O|  |TAMS 0x00000000a6500000, 0x00000000a6500000| Untracked 
|  88|0x00000000a6600000, 0x00000000a6700000, 0x00000000a6700000|100%| O|  |TAMS 0x00000000a6600000, 0x00000000a6600000| Untracked 
|  89|0x00000000a6700000, 0x00000000a6800000, 0x00000000a6800000|100%| O|  |TAMS 0x00000000a6700000, 0x00000000a6700000| Untracked 
|  90|0x00000000a6800000, 0x00000000a6900000, 0x00000000a6900000|100%| O|  |TAMS 0x00000000a6800000, 0x00000000a6800000| Untracked 
|  91|0x00000000a6900000, 0x00000000a6a00000, 0x00000000a6a00000|100%| O|  |TAMS 0x00000000a6900000, 0x00000000a6900000| Untracked 
|  92|0x00000000a6a00000, 0x00000000a6b00000, 0x00000000a6b00000|100%| O|  |TAMS 0x00000000a6a00000, 0x00000000a6a00000| Untracked 
|  93|0x00000000a6b00000, 0x00000000a6b57400, 0x00000000a6c00000| 34%| O|  |TAMS 0x00000000a6b00000, 0x00000000a6b00000| Untracked 
|  94|0x00000000a6c00000, 0x00000000a6c00000, 0x00000000a6d00000|  0%| F|  |TAMS 0x00000000a6c00000, 0x00000000a6c00000| Untracked 
|  95|0x00000000a6d00000, 0x00000000a6d00000, 0x00000000a6e00000|  0%| F|  |TAMS 0x00000000a6d00000, 0x00000000a6d00000| Untracked 
|  96|0x00000000a6e00000, 0x00000000a6e00000, 0x00000000a6f00000|  0%| F|  |TAMS 0x00000000a6e00000, 0x00000000a6e00000| Untracked 
|  97|0x00000000a6f00000, 0x00000000a6f00000, 0x00000000a7000000|  0%| F|  |TAMS 0x00000000a6f00000, 0x00000000a6f00000| Untracked 
|  98|0x00000000a7000000, 0x00000000a7000000, 0x00000000a7100000|  0%| F|  |TAMS 0x00000000a7000000, 0x00000000a7000000| Untracked 
|  99|0x00000000a7100000, 0x00000000a7100000, 0x00000000a7200000|  0%| F|  |TAMS 0x00000000a7100000, 0x00000000a7100000| Untracked 
| 100|0x00000000a7200000, 0x00000000a7200000, 0x00000000a7300000|  0%| F|  |TAMS 0x00000000a7200000, 0x00000000a7200000| Untracked 
| 101|0x00000000a7300000, 0x00000000a7300000, 0x00000000a7400000|  0%| F|  |TAMS 0x00000000a7300000, 0x00000000a7300000| Untracked 
| 102|0x00000000a7400000, 0x00000000a7400000, 0x00000000a7500000|  0%| F|  |TAMS 0x00000000a7400000, 0x00000000a7400000| Untracked 
| 103|0x00000000a7500000, 0x00000000a7500000, 0x00000000a7600000|  0%| F|  |TAMS 0x00000000a7500000, 0x00000000a7500000| Untracked 
| 104|0x00000000a7600000, 0x00000000a7600000, 0x00000000a7700000|  0%| F|  |TAMS 0x00000000a7600000, 0x00000000a7600000| Untracked 
| 105|0x00000000a7700000, 0x00000000a7700000, 0x00000000a7800000|  0%| F|  |TAMS 0x00000000a7700000, 0x00000000a7700000| Untracked 
| 106|0x00000000a7800000, 0x00000000a7800000, 0x00000000a7900000|  0%| F|  |TAMS 0x00000000a7800000, 0x00000000a7800000| Untracked 
| 107|0x00000000a7900000, 0x00000000a7900000, 0x00000000a7a00000|  0%| F|  |TAMS 0x00000000a7900000, 0x00000000a7900000| Untracked 
| 108|0x00000000a7a00000, 0x00000000a7a00000, 0x00000000a7b00000|  0%| F|  |TAMS 0x00000000a7a00000, 0x00000000a7a00000| Untracked 
| 109|0x00000000a7b00000, 0x00000000a7b00000, 0x00000000a7c00000|  0%| F|  |TAMS 0x00000000a7b00000, 0x00000000a7b00000| Untracked 
| 110|0x00000000a7c00000, 0x00000000a7c00000, 0x00000000a7d00000|  0%| F|  |TAMS 0x00000000a7c00000, 0x00000000a7c00000| Untracked 
| 111|0x00000000a7d00000, 0x00000000a7d00000, 0x00000000a7e00000|  0%| F|  |TAMS 0x00000000a7d00000, 0x00000000a7d00000| Untracked 
| 112|0x00000000a7e00000, 0x00000000a7e00000, 0x00000000a7f00000|  0%| F|  |TAMS 0x00000000a7e00000, 0x00000000a7e00000| Untracked 
| 113|0x00000000a7f00000, 0x00000000a7f00000, 0x00000000a8000000|  0%| F|  |TAMS 0x00000000a7f00000, 0x00000000a7f00000| Untracked 
| 114|0x00000000a8000000, 0x00000000a8000000, 0x00000000a8100000|  0%| F|  |TAMS 0x00000000a8000000, 0x00000000a8000000| Untracked 
| 115|0x00000000a8100000, 0x00000000a8100000, 0x00000000a8200000|  0%| F|  |TAMS 0x00000000a8100000, 0x00000000a8100000| Untracked 
| 116|0x00000000a8200000, 0x00000000a8200000, 0x00000000a8300000|  0%| F|  |TAMS 0x00000000a8200000, 0x00000000a8200000| Untracked 
| 117|0x00000000a8300000, 0x00000000a8300000, 0x00000000a8400000|  0%| F|  |TAMS 0x00000000a8300000, 0x00000000a8300000| Untracked 
| 118|0x00000000a8400000, 0x00000000a8400000, 0x00000000a8500000|  0%| F|  |TAMS 0x00000000a8400000, 0x00000000a8400000| Untracked 
| 119|0x00000000a8500000, 0x00000000a8500000, 0x00000000a8600000|  0%| F|  |TAMS 0x00000000a8500000, 0x00000000a8500000| Untracked 
| 120|0x00000000a8600000, 0x00000000a8600000, 0x00000000a8700000|  0%| F|  |TAMS 0x00000000a8600000, 0x00000000a8600000| Untracked 
| 121|0x00000000a8700000, 0x00000000a8700000, 0x00000000a8800000|  0%| F|  |TAMS 0x00000000a8700000, 0x00000000a8700000| Untracked 
| 122|0x00000000a8800000, 0x00000000a8800000, 0x00000000a8900000|  0%| F|  |TAMS 0x00000000a8800000, 0x00000000a8800000| Untracked 
| 123|0x00000000a8900000, 0x00000000a8900000, 0x00000000a8a00000|  0%| F|  |TAMS 0x00000000a8900000, 0x00000000a8900000| Untracked 
| 124|0x00000000a8a00000, 0x00000000a8a00000, 0x00000000a8b00000|  0%| F|  |TAMS 0x00000000a8a00000, 0x00000000a8a00000| Untracked 
| 125|0x00000000a8b00000, 0x00000000a8b00000, 0x00000000a8c00000|  0%| F|  |TAMS 0x00000000a8b00000, 0x00000000a8b00000| Untracked 
| 126|0x00000000a8c00000, 0x00000000a8c00000, 0x00000000a8d00000|  0%| F|  |TAMS 0x00000000a8c00000, 0x00000000a8c00000| Untracked 
| 127|0x00000000a8d00000, 0x00000000a8d00000, 0x00000000a8e00000|  0%| F|  |TAMS 0x00000000a8d00000, 0x00000000a8d00000| Untracked 
| 128|0x00000000a8e00000, 0x00000000a8e00000, 0x00000000a8f00000|  0%| F|  |TAMS 0x00000000a8e00000, 0x00000000a8e00000| Untracked 
| 129|0x00000000a8f00000, 0x00000000a8f00000, 0x00000000a9000000|  0%| F|  |TAMS 0x00000000a8f00000, 0x00000000a8f00000| Untracked 
| 130|0x00000000a9000000, 0x00000000a9000000, 0x00000000a9100000|  0%| F|  |TAMS 0x00000000a9000000, 0x00000000a9000000| Untracked 
| 131|0x00000000a9100000, 0x00000000a9100000, 0x00000000a9200000|  0%| F|  |TAMS 0x00000000a9100000, 0x00000000a9100000| Untracked 
| 132|0x00000000a9200000, 0x00000000a9200000, 0x00000000a9300000|  0%| F|  |TAMS 0x00000000a9200000, 0x00000000a9200000| Untracked 
| 133|0x00000000a9300000, 0x00000000a9300000, 0x00000000a9400000|  0%| F|  |TAMS 0x00000000a9300000, 0x00000000a9300000| Untracked 
| 134|0x00000000a9400000, 0x00000000a9400000, 0x00000000a9500000|  0%| F|  |TAMS 0x00000000a9400000, 0x00000000a9400000| Untracked 
| 135|0x00000000a9500000, 0x00000000a9500000, 0x00000000a9600000|  0%| F|  |TAMS 0x00000000a9500000, 0x00000000a9500000| Untracked 
| 136|0x00000000a9600000, 0x00000000a9600000, 0x00000000a9700000|  0%| F|  |TAMS 0x00000000a9600000, 0x00000000a9600000| Untracked 
| 137|0x00000000a9700000, 0x00000000a9700000, 0x00000000a9800000|  0%| F|  |TAMS 0x00000000a9700000, 0x00000000a9700000| Untracked 
| 138|0x00000000a9800000, 0x00000000a9800000, 0x00000000a9900000|  0%| F|  |TAMS 0x00000000a9800000, 0x00000000a9800000| Untracked 
| 139|0x00000000a9900000, 0x00000000a9900000, 0x00000000a9a00000|  0%| F|  |TAMS 0x00000000a9900000, 0x00000000a9900000| Untracked 
| 140|0x00000000a9a00000, 0x00000000a9a00000, 0x00000000a9b00000|  0%| F|  |TAMS 0x00000000a9a00000, 0x00000000a9a00000| Untracked 
| 141|0x00000000a9b00000, 0x00000000a9b00000, 0x00000000a9c00000|  0%| F|  |TAMS 0x00000000a9b00000, 0x00000000a9b00000| Untracked 
| 142|0x00000000a9c00000, 0x00000000a9c00000, 0x00000000a9d00000|  0%| F|  |TAMS 0x00000000a9c00000, 0x00000000a9c00000| Untracked 
| 143|0x00000000a9d00000, 0x00000000a9d00000, 0x00000000a9e00000|  0%| F|  |TAMS 0x00000000a9d00000, 0x00000000a9d00000| Untracked 
| 144|0x00000000a9e00000, 0x00000000a9e00000, 0x00000000a9f00000|  0%| F|  |TAMS 0x00000000a9e00000, 0x00000000a9e00000| Untracked 
| 145|0x00000000a9f00000, 0x00000000a9f80000, 0x00000000aa000000| 50%| S|CS|TAMS 0x00000000a9f00000, 0x00000000a9f00000| Complete 
| 146|0x00000000aa000000, 0x00000000aa100000, 0x00000000aa100000|100%| S|CS|TAMS 0x00000000aa000000, 0x00000000aa000000| Complete 
| 147|0x00000000aa100000, 0x00000000aa200000, 0x00000000aa200000|100%| S|CS|TAMS 0x00000000aa100000, 0x00000000aa100000| Complete 
| 148|0x00000000aa200000, 0x00000000aa300000, 0x00000000aa300000|100%| S|CS|TAMS 0x00000000aa200000, 0x00000000aa200000| Complete 
| 149|0x00000000aa300000, 0x00000000aa400000, 0x00000000aa400000|100%| S|CS|TAMS 0x00000000aa300000, 0x00000000aa300000| Complete 
| 150|0x00000000aa400000, 0x00000000aa500000, 0x00000000aa500000|100%| S|CS|TAMS 0x00000000aa400000, 0x00000000aa400000| Complete 
| 151|0x00000000aa500000, 0x00000000aa600000, 0x00000000aa600000|100%| S|CS|TAMS 0x00000000aa500000, 0x00000000aa500000| Complete 
| 152|0x00000000aa600000, 0x00000000aa700000, 0x00000000aa700000|100%| S|CS|TAMS 0x00000000aa600000, 0x00000000aa600000| Complete 
| 153|0x00000000aa700000, 0x00000000aa800000, 0x00000000aa800000|100%| S|CS|TAMS 0x00000000aa700000, 0x00000000aa700000| Complete 
| 154|0x00000000aa800000, 0x00000000aa900000, 0x00000000aa900000|100%| S|CS|TAMS 0x00000000aa800000, 0x00000000aa800000| Complete 
| 155|0x00000000aa900000, 0x00000000aaa00000, 0x00000000aaa00000|100%| S|CS|TAMS 0x00000000aa900000, 0x00000000aa900000| Complete 
| 156|0x00000000aaa00000, 0x00000000aab00000, 0x00000000aab00000|100%| S|CS|TAMS 0x00000000aaa00000, 0x00000000aaa00000| Complete 
| 157|0x00000000aab00000, 0x00000000aab00000, 0x00000000aac00000|  0%| F|  |TAMS 0x00000000aab00000, 0x00000000aab00000| Untracked 
| 158|0x00000000aac00000, 0x00000000aac00000, 0x00000000aad00000|  0%| F|  |TAMS 0x00000000aac00000, 0x00000000aac00000| Untracked 
| 159|0x00000000aad00000, 0x00000000aad00000, 0x00000000aae00000|  0%| F|  |TAMS 0x00000000aad00000, 0x00000000aad00000| Untracked 
| 160|0x00000000aae00000, 0x00000000aaf00000, 0x00000000aaf00000|100%| S|CS|TAMS 0x00000000aae00000, 0x00000000aae00000| Complete 
| 161|0x00000000aaf00000, 0x00000000ab000000, 0x00000000ab000000|100%| S|CS|TAMS 0x00000000aaf00000, 0x00000000aaf00000| Complete 
| 162|0x00000000ab000000, 0x00000000ab100000, 0x00000000ab100000|100%| S|CS|TAMS 0x00000000ab000000, 0x00000000ab000000| Complete 
| 163|0x00000000ab100000, 0x00000000ab100000, 0x00000000ab200000|  0%| F|  |TAMS 0x00000000ab100000, 0x00000000ab100000| Untracked 
| 164|0x00000000ab200000, 0x00000000ab200000, 0x00000000ab300000|  0%| F|  |TAMS 0x00000000ab200000, 0x00000000ab200000| Untracked 
| 165|0x00000000ab300000, 0x00000000ab300000, 0x00000000ab400000|  0%| F|  |TAMS 0x00000000ab300000, 0x00000000ab300000| Untracked 
| 166|0x00000000ab400000, 0x00000000ab400000, 0x00000000ab500000|  0%| F|  |TAMS 0x00000000ab400000, 0x00000000ab400000| Untracked 
| 167|0x00000000ab500000, 0x00000000ab500000, 0x00000000ab600000|  0%| F|  |TAMS 0x00000000ab500000, 0x00000000ab500000| Untracked 
| 168|0x00000000ab600000, 0x00000000ab600000, 0x00000000ab700000|  0%| F|  |TAMS 0x00000000ab600000, 0x00000000ab600000| Untracked 
| 169|0x00000000ab700000, 0x00000000ab700000, 0x00000000ab800000|  0%| F|  |TAMS 0x00000000ab700000, 0x00000000ab700000| Untracked 
| 170|0x00000000ab800000, 0x00000000ab800000, 0x00000000ab900000|  0%| F|  |TAMS 0x00000000ab800000, 0x00000000ab800000| Untracked 
| 171|0x00000000ab900000, 0x00000000ab900000, 0x00000000aba00000|  0%| F|  |TAMS 0x00000000ab900000, 0x00000000ab900000| Untracked 
| 172|0x00000000aba00000, 0x00000000aba00000, 0x00000000abb00000|  0%| F|  |TAMS 0x00000000aba00000, 0x00000000aba00000| Untracked 
| 173|0x00000000abb00000, 0x00000000abb00000, 0x00000000abc00000|  0%| F|  |TAMS 0x00000000abb00000, 0x00000000abb00000| Untracked 
| 174|0x00000000abc00000, 0x00000000abc00000, 0x00000000abd00000|  0%| F|  |TAMS 0x00000000abc00000, 0x00000000abc00000| Untracked 
| 175|0x00000000abd00000, 0x00000000abd00000, 0x00000000abe00000|  0%| F|  |TAMS 0x00000000abd00000, 0x00000000abd00000| Untracked 
| 176|0x00000000abe00000, 0x00000000abe00000, 0x00000000abf00000|  0%| F|  |TAMS 0x00000000abe00000, 0x00000000abe00000| Untracked 
| 177|0x00000000abf00000, 0x00000000abf00000, 0x00000000ac000000|  0%| F|  |TAMS 0x00000000abf00000, 0x00000000abf00000| Untracked 
| 178|0x00000000ac000000, 0x00000000ac000000, 0x00000000ac100000|  0%| F|  |TAMS 0x00000000ac000000, 0x00000000ac000000| Untracked 
| 179|0x00000000ac100000, 0x00000000ac100000, 0x00000000ac200000|  0%| F|  |TAMS 0x00000000ac100000, 0x00000000ac100000| Untracked 
| 180|0x00000000ac200000, 0x00000000ac200000, 0x00000000ac300000|  0%| F|  |TAMS 0x00000000ac200000, 0x00000000ac200000| Untracked 
| 181|0x00000000ac300000, 0x00000000ac300000, 0x00000000ac400000|  0%| F|  |TAMS 0x00000000ac300000, 0x00000000ac300000| Untracked 
| 182|0x00000000ac400000, 0x00000000ac400000, 0x00000000ac500000|  0%| F|  |TAMS 0x00000000ac400000, 0x00000000ac400000| Untracked 
| 183|0x00000000ac500000, 0x00000000ac500000, 0x00000000ac600000|  0%| F|  |TAMS 0x00000000ac500000, 0x00000000ac500000| Untracked 
| 184|0x00000000ac600000, 0x00000000ac600000, 0x00000000ac700000|  0%| F|  |TAMS 0x00000000ac600000, 0x00000000ac600000| Untracked 
| 185|0x00000000ac700000, 0x00000000ac700000, 0x00000000ac800000|  0%| F|  |TAMS 0x00000000ac700000, 0x00000000ac700000| Untracked 
| 186|0x00000000ac800000, 0x00000000ac800000, 0x00000000ac900000|  0%| F|  |TAMS 0x00000000ac800000, 0x00000000ac800000| Untracked 
| 187|0x00000000ac900000, 0x00000000ac900000, 0x00000000aca00000|  0%| F|  |TAMS 0x00000000ac900000, 0x00000000ac900000| Untracked 
| 188|0x00000000aca00000, 0x00000000aca00000, 0x00000000acb00000|  0%| F|  |TAMS 0x00000000aca00000, 0x00000000aca00000| Untracked 
| 189|0x00000000acb00000, 0x00000000acb00000, 0x00000000acc00000|  0%| F|  |TAMS 0x00000000acb00000, 0x00000000acb00000| Untracked 
| 190|0x00000000acc00000, 0x00000000acc00000, 0x00000000acd00000|  0%| F|  |TAMS 0x00000000acc00000, 0x00000000acc00000| Untracked 
| 191|0x00000000acd00000, 0x00000000acd00000, 0x00000000ace00000|  0%| F|  |TAMS 0x00000000acd00000, 0x00000000acd00000| Untracked 
| 192|0x00000000ace00000, 0x00000000ace00000, 0x00000000acf00000|  0%| F|  |TAMS 0x00000000ace00000, 0x00000000ace00000| Untracked 
| 193|0x00000000acf00000, 0x00000000acf00000, 0x00000000ad000000|  0%| F|  |TAMS 0x00000000acf00000, 0x00000000acf00000| Untracked 
| 194|0x00000000ad000000, 0x00000000ad000000, 0x00000000ad100000|  0%| F|  |TAMS 0x00000000ad000000, 0x00000000ad000000| Untracked 
| 195|0x00000000ad100000, 0x00000000ad100000, 0x00000000ad200000|  0%| F|  |TAMS 0x00000000ad100000, 0x00000000ad100000| Untracked 
| 196|0x00000000ad200000, 0x00000000ad200000, 0x00000000ad300000|  0%| F|  |TAMS 0x00000000ad200000, 0x00000000ad200000| Untracked 
| 197|0x00000000ad300000, 0x00000000ad300000, 0x00000000ad400000|  0%| F|  |TAMS 0x00000000ad300000, 0x00000000ad300000| Untracked 
| 198|0x00000000ad400000, 0x00000000ad400000, 0x00000000ad500000|  0%| F|  |TAMS 0x00000000ad400000, 0x00000000ad400000| Untracked 
| 199|0x00000000ad500000, 0x00000000ad500000, 0x00000000ad600000|  0%| F|  |TAMS 0x00000000ad500000, 0x00000000ad500000| Untracked 
| 200|0x00000000ad600000, 0x00000000ad600000, 0x00000000ad700000|  0%| F|  |TAMS 0x00000000ad600000, 0x00000000ad600000| Untracked 
| 201|0x00000000ad700000, 0x00000000ad700000, 0x00000000ad800000|  0%| F|  |TAMS 0x00000000ad700000, 0x00000000ad700000| Untracked 
| 202|0x00000000ad800000, 0x00000000ad800000, 0x00000000ad900000|  0%| F|  |TAMS 0x00000000ad800000, 0x00000000ad800000| Untracked 
| 203|0x00000000ad900000, 0x00000000ad900000, 0x00000000ada00000|  0%| F|  |TAMS 0x00000000ad900000, 0x00000000ad900000| Untracked 
| 204|0x00000000ada00000, 0x00000000ada00000, 0x00000000adb00000|  0%| F|  |TAMS 0x00000000ada00000, 0x00000000ada00000| Untracked 
| 205|0x00000000adb00000, 0x00000000adb00000, 0x00000000adc00000|  0%| F|  |TAMS 0x00000000adb00000, 0x00000000adb00000| Untracked 
| 206|0x00000000adc00000, 0x00000000adc00000, 0x00000000add00000|  0%| F|  |TAMS 0x00000000adc00000, 0x00000000adc00000| Untracked 
| 207|0x00000000add00000, 0x00000000add00000, 0x00000000ade00000|  0%| F|  |TAMS 0x00000000add00000, 0x00000000add00000| Untracked 
| 208|0x00000000ade00000, 0x00000000ade00000, 0x00000000adf00000|  0%| F|  |TAMS 0x00000000ade00000, 0x00000000ade00000| Untracked 
| 209|0x00000000adf00000, 0x00000000adf00000, 0x00000000ae000000|  0%| F|  |TAMS 0x00000000adf00000, 0x00000000adf00000| Untracked 
| 210|0x00000000ae000000, 0x00000000ae000000, 0x00000000ae100000|  0%| F|  |TAMS 0x00000000ae000000, 0x00000000ae000000| Untracked 
| 211|0x00000000ae100000, 0x00000000ae100000, 0x00000000ae200000|  0%| F|  |TAMS 0x00000000ae100000, 0x00000000ae100000| Untracked 
| 212|0x00000000ae200000, 0x00000000ae200000, 0x00000000ae300000|  0%| F|  |TAMS 0x00000000ae200000, 0x00000000ae200000| Untracked 
| 213|0x00000000ae300000, 0x00000000ae300000, 0x00000000ae400000|  0%| F|  |TAMS 0x00000000ae300000, 0x00000000ae300000| Untracked 
| 214|0x00000000ae400000, 0x00000000ae400000, 0x00000000ae500000|  0%| F|  |TAMS 0x00000000ae400000, 0x00000000ae400000| Untracked 
| 215|0x00000000ae500000, 0x00000000ae500000, 0x00000000ae600000|  0%| F|  |TAMS 0x00000000ae500000, 0x00000000ae500000| Untracked 
| 216|0x00000000ae600000, 0x00000000ae600000, 0x00000000ae700000|  0%| F|  |TAMS 0x00000000ae600000, 0x00000000ae600000| Untracked 
| 217|0x00000000ae700000, 0x00000000ae700000, 0x00000000ae800000|  0%| F|  |TAMS 0x00000000ae700000, 0x00000000ae700000| Untracked 
| 218|0x00000000ae800000, 0x00000000ae800000, 0x00000000ae900000|  0%| F|  |TAMS 0x00000000ae800000, 0x00000000ae800000| Untracked 
| 219|0x00000000ae900000, 0x00000000ae900000, 0x00000000aea00000|  0%| F|  |TAMS 0x00000000ae900000, 0x00000000ae900000| Untracked 
| 220|0x00000000aea00000, 0x00000000aea00000, 0x00000000aeb00000|  0%| F|  |TAMS 0x00000000aea00000, 0x00000000aea00000| Untracked 
| 221|0x00000000aeb00000, 0x00000000aeb00000, 0x00000000aec00000|  0%| F|  |TAMS 0x00000000aeb00000, 0x00000000aeb00000| Untracked 
| 222|0x00000000aec00000, 0x00000000aec00000, 0x00000000aed00000|  0%| F|  |TAMS 0x00000000aec00000, 0x00000000aec00000| Untracked 
| 223|0x00000000aed00000, 0x00000000aed00000, 0x00000000aee00000|  0%| F|  |TAMS 0x00000000aed00000, 0x00000000aed00000| Untracked 
| 224|0x00000000aee00000, 0x00000000aee00000, 0x00000000aef00000|  0%| F|  |TAMS 0x00000000aee00000, 0x00000000aee00000| Untracked 
| 225|0x00000000aef00000, 0x00000000aef00000, 0x00000000af000000|  0%| F|  |TAMS 0x00000000aef00000, 0x00000000aef00000| Untracked 
| 226|0x00000000af000000, 0x00000000af000000, 0x00000000af100000|  0%| F|  |TAMS 0x00000000af000000, 0x00000000af000000| Untracked 
| 227|0x00000000af100000, 0x00000000af100000, 0x00000000af200000|  0%| F|  |TAMS 0x00000000af100000, 0x00000000af100000| Untracked 
| 228|0x00000000af200000, 0x00000000af200000, 0x00000000af300000|  0%| F|  |TAMS 0x00000000af200000, 0x00000000af200000| Untracked 
| 229|0x00000000af300000, 0x00000000af300000, 0x00000000af400000|  0%| F|  |TAMS 0x00000000af300000, 0x00000000af300000| Untracked 
| 230|0x00000000af400000, 0x00000000af400000, 0x00000000af500000|  0%| F|  |TAMS 0x00000000af400000, 0x00000000af400000| Untracked 
| 231|0x00000000af500000, 0x00000000af500000, 0x00000000af600000|  0%| F|  |TAMS 0x00000000af500000, 0x00000000af500000| Untracked 
| 232|0x00000000af600000, 0x00000000af600000, 0x00000000af700000|  0%| F|  |TAMS 0x00000000af600000, 0x00000000af600000| Untracked 
| 233|0x00000000af700000, 0x00000000af700000, 0x00000000af800000|  0%| F|  |TAMS 0x00000000af700000, 0x00000000af700000| Untracked 
| 234|0x00000000af800000, 0x00000000af800000, 0x00000000af900000|  0%| F|  |TAMS 0x00000000af800000, 0x00000000af800000| Untracked 
| 235|0x00000000af900000, 0x00000000af900000, 0x00000000afa00000|  0%| F|  |TAMS 0x00000000af900000, 0x00000000af900000| Untracked 
| 236|0x00000000afa00000, 0x00000000afa00000, 0x00000000afb00000|  0%| F|  |TAMS 0x00000000afa00000, 0x00000000afa00000| Untracked 
| 237|0x00000000afb00000, 0x00000000afb00000, 0x00000000afc00000|  0%| F|  |TAMS 0x00000000afb00000, 0x00000000afb00000| Untracked 
| 238|0x00000000afc00000, 0x00000000afc00000, 0x00000000afd00000|  0%| F|  |TAMS 0x00000000afc00000, 0x00000000afc00000| Untracked 
| 239|0x00000000afd00000, 0x00000000afd00000, 0x00000000afe00000|  0%| F|  |TAMS 0x00000000afd00000, 0x00000000afd00000| Untracked 
| 240|0x00000000afe00000, 0x00000000afe00000, 0x00000000aff00000|  0%| F|  |TAMS 0x00000000afe00000, 0x00000000afe00000| Untracked 
| 241|0x00000000aff00000, 0x00000000aff00000, 0x00000000b0000000|  0%| F|  |TAMS 0x00000000aff00000, 0x00000000aff00000| Untracked 
| 242|0x00000000b0000000, 0x00000000b0000000, 0x00000000b0100000|  0%| F|  |TAMS 0x00000000b0000000, 0x00000000b0000000| Untracked 
| 243|0x00000000b0100000, 0x00000000b0100000, 0x00000000b0200000|  0%| F|  |TAMS 0x00000000b0100000, 0x00000000b0100000| Untracked 
| 244|0x00000000b0200000, 0x00000000b0200000, 0x00000000b0300000|  0%| F|  |TAMS 0x00000000b0200000, 0x00000000b0200000| Untracked 
| 245|0x00000000b0300000, 0x00000000b0300000, 0x00000000b0400000|  0%| F|  |TAMS 0x00000000b0300000, 0x00000000b0300000| Untracked 
| 246|0x00000000b0400000, 0x00000000b0400000, 0x00000000b0500000|  0%| F|  |TAMS 0x00000000b0400000, 0x00000000b0400000| Untracked 
| 247|0x00000000b0500000, 0x00000000b0500000, 0x00000000b0600000|  0%| F|  |TAMS 0x00000000b0500000, 0x00000000b0500000| Untracked 
| 248|0x00000000b0600000, 0x00000000b0600000, 0x00000000b0700000|  0%| F|  |TAMS 0x00000000b0600000, 0x00000000b0600000| Untracked 
| 249|0x00000000b0700000, 0x00000000b0700000, 0x00000000b0800000|  0%| F|  |TAMS 0x00000000b0700000, 0x00000000b0700000| Untracked 
| 250|0x00000000b0800000, 0x00000000b0800000, 0x00000000b0900000|  0%| F|  |TAMS 0x00000000b0800000, 0x00000000b0800000| Untracked 
| 251|0x00000000b0900000, 0x00000000b0900000, 0x00000000b0a00000|  0%| F|  |TAMS 0x00000000b0900000, 0x00000000b0900000| Untracked 
| 252|0x00000000b0a00000, 0x00000000b0a00000, 0x00000000b0b00000|  0%| F|  |TAMS 0x00000000b0a00000, 0x00000000b0a00000| Untracked 
| 253|0x00000000b0b00000, 0x00000000b0b00000, 0x00000000b0c00000|  0%| F|  |TAMS 0x00000000b0b00000, 0x00000000b0b00000| Untracked 
| 254|0x00000000b0c00000, 0x00000000b0c00000, 0x00000000b0d00000|  0%| F|  |TAMS 0x00000000b0c00000, 0x00000000b0c00000| Untracked 
| 255|0x00000000b0d00000, 0x00000000b0d00000, 0x00000000b0e00000|  0%| F|  |TAMS 0x00000000b0d00000, 0x00000000b0d00000| Untracked 
| 256|0x00000000b0e00000, 0x00000000b0e00000, 0x00000000b0f00000|  0%| F|  |TAMS 0x00000000b0e00000, 0x00000000b0e00000| Untracked 
| 257|0x00000000b0f00000, 0x00000000b0f00000, 0x00000000b1000000|  0%| F|  |TAMS 0x00000000b0f00000, 0x00000000b0f00000| Untracked 
| 258|0x00000000b1000000, 0x00000000b1000000, 0x00000000b1100000|  0%| F|  |TAMS 0x00000000b1000000, 0x00000000b1000000| Untracked 
| 259|0x00000000b1100000, 0x00000000b1100000, 0x00000000b1200000|  0%| F|  |TAMS 0x00000000b1100000, 0x00000000b1100000| Untracked 
| 260|0x00000000b1200000, 0x00000000b1200000, 0x00000000b1300000|  0%| F|  |TAMS 0x00000000b1200000, 0x00000000b1200000| Untracked 
| 261|0x00000000b1300000, 0x00000000b1300000, 0x00000000b1400000|  0%| F|  |TAMS 0x00000000b1300000, 0x00000000b1300000| Untracked 
| 262|0x00000000b1400000, 0x00000000b1400000, 0x00000000b1500000|  0%| F|  |TAMS 0x00000000b1400000, 0x00000000b1400000| Untracked 
| 263|0x00000000b1500000, 0x00000000b1500000, 0x00000000b1600000|  0%| F|  |TAMS 0x00000000b1500000, 0x00000000b1500000| Untracked 
| 264|0x00000000b1600000, 0x00000000b1600000, 0x00000000b1700000|  0%| F|  |TAMS 0x00000000b1600000, 0x00000000b1600000| Untracked 
| 265|0x00000000b1700000, 0x00000000b1700000, 0x00000000b1800000|  0%| F|  |TAMS 0x00000000b1700000, 0x00000000b1700000| Untracked 
| 266|0x00000000b1800000, 0x00000000b1800000, 0x00000000b1900000|  0%| F|  |TAMS 0x00000000b1800000, 0x00000000b1800000| Untracked 
| 267|0x00000000b1900000, 0x00000000b1900000, 0x00000000b1a00000|  0%| F|  |TAMS 0x00000000b1900000, 0x00000000b1900000| Untracked 
| 268|0x00000000b1a00000, 0x00000000b1a00000, 0x00000000b1b00000|  0%| F|  |TAMS 0x00000000b1a00000, 0x00000000b1a00000| Untracked 
| 269|0x00000000b1b00000, 0x00000000b1b00000, 0x00000000b1c00000|  0%| F|  |TAMS 0x00000000b1b00000, 0x00000000b1b00000| Untracked 
| 270|0x00000000b1c00000, 0x00000000b1c00000, 0x00000000b1d00000|  0%| F|  |TAMS 0x00000000b1c00000, 0x00000000b1c00000| Untracked 
| 271|0x00000000b1d00000, 0x00000000b1d00000, 0x00000000b1e00000|  0%| F|  |TAMS 0x00000000b1d00000, 0x00000000b1d00000| Untracked 
| 272|0x00000000b1e00000, 0x00000000b1e00000, 0x00000000b1f00000|  0%| F|  |TAMS 0x00000000b1e00000, 0x00000000b1e00000| Untracked 
| 273|0x00000000b1f00000, 0x00000000b1f00000, 0x00000000b2000000|  0%| F|  |TAMS 0x00000000b1f00000, 0x00000000b1f00000| Untracked 
| 274|0x00000000b2000000, 0x00000000b2000000, 0x00000000b2100000|  0%| F|  |TAMS 0x00000000b2000000, 0x00000000b2000000| Untracked 
| 275|0x00000000b2100000, 0x00000000b2100000, 0x00000000b2200000|  0%| F|  |TAMS 0x00000000b2100000, 0x00000000b2100000| Untracked 
| 276|0x00000000b2200000, 0x00000000b2200000, 0x00000000b2300000|  0%| F|  |TAMS 0x00000000b2200000, 0x00000000b2200000| Untracked 
| 277|0x00000000b2300000, 0x00000000b2300000, 0x00000000b2400000|  0%| F|  |TAMS 0x00000000b2300000, 0x00000000b2300000| Untracked 
| 278|0x00000000b2400000, 0x00000000b2400000, 0x00000000b2500000|  0%| F|  |TAMS 0x00000000b2400000, 0x00000000b2400000| Untracked 
| 279|0x00000000b2500000, 0x00000000b2500000, 0x00000000b2600000|  0%| F|  |TAMS 0x00000000b2500000, 0x00000000b2500000| Untracked 
| 280|0x00000000b2600000, 0x00000000b2600000, 0x00000000b2700000|  0%| F|  |TAMS 0x00000000b2600000, 0x00000000b2600000| Untracked 
| 281|0x00000000b2700000, 0x00000000b2700000, 0x00000000b2800000|  0%| F|  |TAMS 0x00000000b2700000, 0x00000000b2700000| Untracked 
| 282|0x00000000b2800000, 0x00000000b2800000, 0x00000000b2900000|  0%| F|  |TAMS 0x00000000b2800000, 0x00000000b2800000| Untracked 
| 283|0x00000000b2900000, 0x00000000b2900000, 0x00000000b2a00000|  0%| F|  |TAMS 0x00000000b2900000, 0x00000000b2900000| Untracked 
| 284|0x00000000b2a00000, 0x00000000b2a00000, 0x00000000b2b00000|  0%| F|  |TAMS 0x00000000b2a00000, 0x00000000b2a00000| Untracked 
| 285|0x00000000b2b00000, 0x00000000b2b00000, 0x00000000b2c00000|  0%| F|  |TAMS 0x00000000b2b00000, 0x00000000b2b00000| Untracked 
| 286|0x00000000b2c00000, 0x00000000b2c00000, 0x00000000b2d00000|  0%| F|  |TAMS 0x00000000b2c00000, 0x00000000b2c00000| Untracked 
| 287|0x00000000b2d00000, 0x00000000b2d00000, 0x00000000b2e00000|  0%| F|  |TAMS 0x00000000b2d00000, 0x00000000b2d00000| Untracked 
| 288|0x00000000b2e00000, 0x00000000b2e00000, 0x00000000b2f00000|  0%| F|  |TAMS 0x00000000b2e00000, 0x00000000b2e00000| Untracked 
| 289|0x00000000b2f00000, 0x00000000b2f00000, 0x00000000b3000000|  0%| F|  |TAMS 0x00000000b2f00000, 0x00000000b2f00000| Untracked 
| 290|0x00000000b3000000, 0x00000000b3000000, 0x00000000b3100000|  0%| F|  |TAMS 0x00000000b3000000, 0x00000000b3000000| Untracked 
| 291|0x00000000b3100000, 0x00000000b3100000, 0x00000000b3200000|  0%| F|  |TAMS 0x00000000b3100000, 0x00000000b3100000| Untracked 
| 292|0x00000000b3200000, 0x00000000b3200000, 0x00000000b3300000|  0%| F|  |TAMS 0x00000000b3200000, 0x00000000b3200000| Untracked 
| 293|0x00000000b3300000, 0x00000000b3300000, 0x00000000b3400000|  0%| F|  |TAMS 0x00000000b3300000, 0x00000000b3300000| Untracked 
| 294|0x00000000b3400000, 0x00000000b3400000, 0x00000000b3500000|  0%| F|  |TAMS 0x00000000b3400000, 0x00000000b3400000| Untracked 
| 295|0x00000000b3500000, 0x00000000b3500000, 0x00000000b3600000|  0%| F|  |TAMS 0x00000000b3500000, 0x00000000b3500000| Untracked 
| 296|0x00000000b3600000, 0x00000000b3600000, 0x00000000b3700000|  0%| F|  |TAMS 0x00000000b3600000, 0x00000000b3600000| Untracked 
| 297|0x00000000b3700000, 0x00000000b3700000, 0x00000000b3800000|  0%| F|  |TAMS 0x00000000b3700000, 0x00000000b3700000| Untracked 
| 298|0x00000000b3800000, 0x00000000b3800000, 0x00000000b3900000|  0%| F|  |TAMS 0x00000000b3800000, 0x00000000b3800000| Untracked 
| 299|0x00000000b3900000, 0x00000000b3900000, 0x00000000b3a00000|  0%| F|  |TAMS 0x00000000b3900000, 0x00000000b3900000| Untracked 
| 300|0x00000000b3a00000, 0x00000000b3a00000, 0x00000000b3b00000|  0%| F|  |TAMS 0x00000000b3a00000, 0x00000000b3a00000| Untracked 
| 301|0x00000000b3b00000, 0x00000000b3b00000, 0x00000000b3c00000|  0%| F|  |TAMS 0x00000000b3b00000, 0x00000000b3b00000| Untracked 
| 302|0x00000000b3c00000, 0x00000000b3c00000, 0x00000000b3d00000|  0%| F|  |TAMS 0x00000000b3c00000, 0x00000000b3c00000| Untracked 
| 303|0x00000000b3d00000, 0x00000000b3d00000, 0x00000000b3e00000|  0%| F|  |TAMS 0x00000000b3d00000, 0x00000000b3d00000| Untracked 
| 304|0x00000000b3e00000, 0x00000000b3e00000, 0x00000000b3f00000|  0%| F|  |TAMS 0x00000000b3e00000, 0x00000000b3e00000| Untracked 
| 305|0x00000000b3f00000, 0x00000000b3f00000, 0x00000000b4000000|  0%| F|  |TAMS 0x00000000b3f00000, 0x00000000b3f00000| Untracked 
| 306|0x00000000b4000000, 0x00000000b4000000, 0x00000000b4100000|  0%| F|  |TAMS 0x00000000b4000000, 0x00000000b4000000| Untracked 
| 307|0x00000000b4100000, 0x00000000b4100000, 0x00000000b4200000|  0%| F|  |TAMS 0x00000000b4100000, 0x00000000b4100000| Untracked 
| 308|0x00000000b4200000, 0x00000000b4200000, 0x00000000b4300000|  0%| F|  |TAMS 0x00000000b4200000, 0x00000000b4200000| Untracked 
| 309|0x00000000b4300000, 0x00000000b4300000, 0x00000000b4400000|  0%| F|  |TAMS 0x00000000b4300000, 0x00000000b4300000| Untracked 
| 310|0x00000000b4400000, 0x00000000b4400000, 0x00000000b4500000|  0%| F|  |TAMS 0x00000000b4400000, 0x00000000b4400000| Untracked 
| 311|0x00000000b4500000, 0x00000000b4500000, 0x00000000b4600000|  0%| F|  |TAMS 0x00000000b4500000, 0x00000000b4500000| Untracked 
| 312|0x00000000b4600000, 0x00000000b4600000, 0x00000000b4700000|  0%| F|  |TAMS 0x00000000b4600000, 0x00000000b4600000| Untracked 
| 313|0x00000000b4700000, 0x00000000b4700000, 0x00000000b4800000|  0%| F|  |TAMS 0x00000000b4700000, 0x00000000b4700000| Untracked 
| 314|0x00000000b4800000, 0x00000000b4800000, 0x00000000b4900000|  0%| F|  |TAMS 0x00000000b4800000, 0x00000000b4800000| Untracked 
| 315|0x00000000b4900000, 0x00000000b4900000, 0x00000000b4a00000|  0%| F|  |TAMS 0x00000000b4900000, 0x00000000b4900000| Untracked 
| 316|0x00000000b4a00000, 0x00000000b4a00000, 0x00000000b4b00000|  0%| F|  |TAMS 0x00000000b4a00000, 0x00000000b4a00000| Untracked 
| 317|0x00000000b4b00000, 0x00000000b4b00000, 0x00000000b4c00000|  0%| F|  |TAMS 0x00000000b4b00000, 0x00000000b4b00000| Untracked 
| 318|0x00000000b4c00000, 0x00000000b4c00000, 0x00000000b4d00000|  0%| F|  |TAMS 0x00000000b4c00000, 0x00000000b4c00000| Untracked 
| 319|0x00000000b4d00000, 0x00000000b4d00000, 0x00000000b4e00000|  0%| F|  |TAMS 0x00000000b4d00000, 0x00000000b4d00000| Untracked 
| 320|0x00000000b4e00000, 0x00000000b4e00000, 0x00000000b4f00000|  0%| F|  |TAMS 0x00000000b4e00000, 0x00000000b4e00000| Untracked 
| 321|0x00000000b4f00000, 0x00000000b4f00000, 0x00000000b5000000|  0%| F|  |TAMS 0x00000000b4f00000, 0x00000000b4f00000| Untracked 
| 322|0x00000000b5000000, 0x00000000b5000000, 0x00000000b5100000|  0%| F|  |TAMS 0x00000000b5000000, 0x00000000b5000000| Untracked 
| 323|0x00000000b5100000, 0x00000000b5100000, 0x00000000b5200000|  0%| F|  |TAMS 0x00000000b5100000, 0x00000000b5100000| Untracked 
| 324|0x00000000b5200000, 0x00000000b5200000, 0x00000000b5300000|  0%| F|  |TAMS 0x00000000b5200000, 0x00000000b5200000| Untracked 
| 325|0x00000000b5300000, 0x00000000b5300000, 0x00000000b5400000|  0%| F|  |TAMS 0x00000000b5300000, 0x00000000b5300000| Untracked 
| 326|0x00000000b5400000, 0x00000000b5400000, 0x00000000b5500000|  0%| F|  |TAMS 0x00000000b5400000, 0x00000000b5400000| Untracked 
| 327|0x00000000b5500000, 0x00000000b5500000, 0x00000000b5600000|  0%| F|  |TAMS 0x00000000b5500000, 0x00000000b5500000| Untracked 
| 328|0x00000000b5600000, 0x00000000b5600000, 0x00000000b5700000|  0%| F|  |TAMS 0x00000000b5600000, 0x00000000b5600000| Untracked 
| 329|0x00000000b5700000, 0x00000000b5700000, 0x00000000b5800000|  0%| F|  |TAMS 0x00000000b5700000, 0x00000000b5700000| Untracked 
| 330|0x00000000b5800000, 0x00000000b5800000, 0x00000000b5900000|  0%| F|  |TAMS 0x00000000b5800000, 0x00000000b5800000| Untracked 
| 331|0x00000000b5900000, 0x00000000b5900000, 0x00000000b5a00000|  0%| F|  |TAMS 0x00000000b5900000, 0x00000000b5900000| Untracked 
| 332|0x00000000b5a00000, 0x00000000b5a00000, 0x00000000b5b00000|  0%| F|  |TAMS 0x00000000b5a00000, 0x00000000b5a00000| Untracked 
| 333|0x00000000b5b00000, 0x00000000b5b00000, 0x00000000b5c00000|  0%| F|  |TAMS 0x00000000b5b00000, 0x00000000b5b00000| Untracked 
| 334|0x00000000b5c00000, 0x00000000b5c00000, 0x00000000b5d00000|  0%| F|  |TAMS 0x00000000b5c00000, 0x00000000b5c00000| Untracked 
| 335|0x00000000b5d00000, 0x00000000b5d00000, 0x00000000b5e00000|  0%| F|  |TAMS 0x00000000b5d00000, 0x00000000b5d00000| Untracked 
| 336|0x00000000b5e00000, 0x00000000b5e00000, 0x00000000b5f00000|  0%| F|  |TAMS 0x00000000b5e00000, 0x00000000b5e00000| Untracked 
| 337|0x00000000b5f00000, 0x00000000b5f00000, 0x00000000b6000000|  0%| F|  |TAMS 0x00000000b5f00000, 0x00000000b5f00000| Untracked 
| 338|0x00000000b6000000, 0x00000000b6000000, 0x00000000b6100000|  0%| F|  |TAMS 0x00000000b6000000, 0x00000000b6000000| Untracked 
| 339|0x00000000b6100000, 0x00000000b6100000, 0x00000000b6200000|  0%| F|  |TAMS 0x00000000b6100000, 0x00000000b6100000| Untracked 
| 340|0x00000000b6200000, 0x00000000b6200000, 0x00000000b6300000|  0%| F|  |TAMS 0x00000000b6200000, 0x00000000b6200000| Untracked 
| 341|0x00000000b6300000, 0x00000000b6300000, 0x00000000b6400000|  0%| F|  |TAMS 0x00000000b6300000, 0x00000000b6300000| Untracked 
| 342|0x00000000b6400000, 0x00000000b6400000, 0x00000000b6500000|  0%| F|  |TAMS 0x00000000b6400000, 0x00000000b6400000| Untracked 

Card table byte_map: [0x000001b07f140000,0x000001b07f440000] _byte_map_base: 0x000001b07ec39000

Marking Bits (Prev, Next): (CMBitMap*) 0x000001b07c5057f0, (CMBitMap*) 0x000001b07c5057b0
 Prev Bits: [0x000001b0047d0000, 0x000001b005f98000)
 Next Bits: [0x000001b003000000, 0x000001b0047c8000)

Polling page: 0x000001b07a490000

Metaspace:

Usage:
  Non-class:     33.24 MB used.
      Class:      4.81 MB used.
       Both:     38.05 MB used.

Virtual space:
  Non-class space:       40.00 MB reserved,      33.44 MB ( 84%) committed,  5 nodes.
      Class space:        1.00 GB reserved,       4.94 MB ( <1%) committed,  1 nodes.
             Both:        1.04 GB reserved,      38.38 MB (  4%) committed. 

Chunk freelists:
   Non-Class:  2.14 MB
       Class:  2.88 MB
        Both:  5.03 MB

MaxMetaspaceSize: unlimited
CompressedClassSpaceSize: 1.00 GB
Initial GC threshold: 21.00 MB
Current GC threshold: 62.31 MB
CDS: off
MetaspaceReclaimPolicy: balanced
 - commit_granule_bytes: 65536.
 - commit_granule_words: 8192.
 - virtual_space_node_default_size: 1048576.
 - enlarge_chunks_in_place: 1.
 - new_chunks_are_fully_committed: 0.
 - uncommit_free_chunks: 1.
 - use_allocation_guard: 0.
 - handle_deallocations: 1.


Internal statistics:

num_allocs_failed_limit: 3.
num_arena_births: 386.
num_arena_deaths: 0.
num_vsnodes_births: 6.
num_vsnodes_deaths: 0.
num_space_committed: 614.
num_space_uncommitted: 0.
num_chunks_returned_to_freelist: 3.
num_chunks_taken_from_freelist: 1549.
num_chunk_merges: 3.
num_chunk_splits: 1057.
num_chunks_enlarged: 816.
num_purges: 0.
num_inconsistent_stats: 0.

CodeCache: size=49152Kb used=7896Kb max_used=9015Kb free=41255Kb
 bounds [0x000001b000000000, 0x000001b0008d0000, 0x000001b003000000]
 total_blobs=4567 nmethods=4033 adapters=460
 compilation: enabled
              stopped_count=0, restarted_count=0
 full_count=0

Compilation events (20 events):
Event: 9.783 Thread 0x000001b0091cb120 4024       1       java.util.concurrent.ConcurrentHashMap::resizeStamp (9 bytes)
Event: 9.783 Thread 0x000001b0091cb120 nmethod 4024 0x000001b0008cd110 code [0x000001b0008cd2a0, 0x000001b0008cd368]
Event: 9.783 Thread 0x000001b0089205e0 4025       1       java.util.concurrent.ConcurrentHashMap::helpTransfer (123 bytes)
Event: 9.784 Thread 0x000001b0089205e0 nmethod 4025 0x000001b0008cd410 code [0x000001b0008cd5c0, 0x000001b0008cd838]
Event: 10.946 Thread 0x000001b0089205e0 4026       1       java.util.concurrent.locks.ReentrantLock$NonfairSync::tryAcquire (27 bytes)
Event: 10.946 Thread 0x000001b0089205e0 nmethod 4026 0x000001b0008cd990 code [0x000001b0008cdb20, 0x000001b0008cdc98]
Event: 10.948 Thread 0x000001b0089205e0 4027       1       io.github.classgraph.ModuleRef::getReference (5 bytes)
Event: 10.949 Thread 0x000001b0089205e0 nmethod 4027 0x000001b00035b590 code [0x000001b00035b720, 0x000001b00035b7f8]
Event: 11.113 Thread 0x000001b0089205e0 4028       1       java.util.concurrent.locks.AbstractQueuedSynchronizer::acquireInterruptibly (36 bytes)
Event: 11.113 Thread 0x000001b0089205e0 nmethod 4028 0x000001b00035b010 code [0x000001b00035b1e0, 0x000001b00035b438]
Event: 11.123 Thread 0x000001b0089205e0 4029   !   1       jdk.internal.module.ModuleReferenceImpl::open (19 bytes)
Event: 11.123 Thread 0x000001b0089205e0 nmethod 4029 0x000001b00035ab90 code [0x000001b00035ad40, 0x000001b00035aed8]
Event: 11.123 Thread 0x000001b0089205e0 4030       1       jdk.internal.module.SystemModuleFinders$2::get (5 bytes)
Event: 11.123 Thread 0x000001b0089205e0 nmethod 4030 0x000001b00035a790 code [0x000001b00035a920, 0x000001b00035aaa8]
Event: 11.123 Thread 0x000001b0089205e0 4031       1       jdk.internal.module.SystemModuleFinders$2::get (16 bytes)
Event: 11.124 Thread 0x000001b0089205e0 nmethod 4031 0x000001b00035a390 code [0x000001b00035a520, 0x000001b00035a6a8]
Event: 11.124 Thread 0x000001b0089205e0 4032       1       jdk.internal.module.SystemModuleFinders$SystemModuleReader::<init> (14 bytes)
Event: 11.124 Thread 0x000001b0089205e0 nmethod 4032 0x000001b00035a010 code [0x000001b00035a1a0, 0x000001b00035a2e8]
Event: 11.124 Thread 0x000001b0089205e0 4033   !   1       jdk.internal.module.SystemModuleFinders$SystemModuleReader::checkPermissionToConnect (38 bytes)
Event: 11.124 Thread 0x000001b0089205e0 nmethod 4033 0x000001b000359a10 code [0x000001b000359be0, 0x000001b000359de8]

GC Heap History (20 events):
Event: 9.075 GC heap after
{Heap after GC invocations=18 (full 0):
 garbage-first heap   total 155648K, used 50461K [0x00000000a0e00000, 0x0000000100000000)
  region size 1024K, 3 young (3072K), 3 survivors (3072K)
 Metaspace       used 37794K, committed 38080K, reserved 1089536K
  class space    used 4778K, committed 4928K, reserved 1048576K
}
Event: 9.516 GC heap before
{Heap before GC invocations=19 (full 0):
 garbage-first heap   total 155648K, used 103709K [0x00000000a0e00000, 0x0000000100000000)
  region size 1024K, 54 young (55296K), 3 survivors (3072K)
 Metaspace       used 38731K, committed 39040K, reserved 1089536K
  class space    used 4895K, committed 5056K, reserved 1048576K
}
Event: 9.550 GC heap after
{Heap after GC invocations=20 (full 0):
 garbage-first heap   total 155648K, used 67321K [0x00000000a0e00000, 0x0000000100000000)
  region size 1024K, 7 young (7168K), 7 survivors (7168K)
 Metaspace       used 38731K, committed 39040K, reserved 1089536K
  class space    used 4895K, committed 5056K, reserved 1048576K
}
Event: 9.557 GC heap before
{Heap before GC invocations=20 (full 0):
 garbage-first heap   total 155648K, used 68345K [0x00000000a0e00000, 0x0000000100000000)
  region size 1024K, 8 young (8192K), 7 survivors (7168K)
 Metaspace       used 38731K, committed 39040K, reserved 1089536K
  class space    used 4895K, committed 5056K, reserved 1048576K
}
Event: 9.564 GC heap after
{Heap after GC invocations=21 (full 0):
 garbage-first heap   total 155648K, used 68586K [0x00000000a0e00000, 0x0000000100000000)
  region size 1024K, 1 young (1024K), 1 survivors (1024K)
 Metaspace       used 38731K, committed 39040K, reserved 1089536K
  class space    used 4895K, committed 5056K, reserved 1048576K
}
Event: 9.659 GC heap before
{Heap before GC invocations=21 (full 0):
 garbage-first heap   total 155648K, used 105450K [0x00000000a0e00000, 0x0000000100000000)
  region size 1024K, 38 young (38912K), 1 survivors (1024K)
 Metaspace       used 38852K, committed 39168K, reserved 1089536K
  class space    used 4911K, committed 5056K, reserved 1048576K
}
Event: 9.661 GC heap after
{Heap after GC invocations=22 (full 0):
 garbage-first heap   total 155648K, used 69368K [0x00000000a0e00000, 0x0000000100000000)
  region size 1024K, 2 young (2048K), 2 survivors (2048K)
 Metaspace       used 38852K, committed 39168K, reserved 1089536K
  class space    used 4911K, committed 5056K, reserved 1048576K
}
Event: 9.718 GC heap before
{Heap before GC invocations=22 (full 0):
 garbage-first heap   total 155648K, used 108280K [0x00000000a0e00000, 0x0000000100000000)
  region size 1024K, 41 young (41984K), 2 survivors (2048K)
 Metaspace       used 38965K, committed 39296K, reserved 1089536K
  class space    used 4930K, committed 5056K, reserved 1048576K
}
Event: 9.722 GC heap after
{Heap after GC invocations=23 (full 0):
 garbage-first heap   total 155648K, used 70884K [0x00000000a0e00000, 0x0000000100000000)
  region size 1024K, 4 young (4096K), 4 survivors (4096K)
 Metaspace       used 38965K, committed 39296K, reserved 1089536K
  class space    used 4930K, committed 5056K, reserved 1048576K
}
Event: 9.752 GC heap before
{Heap before GC invocations=23 (full 0):
 garbage-first heap   total 155648K, used 112868K [0x00000000a0e00000, 0x0000000100000000)
  region size 1024K, 46 young (47104K), 4 survivors (4096K)
 Metaspace       used 38965K, committed 39296K, reserved 1089536K
  class space    used 4930K, committed 5056K, reserved 1048576K
}
Event: 9.759 GC heap after
{Heap after GC invocations=24 (full 0):
 garbage-first heap   total 351232K, used 72862K [0x00000000a0e00000, 0x0000000100000000)
  region size 1024K, 4 young (4096K), 4 survivors (4096K)
 Metaspace       used 38965K, committed 39296K, reserved 1089536K
  class space    used 4930K, committed 5056K, reserved 1048576K
}
Event: 9.917 GC heap before
{Heap before GC invocations=24 (full 0):
 garbage-first heap   total 351232K, used 232606K [0x00000000a0e00000, 0x0000000100000000)
  region size 1024K, 161 young (164864K), 4 survivors (4096K)
 Metaspace       used 38965K, committed 39296K, reserved 1089536K
  class space    used 4930K, committed 5056K, reserved 1048576K
}
Event: 9.929 GC heap after
{Heap after GC invocations=25 (full 0):
 garbage-first heap   total 351232K, used 78612K [0x00000000a0e00000, 0x0000000100000000)
  region size 1024K, 10 young (10240K), 10 survivors (10240K)
 Metaspace       used 38965K, committed 39296K, reserved 1089536K
  class space    used 4930K, committed 5056K, reserved 1048576K
}
Event: 10.575 GC heap before
{Heap before GC invocations=25 (full 0):
 garbage-first heap   total 351232K, used 271124K [0x00000000a0e00000, 0x0000000100000000)
  region size 1024K, 199 young (203776K), 10 survivors (10240K)
 Metaspace       used 38966K, committed 39296K, reserved 1089536K
  class space    used 4930K, committed 5056K, reserved 1048576K
}
Event: 10.589 GC heap after
{Heap after GC invocations=26 (full 0):
 garbage-first heap   total 351232K, used 86647K [0x00000000a0e00000, 0x0000000100000000)
  region size 1024K, 17 young (17408K), 17 survivors (17408K)
 Metaspace       used 38966K, committed 39296K, reserved 1089536K
  class space    used 4930K, committed 5056K, reserved 1048576K
}
Event: 10.892 GC heap before
{Heap before GC invocations=26 (full 0):
 garbage-first heap   total 351232K, used 276087K [0x00000000a0e00000, 0x0000000100000000)
  region size 1024K, 203 young (207872K), 17 survivors (17408K)
 Metaspace       used 38966K, committed 39296K, reserved 1089536K
  class space    used 4930K, committed 5056K, reserved 1048576K
}
Event: 10.907 GC heap after
{Heap after GC invocations=27 (full 0):
 garbage-first heap   total 351232K, used 94623K [0x00000000a0e00000, 0x0000000100000000)
  region size 1024K, 16 young (16384K), 16 survivors (16384K)
 Metaspace       used 38966K, committed 39296K, reserved 1089536K
  class space    used 4930K, committed 5056K, reserved 1048576K
}
Event: 11.072 GC heap before
{Heap before GC invocations=27 (full 0):
 garbage-first heap   total 351232K, used 280991K [0x00000000a0e00000, 0x0000000100000000)
  region size 1024K, 199 young (203776K), 16 survivors (16384K)
 Metaspace       used 38966K, committed 39296K, reserved 1089536K
  class space    used 4930K, committed 5056K, reserved 1048576K
}
Event: 11.086 GC heap after
{Heap after GC invocations=28 (full 0):
 garbage-first heap   total 351232K, used 102787K [0x00000000a0e00000, 0x0000000100000000)
  region size 1024K, 16 young (16384K), 16 survivors (16384K)
 Metaspace       used 38966K, committed 39296K, reserved 1089536K
  class space    used 4930K, committed 5056K, reserved 1048576K
}
Event: 11.223 GC heap before
{Heap before GC invocations=28 (full 0):
 garbage-first heap   total 351232K, used 286083K [0x00000000a0e00000, 0x0000000100000000)
  region size 1024K, 196 young (200704K), 16 survivors (16384K)
 Metaspace       used 38966K, committed 39296K, reserved 1089536K
  class space    used 4930K, committed 5056K, reserved 1048576K
}

Deoptimization events (12 events):
Event: 3.002 Thread 0x000001b07c4b8ea0 DEOPT PACKING pc=0x000001b0004cc219 sp=0x000000878f3fd580
Event: 3.002 Thread 0x000001b07c4b8ea0 DEOPT UNPACKING pc=0x000001b000052b43 sp=0x000000878f3fca60 mode 3
Event: 5.800 Thread 0x000001b07c4b8ea0 DEOPT PACKING pc=0x000001b000645b19 sp=0x000000878f3fc960
Event: 5.800 Thread 0x000001b07c4b8ea0 DEOPT UNPACKING pc=0x000001b000052b43 sp=0x000000878f3fbe40 mode 3
Event: 7.350 Thread 0x000001b00a85eed0 DEOPT PACKING pc=0x000001b0006f9d35 sp=0x0000008790efde80
Event: 7.350 Thread 0x000001b00a85eed0 DEOPT UNPACKING pc=0x000001b000052b43 sp=0x0000008790efd3a8 mode 3
Event: 7.593 Thread 0x000001b00a86cec0 DEOPT PACKING pc=0x000001b0007156ab sp=0x0000008790ffe170
Event: 7.593 Thread 0x000001b00a86cec0 DEOPT UNPACKING pc=0x000001b000052b43 sp=0x0000008790ffd6b8 mode 3
Event: 8.078 Thread 0x000001b00a9290b0 DEOPT PACKING pc=0x000001b0004c9d81 sp=0x00000087915fef50
Event: 8.078 Thread 0x000001b00a9290b0 DEOPT UNPACKING pc=0x000001b000052b43 sp=0x00000087915fe3e0 mode 3
Event: 8.598 Thread 0x000001b00aa1a600 DEOPT PACKING pc=0x000001b0004c6e17 sp=0x0000008791bff160
Event: 8.598 Thread 0x000001b00aa1a600 DEOPT UNPACKING pc=0x000001b000052b43 sp=0x0000008791bfe5b8 mode 3

Classes unloaded (0 events):
No events

Classes redefined (0 events):
No events

Internal exceptions (20 events):
Event: 7.697 Thread 0x000001b00a927d70 Exception <a 'sun/nio/fs/WindowsException'{0x00000000a581f488}> (0x00000000a581f488) 
thrown [s\src\hotspot\share\prims\jni.cpp, line 516]
Event: 7.697 Thread 0x000001b00a927d70 Exception <a 'sun/nio/fs/WindowsException'{0x00000000a581fe70}> (0x00000000a581fe70) 
thrown [s\src\hotspot\share\prims\jni.cpp, line 516]
Event: 7.697 Thread 0x000001b00a927d70 Exception <a 'sun/nio/fs/WindowsException'{0x00000000a5820200}> (0x00000000a5820200) 
thrown [s\src\hotspot\share\prims\jni.cpp, line 516]
Event: 7.697 Thread 0x000001b00a927d70 Exception <a 'sun/nio/fs/WindowsException'{0x00000000a5820bf8}> (0x00000000a5820bf8) 
thrown [s\src\hotspot\share\prims\jni.cpp, line 516]
Event: 7.698 Thread 0x000001b00a927d70 Exception <a 'sun/nio/fs/WindowsException'{0x00000000a5820fa8}> (0x00000000a5820fa8) 
thrown [s\src\hotspot\share\prims\jni.cpp, line 516]
Event: 7.698 Thread 0x000001b00a927d70 Exception <a 'sun/nio/fs/WindowsException'{0x00000000a5821990}> (0x00000000a5821990) 
thrown [s\src\hotspot\share\prims\jni.cpp, line 516]
Event: 7.698 Thread 0x000001b00a927d70 Exception <a 'sun/nio/fs/WindowsException'{0x00000000a5821d20}> (0x00000000a5821d20) 
thrown [s\src\hotspot\share\prims\jni.cpp, line 516]
Event: 7.698 Thread 0x000001b00a927d70 Exception <a 'sun/nio/fs/WindowsException'{0x00000000a58cb0c0}> (0x00000000a58cb0c0) 
thrown [s\src\hotspot\share\prims\jni.cpp, line 516]
Event: 7.698 Thread 0x000001b00a927d70 Exception <a 'sun/nio/fs/WindowsException'{0x00000000a58cb470}> (0x00000000a58cb470) 
thrown [s\src\hotspot\share\prims\jni.cpp, line 516]
Event: 7.698 Thread 0x000001b00a927d70 Exception <a 'sun/nio/fs/WindowsException'{0x00000000a58cbe80}> (0x00000000a58cbe80) 
thrown [s\src\hotspot\share\prims\jni.cpp, line 516]
Event: 7.698 Thread 0x000001b00a927d70 Exception <a 'sun/nio/fs/WindowsException'{0x00000000a58cc240}> (0x00000000a58cc240) 
thrown [s\src\hotspot\share\prims\jni.cpp, line 516]
Event: 7.699 Thread 0x000001b00a927d70 Exception <a 'sun/nio/fs/WindowsException'{0x00000000a58ccc68}> (0x00000000a58ccc68) 
thrown [s\src\hotspot\share\prims\jni.cpp, line 516]
Event: 7.700 Thread 0x000001b00a927d70 Exception <a 'sun/nio/fs/WindowsException'{0x00000000a58cd048}> (0x00000000a58cd048) 
thrown [s\src\hotspot\share\prims\jni.cpp, line 516]
Event: 7.700 Thread 0x000001b00a927d70 Exception <a 'sun/nio/fs/WindowsException'{0x00000000a58cda68}> (0x00000000a58cda68) 
thrown [s\src\hotspot\share\prims\jni.cpp, line 516]
Event: 7.701 Thread 0x000001b00a927d70 Exception <a 'sun/nio/fs/WindowsException'{0x00000000a58cde48}> (0x00000000a58cde48) 
thrown [s\src\hotspot\share\prims\jni.cpp, line 516]
Event: 9.217 Thread 0x000001b00a85eed0 Exception <a 'java/lang/NoSuchMethodError'{0x00000000a9677a58}: 'java.lang.Object java.lang.invoke.Invokers$Holder.invoke_MT(java.lang.Object, java.lang.Object, java.lang.Object)'> (0x00000000a9677a58) 
thrown [s\src\hotspot\share\interpreter\linkResolver.cpp, line 759]
Event: 9.392 Thread 0x000001b00a85eed0 Exception <a 'java/lang/NoSuchMethodError'{0x00000000a7fc4278}: 'java.lang.Object java.lang.invoke.DirectMethodHandle$Holder.newInvokeSpecial(java.lang.Object, java.lang.Object, int)'> (0x00000000a7fc4278) 
thrown [s\src\hotspot\share\interpreter\linkResolver.cpp, line 759]
Event: 9.627 Thread 0x000001b00aa140f0 Exception <a 'java/lang/NoSuchMethodError'{0x00000000a91f9c90}: 'java.lang.Object java.lang.invoke.Invokers$Holder.linkToTargetMethod(java.lang.Object, long, java.lang.Object)'> (0x00000000a91f9c90) 
thrown [s\src\hotspot\share\interpreter\linkResolver.cpp, line 759]
Event: 9.683 Thread 0x000001b00aa140f0 Exception <a 'sun/nio/fs/WindowsException'{0x00000000a9746bf8}> (0x00000000a9746bf8) 
thrown [s\src\hotspot\share\prims\jni.cpp, line 516]
Event: 9.693 Thread 0x000001b00aa140f0 Exception <a 'sun/nio/fs/WindowsException'{0x00000000a93099a0}> (0x00000000a93099a0) 
thrown [s\src\hotspot\share\prims\jni.cpp, line 516]

VM Operations (20 events):
Event: 9.752 Executing VM operation: G1CollectForAllocation done
Event: 9.752 Executing VM operation: G1CollectForAllocation
Event: 9.759 Executing VM operation: G1CollectForAllocation done
Event: 9.917 Executing VM operation: G1CollectForAllocation
Event: 9.917 Executing VM operation: G1CollectForAllocation done
Event: 9.917 Executing VM operation: G1CollectForAllocation
Event: 9.929 Executing VM operation: G1CollectForAllocation done
Event: 10.563 Executing VM operation: G1CollectForAllocation
Event: 10.574 Executing VM operation: G1CollectForAllocation done
Event: 10.574 Executing VM operation: G1CollectForAllocation
Event: 10.589 Executing VM operation: G1CollectForAllocation done
Event: 10.891 Executing VM operation: G1CollectForAllocation
Event: 10.891 Executing VM operation: G1CollectForAllocation done
Event: 10.892 Executing VM operation: G1CollectForAllocation
Event: 10.907 Executing VM operation: G1CollectForAllocation done
Event: 11.072 Executing VM operation: G1CollectForAllocation
Event: 11.090 Executing VM operation: G1CollectForAllocation done
Event: 11.223 Executing VM operation: G1CollectForAllocation
Event: 11.223 Executing VM operation: G1CollectForAllocation done
Event: 11.223 Executing VM operation: G1CollectForAllocation

Events (20 events):
Event: 9.281 loading class java/nio/file/FileVisitResult done
Event: 9.327 loading class java/nio/channels/Channels$ReadableByteChannelImpl
Event: 9.327 loading class java/nio/channels/Channels$ReadableByteChannelImpl done
Event: 9.328 loading class java/nio/channels/NonWritableChannelException
Event: 9.328 loading class java/nio/channels/NonWritableChannelException done
Event: 9.383 loading class java/util/WeakHashMap$EntrySet
Event: 9.383 loading class java/util/WeakHashMap$EntrySet done
Event: 9.383 loading class java/util/WeakHashMap$EntryIterator
Event: 9.383 loading class java/util/WeakHashMap$HashIterator
Event: 9.384 loading class java/util/WeakHashMap$HashIterator done
Event: 9.384 loading class java/util/WeakHashMap$EntryIterator done
Event: 9.395 Thread 0x000001b00aa140f0 Thread added: 0x000001b00aa140f0
Event: 9.659 loading class java/security/NoSuchAlgorithmException
Event: 9.659 loading class java/security/NoSuchAlgorithmException done
Event: 9.662 loading class sun/security/provider/MD5
Event: 9.662 loading class sun/security/provider/MD5 done
Event: 9.662 loading class sun/security/provider/ByteArrayAccess$LE
Event: 9.663 loading class sun/security/provider/ByteArrayAccess$LE done
Event: 10.947 Thread 0x000001b0091cb120 Thread exited: 0x000001b0091cb120
Event: 10.949 Thread 0x000001b008b78c50 Thread exited: 0x000001b008b78c50


Dynamic libraries:
0x00007ff6dc5d0000 - 0x00007ff6dc5de000 	c:\Users\HP\.vscode\extensions\redhat.java-1.12.0-win32-x64\jre\17.0.4.1-win32-x86_64\bin\java.exe
0x00007ffb04120000 - 0x00007ffb04329000 	C:\windows\SYSTEM32\ntdll.dll
0x00007ffb03060000 - 0x00007ffb0311d000 	C:\windows\System32\KERNEL32.DLL
0x00007ffb01b60000 - 0x00007ffb01edb000 	C:\windows\System32\KERNELBASE.dll
0x00007ffafec00000 - 0x00007ffafec92000 	C:\windows\SYSTEM32\apphelp.dll
0x00007ffb01710000 - 0x00007ffb01821000 	C:\windows\System32\ucrtbase.dll
0x00007ffae3cf0000 - 0x00007ffae3d08000 	c:\Users\HP\.vscode\extensions\redhat.java-1.12.0-win32-x64\jre\17.0.4.1-win32-x86_64\bin\jli.dll
0x00007ffb020a0000 - 0x00007ffb0224d000 	C:\windows\System32\USER32.dll
0x00007ffb01830000 - 0x00007ffb01856000 	C:\windows\System32\win32u.dll
0x00007ffb02b70000 - 0x00007ffb02b99000 	C:\windows\System32\GDI32.dll
0x00007ffae1a80000 - 0x00007ffae1a99000 	c:\Users\HP\.vscode\extensions\redhat.java-1.12.0-win32-x64\jre\17.0.4.1-win32-x86_64\bin\VCRUNTIME140.dll
0x00007ffb015f0000 - 0x00007ffb01708000 	C:\windows\System32\gdi32full.dll
0x00007ffb01860000 - 0x00007ffb018fd000 	C:\windows\System32\msvcp_win.dll
0x00007ffaec1b0000 - 0x00007ffaec455000 	C:\windows\WinSxS\amd64_microsoft.windows.common-controls_6595b64144ccf1df_6.0.22000.120_none_9d947278b86cc467\COMCTL32.dll
0x00007ffb03bc0000 - 0x00007ffb03c63000 	C:\windows\System32\msvcrt.dll
0x00007ffb02c20000 - 0x00007ffb02c51000 	C:\windows\System32\IMM32.DLL
0x00007ffafb9b0000 - 0x00007ffafb9bc000 	c:\Users\HP\.vscode\extensions\redhat.java-1.12.0-win32-x64\jre\17.0.4.1-win32-x86_64\bin\vcruntime140_1.dll
0x00007ffac54a0000 - 0x00007ffac5531000 	c:\Users\HP\.vscode\extensions\redhat.java-1.12.0-win32-x64\jre\17.0.4.1-win32-x86_64\bin\msvcp140.dll
0x00007ffa92d90000 - 0x00007ffa939d6000 	c:\Users\HP\.vscode\extensions\redhat.java-1.12.0-win32-x64\jre\17.0.4.1-win32-x86_64\bin\server\jvm.dll
0x00007ffb035e0000 - 0x00007ffb0368e000 	C:\windows\System32\ADVAPI32.dll
0x00007ffb03690000 - 0x00007ffb0372e000 	C:\windows\System32\sechost.dll
0x00007ffb03120000 - 0x00007ffb03240000 	C:\windows\System32\RPCRT4.dll
0x00007ffb03430000 - 0x00007ffb03438000 	C:\windows\System32\PSAPI.DLL
0x00007ffafd410000 - 0x00007ffafd419000 	C:\windows\SYSTEM32\WSOCK32.dll
0x00007ffaf9390000 - 0x00007ffaf93c3000 	C:\windows\SYSTEM32\WINMM.dll
0x00007ffb02250000 - 0x00007ffb022bf000 	C:\windows\System32\WS2_32.dll
0x00007ffaf8640000 - 0x00007ffaf864a000 	C:\windows\SYSTEM32\VERSION.dll
0x00007ffb00670000 - 0x00007ffb00688000 	C:\windows\SYSTEM32\kernel.appcore.dll
0x00007ffaf05d0000 - 0x00007ffaf05da000 	c:\Users\HP\.vscode\extensions\redhat.java-1.12.0-win32-x64\jre\17.0.4.1-win32-x86_64\bin\jimage.dll
0x00007ffaec510000 - 0x00007ffaec731000 	C:\windows\SYSTEM32\DBGHELP.DLL
0x00007ffae4e20000 - 0x00007ffae4e51000 	C:\windows\SYSTEM32\dbgcore.DLL
0x00007ffb01900000 - 0x00007ffb0197f000 	C:\windows\System32\bcryptPrimitives.dll
0x00007ffadc4f0000 - 0x00007ffadc515000 	c:\Users\HP\.vscode\extensions\redhat.java-1.12.0-win32-x64\jre\17.0.4.1-win32-x86_64\bin\java.dll
0x00007ffaf0260000 - 0x00007ffaf0278000 	c:\Users\HP\.vscode\extensions\redhat.java-1.12.0-win32-x64\jre\17.0.4.1-win32-x86_64\bin\zip.dll
0x00007ffb023a0000 - 0x00007ffb02b58000 	C:\windows\System32\SHELL32.dll
0x00007ffaff6e0000 - 0x00007ffafff45000 	C:\windows\SYSTEM32\windows.storage.dll
0x00007ffb03c70000 - 0x00007ffb03fe7000 	C:\windows\System32\combase.dll
0x00007ffaff570000 - 0x00007ffaff6d6000 	C:\windows\SYSTEM32\wintypes.dll
0x00007ffb01fa0000 - 0x00007ffb0208a000 	C:\windows\System32\SHCORE.dll
0x00007ffb02340000 - 0x00007ffb0239d000 	C:\windows\System32\shlwapi.dll
0x00007ffb01520000 - 0x00007ffb01541000 	C:\windows\SYSTEM32\profapi.dll
0x00007ffadc810000 - 0x00007ffadc829000 	C:\Users\HP\.vscode\extensions\redhat.java-1.12.0-win32-x64\jre\17.0.4.1-win32-x86_64\bin\net.dll
0x00007ffafa670000 - 0x00007ffafa77c000 	C:\windows\SYSTEM32\WINHTTP.dll
0x00007ffb00b10000 - 0x00007ffb00b77000 	C:\windows\system32\mswsock.dll
0x00007ffadc5f0000 - 0x00007ffadc605000 	C:\Users\HP\.vscode\extensions\redhat.java-1.12.0-win32-x64\jre\17.0.4.1-win32-x86_64\bin\nio.dll
0x00007ffaeb3d0000 - 0x00007ffaeb3e0000 	c:\Users\HP\.vscode\extensions\redhat.java-1.12.0-win32-x64\jre\17.0.4.1-win32-x86_64\bin\verify.dll
0x00007ffaf1b30000 - 0x00007ffaf1b39000 	C:\Users\HP\.vscode\extensions\redhat.java-1.12.0-win32-x64\jre\17.0.4.1-win32-x86_64\bin\management.dll
0x00007ffaf1b20000 - 0x00007ffaf1b2b000 	C:\Users\HP\.vscode\extensions\redhat.java-1.12.0-win32-x64\jre\17.0.4.1-win32-x86_64\bin\management_ext.dll
0x00007ffae38f0000 - 0x00007ffae3907000 	C:\windows\system32\napinsp.dll
0x00007ffae45f0000 - 0x00007ffae460b000 	C:\windows\system32\pnrpnsp.dll
0x00007ffb001d0000 - 0x00007ffb002b8000 	C:\windows\SYSTEM32\DNSAPI.dll
0x00007ffb001a0000 - 0x00007ffb001cd000 	C:\windows\SYSTEM32\IPHLPAPI.DLL
0x00007ffb02090000 - 0x00007ffb02099000 	C:\windows\System32\NSI.dll
0x00007ffae36b0000 - 0x00007ffae36c2000 	C:\windows\System32\winrnr.dll
0x00007ffaf8810000 - 0x00007ffaf8825000 	C:\windows\system32\wshbth.dll
0x00007ffae3690000 - 0x00007ffae36af000 	C:\windows\system32\nlansp_c.dll
0x00007ffaf1af0000 - 0x00007ffaf1afa000 	C:\Windows\System32\rasadhlp.dll
0x00007ffaf6500000 - 0x00007ffaf6581000 	C:\windows\System32\fwpuclnt.dll
0x00007ffb00d60000 - 0x00007ffb00d78000 	C:\windows\SYSTEM32\CRYPTSP.dll
0x00007ffb005d0000 - 0x00007ffb00605000 	C:\windows\system32\rsaenh.dll
0x00007ffb00c00000 - 0x00007ffb00c29000 	C:\windows\SYSTEM32\USERENV.dll
0x00007ffb00ee0000 - 0x00007ffb00f07000 	C:\windows\SYSTEM32\bcrypt.dll
0x00007ffb00d50000 - 0x00007ffb00d5c000 	C:\windows\SYSTEM32\CRYPTBASE.dll
0x00007ffafaa00000 - 0x00007ffafaa19000 	C:\windows\SYSTEM32\dhcpcsvc6.DLL
0x00007ffafae70000 - 0x00007ffafae8e000 	C:\windows\SYSTEM32\dhcpcsvc.DLL

dbghelp: loaded successfully - version: 4.0.5 - missing functions: none
symbol engine: initialized successfully - sym options: 0x614 - pdb path: .;c:\Users\HP\.vscode\extensions\redhat.java-1.12.0-win32-x64\jre\17.0.4.1-win32-x86_64\bin;C:\windows\SYSTEM32;C:\windows\WinSxS\amd64_microsoft.windows.common-controls_6595b64144ccf1df_6.0.22000.120_none_9d947278b86cc467;c:\Users\HP\.vscode\extensions\redhat.java-1.12.0-win32-x64\jre\17.0.4.1-win32-x86_64\bin\server

VM Arguments:
jvm_args: -Dsts.lsp.client=vscode -Dsts.log.file=/dev/null -XX:TieredStopAtLevel=1 -Xlog:jni+resolve=off -Dspring.config.location=file:c:\Users\HP\.vscode\extensions\pivotal.vscode-spring-boot-1.40.0\language-server\BOOT-INF\classes\application.properties 
java_command: org.springframework.ide.vscode.boot.app.BootLanguageServerBootApp
java_class_path (initial): c:\Users\HP\.vscode\extensions\pivotal.vscode-spring-boot-1.40.0\language-server\BOOT-INF\classes;c:\Users\HP\.vscode\extensions\pivotal.vscode-spring-boot-1.40.0\language-server\BOOT-INF\lib\annotations-23.0.0.jar;c:\Users\HP\.vscode\extensions\pivotal.vscode-spring-boot-1.40.0\language-server\BOOT-INF\lib\ant-1.10.12.jar;c:\Users\HP\.vscode\extensions\pivotal.vscode-spring-boot-1.40.0\language-server\BOOT-INF\lib\ant-launcher-1.10.12.jar;c:\Users\HP\.vscode\extensions\pivotal.vscode-spring-boot-1.40.0\language-server\BOOT-INF\lib\antlr-runtime-3.5.2.jar;c:\Users\HP\.vscode\extensions\pivotal.vscode-spring-boot-1.40.0\language-server\BOOT-INF\lib\antlr4-4.9.3.jar;c:\Users\HP\.vscode\extensions\pivotal.vscode-spring-boot-1.40.0\language-server\BOOT-INF\lib\antlr4-runtime-4.9.3.jar;c:\Users\HP\.vscode\extensions\pivotal.vscode-spring-boot-1.40.0\language-server\BOOT-INF\lib\asm-9.3.jar;c:\Users\HP\.vscode\extensions\pivotal.vscode-spring-boot-1.40.0\language-server\BOOT-INF\lib\asm-analysis-9.3.jar;c:\Users\HP\.vscode\extensions\pivotal.vscode-spring-boot-1.40.0\language-server\BOOT-INF\lib\asm-tree-9.3.jar;c:\Users\HP\.vscode\extensions\pivotal.vscode-spring-boot-1.40.0\language-server\BOOT-INF\lib\asm-util-9.3.jar;c:\Users\HP\.vscode\extensions\pivotal.vscode-spring-boot-1.40.0\language-server\BOOT-INF\lib\byte-buddy-1.12.13.jar;c:\Users\HP\.vscode\extensions\pivotal.vscode-spring-boot-1.40.0\language-server\BOOT-INF\lib\caffeine-2.9.3.jar;c:\Users\HP\.vscode\extensions\pivotal.vscode-spring-boot-1.40.0\language-server\BOOT-INF\lib\checker-qual-3.12.0.jar;c:\Users\HP\.vscode\extensions\pivotal.vscode-spring-boot-1.40.0\language-server\BOOT-INF\lib\classgraph-4.8.149.jar;c:\Users\HP\.vscode\extensions\pivotal.vscode-spring-boot-1.40.0\language-server\BOOT-INF\lib\commons-codec-1.15.jar;c:\Users\HP\.vscode\extensions\pivotal.vscode-spring-boot-1.40.0\language-server\BOOT-INF\lib\commons-compress-1.21.jar;c:\Users\HP\.vscode\extensions\piv
Launcher Type: SUN_STANDARD

[Global flags]
     intx CICompilerCount                          = 3                                         {product} {ergonomic}
     uint ConcGCThreads                            = 1                                         {product} {ergonomic}
     uint G1ConcRefinementThreads                  = 4                                         {product} {ergonomic}
   size_t G1HeapRegionSize                         = 1048576                                   {product} {ergonomic}
    uintx GCDrainStackTargetSize                   = 64                                        {product} {ergonomic}
   size_t InitialHeapSize                          = 100663296                                 {product} {ergonomic}
   size_t MarkStackSize                            = 4194304                                   {product} {ergonomic}
   size_t MaxHeapSize                              = 1595932672                                {product} {ergonomic}
   size_t MaxNewSize                               = 957349888                                 {product} {ergonomic}
   size_t MinHeapDeltaBytes                        = 1048576                                   {product} {ergonomic}
   size_t MinHeapSize                              = 8388608                                   {product} {ergonomic}
    uintx NonProfiledCodeHeapSize                  = 0                                      {pd product} {ergonomic}
     bool ProfileInterpreter                       = false                                  {pd product} {command line}
    uintx ProfiledCodeHeapSize                     = 0                                      {pd product} {ergonomic}
   size_t SoftMaxHeapSize                          = 1595932672                             {manageable} {ergonomic}
     intx TieredStopAtLevel                        = 1                                         {product} {command line}
     bool UseCompressedClassPointers               = true                           {product lp64_product} {ergonomic}
     bool UseCompressedOops                        = true                           {product lp64_product} {ergonomic}
     bool UseG1GC                                  = true                                      {product} {ergonomic}
     bool UseLargePagesIndividualAllocation        = false                                  {pd product} {ergonomic}

Logging:
Log output configuration:
 #0: stdout all=warning,jni+resolve=off uptime,level,tags
 #1: stderr all=off uptime,level,tags

Environment Variables:
CLASSPATH=C:\Users\HP\Downloads\mysql-connector-java-5.1.12.;
PATH=C:\Program Files\Common Files\Oracle\Java\javapath;C:\MinGW\bin;C:\ProgramData\Oracle\Java\javapath;C:\windows\system32;C:\windows;C:\windows\System32\Wbem;C:\windows\System32\WindowsPowerShell\v1.0\;C:\windows\System32\OpenSSH\;C:\MinGW\bin;C:\Program Files\Java\jdk-18\bin;C:\ProgramData\chocolatey\bin;C:\Program Files\Git\cmd;C:\Program Files (x86)\nodejs\;C:\Xammp Server\php;C:\Program Files\Go\bin;C:\xampp\php;C:\MinGW\bin;C:\Users\HP\AppData\Local\Programs\Microsoft VS Code\bin;C:\Users\HP\go\bin;
USERNAME=HP
OS=Windows_NT
PROCESSOR_IDENTIFIER=AMD64 Family 23 Model 24 Stepping 1, AuthenticAMD
TMP=C:\Users\HP\AppData\Local\Temp
TEMP=C:\Users\HP\AppData\Local\Temp



---------------  S Y S T E M  ---------------

OS:
 Windows 11 , 64 bit Build 22000 (10.0.22000.708)
OS uptime: 21 days 14:19 hours

CPU: total 4 (initial active 4) (4 cores per cpu, 2 threads per core) family 23 model 24 stepping 1 microcode 0x0, cx8, cmov, fxsr, ht, mmx, 3dnowpref, sse, sse2, sse3, ssse3, sse4a, sse4.1, sse4.2, popcnt, lzcnt, tsc, tscinvbit, avx, avx2, aes, clmul, bmi1, bmi2, adx, sha, fma, vzeroupper, clflush, clflushopt

Memory: 4k page, system-wide physical 6086M (457M free)
TotalPageFile size 22614M (AvailPageFile size 172M)
current process WorkingSet (physical memory assigned to process): 460M, peak: 460M
current process commit charge ("private bytes"): 482M, peak: 668M

vm_info: OpenJDK 64-Bit Server VM (17.0.4.1+1) for windows-amd64 JRE (17.0.4.1+1), built on Aug 17 2022 07:42:43 by "temurin" with MS VC++ 16.7 (VS2019)

END.
